#
# A fatal error has been detected by the Java Runtime Environment:
#
#  SIGSEGV (0xb) at pc=0x00007f3d3a6dfd47, pid=7402, tid=7405
#
# JRE version: OpenJDK Runtime Environment (11.0.3+7) (build 11.0.3+7-Ubuntu-1ubuntu218.10.1)
# Java VM: OpenJDK 64-Bit Server VM (11.0.3+7-Ubuntu-1ubuntu218.10.1, mixed mode, sharing, tiered, compressed oops, g1 gc, linux-amd64)
# Problematic frame:
# C  [libc.so.6+0x183d47]
#
# No core dump will be written. Core dumps have been disabled. To enable core dumping, try "ulimit -c unlimited" before starting Java again
#
# If you would like to submit a bug report, please visit:
#   http://bugreport.java.com/bugreport/crash.jsp
# The crash happened outside the Java Virtual Machine in native code.
# See problematic frame for where to report the bug.
#

---------------  S U M M A R Y ------------

Command Line: -javaagent:/afs/ec.auckland.ac.nz/users/k/w/kwu849/unixhome/Downloads/idea-IC-192.5728.98/lib/idea_rt.jar=38489:/afs/ec.auckland.ac.nz/users/k/w/kwu849/unixhome/Downloads/idea-IC-192.5728.98/bin -Dfile.encoding=UTF-8 MemoryFS

Host: Intel(R) Core(TM) i7-7700 CPU @ 3.60GHz, 8 cores, 15G, Ubuntu 18.10
Time: Fri Sep 27 17:05:42 2019 NZST elapsed time: 0 seconds (0d 0h 0m 0s)

---------------  T H R E A D  ---------------

Current thread (0x00007f3d34011800):  JavaThread "main" [_thread_in_native, id=7405, stack(0x00007f3d38dd4000,0x00007f3d38ed5000)]

Stack: [0x00007f3d38dd4000,0x00007f3d38ed5000],  sp=0x00007f3d38ed2f48,  free space=1019k
Native frames: (J=compiled Java code, A=aot compiled Java code, j=interpreted, Vv=VM code, C=native code)
C  [libc.so.6+0x183d47]

Java frames: (J=compiled Java code, j=interpreted, Vv=VM code)
j  com.kenai.jffi.Foreign.invokeN4O1(JJJJJJLjava/lang/Object;III)J+0
j  com.kenai.jffi.Invoker.invokeN4(Lcom/kenai/jffi/CallContext;JJJJJILjava/lang/Object;Lcom/kenai/jffi/ObjectParameterStrategy;Lcom/kenai/jffi/ObjectParameterInfo;Ljava/lang/Object;Lcom/kenai/jffi/ObjectParameterStrategy;Lcom/kenai/jffi/ObjectParameterInfo;)J+100
j  com.github.lukethompsxn.edufuse.util.FUSELink$jnr$ffi$0.edufuse_register(I[Ljava/lang/String;Lcom/github/lukethompsxn/edufuse/struct/FuseOperations;I)I+189
j  com.github.lukethompsxn.edufuse.filesystem.AbstractFS.mount([Ljava/lang/String;Z)V+146
j  MemoryFS.main([Ljava/lang/String;)V+11
v  ~StubRoutines::call_stub

siginfo: si_signo: 11 (SIGSEGV), si_code: 1 (SEGV_MAPERR), si_addr: 0x0000000000000000

Register to memory mapping:

RAX=0x00007f3d38001000 points into unknown readable memory: 00 00 00 00 00 00 00 00
RBX=0x00007f3d38ed3060 is pointing into the stack for thread: 0x00007f3d34011800
RCX=0x0 is NULL
RDX=0x00007f3d1c04be80: <offset 0x000000000002be80> in /lib/x86_64-linux-gnu/libfuse.so.2 at 0x00007f3d1c020000
RSP=0x00007f3d38ed2f48 is pointing into the stack for thread: 0x00007f3d34011800
RBP=0x00007f3d38ed2fcc is pointing into the stack for thread: 0x00007f3d34011800
RSI=0x000000000000002f is an unknown value
RDI=0x0 is NULL
R8 =0x00007f3d38ed3060 is pointing into the stack for thread: 0x00007f3d34011800
R9 =0x00007f3d38ed305c is pointing into the stack for thread: 0x00007f3d34011800
R10=0x000000000000000d is an unknown value
R11=0x00007f3d1c03aa30: fuse_main_real+0x0000000000000000 in /lib/x86_64-linux-gnu/libfuse.so.2 at 0x00007f3d1c020000
R12=0x00007f3d38ed305c is pointing into the stack for thread: 0x00007f3d34011800
R13=0x00007f3d38ed2fd0 is pointing into the stack for thread: 0x00007f3d34011800
R14=0x0 is NULL
R15=0x0 is NULL


Registers:
RAX=0x00007f3d38001000, RBX=0x00007f3d38ed3060, RCX=0x0000000000000000, RDX=0x00007f3d1c04be80
RSP=0x00007f3d38ed2f48, RBP=0x00007f3d38ed2fcc, RSI=0x000000000000002f, RDI=0x0000000000000000
R8 =0x00007f3d38ed3060, R9 =0x00007f3d38ed305c, R10=0x000000000000000d, R11=0x00007f3d1c03aa30
R12=0x00007f3d38ed305c, R13=0x00007f3d38ed2fd0, R14=0x0000000000000000, R15=0x0000000000000000
RIP=0x00007f3d3a6dfd47, EFLAGS=0x0000000000010283, CSGSFS=0x002b000000000033, ERR=0x0000000000000004
  TRAPNO=0x000000000000000e

Top of Stack: (sp=0x00007f3d38ed2f48)
0x00007f3d38ed2f48:   00007f3d1c03a4ac 0000000000000000
0x00007f3d38ed2f58:   0000000000000000 0000000000000000
0x00007f3d38ed2f68:   8db787a12f878000 0000000000000000
0x00007f3d38ed2f78:   00007f3d38ed2fd0 00007f3d38ed3060 

Instructions: (pc=0x00007f3d3a6dfd47)
0x00007f3d3a6dfd27:   01 f8 c5 f8 77 c3 0f 1f 00 66 0f 6e e6 89 f9 c4
0x00007f3d3a6dfd37:   e2 7d 78 e4 c5 fd ef c0 83 e1 3f 83 f9 20 77 59
0x00007f3d3a6dfd47:   c5 fe 6f 0f c5 fd 74 d1 c5 dd 74 d9 c5 fd d7 ca
0x00007f3d3a6dfd57:   c5 fd d7 c3 48 83 c7 20 85 c0 75 1d 85 c9 0f 85 

Stack slot to memory mapping:
stack at sp + 0 slots: 0x00007f3d1c03a4ac: fuse_parse_cmdline+0x00000000000000cc in /lib/x86_64-linux-gnu/libfuse.so.2 at 0x00007f3d1c020000
stack at sp + 1 slots: 0x0 is NULL
stack at sp + 2 slots: 0x0 is NULL
stack at sp + 3 slots: 0x0 is NULL
stack at sp + 4 slots: 0x8db787a12f878000 is an unknown value
stack at sp + 5 slots: 0x0 is NULL
stack at sp + 6 slots: 0x00007f3d38ed2fd0 is pointing into the stack for thread: 0x00007f3d34011800
stack at sp + 7 slots: 0x00007f3d38ed3060 is pointing into the stack for thread: 0x00007f3d34011800


---------------  P R O C E S S  ---------------

Threads class SMR info:
_java_thread_list=0x00007f3d3450fdd0, length=11, elements={
0x00007f3d34011800, 0x00007f3d3422e000, 0x00007f3d34230000, 0x00007f3d34235800,
0x00007f3d34237800, 0x00007f3d3423a000, 0x00007f3d3423c000, 0x00007f3d34261800,
0x00007f3d3436e800, 0x00007f3d3436f800, 0x00007f3d3450f000
}

Java Threads: ( => current thread )
=>0x00007f3d34011800 JavaThread "main" [_thread_in_native, id=7405, stack(0x00007f3d38dd4000,0x00007f3d38ed5000)]
  0x00007f3d3422e000 JavaThread "Reference Handler" daemon [_thread_blocked, id=7412, stack(0x00007f3cf7eff000,0x00007f3cf8000000)]
  0x00007f3d34230000 JavaThread "Finalizer" daemon [_thread_blocked, id=7413, stack(0x00007f3cf7dfe000,0x00007f3cf7eff000)]
  0x00007f3d34235800 JavaThread "Signal Dispatcher" daemon [_thread_blocked, id=7414, stack(0x00007f3cf6f22000,0x00007f3cf7023000)]
  0x00007f3d34237800 JavaThread "C2 CompilerThread0" daemon [_thread_blocked, id=7415, stack(0x00007f3cf6e21000,0x00007f3cf6f22000)]
  0x00007f3d3423a000 JavaThread "C1 CompilerThread0" daemon [_thread_blocked, id=7416, stack(0x00007f3cf6d20000,0x00007f3cf6e21000)]
  0x00007f3d3423c000 JavaThread "Sweeper thread" daemon [_thread_blocked, id=7417, stack(0x00007f3cf6c1f000,0x00007f3cf6d20000)]
  0x00007f3d34261800 JavaThread "Common-Cleaner" daemon [_thread_blocked, id=7418, stack(0x00007f3cf6b1e000,0x00007f3cf6c1f000)]
  0x00007f3d3436e800 JavaThread "Monitor Ctrl-Break" daemon [_thread_in_native, id=7420, stack(0x00007f3cf691c000,0x00007f3cf6a1d000)]
  0x00007f3d3436f800 JavaThread "Service Thread" daemon [_thread_blocked, id=7421, stack(0x00007f3cf681b000,0x00007f3cf691c000)]
  0x00007f3d3450f000 JavaThread "jnr.ffi.util.ref.internal.Finalizer" daemon [_thread_blocked, id=7441, stack(0x00007f3cf6a1d000,0x00007f3cf6b1e000)]

Other Threads:
  0x00007f3d3422b800 VMThread "VM Thread" [stack: 0x00007f3d0c0bd000,0x00007f3d0c1bd000] [id=7411]
  0x00007f3d34371000 WatcherThread [stack: 0x00007f3cf671b000,0x00007f3cf681b000] [id=7422]
  0x00007f3d34028800 GCTaskThread "GC Thread#0" [stack: 0x00007f3d38a67000,0x00007f3d38b67000] [id=7406]
  0x00007f3cfc001000 GCTaskThread "GC Thread#1" [stack: 0x00007f3cf6407000,0x00007f3cf6507000] [id=7424]
  0x00007f3cfc002800 GCTaskThread "GC Thread#2" [stack: 0x00007f3cf6305000,0x00007f3cf6405000] [id=7425]
  0x00007f3cfc004000 GCTaskThread "GC Thread#3" [stack: 0x00007f3cf6203000,0x00007f3cf6303000] [id=7426]
  0x00007f3cfc006000 GCTaskThread "GC Thread#4" [stack: 0x00007f3cf6101000,0x00007f3cf6201000] [id=7427]
  0x00007f3cfc007800 GCTaskThread "GC Thread#5" [stack: 0x00007f3cf5fff000,0x00007f3cf60ff000] [id=7428]
  0x00007f3d34086000 ConcurrentGCThread "G1 Main Marker" [stack: 0x00007f3d3805c000,0x00007f3d3815c000] [id=7407]
  0x00007f3d34088000 ConcurrentGCThread "G1 Conc#0" [stack: 0x00007f3d1c0bb000,0x00007f3d1c1bb000] [id=7408]
  0x00007f3d08001000 ConcurrentGCThread "G1 Conc#1" [stack: 0x00007f3cf5efd000,0x00007f3cf5ffd000] [id=7432]
  0x00007f3d34187800 ConcurrentGCThread "G1 Refine#0" [stack: 0x00007f3d0cb42000,0x00007f3d0cc42000] [id=7409]
  0x00007f3d34189800 ConcurrentGCThread "G1 Young RemSet Sampling" [stack: 0x00007f3d0ca40000,0x00007f3d0cb40000] [id=7410]

Threads with active compile tasks:

VM state:not at safepoint (normal execution)

VM Mutex/Monitor currently owned by a thread: None

Heap address: 0x0000000707a00000, size: 3974 MB, Compressed Oops mode: Zero based, Oop shift amount: 3
Narrow klass base: 0x0000000800000000, Narrow klass shift: 3
Compressed class space size: 1073741824 Address: 0x0000000840000000

Heap:
 garbage-first heap   total 258048K, used 143693K [0x0000000707a00000, 0x0000000800000000)
  region size 1024K, 15 young (15360K), 5 survivors (5120K)
 Metaspace       used 5469K, capacity 7492K, committed 7808K, reserved 1056768K
  class space    used 604K, capacity 835K, committed 896K, reserved 1048576K
Heap Regions: E=young(eden), S=young(survivor), O=old, HS=humongous(starts), HC=humongous(continues), CS=collection set, F=free, A=archive, TAMS=top-at-mark-start (previous, next)
|   0|0x0000000707a00000, 0x0000000707b00000, 0x0000000707b00000|100%| O|  |TAMS 0x0000000707b00000, 0x0000000707a00000| Untracked 
|   1|0x0000000707b00000, 0x0000000707c00000, 0x0000000707c00000|100%| O|  |TAMS 0x0000000707c00000, 0x0000000707b00000| Untracked 
|   2|0x0000000707c00000, 0x0000000707d00000, 0x0000000707d00000|100%| O|  |TAMS 0x0000000707d00000, 0x0000000707c00000| Untracked 
|   3|0x0000000707d00000, 0x0000000707e00000, 0x0000000707e00000|100%| O|  |TAMS 0x0000000707e00000, 0x0000000707d00000| Untracked 
|   4|0x0000000707e00000, 0x0000000707f00000, 0x0000000707f00000|100%| O|  |TAMS 0x0000000707f00000, 0x0000000707e00000| Untracked 
|   5|0x0000000707f00000, 0x0000000708000000, 0x0000000708000000|100%| O|  |TAMS 0x0000000708000000, 0x0000000707f00000| Untracked 
|   6|0x0000000708000000, 0x0000000708100000, 0x0000000708100000|100%| O|  |TAMS 0x0000000708100000, 0x0000000708000000| Untracked 
|   7|0x0000000708100000, 0x0000000708200000, 0x0000000708200000|100%| O|  |TAMS 0x0000000708200000, 0x0000000708100000| Untracked 
|   8|0x0000000708200000, 0x0000000708300000, 0x0000000708300000|100%| O|  |TAMS 0x0000000708300000, 0x0000000708200000| Untracked 
|   9|0x0000000708300000, 0x0000000708400000, 0x0000000708400000|100%| O|  |TAMS 0x0000000708400000, 0x0000000708300000| Untracked 
|  10|0x0000000708400000, 0x0000000708500000, 0x0000000708500000|100%| O|  |TAMS 0x0000000708500000, 0x0000000708400000| Untracked 
|  11|0x0000000708500000, 0x0000000708600000, 0x0000000708600000|100%| O|  |TAMS 0x0000000708600000, 0x0000000708500000| Untracked 
|  12|0x0000000708600000, 0x0000000708700000, 0x0000000708700000|100%| O|  |TAMS 0x0000000708700000, 0x0000000708600000| Untracked 
|  13|0x0000000708700000, 0x0000000708800000, 0x0000000708800000|100%| O|  |TAMS 0x0000000708800000, 0x0000000708700000| Untracked 
|  14|0x0000000708800000, 0x0000000708900000, 0x0000000708900000|100%| O|  |TAMS 0x0000000708900000, 0x0000000708800000| Untracked 
|  15|0x0000000708900000, 0x0000000708a00000, 0x0000000708a00000|100%| O|  |TAMS 0x0000000708a00000, 0x0000000708900000| Untracked 
|  16|0x0000000708a00000, 0x0000000708b00000, 0x0000000708b00000|100%| O|  |TAMS 0x0000000708b00000, 0x0000000708a00000| Untracked 
|  17|0x0000000708b00000, 0x0000000708c00000, 0x0000000708c00000|100%| O|  |TAMS 0x0000000708c00000, 0x0000000708b00000| Untracked 
|  18|0x0000000708c00000, 0x0000000708d00000, 0x0000000708d00000|100%| O|  |TAMS 0x0000000708d00000, 0x0000000708c00000| Untracked 
|  19|0x0000000708d00000, 0x0000000708e00000, 0x0000000708e00000|100%| O|  |TAMS 0x0000000708e00000, 0x0000000708d00000| Untracked 
|  20|0x0000000708e00000, 0x0000000708f00000, 0x0000000708f00000|100%| O|  |TAMS 0x0000000708f00000, 0x0000000708e00000| Untracked 
|  21|0x0000000708f00000, 0x0000000709000000, 0x0000000709000000|100%| O|  |TAMS 0x0000000709000000, 0x0000000708f00000| Untracked 
|  22|0x0000000709000000, 0x0000000709100000, 0x0000000709100000|100%| O|  |TAMS 0x0000000709100000, 0x0000000709000000| Untracked 
|  23|0x0000000709100000, 0x0000000709200000, 0x0000000709200000|100%| O|  |TAMS 0x0000000709200000, 0x0000000709100000| Untracked 
|  24|0x0000000709200000, 0x0000000709300000, 0x0000000709300000|100%| O|  |TAMS 0x0000000709300000, 0x0000000709200000| Untracked 
|  25|0x0000000709300000, 0x0000000709400000, 0x0000000709400000|100%| O|  |TAMS 0x0000000709400000, 0x0000000709300000| Untracked 
|  26|0x0000000709400000, 0x0000000709500000, 0x0000000709500000|100%| O|  |TAMS 0x0000000709500000, 0x0000000709400000| Untracked 
|  27|0x0000000709500000, 0x0000000709600000, 0x0000000709600000|100%| O|  |TAMS 0x0000000709600000, 0x0000000709500000| Untracked 
|  28|0x0000000709600000, 0x0000000709700000, 0x0000000709700000|100%| O|  |TAMS 0x0000000709700000, 0x0000000709600000| Untracked 
|  29|0x0000000709700000, 0x0000000709800000, 0x0000000709800000|100%| O|  |TAMS 0x0000000709800000, 0x0000000709700000| Untracked 
|  30|0x0000000709800000, 0x0000000709900000, 0x0000000709900000|100%| O|  |TAMS 0x0000000709900000, 0x0000000709800000| Untracked 
|  31|0x0000000709900000, 0x0000000709a00000, 0x0000000709a00000|100%| O|  |TAMS 0x0000000709a00000, 0x0000000709900000| Untracked 
|  32|0x0000000709a00000, 0x0000000709b00000, 0x0000000709b00000|100%| O|  |TAMS 0x0000000709b00000, 0x0000000709a00000| Untracked 
|  33|0x0000000709b00000, 0x0000000709c00000, 0x0000000709c00000|100%| O|  |TAMS 0x0000000709c00000, 0x0000000709b00000| Untracked 
|  34|0x0000000709c00000, 0x0000000709d00000, 0x0000000709d00000|100%| O|  |TAMS 0x0000000709d00000, 0x0000000709c00000| Untracked 
|  35|0x0000000709d00000, 0x0000000709e00000, 0x0000000709e00000|100%| O|  |TAMS 0x0000000709e00000, 0x0000000709d00000| Untracked 
|  36|0x0000000709e00000, 0x0000000709f00000, 0x0000000709f00000|100%| O|  |TAMS 0x0000000709f00000, 0x0000000709e00000| Untracked 
|  37|0x0000000709f00000, 0x000000070a000000, 0x000000070a000000|100%| O|  |TAMS 0x000000070a000000, 0x0000000709f00000| Untracked 
|  38|0x000000070a000000, 0x000000070a100000, 0x000000070a100000|100%| O|  |TAMS 0x000000070a100000, 0x000000070a000000| Untracked 
|  39|0x000000070a100000, 0x000000070a200000, 0x000000070a200000|100%| O|  |TAMS 0x000000070a200000, 0x000000070a100000| Untracked 
|  40|0x000000070a200000, 0x000000070a300000, 0x000000070a300000|100%| O|  |TAMS 0x000000070a300000, 0x000000070a200000| Untracked 
|  41|0x000000070a300000, 0x000000070a400000, 0x000000070a400000|100%| O|  |TAMS 0x000000070a400000, 0x000000070a300000| Untracked 
|  42|0x000000070a400000, 0x000000070a500000, 0x000000070a500000|100%| O|  |TAMS 0x000000070a500000, 0x000000070a400000| Untracked 
|  43|0x000000070a500000, 0x000000070a600000, 0x000000070a600000|100%| O|  |TAMS 0x000000070a600000, 0x000000070a500000| Untracked 
|  44|0x000000070a600000, 0x000000070a700000, 0x000000070a700000|100%| O|  |TAMS 0x000000070a700000, 0x000000070a600000| Untracked 
|  45|0x000000070a700000, 0x000000070a800000, 0x000000070a800000|100%| O|  |TAMS 0x000000070a800000, 0x000000070a700000| Untracked 
|  46|0x000000070a800000, 0x000000070a900000, 0x000000070a900000|100%| O|  |TAMS 0x000000070a900000, 0x000000070a800000| Untracked 
|  47|0x000000070a900000, 0x000000070aa00000, 0x000000070aa00000|100%| O|  |TAMS 0x000000070aa00000, 0x000000070a900000| Untracked 
|  48|0x000000070aa00000, 0x000000070ab00000, 0x000000070ab00000|100%| O|  |TAMS 0x000000070ab00000, 0x000000070aa00000| Untracked 
|  49|0x000000070ab00000, 0x000000070ac00000, 0x000000070ac00000|100%| O|  |TAMS 0x000000070ac00000, 0x000000070ab00000| Untracked 
|  50|0x000000070ac00000, 0x000000070ad00000, 0x000000070ad00000|100%| O|  |TAMS 0x000000070ad00000, 0x000000070ac00000| Untracked 
|  51|0x000000070ad00000, 0x000000070ae00000, 0x000000070ae00000|100%| O|  |TAMS 0x000000070ae00000, 0x000000070ad00000| Untracked 
|  52|0x000000070ae00000, 0x000000070af00000, 0x000000070af00000|100%| O|  |TAMS 0x000000070af00000, 0x000000070ae00000| Untracked 
|  53|0x000000070af00000, 0x000000070b000000, 0x000000070b000000|100%| O|  |TAMS 0x000000070b000000, 0x000000070af00000| Untracked 
|  54|0x000000070b000000, 0x000000070b100000, 0x000000070b100000|100%| O|  |TAMS 0x000000070b100000, 0x000000070b000000| Untracked 
|  55|0x000000070b100000, 0x000000070b200000, 0x000000070b200000|100%| O|  |TAMS 0x000000070b200000, 0x000000070b100000| Untracked 
|  56|0x000000070b200000, 0x000000070b300000, 0x000000070b300000|100%| O|  |TAMS 0x000000070b300000, 0x000000070b200000| Untracked 
|  57|0x000000070b300000, 0x000000070b400000, 0x000000070b400000|100%| O|  |TAMS 0x000000070b400000, 0x000000070b300000| Untracked 
|  58|0x000000070b400000, 0x000000070b500000, 0x000000070b500000|100%| O|  |TAMS 0x000000070b500000, 0x000000070b400000| Untracked 
|  59|0x000000070b500000, 0x000000070b600000, 0x000000070b600000|100%| O|  |TAMS 0x000000070b600000, 0x000000070b500000| Untracked 
|  60|0x000000070b600000, 0x000000070b6b4600, 0x000000070b700000| 70%| O|  |TAMS 0x000000070b6b4600, 0x000000070b600000| Untracked 
|  61|0x000000070b700000, 0x000000070b800000, 0x000000070b800000|100%|HS|  |TAMS 0x000000070b700000, 0x000000070b700000| Complete 
|  62|0x000000070b800000, 0x000000070b900000, 0x000000070b900000|100%|HC|  |TAMS 0x000000070b800000, 0x000000070b800000| Complete 
|  63|0x000000070b900000, 0x000000070ba00000, 0x000000070ba00000|100%|HC|  |TAMS 0x000000070b900000, 0x000000070b900000| Complete 
|  64|0x000000070ba00000, 0x000000070bb00000, 0x000000070bb00000|100%|HC|  |TAMS 0x000000070ba00000, 0x000000070ba00000| Complete 
|  65|0x000000070bb00000, 0x000000070bc00000, 0x000000070bc00000|100%|HC|  |TAMS 0x000000070bb00000, 0x000000070bb00000| Complete 
|  66|0x000000070bc00000, 0x000000070bd00000, 0x000000070bd00000|100%|HC|  |TAMS 0x000000070bc00000, 0x000000070bc00000| Complete 
|  67|0x000000070bd00000, 0x000000070be00000, 0x000000070be00000|100%|HC|  |TAMS 0x000000070bd00000, 0x000000070bd00000| Complete 
|  68|0x000000070be00000, 0x000000070bf00000, 0x000000070bf00000|100%|HC|  |TAMS 0x000000070be00000, 0x000000070be00000| Complete 
|  69|0x000000070bf00000, 0x000000070c000000, 0x000000070c000000|100%|HC|  |TAMS 0x000000070bf00000, 0x000000070bf00000| Complete 
|  70|0x000000070c000000, 0x000000070c100000, 0x000000070c100000|100%|HC|  |TAMS 0x000000070c000000, 0x000000070c000000| Complete 
|  71|0x000000070c100000, 0x000000070c200000, 0x000000070c200000|100%|HC|  |TAMS 0x000000070c100000, 0x000000070c100000| Complete 
|  72|0x000000070c200000, 0x000000070c300000, 0x000000070c300000|100%|HC|  |TAMS 0x000000070c200000, 0x000000070c200000| Complete 
|  73|0x000000070c300000, 0x000000070c400000, 0x000000070c400000|100%|HC|  |TAMS 0x000000070c300000, 0x000000070c300000| Complete 
|  74|0x000000070c400000, 0x000000070c500000, 0x000000070c500000|100%|HC|  |TAMS 0x000000070c400000, 0x000000070c400000| Complete 
|  75|0x000000070c500000, 0x000000070c600000, 0x000000070c600000|100%|HC|  |TAMS 0x000000070c500000, 0x000000070c500000| Complete 
|  76|0x000000070c600000, 0x000000070c700000, 0x000000070c700000|100%|HC|  |TAMS 0x000000070c600000, 0x000000070c600000| Complete 
|  77|0x000000070c700000, 0x000000070c800000, 0x000000070c800000|100%|HC|  |TAMS 0x000000070c700000, 0x000000070c700000| Complete 
|  78|0x000000070c800000, 0x000000070c900000, 0x000000070c900000|100%|HC|  |TAMS 0x000000070c800000, 0x000000070c800000| Complete 
|  79|0x000000070c900000, 0x000000070ca00000, 0x000000070ca00000|100%|HC|  |TAMS 0x000000070c900000, 0x000000070c900000| Complete 
|  80|0x000000070ca00000, 0x000000070cb00000, 0x000000070cb00000|100%|HC|  |TAMS 0x000000070ca00000, 0x000000070ca00000| Complete 
|  81|0x000000070cb00000, 0x000000070cc00000, 0x000000070cc00000|100%|HC|  |TAMS 0x000000070cb00000, 0x000000070cb00000| Complete 
|  82|0x000000070cc00000, 0x000000070cd00000, 0x000000070cd00000|100%|HC|  |TAMS 0x000000070cc00000, 0x000000070cc00000| Complete 
|  83|0x000000070cd00000, 0x000000070ce00000, 0x000000070ce00000|100%|HC|  |TAMS 0x000000070cd00000, 0x000000070cd00000| Complete 
|  84|0x000000070ce00000, 0x000000070cf00000, 0x000000070cf00000|100%|HC|  |TAMS 0x000000070ce00000, 0x000000070ce00000| Complete 
|  85|0x000000070cf00000, 0x000000070d000000, 0x000000070d000000|100%|HC|  |TAMS 0x000000070cf00000, 0x000000070cf00000| Complete 
|  86|0x000000070d000000, 0x000000070d100000, 0x000000070d100000|100%|HC|  |TAMS 0x000000070d000000, 0x000000070d000000| Complete 
|  87|0x000000070d100000, 0x000000070d200000, 0x000000070d200000|100%|HC|  |TAMS 0x000000070d100000, 0x000000070d100000| Complete 
|  88|0x000000070d200000, 0x000000070d300000, 0x000000070d300000|100%|HC|  |TAMS 0x000000070d200000, 0x000000070d200000| Complete 
|  89|0x000000070d300000, 0x000000070d400000, 0x000000070d400000|100%|HC|  |TAMS 0x000000070d300000, 0x000000070d300000| Complete 
|  90|0x000000070d400000, 0x000000070d500000, 0x000000070d500000|100%|HC|  |TAMS 0x000000070d400000, 0x000000070d400000| Complete 
|  91|0x000000070d500000, 0x000000070d600000, 0x000000070d600000|100%|HC|  |TAMS 0x000000070d500000, 0x000000070d500000| Complete 
|  92|0x000000070d600000, 0x000000070d700000, 0x000000070d700000|100%|HC|  |TAMS 0x000000070d600000, 0x000000070d600000| Complete 
|  93|0x000000070d700000, 0x000000070d800000, 0x000000070d800000|100%|HC|  |TAMS 0x000000070d700000, 0x000000070d700000| Complete 
|  94|0x000000070d800000, 0x000000070d900000, 0x000000070d900000|100%|HC|  |TAMS 0x000000070d800000, 0x000000070d800000| Complete 
|  95|0x000000070d900000, 0x000000070da00000, 0x000000070da00000|100%|HC|  |TAMS 0x000000070d900000, 0x000000070d900000| Complete 
|  96|0x000000070da00000, 0x000000070db00000, 0x000000070db00000|100%|HC|  |TAMS 0x000000070da00000, 0x000000070da00000| Complete 
|  97|0x000000070db00000, 0x000000070dc00000, 0x000000070dc00000|100%|HC|  |TAMS 0x000000070db00000, 0x000000070db00000| Complete 
|  98|0x000000070dc00000, 0x000000070dd00000, 0x000000070dd00000|100%|HC|  |TAMS 0x000000070dc00000, 0x000000070dc00000| Complete 
|  99|0x000000070dd00000, 0x000000070de00000, 0x000000070de00000|100%|HC|  |TAMS 0x000000070dd00000, 0x000000070dd00000| Complete 
| 100|0x000000070de00000, 0x000000070df00000, 0x000000070df00000|100%|HC|  |TAMS 0x000000070de00000, 0x000000070de00000| Complete 
| 101|0x000000070df00000, 0x000000070e000000, 0x000000070e000000|100%|HC|  |TAMS 0x000000070df00000, 0x000000070df00000| Complete 
| 102|0x000000070e000000, 0x000000070e100000, 0x000000070e100000|100%|HC|  |TAMS 0x000000070e000000, 0x000000070e000000| Complete 
| 103|0x000000070e100000, 0x000000070e200000, 0x000000070e200000|100%|HC|  |TAMS 0x000000070e100000, 0x000000070e100000| Complete 
| 104|0x000000070e200000, 0x000000070e300000, 0x000000070e300000|100%|HC|  |TAMS 0x000000070e200000, 0x000000070e200000| Complete 
| 105|0x000000070e300000, 0x000000070e400000, 0x000000070e400000|100%|HC|  |TAMS 0x000000070e300000, 0x000000070e300000| Complete 
| 106|0x000000070e400000, 0x000000070e500000, 0x000000070e500000|100%|HC|  |TAMS 0x000000070e400000, 0x000000070e400000| Complete 
| 107|0x000000070e500000, 0x000000070e600000, 0x000000070e600000|100%|HC|  |TAMS 0x000000070e500000, 0x000000070e500000| Complete 
| 108|0x000000070e600000, 0x000000070e700000, 0x000000070e700000|100%|HC|  |TAMS 0x000000070e600000, 0x000000070e600000| Complete 
| 109|0x000000070e700000, 0x000000070e800000, 0x000000070e800000|100%|HC|  |TAMS 0x000000070e700000, 0x000000070e700000| Complete 
| 110|0x000000070e800000, 0x000000070e900000, 0x000000070e900000|100%|HC|  |TAMS 0x000000070e800000, 0x000000070e800000| Complete 
| 111|0x000000070e900000, 0x000000070ea00000, 0x000000070ea00000|100%|HC|  |TAMS 0x000000070e900000, 0x000000070e900000| Complete 
| 112|0x000000070ea00000, 0x000000070eb00000, 0x000000070eb00000|100%|HC|  |TAMS 0x000000070ea00000, 0x000000070ea00000| Complete 
| 113|0x000000070eb00000, 0x000000070ec00000, 0x000000070ec00000|100%|HC|  |TAMS 0x000000070eb00000, 0x000000070eb00000| Complete 
| 114|0x000000070ec00000, 0x000000070ed00000, 0x000000070ed00000|100%|HC|  |TAMS 0x000000070ec00000, 0x000000070ec00000| Complete 
| 115|0x000000070ed00000, 0x000000070ee00000, 0x000000070ee00000|100%|HC|  |TAMS 0x000000070ed00000, 0x000000070ed00000| Complete 
| 116|0x000000070ee00000, 0x000000070ef00000, 0x000000070ef00000|100%|HC|  |TAMS 0x000000070ee00000, 0x000000070ee00000| Complete 
| 117|0x000000070ef00000, 0x000000070f000000, 0x000000070f000000|100%|HC|  |TAMS 0x000000070ef00000, 0x000000070ef00000| Complete 
| 118|0x000000070f000000, 0x000000070f100000, 0x000000070f100000|100%|HC|  |TAMS 0x000000070f000000, 0x000000070f000000| Complete 
| 119|0x000000070f100000, 0x000000070f200000, 0x000000070f200000|100%|HC|  |TAMS 0x000000070f100000, 0x000000070f100000| Complete 
| 120|0x000000070f200000, 0x000000070f300000, 0x000000070f300000|100%|HC|  |TAMS 0x000000070f200000, 0x000000070f200000| Complete 
| 121|0x000000070f300000, 0x000000070f400000, 0x000000070f400000|100%|HC|  |TAMS 0x000000070f300000, 0x000000070f300000| Complete 
| 122|0x000000070f400000, 0x000000070f500000, 0x000000070f500000|100%|HC|  |TAMS 0x000000070f400000, 0x000000070f400000| Complete 
| 123|0x000000070f500000, 0x000000070f600000, 0x000000070f600000|100%|HC|  |TAMS 0x000000070f500000, 0x000000070f500000| Complete 
| 124|0x000000070f600000, 0x000000070f700000, 0x000000070f700000|100%|HC|  |TAMS 0x000000070f600000, 0x000000070f600000| Complete 
| 125|0x000000070f700000, 0x000000070f800000, 0x000000070f800000|100%|HC|  |TAMS 0x000000070f700000, 0x000000070f700000| Complete 
| 126|0x000000070f800000, 0x000000070f800000, 0x000000070f900000|  0%| F|  |TAMS 0x000000070f800000, 0x000000070f800000| Untracked 
| 127|0x000000070f900000, 0x000000070f900000, 0x000000070fa00000|  0%| F|  |TAMS 0x000000070f900000, 0x000000070f900000| Untracked 
| 128|0x000000070fa00000, 0x000000070fa00000, 0x000000070fb00000|  0%| F|  |TAMS 0x000000070fa00000, 0x000000070fa00000| Untracked 
| 129|0x000000070fb00000, 0x000000070fb00000, 0x000000070fc00000|  0%| F|  |TAMS 0x000000070fb00000, 0x000000070fb00000| Untracked 
| 130|0x000000070fc00000, 0x000000070fc00000, 0x000000070fd00000|  0%| F|  |TAMS 0x000000070fc00000, 0x000000070fc00000| Untracked 
| 131|0x000000070fd00000, 0x000000070fd00000, 0x000000070fe00000|  0%| F|  |TAMS 0x000000070fd00000, 0x000000070fd00000| Untracked 
| 132|0x000000070fe00000, 0x000000070fe00000, 0x000000070ff00000|  0%| F|  |TAMS 0x000000070fe00000, 0x000000070fe00000| Untracked 
| 133|0x000000070ff00000, 0x000000070ff00000, 0x0000000710000000|  0%| F|  |TAMS 0x000000070ff00000, 0x000000070ff00000| Untracked 
| 134|0x0000000710000000, 0x0000000710000000, 0x0000000710100000|  0%| F|  |TAMS 0x0000000710000000, 0x0000000710000000| Untracked 
| 135|0x0000000710100000, 0x0000000710100000, 0x0000000710200000|  0%| F|  |TAMS 0x0000000710100000, 0x0000000710100000| Untracked 
| 136|0x0000000710200000, 0x0000000710200000, 0x0000000710300000|  0%| F|  |TAMS 0x0000000710200000, 0x0000000710200000| Untracked 
| 137|0x0000000710300000, 0x0000000710300000, 0x0000000710400000|  0%| F|  |TAMS 0x0000000710300000, 0x0000000710300000| Untracked 
| 138|0x0000000710400000, 0x0000000710400000, 0x0000000710500000|  0%| F|  |TAMS 0x0000000710400000, 0x0000000710400000| Untracked 
| 139|0x0000000710500000, 0x0000000710500000, 0x0000000710600000|  0%| F|  |TAMS 0x0000000710500000, 0x0000000710500000| Untracked 
| 140|0x0000000710600000, 0x0000000710600000, 0x0000000710700000|  0%| F|  |TAMS 0x0000000710600000, 0x0000000710600000| Untracked 
| 141|0x0000000710700000, 0x0000000710700000, 0x0000000710800000|  0%| F|  |TAMS 0x0000000710700000, 0x0000000710700000| Untracked 
| 142|0x0000000710800000, 0x0000000710800000, 0x0000000710900000|  0%| F|  |TAMS 0x0000000710800000, 0x0000000710800000| Untracked 
| 143|0x0000000710900000, 0x0000000710900000, 0x0000000710a00000|  0%| F|  |TAMS 0x0000000710900000, 0x0000000710900000| Untracked 
| 144|0x0000000710a00000, 0x0000000710a00000, 0x0000000710b00000|  0%| F|  |TAMS 0x0000000710a00000, 0x0000000710a00000| Untracked 
| 145|0x0000000710b00000, 0x0000000710b00000, 0x0000000710c00000|  0%| F|  |TAMS 0x0000000710b00000, 0x0000000710b00000| Untracked 
| 146|0x0000000710c00000, 0x0000000710c00000, 0x0000000710d00000|  0%| F|  |TAMS 0x0000000710c00000, 0x0000000710c00000| Untracked 
| 147|0x0000000710d00000, 0x0000000710d00000, 0x0000000710e00000|  0%| F|  |TAMS 0x0000000710d00000, 0x0000000710d00000| Untracked 
| 148|0x0000000710e00000, 0x0000000710e00000, 0x0000000710f00000|  0%| F|  |TAMS 0x0000000710e00000, 0x0000000710e00000| Untracked 
| 149|0x0000000710f00000, 0x0000000710f00000, 0x0000000711000000|  0%| F|  |TAMS 0x0000000710f00000, 0x0000000710f00000| Untracked 
| 150|0x0000000711000000, 0x0000000711000000, 0x0000000711100000|  0%| F|  |TAMS 0x0000000711000000, 0x0000000711000000| Untracked 
| 151|0x0000000711100000, 0x0000000711100000, 0x0000000711200000|  0%| F|  |TAMS 0x0000000711100000, 0x0000000711100000| Untracked 
| 152|0x0000000711200000, 0x0000000711200000, 0x0000000711300000|  0%| F|  |TAMS 0x0000000711200000, 0x0000000711200000| Untracked 
| 153|0x0000000711300000, 0x0000000711300000, 0x0000000711400000|  0%| F|  |TAMS 0x0000000711300000, 0x0000000711300000| Untracked 
| 154|0x0000000711400000, 0x0000000711400000, 0x0000000711500000|  0%| F|  |TAMS 0x0000000711400000, 0x0000000711400000| Untracked 
| 155|0x0000000711500000, 0x0000000711500000, 0x0000000711600000|  0%| F|  |TAMS 0x0000000711500000, 0x0000000711500000| Untracked 
| 156|0x0000000711600000, 0x0000000711600000, 0x0000000711700000|  0%| F|  |TAMS 0x0000000711600000, 0x0000000711600000| Untracked 
| 157|0x0000000711700000, 0x0000000711700000, 0x0000000711800000|  0%| F|  |TAMS 0x0000000711700000, 0x0000000711700000| Untracked 
| 158|0x0000000711800000, 0x0000000711800000, 0x0000000711900000|  0%| F|  |TAMS 0x0000000711800000, 0x0000000711800000| Untracked 
| 159|0x0000000711900000, 0x0000000711900000, 0x0000000711a00000|  0%| F|  |TAMS 0x0000000711900000, 0x0000000711900000| Untracked 
| 160|0x0000000711a00000, 0x0000000711a00000, 0x0000000711b00000|  0%| F|  |TAMS 0x0000000711a00000, 0x0000000711a00000| Untracked 
| 161|0x0000000711b00000, 0x0000000711b00000, 0x0000000711c00000|  0%| F|  |TAMS 0x0000000711b00000, 0x0000000711b00000| Untracked 
| 162|0x0000000711c00000, 0x0000000711c00000, 0x0000000711d00000|  0%| F|  |TAMS 0x0000000711c00000, 0x0000000711c00000| Untracked 
| 163|0x0000000711d00000, 0x0000000711d00000, 0x0000000711e00000|  0%| F|  |TAMS 0x0000000711d00000, 0x0000000711d00000| Untracked 
| 164|0x0000000711e00000, 0x0000000711e00000, 0x0000000711f00000|  0%| F|  |TAMS 0x0000000711e00000, 0x0000000711e00000| Untracked 
| 165|0x0000000711f00000, 0x0000000711f00000, 0x0000000712000000|  0%| F|  |TAMS 0x0000000711f00000, 0x0000000711f00000| Untracked 
| 166|0x0000000712000000, 0x0000000712000000, 0x0000000712100000|  0%| F|  |TAMS 0x0000000712000000, 0x0000000712000000| Untracked 
| 167|0x0000000712100000, 0x0000000712100000, 0x0000000712200000|  0%| F|  |TAMS 0x0000000712100000, 0x0000000712100000| Untracked 
| 168|0x0000000712200000, 0x0000000712200000, 0x0000000712300000|  0%| F|  |TAMS 0x0000000712200000, 0x0000000712200000| Untracked 
| 169|0x0000000712300000, 0x0000000712300000, 0x0000000712400000|  0%| F|  |TAMS 0x0000000712300000, 0x0000000712300000| Untracked 
| 170|0x0000000712400000, 0x0000000712400000, 0x0000000712500000|  0%| F|  |TAMS 0x0000000712400000, 0x0000000712400000| Untracked 
| 171|0x0000000712500000, 0x0000000712500000, 0x0000000712600000|  0%| F|  |TAMS 0x0000000712500000, 0x0000000712500000| Untracked 
| 172|0x0000000712600000, 0x0000000712600000, 0x0000000712700000|  0%| F|  |TAMS 0x0000000712600000, 0x0000000712600000| Untracked 
| 173|0x0000000712700000, 0x0000000712700000, 0x0000000712800000|  0%| F|  |TAMS 0x0000000712700000, 0x0000000712700000| Untracked 
| 174|0x0000000712800000, 0x0000000712800000, 0x0000000712900000|  0%| F|  |TAMS 0x0000000712800000, 0x0000000712800000| Untracked 
| 175|0x0000000712900000, 0x0000000712900000, 0x0000000712a00000|  0%| F|  |TAMS 0x0000000712900000, 0x0000000712900000| Untracked 
| 176|0x0000000712a00000, 0x0000000712a00000, 0x0000000712b00000|  0%| F|  |TAMS 0x0000000712a00000, 0x0000000712a00000| Untracked 
| 177|0x0000000712b00000, 0x0000000712b00000, 0x0000000712c00000|  0%| F|  |TAMS 0x0000000712b00000, 0x0000000712b00000| Untracked 
| 178|0x0000000712c00000, 0x0000000712c00000, 0x0000000712d00000|  0%| F|  |TAMS 0x0000000712c00000, 0x0000000712c00000| Untracked 
| 179|0x0000000712d00000, 0x0000000712d00000, 0x0000000712e00000|  0%| F|  |TAMS 0x0000000712d00000, 0x0000000712d00000| Untracked 
| 180|0x0000000712e00000, 0x0000000712e00000, 0x0000000712f00000|  0%| F|  |TAMS 0x0000000712e00000, 0x0000000712e00000| Untracked 
| 181|0x0000000712f00000, 0x0000000712f00000, 0x0000000713000000|  0%| F|  |TAMS 0x0000000712f00000, 0x0000000712f00000| Untracked 
| 182|0x0000000713000000, 0x0000000713000000, 0x0000000713100000|  0%| F|  |TAMS 0x0000000713000000, 0x0000000713000000| Untracked 
| 183|0x0000000713100000, 0x0000000713100000, 0x0000000713200000|  0%| F|  |TAMS 0x0000000713100000, 0x0000000713100000| Untracked 
| 184|0x0000000713200000, 0x0000000713200000, 0x0000000713300000|  0%| F|  |TAMS 0x0000000713200000, 0x0000000713200000| Untracked 
| 185|0x0000000713300000, 0x0000000713300000, 0x0000000713400000|  0%| F|  |TAMS 0x0000000713300000, 0x0000000713300000| Untracked 
| 186|0x0000000713400000, 0x0000000713400000, 0x0000000713500000|  0%| F|  |TAMS 0x0000000713400000, 0x0000000713400000| Untracked 
| 187|0x0000000713500000, 0x0000000713500000, 0x0000000713600000|  0%| F|  |TAMS 0x0000000713500000, 0x0000000713500000| Untracked 
| 188|0x0000000713600000, 0x0000000713600000, 0x0000000713700000|  0%| F|  |TAMS 0x0000000713600000, 0x0000000713600000| Untracked 
| 189|0x0000000713700000, 0x0000000713700000, 0x0000000713800000|  0%| F|  |TAMS 0x0000000713700000, 0x0000000713700000| Untracked 
| 190|0x0000000713800000, 0x0000000713800000, 0x0000000713900000|  0%| F|  |TAMS 0x0000000713800000, 0x0000000713800000| Untracked 
| 191|0x0000000713900000, 0x0000000713900000, 0x0000000713a00000|  0%| F|  |TAMS 0x0000000713900000, 0x0000000713900000| Untracked 
| 192|0x0000000713a00000, 0x0000000713a00000, 0x0000000713b00000|  0%| F|  |TAMS 0x0000000713a00000, 0x0000000713a00000| Untracked 
| 193|0x0000000713b00000, 0x0000000713b00000, 0x0000000713c00000|  0%| F|  |TAMS 0x0000000713b00000, 0x0000000713b00000| Untracked 
| 194|0x0000000713c00000, 0x0000000713c00000, 0x0000000713d00000|  0%| F|  |TAMS 0x0000000713c00000, 0x0000000713c00000| Untracked 
| 195|0x0000000713d00000, 0x0000000713d00000, 0x0000000713e00000|  0%| F|  |TAMS 0x0000000713d00000, 0x0000000713d00000| Untracked 
| 196|0x0000000713e00000, 0x0000000713e00000, 0x0000000713f00000|  0%| F|  |TAMS 0x0000000713e00000, 0x0000000713e00000| Untracked 
| 197|0x0000000713f00000, 0x0000000713f00000, 0x0000000714000000|  0%| F|  |TAMS 0x0000000713f00000, 0x0000000713f00000| Untracked 
| 198|0x0000000714000000, 0x0000000714000000, 0x0000000714100000|  0%| F|  |TAMS 0x0000000714000000, 0x0000000714000000| Untracked 
| 199|0x0000000714100000, 0x0000000714100000, 0x0000000714200000|  0%| F|  |TAMS 0x0000000714100000, 0x0000000714100000| Untracked 
| 200|0x0000000714200000, 0x0000000714200000, 0x0000000714300000|  0%| F|  |TAMS 0x0000000714200000, 0x0000000714200000| Untracked 
| 201|0x0000000714300000, 0x0000000714300000, 0x0000000714400000|  0%| F|  |TAMS 0x0000000714300000, 0x0000000714300000| Untracked 
| 202|0x0000000714400000, 0x0000000714400000, 0x0000000714500000|  0%| F|  |TAMS 0x0000000714400000, 0x0000000714400000| Untracked 
| 203|0x0000000714500000, 0x0000000714500000, 0x0000000714600000|  0%| F|  |TAMS 0x0000000714500000, 0x0000000714500000| Untracked 
| 204|0x0000000714600000, 0x0000000714600000, 0x0000000714700000|  0%| F|  |TAMS 0x0000000714600000, 0x0000000714600000| Untracked 
| 205|0x0000000714700000, 0x0000000714700000, 0x0000000714800000|  0%| F|  |TAMS 0x0000000714700000, 0x0000000714700000| Untracked 
| 206|0x0000000714800000, 0x0000000714800000, 0x0000000714900000|  0%| F|  |TAMS 0x0000000714800000, 0x0000000714800000| Untracked 
| 207|0x0000000714900000, 0x0000000714900000, 0x0000000714a00000|  0%| F|  |TAMS 0x0000000714900000, 0x0000000714900000| Untracked 
| 208|0x0000000714a00000, 0x0000000714a00000, 0x0000000714b00000|  0%| F|  |TAMS 0x0000000714a00000, 0x0000000714a00000| Untracked 
| 209|0x0000000714b00000, 0x0000000714b00000, 0x0000000714c00000|  0%| F|  |TAMS 0x0000000714b00000, 0x0000000714b00000| Untracked 
| 210|0x0000000714c00000, 0x0000000714c00000, 0x0000000714d00000|  0%| F|  |TAMS 0x0000000714c00000, 0x0000000714c00000| Untracked 
| 211|0x0000000714d00000, 0x0000000714d00000, 0x0000000714e00000|  0%| F|  |TAMS 0x0000000714d00000, 0x0000000714d00000| Untracked 
| 212|0x0000000714e00000, 0x0000000714e00000, 0x0000000714f00000|  0%| F|  |TAMS 0x0000000714e00000, 0x0000000714e00000| Untracked 
| 213|0x0000000714f00000, 0x0000000714f00000, 0x0000000715000000|  0%| F|  |TAMS 0x0000000714f00000, 0x0000000714f00000| Untracked 
| 214|0x0000000715000000, 0x0000000715000000, 0x0000000715100000|  0%| F|  |TAMS 0x0000000715000000, 0x0000000715000000| Untracked 
| 215|0x0000000715100000, 0x0000000715100000, 0x0000000715200000|  0%| F|  |TAMS 0x0000000715100000, 0x0000000715100000| Untracked 
| 216|0x0000000715200000, 0x0000000715200000, 0x0000000715300000|  0%| F|  |TAMS 0x0000000715200000, 0x0000000715200000| Untracked 
| 217|0x0000000715300000, 0x0000000715300000, 0x0000000715400000|  0%| F|  |TAMS 0x0000000715300000, 0x0000000715300000| Untracked 
| 218|0x0000000715400000, 0x0000000715400000, 0x0000000715500000|  0%| F|  |TAMS 0x0000000715400000, 0x0000000715400000| Untracked 
| 219|0x0000000715500000, 0x0000000715500000, 0x0000000715600000|  0%| F|  |TAMS 0x0000000715500000, 0x0000000715500000| Untracked 
| 220|0x0000000715600000, 0x0000000715600000, 0x0000000715700000|  0%| F|  |TAMS 0x0000000715600000, 0x0000000715600000| Untracked 
| 221|0x0000000715700000, 0x0000000715700000, 0x0000000715800000|  0%| F|  |TAMS 0x0000000715700000, 0x0000000715700000| Untracked 
| 222|0x0000000715800000, 0x0000000715800000, 0x0000000715900000|  0%| F|  |TAMS 0x0000000715800000, 0x0000000715800000| Untracked 
| 223|0x0000000715900000, 0x0000000715900000, 0x0000000715a00000|  0%| F|  |TAMS 0x0000000715900000, 0x0000000715900000| Untracked 
| 224|0x0000000715a00000, 0x0000000715a00000, 0x0000000715b00000|  0%| F|  |TAMS 0x0000000715a00000, 0x0000000715a00000| Untracked 
| 225|0x0000000715b00000, 0x0000000715b00000, 0x0000000715c00000|  0%| F|  |TAMS 0x0000000715b00000, 0x0000000715b00000| Untracked 
| 226|0x0000000715c00000, 0x0000000715c00000, 0x0000000715d00000|  0%| F|  |TAMS 0x0000000715c00000, 0x0000000715c00000| Untracked 
| 227|0x0000000715d00000, 0x0000000715d00000, 0x0000000715e00000|  0%| F|  |TAMS 0x0000000715d00000, 0x0000000715d00000| Untracked 
| 228|0x0000000715e00000, 0x0000000715e00000, 0x0000000715f00000|  0%| F|  |TAMS 0x0000000715e00000, 0x0000000715e00000| Untracked 
| 229|0x0000000715f00000, 0x0000000715f00000, 0x0000000716000000|  0%| F|  |TAMS 0x0000000715f00000, 0x0000000715f00000| Untracked 
| 230|0x0000000716000000, 0x0000000716000000, 0x0000000716100000|  0%| F|  |TAMS 0x0000000716000000, 0x0000000716000000| Untracked 
| 231|0x0000000716100000, 0x0000000716100000, 0x0000000716200000|  0%| F|  |TAMS 0x0000000716100000, 0x0000000716100000| Untracked 
| 232|0x0000000716200000, 0x0000000716200000, 0x0000000716300000|  0%| F|  |TAMS 0x0000000716200000, 0x0000000716200000| Untracked 
| 233|0x0000000716300000, 0x0000000716300000, 0x0000000716400000|  0%| F|  |TAMS 0x0000000716300000, 0x0000000716300000| Untracked 
| 234|0x0000000716400000, 0x0000000716400000, 0x0000000716500000|  0%| F|  |TAMS 0x0000000716400000, 0x0000000716400000| Untracked 
| 235|0x0000000716500000, 0x0000000716580800, 0x0000000716600000| 50%| E|  |TAMS 0x0000000716500000, 0x0000000716500000| Complete 
| 236|0x0000000716600000, 0x0000000716700000, 0x0000000716700000|100%| E|CS|TAMS 0x0000000716600000, 0x0000000716600000| Complete 
| 237|0x0000000716700000, 0x0000000716800000, 0x0000000716800000|100%| E|CS|TAMS 0x0000000716700000, 0x0000000716700000| Complete 
| 238|0x0000000716800000, 0x0000000716900000, 0x0000000716900000|100%| E|CS|TAMS 0x0000000716800000, 0x0000000716800000| Complete 
| 239|0x0000000716900000, 0x0000000716a00000, 0x0000000716a00000|100%| S|CS|TAMS 0x0000000716900000, 0x0000000716900000| Complete 
| 240|0x0000000716a00000, 0x0000000716b00000, 0x0000000716b00000|100%| S|CS|TAMS 0x0000000716a00000, 0x0000000716a00000| Complete 
| 241|0x0000000716b00000, 0x0000000716c00000, 0x0000000716c00000|100%| S|CS|TAMS 0x0000000716b00000, 0x0000000716b00000| Complete 
| 242|0x0000000716c00000, 0x0000000716d00000, 0x0000000716d00000|100%| S|CS|TAMS 0x0000000716c00000, 0x0000000716c00000| Complete 
| 243|0x0000000716d00000, 0x0000000716e00000, 0x0000000716e00000|100%| S|CS|TAMS 0x0000000716d00000, 0x0000000716d00000| Complete 
| 244|0x0000000716e00000, 0x0000000716f00000, 0x0000000716f00000|100%| E|CS|TAMS 0x0000000716e00000, 0x0000000716e00000| Complete 
| 245|0x0000000716f00000, 0x0000000717000000, 0x0000000717000000|100%| E|CS|TAMS 0x0000000716f00000, 0x0000000716f00000| Complete 
| 246|0x0000000717000000, 0x0000000717100000, 0x0000000717100000|100%| E|CS|TAMS 0x0000000717000000, 0x0000000717000000| Complete 
| 247|0x0000000717100000, 0x0000000717200000, 0x0000000717200000|100%| E|CS|TAMS 0x0000000717100000, 0x0000000717100000| Complete 
| 248|0x0000000717200000, 0x0000000717300000, 0x0000000717300000|100%| E|CS|TAMS 0x0000000717200000, 0x0000000717200000| Complete 
| 249|0x0000000717300000, 0x0000000717400000, 0x0000000717400000|100%| E|CS|TAMS 0x0000000717300000, 0x0000000717300000| Complete 
|2946|0x00000007bfc00000, 0x00000007bfc35000, 0x00000007bfd00000| 20%|OA|  |TAMS 0x00000007bfc35000, 0x00000007bfc00000| Untracked 
|2948|0x00000007bfe00000, 0x00000007bfe6a000, 0x00000007bff00000| 41%|CA|  |TAMS 0x00000007bfe6a000, 0x00000007bfe00000| Untracked 

Card table byte_map: [0x00007f3d1783d000,0x00007f3d18000000] _byte_map_base: 0x00007f3d14000000

Marking Bits (Prev, Next): (CMBitMap*) 0x00007f3d34075a30, (CMBitMap*) 0x00007f3d340759f8
 Prev Bits: [0x00007f3d0f44a000, 0x00007f3d13262000)
 Next Bits: [0x00007f3d13262000, 0x00007f3d1707a000)

Polling page: 0x00007f3d3a752000

Metaspace:

Usage:
  Non-class:      6.50 MB capacity,     4.75 MB ( 73%) used,     1.74 MB ( 27%) free+waste,    15.00 KB ( <1%) overhead. 
      Class:    835.00 KB capacity,   604.57 KB ( 72%) used,   222.24 KB ( 27%) free+waste,     8.19 KB ( <1%) overhead. 
       Both:      7.32 MB capacity,     5.34 MB ( 73%) used,     1.95 MB ( 27%) free+waste,    23.19 KB ( <1%) overhead. 

Virtual space:
  Non-class space:        8.00 MB reserved,       6.75 MB ( 84%) committed 
      Class space:        1.00 GB reserved,     896.00 KB ( <1%) committed 
             Both:        1.01 GB reserved,       7.62 MB ( <1%) committed 

Chunk freelists:
   Non-Class:  7.00 KB
       Class:  0 bytes
        Both:  7.00 KB

CodeHeap 'non-profiled nmethods': size=120032Kb used=301Kb max_used=301Kb free=119730Kb
 bounds [0x00007f3d24446000, 0x00007f3d246b6000, 0x00007f3d2b97e000]
CodeHeap 'profiled nmethods': size=120028Kb used=1754Kb max_used=1754Kb free=118273Kb
 bounds [0x00007f3d1cf0f000, 0x00007f3d1d17f000, 0x00007f3d24446000]
CodeHeap 'non-nmethods': size=5700Kb used=1185Kb max_used=1198Kb free=4514Kb
 bounds [0x00007f3d1c97e000, 0x00007f3d1cbee000, 0x00007f3d1cf0f000]
 total_blobs=1653 nmethods=946 adapters=443
 compilation: enabled
              stopped_count=0, restarted_count=0
 full_count=0

Compilation events (10 events):
Event: 0.679 Thread 0x00007f3d3423a000  940       3       jnr.ffi.provider.jffi.CodegenUtils::sig (25 bytes)
Event: 0.680 Thread 0x00007f3d3423a000 nmethod 940 0x00007f3d1d0c2a90 code [0x00007f3d1d0c2d00, 0x00007f3d1d0c3528]
Event: 0.680 Thread 0x00007f3d3423a000  942       3       jdk.internal.loader.AbstractClassLoaderValue::map (20 bytes)
Event: 0.680 Thread 0x00007f3d3423a000 nmethod 942 0x00007f3d1d0c3810 code [0x00007f3d1d0c39e0, 0x00007f3d1d0c3d08]
Event: 0.682 Thread 0x00007f3d3423a000  944       3       java.lang.AbstractStringBuilder::append (55 bytes)
Event: 0.682 Thread 0x00007f3d3423a000 nmethod 944 0x00007f3d1d0c3e10 code [0x00007f3d1d0c4000, 0x00007f3d1d0c43b8]
Event: 0.682 Thread 0x00007f3d3423a000  945       3       jdk.internal.org.objectweb.asm.Label::<init> (5 bytes)
Event: 0.682 Thread 0x00007f3d3423a000 nmethod 945 0x00007f3d1d0c4510 code [0x00007f3d1d0c46c0, 0x00007f3d1d0c4890]
Event: 0.685 Thread 0x00007f3d3423a000  946       3       java.lang.StringCoding::encodeUTF8 (132 bytes)
Event: 0.685 Thread 0x00007f3d3423a000 nmethod 946 0x00007f3d1d0c4990 code [0x00007f3d1d0c4be0, 0x00007f3d1d0c5578]

GC Heap History (8 events):
Event: 0.219 GC heap before
{Heap before GC invocations=0 (full 0):
 garbage-first heap   total 258048K, used 25212K [0x0000000707a00000, 0x0000000800000000)
  region size 1024K, 24 young (24576K), 0 survivors (0K)
 Metaspace       used 2247K, capacity 5130K, committed 5376K, reserved 1056768K
  class space    used 251K, capacity 497K, committed 512K, reserved 1048576K
}
Event: 0.232 GC heap after
{Heap after GC invocations=1 (full 0):
 garbage-first heap   total 258048K, used 21244K [0x0000000707a00000, 0x0000000800000000)
  region size 1024K, 3 young (3072K), 3 survivors (3072K)
 Metaspace       used 2247K, capacity 5130K, committed 5376K, reserved 1056768K
  class space    used 251K, capacity 497K, committed 512K, reserved 1048576K
}
Event: 0.243 GC heap before
{Heap before GC invocations=1 (full 0):
 garbage-first heap   total 258048K, used 34556K [0x0000000707a00000, 0x0000000800000000)
  region size 1024K, 16 young (16384K), 3 survivors (3072K)
 Metaspace       used 2248K, capacity 5130K, committed 5376K, reserved 1056768K
  class space    used 251K, capacity 497K, committed 512K, reserved 1048576K
}
Event: 0.256 GC heap after
{Heap after GC invocations=2 (full 0):
 garbage-first heap   total 258048K, used 34390K [0x0000000707a00000, 0x0000000800000000)
  region size 1024K, 2 young (2048K), 2 survivors (2048K)
 Metaspace       used 2248K, capacity 5130K, committed 5376K, reserved 1056768K
  class space    used 251K, capacity 497K, committed 512K, reserved 1048576K
}
Event: 0.288 GC heap before
{Heap before GC invocations=2 (full 0):
 garbage-first heap   total 258048K, used 63062K [0x0000000707a00000, 0x0000000800000000)
  region size 1024K, 30 young (30720K), 2 survivors (2048K)
 Metaspace       used 2248K, capacity 5130K, committed 5376K, reserved 1056768K
  class space    used 251K, capacity 497K, committed 512K, reserved 1048576K
}
Event: 0.295 GC heap after
{Heap after GC invocations=3 (full 0):
 garbage-first heap   total 258048K, used 62797K [0x0000000707a00000, 0x0000000800000000)
  region size 1024K, 4 young (4096K), 4 survivors (4096K)
 Metaspace       used 2248K, capacity 5130K, committed 5376K, reserved 1056768K
  class space    used 251K, capacity 497K, committed 512K, reserved 1048576K
}
Event: 0.300 GC heap before
{Heap before GC invocations=3 (full 0):
 garbage-first heap   total 258048K, used 67917K [0x0000000707a00000, 0x0000000800000000)
  region size 1024K, 10 young (10240K), 4 survivors (4096K)
 Metaspace       used 2248K, capacity 5130K, committed 5376K, reserved 1056768K
  class space    used 251K, capacity 497K, committed 512K, reserved 1048576K
}
Event: 0.303 GC heap after
{Heap after GC invocations=4 (full 0):
 garbage-first heap   total 258048K, used 67917K [0x0000000707a00000, 0x0000000800000000)
  region size 1024K, 5 young (5120K), 5 survivors (5120K)
 Metaspace       used 2248K, capacity 5130K, committed 5376K, reserved 1056768K
  class space    used 251K, capacity 497K, committed 512K, reserved 1048576K
}

Deoptimization events (9 events):
Event: 0.117 Thread 0x00007f3d34011800 Uncommon trap: reason=unstable_if action=reinterpret pc=0x00007f3d244496a4 method=java.lang.String.isLatin1()Z @ 10 c2
Event: 0.130 Thread 0x00007f3d34011800 Uncommon trap: reason=unstable_if action=reinterpret pc=0x00007f3d24454e64 method=java.util.HashMap.putVal(ILjava/lang/Object;Ljava/lang/Object;ZZ)Ljava/lang/Object; @ 181 c2
Event: 0.300 Thread 0x00007f3d34011800 Uncommon trap: reason=unstable_if action=reinterpret pc=0x00007f3d2446c680 method=java.util.zip.ZipFile$ZipFileInputStream.read([BII)I @ 41 c2
Event: 0.300 Thread 0x00007f3d34011800 Uncommon trap: reason=unstable_if action=reinterpret pc=0x00007f3d2446edc0 method=java.util.zip.InflaterInputStream.read([BII)I @ 69 c2
Event: 0.340 Thread 0x00007f3d34011800 Uncommon trap: reason=unstable_if action=reinterpret pc=0x00007f3d24470990 method=java.util.ArrayList$Itr.hasNext()Z @ 11 c2
Event: 0.587 Thread 0x00007f3d34011800 Uncommon trap: reason=unstable_if action=reinterpret pc=0x00007f3d24478224 method=java.util.HashMap.getNode(ILjava/lang/Object;)Ljava/util/HashMap$Node; @ 129 c2
Event: 0.640 Thread 0x00007f3d34011800 Uncommon trap: reason=class_check action=maybe_recompile pc=0x00007f3d2447d448 method=java.util.HashMap.putVal(ILjava/lang/Object;Ljava/lang/Object;ZZ)Ljava/lang/Object; @ 91 c2
Event: 0.640 Thread 0x00007f3d34011800 Uncommon trap: reason=class_check action=maybe_recompile pc=0x00007f3d2447d448 method=java.util.HashMap.putVal(ILjava/lang/Object;Ljava/lang/Object;ZZ)Ljava/lang/Object; @ 91 c2
Event: 0.650 Thread 0x00007f3d34011800 Uncommon trap: reason=class_check action=maybe_recompile pc=0x00007f3d2447d448 method=java.util.HashMap.putVal(ILjava/lang/Object;Ljava/lang/Object;ZZ)Ljava/lang/Object; @ 91 c2

Classes redefined (0 events):
No events

Internal exceptions (4 events):
Event: 0.464 Thread 0x00007f3d34011800 Exception <a 'java/lang/NoSuchMethodError'{0x000000071733bb90}: java.lang.invoke.DirectMethodHandle$Holder.invokeSpecialIFC(Ljava/lang/Object;Ljava/lang/Object;I)I> (0x000000071733bb90) thrown at [/build/openjdk-lts-WvAz7S/openjdk-lts-11.0.3+7/src/hotspot
Event: 0.645 Thread 0x00007f3d34011800 Exception <a 'java/lang/NoSuchMethodError'{0x00000007167a9e18}: java.lang.invoke.DirectMethodHandle$Holder.invokeInterface(Ljava/lang/Object;Ljava/lang/Object;Ljava/lang/Object;Ljava/lang/Object;)I> (0x00000007167a9e18) thrown at [/build/openjdk-lts-WvAz7
Event: 0.677 Thread 0x00007f3d34011800 Exception <a 'java/lang/NoSuchMethodError'{0x00000007166cf038}: java.lang.invoke.DirectMethodHandle$Holder.invokeInterface(Ljava/lang/Object;Ljava/lang/Object;Ljava/lang/Object;I)I> (0x00000007166cf038) thrown at [/build/openjdk-lts-WvAz7S/openjdk-lts-11.
Event: 0.682 Thread 0x00007f3d34011800 Exception <a 'java/lang/NoSuchMethodError'{0x00000007166ff1e0}: java.lang.invoke.DirectMethodHandle$Holder.invokeVirtual(Ljava/lang/Object;Ljava/lang/Object;)V> (0x00000007166ff1e0) thrown at [/build/openjdk-lts-WvAz7S/openjdk-lts-11.0.3+7/src/hotspot/sha

Events (10 events):
Event: 0.684 loading class com/kenai/jffi/ObjectParameterStrategy$StrategyType
Event: 0.684 loading class com/kenai/jffi/ObjectParameterStrategy$StrategyType done
Event: 0.685 loading class com/kenai/jffi/ObjectParameterType
Event: 0.685 loading class com/kenai/jffi/ObjectParameterType done
Event: 0.685 loading class com/kenai/jffi/ObjectParameterType$ObjectType
Event: 0.685 loading class com/kenai/jffi/ObjectParameterType$ObjectType done
Event: 0.685 Thread 0x00007f3d34011800 DEOPT PACKING pc=0x00007f3d1cfb77c2 sp=0x00007f3d38ed1910
Event: 0.685 Thread 0x00007f3d34011800 DEOPT UNPACKING pc=0x00007f3d1c9a68ba sp=0x00007f3d38ed0d98 mode 0
Event: 0.685 loading class com/kenai/jffi/ObjectParameterType$TypeCache
Event: 0.685 loading class com/kenai/jffi/ObjectParameterType$TypeCache done


Dynamic libraries:
707a00000-717400000 rw-p 00000000 00:00 0 
717400000-7bfc00000 ---p 00000000 00:00 0 
7bfc00000-7bfc35000 rw-p 0111e000 08:02 3290380                          /usr/lib/jvm/java-11-openjdk-amd64/lib/server/classes.jsa
7bfc35000-7bfd00000 rw-p 00000000 00:00 0 
7bfd00000-7bfe00000 ---p 00000000 00:00 0 
7bfe00000-7bfe6a000 rw-p 010b4000 08:02 3290380                          /usr/lib/jvm/java-11-openjdk-amd64/lib/server/classes.jsa
7bfe6a000-7bff00000 rw-p 00000000 00:00 0 
7bff00000-800000000 ---p 00000000 00:00 0 
800000000-800002000 rwxp 00001000 08:02 3290380                          /usr/lib/jvm/java-11-openjdk-amd64/lib/server/classes.jsa
800002000-8003bf000 rw-p 00003000 08:02 3290380                          /usr/lib/jvm/java-11-openjdk-amd64/lib/server/classes.jsa
8003bf000-800a9c000 r--p 003c0000 08:02 3290380                          /usr/lib/jvm/java-11-openjdk-amd64/lib/server/classes.jsa
800a9c000-800a9d000 rw-p 00a9d000 08:02 3290380                          /usr/lib/jvm/java-11-openjdk-amd64/lib/server/classes.jsa
800a9d000-8010b3000 r--p 00a9e000 08:02 3290380                          /usr/lib/jvm/java-11-openjdk-amd64/lib/server/classes.jsa
840000000-8400e0000 rw-p 00000000 00:00 0 
8400e0000-880000000 ---p 00000000 00:00 0 
5631f136c000-5631f136d000 r--p 00000000 08:02 3290899                    /usr/lib/jvm/java-11-openjdk-amd64/bin/java
5631f136d000-5631f136e000 r-xp 00001000 08:02 3290899                    /usr/lib/jvm/java-11-openjdk-amd64/bin/java
5631f136e000-5631f136f000 r--p 00002000 08:02 3290899                    /usr/lib/jvm/java-11-openjdk-amd64/bin/java
5631f136f000-5631f1370000 r--p 00002000 08:02 3290899                    /usr/lib/jvm/java-11-openjdk-amd64/bin/java
5631f1370000-5631f1371000 rw-p 00003000 08:02 3290899                    /usr/lib/jvm/java-11-openjdk-amd64/bin/java
5631f22eb000-5631f230c000 rw-p 00000000 00:00 0                          [heap]
7f3cb0000000-7f3cb0021000 rw-p 00000000 00:00 0 
7f3cb0021000-7f3cb4000000 ---p 00000000 00:00 0 
7f3cb4000000-7f3cb4021000 rw-p 00000000 00:00 0 
7f3cb4021000-7f3cb8000000 ---p 00000000 00:00 0 
7f3cb8000000-7f3cb8021000 rw-p 00000000 00:00 0 
7f3cb8021000-7f3cbc000000 ---p 00000000 00:00 0 
7f3cbc000000-7f3cbc021000 rw-p 00000000 00:00 0 
7f3cbc021000-7f3cc0000000 ---p 00000000 00:00 0 
7f3cc0000000-7f3cc0021000 rw-p 00000000 00:00 0 
7f3cc0021000-7f3cc4000000 ---p 00000000 00:00 0 
7f3cc4000000-7f3cc4021000 rw-p 00000000 00:00 0 
7f3cc4021000-7f3cc8000000 ---p 00000000 00:00 0 
7f3cc8000000-7f3cc8021000 rw-p 00000000 00:00 0 
7f3cc8021000-7f3ccc000000 ---p 00000000 00:00 0 
7f3ccc000000-7f3ccc021000 rw-p 00000000 00:00 0 
7f3ccc021000-7f3cd0000000 ---p 00000000 00:00 0 
7f3cd0000000-7f3cd01eb000 rw-p 00000000 00:00 0 
7f3cd01eb000-7f3cd4000000 ---p 00000000 00:00 0 
7f3cd4000000-7f3cd4021000 rw-p 00000000 00:00 0 
7f3cd4021000-7f3cd8000000 ---p 00000000 00:00 0 
7f3cd8000000-7f3cd8021000 rw-p 00000000 00:00 0 
7f3cd8021000-7f3cdc000000 ---p 00000000 00:00 0 
7f3cdc000000-7f3cdc021000 rw-p 00000000 00:00 0 
7f3cdc021000-7f3ce0000000 ---p 00000000 00:00 0 
7f3ce0000000-7f3ce03d9000 rw-p 00000000 00:00 0 
7f3ce03d9000-7f3ce4000000 ---p 00000000 00:00 0 
7f3ce4000000-7f3ce42f3000 rw-p 00000000 00:00 0 
7f3ce42f3000-7f3ce8000000 ---p 00000000 00:00 0 
7f3ce8000000-7f3ce8021000 rw-p 00000000 00:00 0 
7f3ce8021000-7f3cec000000 ---p 00000000 00:00 0 
7f3cec000000-7f3cec021000 rw-p 00000000 00:00 0 
7f3cec021000-7f3cf0000000 ---p 00000000 00:00 0 
7f3cf0000000-7f3cf0021000 rw-p 00000000 00:00 0 
7f3cf0021000-7f3cf4000000 ---p 00000000 00:00 0 
7f3cf5cf4000-7f3cf5cfa000 r-xp 00000000 08:02 3046623                    /tmp/.libFUSELink.so
7f3cf5cfa000-7f3cf5ef9000 ---p 00006000 08:02 3046623                    /tmp/.libFUSELink.so
7f3cf5ef9000-7f3cf5efa000 r--p 00005000 08:02 3046623                    /tmp/.libFUSELink.so
7f3cf5efa000-7f3cf5efb000 rw-p 00006000 08:02 3046623                    /tmp/.libFUSELink.so
7f3cf5efb000-7f3cf5efc000 ---p 00000000 00:00 0 
7f3cf5efc000-7f3cf5ffd000 rw-p 00000000 00:00 0 
7f3cf5ffd000-7f3cf5ffe000 ---p 00000000 00:00 0 
7f3cf5ffe000-7f3cf60ff000 rw-p 00000000 00:00 0 
7f3cf60ff000-7f3cf6100000 ---p 00000000 00:00 0 
7f3cf6100000-7f3cf6201000 rw-p 00000000 00:00 0 
7f3cf6201000-7f3cf6202000 ---p 00000000 00:00 0 
7f3cf6202000-7f3cf6303000 rw-p 00000000 00:00 0 
7f3cf6303000-7f3cf6304000 ---p 00000000 00:00 0 
7f3cf6304000-7f3cf6405000 rw-p 00000000 00:00 0 
7f3cf6405000-7f3cf6406000 ---p 00000000 00:00 0 
7f3cf6406000-7f3cf6507000 rw-p 00000000 00:00 0 
7f3cf6507000-7f3cf6519000 r-xp 00000000 08:02 3046622                    /tmp/jffi17319934466873462660.so (deleted)
7f3cf6519000-7f3cf6718000 ---p 00012000 08:02 3046622                    /tmp/jffi17319934466873462660.so (deleted)
7f3cf6718000-7f3cf6719000 rw-p 00011000 08:02 3046622                    /tmp/jffi17319934466873462660.so (deleted)
7f3cf6719000-7f3cf671a000 ---p 00000000 00:00 0 
7f3cf671a000-7f3cf681b000 rw-p 00000000 00:00 0 
7f3cf681b000-7f3cf681f000 ---p 00000000 00:00 0 
7f3cf681f000-7f3cf691c000 rw-p 00000000 00:00 0 
7f3cf691c000-7f3cf6920000 ---p 00000000 00:00 0 
7f3cf6920000-7f3cf6a1d000 rw-p 00000000 00:00 0 
7f3cf6a1d000-7f3cf6a21000 ---p 00000000 00:00 0 
7f3cf6a21000-7f3cf6b1e000 rw-p 00000000 00:00 0 
7f3cf6b1e000-7f3cf6b22000 ---p 00000000 00:00 0 
7f3cf6b22000-7f3cf6c1f000 rw-p 00000000 00:00 0 
7f3cf6c1f000-7f3cf6c23000 ---p 00000000 00:00 0 
7f3cf6c23000-7f3cf6d20000 rw-p 00000000 00:00 0 
7f3cf6d20000-7f3cf6d24000 ---p 00000000 00:00 0 
7f3cf6d24000-7f3cf6e21000 rw-p 00000000 00:00 0 
7f3cf6e21000-7f3cf6e25000 ---p 00000000 00:00 0 
7f3cf6e25000-7f3cf6f22000 rw-p 00000000 00:00 0 
7f3cf6f22000-7f3cf6f26000 ---p 00000000 00:00 0 
7f3cf6f26000-7f3cf7023000 rw-p 00000000 00:00 0 
7f3cf7023000-7f3cf7dfe000 r--p 00000000 08:02 3277245                    /usr/lib/locale/locale-archive
7f3cf7dfe000-7f3cf7e02000 ---p 00000000 00:00 0 
7f3cf7e02000-7f3cf7eff000 rw-p 00000000 00:00 0 
7f3cf7eff000-7f3cf7f03000 ---p 00000000 00:00 0 
7f3cf7f03000-7f3cf8000000 rw-p 00000000 00:00 0 
7f3cf8000000-7f3cf8021000 rw-p 00000000 00:00 0 
7f3cf8021000-7f3cfc000000 ---p 00000000 00:00 0 
7f3cfc000000-7f3cfc021000 rw-p 00000000 00:00 0 
7f3cfc021000-7f3d00000000 ---p 00000000 00:00 0 
7f3d00000000-7f3d00021000 rw-p 00000000 00:00 0 
7f3d00021000-7f3d04000000 ---p 00000000 00:00 0 
7f3d04000000-7f3d04021000 rw-p 00000000 00:00 0 
7f3d04021000-7f3d08000000 ---p 00000000 00:00 0 
7f3d08000000-7f3d08021000 rw-p 00000000 00:00 0 
7f3d08021000-7f3d0c000000 ---p 00000000 00:00 0 
7f3d0c0bb000-7f3d0c0bc000 ---p 00000000 00:00 0 
7f3d0c0bc000-7f3d0c8fe000 rw-p 00000000 00:00 0 
7f3d0c8fe000-7f3d0ca3e000 ---p 00000000 00:00 0 
7f3d0ca3e000-7f3d0ca3f000 ---p 00000000 00:00 0 
7f3d0ca3f000-7f3d0cb40000 rw-p 00000000 00:00 0 
7f3d0cb40000-7f3d0cb41000 ---p 00000000 00:00 0 
7f3d0cb41000-7f3d0f832000 rw-p 00000000 00:00 0 
7f3d0f832000-7f3d12252000 ---p 00000000 00:00 0 
7f3d12252000-7f3d12256000 rw-p 00000000 00:00 0 
7f3d12256000-7f3d1225a000 ---p 00000000 00:00 0 
7f3d1225a000-7f3d1225e000 rw-p 00000000 00:00 0 
7f3d1225e000-7f3d13262000 ---p 00000000 00:00 0 
7f3d13262000-7f3d1364a000 rw-p 00000000 00:00 0 
7f3d1364a000-7f3d1606a000 ---p 00000000 00:00 0 
7f3d1606a000-7f3d1606e000 rw-p 00000000 00:00 0 
7f3d1606e000-7f3d16072000 ---p 00000000 00:00 0 
7f3d16072000-7f3d16076000 rw-p 00000000 00:00 0 
7f3d16076000-7f3d1707a000 ---p 00000000 00:00 0 
7f3d1707a000-7f3d170f7000 rw-p 00000000 00:00 0 
7f3d170f7000-7f3d1763b000 ---p 00000000 00:00 0 
7f3d1763b000-7f3d1763d000 rw-p 00000000 00:00 0 
7f3d1763d000-7f3d1783d000 ---p 00000000 00:00 0 
7f3d1783d000-7f3d178ba000 rw-p 00000000 00:00 0 
7f3d178ba000-7f3d17dfe000 ---p 00000000 00:00 0 
7f3d17dfe000-7f3d17e00000 rw-p 00000000 00:00 0 
7f3d17e00000-7f3d18000000 ---p 00000000 00:00 0 
7f3d18000000-7f3d18021000 rw-p 00000000 00:00 0 
7f3d18021000-7f3d1c000000 ---p 00000000 00:00 0 
7f3d1c020000-7f3d1c027000 r--p 00000000 08:02 528392                     /lib/x86_64-linux-gnu/libfuse.so.2.9.8
7f3d1c027000-7f3d1c040000 r-xp 00007000 08:02 528392                     /lib/x86_64-linux-gnu/libfuse.so.2.9.8
7f3d1c040000-7f3d1c04a000 r--p 00020000 08:02 528392                     /lib/x86_64-linux-gnu/libfuse.so.2.9.8
7f3d1c04a000-7f3d1c04b000 ---p 0002a000 08:02 528392                     /lib/x86_64-linux-gnu/libfuse.so.2.9.8
7f3d1c04b000-7f3d1c05d000 r--p 0002a000 08:02 528392                     /lib/x86_64-linux-gnu/libfuse.so.2.9.8
7f3d1c05d000-7f3d1c05e000 rw-p 0003c000 08:02 528392                     /lib/x86_64-linux-gnu/libfuse.so.2.9.8
7f3d1c05e000-7f3d1c0b9000 rw-p 00000000 00:00 0 
7f3d1c0b9000-7f3d1c0ba000 ---p 00000000 00:00 0 
7f3d1c0ba000-7f3d1c238000 rw-p 00000000 00:00 0 
7f3d1c238000-7f3d1c77c000 ---p 00000000 00:00 0 
7f3d1c77c000-7f3d1c77e000 rw-p 00000000 00:00 0 
7f3d1c77e000-7f3d1c97e000 ---p 00000000 00:00 0 
7f3d1c97e000-7f3d1cbee000 rwxp 00000000 00:00 0 
7f3d1cbee000-7f3d1cf0f000 ---p 00000000 00:00 0 
7f3d1cf0f000-7f3d1d17f000 rwxp 00000000 00:00 0 
7f3d1d17f000-7f3d24446000 ---p 00000000 00:00 0 
7f3d24446000-7f3d246b6000 rwxp 00000000 00:00 0 
7f3d246b6000-7f3d2b97e000 ---p 00000000 00:00 0 
7f3d2b97e000-7f3d34000000 r--s 00000000 08:02 3290984                    /usr/lib/jvm/java-11-openjdk-amd64/lib/modules
7f3d34000000-7f3d34555000 rw-p 00000000 00:00 0 
7f3d34555000-7f3d38000000 ---p 00000000 00:00 0 
7f3d38001000-7f3d38003000 rw-p 00000000 00:00 0 
7f3d38003000-7f3d38004000 r--p 00000000 08:02 3290961                    /usr/lib/jvm/java-11-openjdk-amd64/lib/libjaas.so
7f3d38004000-7f3d38005000 r-xp 00001000 08:02 3290961                    /usr/lib/jvm/java-11-openjdk-amd64/lib/libjaas.so
7f3d38005000-7f3d38006000 r--p 00002000 08:02 3290961                    /usr/lib/jvm/java-11-openjdk-amd64/lib/libjaas.so
7f3d38006000-7f3d38007000 r--p 00002000 08:02 3290961                    /usr/lib/jvm/java-11-openjdk-amd64/lib/libjaas.so
7f3d38007000-7f3d38008000 rw-p 00003000 08:02 3290961                    /usr/lib/jvm/java-11-openjdk-amd64/lib/libjaas.so
7f3d38008000-7f3d38022000 r-xp 00000000 00:00 0 
7f3d38022000-7f3d38029000 r--s 00000000 08:02 3535358                    /usr/lib/x86_64-linux-gnu/gconv/gconv-modules.cache
7f3d38029000-7f3d3802a000 r--p 00000000 08:02 3290955                    /usr/lib/jvm/java-11-openjdk-amd64/lib/libextnet.so
7f3d3802a000-7f3d3802b000 r-xp 00001000 08:02 3290955                    /usr/lib/jvm/java-11-openjdk-amd64/lib/libextnet.so
7f3d3802b000-7f3d3802c000 r--p 00002000 08:02 3290955                    /usr/lib/jvm/java-11-openjdk-amd64/lib/libextnet.so
7f3d3802c000-7f3d3802d000 r--p 00002000 08:02 3290955                    /usr/lib/jvm/java-11-openjdk-amd64/lib/libextnet.so
7f3d3802d000-7f3d3802e000 rw-p 00003000 08:02 3290955                    /usr/lib/jvm/java-11-openjdk-amd64/lib/libextnet.so
7f3d3802e000-7f3d38032000 r--p 00000000 08:02 3290974                    /usr/lib/jvm/java-11-openjdk-amd64/lib/libnet.so
7f3d38032000-7f3d38041000 r-xp 00004000 08:02 3290974                    /usr/lib/jvm/java-11-openjdk-amd64/lib/libnet.so
7f3d38041000-7f3d38045000 r--p 00013000 08:02 3290974                    /usr/lib/jvm/java-11-openjdk-amd64/lib/libnet.so
7f3d38045000-7f3d38046000 r--p 00016000 08:02 3290974                    /usr/lib/jvm/java-11-openjdk-amd64/lib/libnet.so
7f3d38046000-7f3d38047000 rw-p 00017000 08:02 3290974                    /usr/lib/jvm/java-11-openjdk-amd64/lib/libnet.so
7f3d38047000-7f3d3804e000 r--p 00000000 08:02 3290975                    /usr/lib/jvm/java-11-openjdk-amd64/lib/libnio.so
7f3d3804e000-7f3d38055000 r-xp 00007000 08:02 3290975                    /usr/lib/jvm/java-11-openjdk-amd64/lib/libnio.so
7f3d38055000-7f3d38058000 r--p 0000e000 08:02 3290975                    /usr/lib/jvm/java-11-openjdk-amd64/lib/libnio.so
7f3d38058000-7f3d38059000 r--p 00010000 08:02 3290975                    /usr/lib/jvm/java-11-openjdk-amd64/lib/libnio.so
7f3d38059000-7f3d3805a000 rw-p 00011000 08:02 3290975                    /usr/lib/jvm/java-11-openjdk-amd64/lib/libnio.so
7f3d3805a000-7f3d3805b000 ---p 00000000 00:00 0 
7f3d3805b000-7f3d38a65000 rw-p 00000000 00:00 0 
7f3d38a65000-7f3d38a66000 ---p 00000000 00:00 0 
7f3d38a66000-7f3d38b6c000 rw-p 00000000 00:00 0 
7f3d38b6c000-7f3d38c52000 ---p 00000000 00:00 0 
7f3d38c52000-7f3d38c57000 rw-p 00000000 00:00 0 
7f3d38c57000-7f3d38d3d000 ---p 00000000 00:00 0 
7f3d38d3d000-7f3d38d42000 rw-p 00000000 00:00 0 
7f3d38d42000-7f3d38d49000 ---p 00000000 00:00 0 
7f3d38d49000-7f3d38d4b000 r--p 00000000 08:02 3290966                    /usr/lib/jvm/java-11-openjdk-amd64/lib/libjimage.so
7f3d38d4b000-7f3d38d4e000 r-xp 00002000 08:02 3290966                    /usr/lib/jvm/java-11-openjdk-amd64/lib/libjimage.so
7f3d38d4e000-7f3d38d50000 r--p 00005000 08:02 3290966                    /usr/lib/jvm/java-11-openjdk-amd64/lib/libjimage.so
7f3d38d50000-7f3d38d51000 r--p 00006000 08:02 3290966                    /usr/lib/jvm/java-11-openjdk-amd64/lib/libjimage.so
7f3d38d51000-7f3d38d52000 rw-p 00007000 08:02 3290966                    /usr/lib/jvm/java-11-openjdk-amd64/lib/libjimage.so
7f3d38d52000-7f3d38d54000 r--p 00000000 08:02 3290983                    /usr/lib/jvm/java-11-openjdk-amd64/lib/libzip.so
7f3d38d54000-7f3d38d58000 r-xp 00002000 08:02 3290983                    /usr/lib/jvm/java-11-openjdk-amd64/lib/libzip.so
7f3d38d58000-7f3d38d5a000 r--p 00006000 08:02 3290983                    /usr/lib/jvm/java-11-openjdk-amd64/lib/libzip.so
7f3d38d5a000-7f3d38d5b000 r--p 00007000 08:02 3290983                    /usr/lib/jvm/java-11-openjdk-amd64/lib/libzip.so
7f3d38d5b000-7f3d38d5c000 rw-p 00008000 08:02 3290983                    /usr/lib/jvm/java-11-openjdk-amd64/lib/libzip.so
7f3d38d5c000-7f3d38d91000 r--s 00000000 08:02 267840                     /var/cache/nscd/passwd
7f3d38d91000-7f3d38d93000 r--p 00000000 08:02 3290957                    /usr/lib/jvm/java-11-openjdk-amd64/lib/libinstrument.so
7f3d38d93000-7f3d38d99000 r-xp 00002000 08:02 3290957                    /usr/lib/jvm/java-11-openjdk-amd64/lib/libinstrument.so
7f3d38d99000-7f3d38d9c000 r--p 00008000 08:02 3290957                    /usr/lib/jvm/java-11-openjdk-amd64/lib/libinstrument.so
7f3d38d9c000-7f3d38d9d000 r--p 0000a000 08:02 3290957                    /usr/lib/jvm/java-11-openjdk-amd64/lib/libinstrument.so
7f3d38d9d000-7f3d38d9e000 rw-p 0000b000 08:02 3290957                    /usr/lib/jvm/java-11-openjdk-amd64/lib/libinstrument.so
7f3d38d9e000-7f3d38dab000 r--p 00000000 08:02 3290962                    /usr/lib/jvm/java-11-openjdk-amd64/lib/libjava.so
7f3d38dab000-7f3d38dc0000 r-xp 0000d000 08:02 3290962                    /usr/lib/jvm/java-11-openjdk-amd64/lib/libjava.so
7f3d38dc0000-7f3d38dc7000 r--p 00022000 08:02 3290962                    /usr/lib/jvm/java-11-openjdk-amd64/lib/libjava.so
7f3d38dc7000-7f3d38dc8000 r--p 00028000 08:02 3290962                    /usr/lib/jvm/java-11-openjdk-amd64/lib/libjava.so
7f3d38dc8000-7f3d38dca000 rw-p 00029000 08:02 3290962                    /usr/lib/jvm/java-11-openjdk-amd64/lib/libjava.so
7f3d38dca000-7f3d38dcc000 r--p 00000000 08:02 528496                     /lib/x86_64-linux-gnu/librt-2.28.so
7f3d38dcc000-7f3d38dd0000 r-xp 00002000 08:02 528496                     /lib/x86_64-linux-gnu/librt-2.28.so
7f3d38dd0000-7f3d38dd2000 r--p 00006000 08:02 528496                     /lib/x86_64-linux-gnu/librt-2.28.so
7f3d38dd2000-7f3d38dd3000 r--p 00007000 08:02 528496                     /lib/x86_64-linux-gnu/librt-2.28.so
7f3d38dd3000-7f3d38dd4000 rw-p 00008000 08:02 528496                     /lib/x86_64-linux-gnu/librt-2.28.so
7f3d38dd4000-7f3d38dd8000 ---p 00000000 00:00 0 
7f3d38dd8000-7f3d38ed5000 rw-p 00000000 00:00 0 
7f3d38ed5000-7f3d38ed8000 r--p 00000000 08:02 529109                     /lib/x86_64-linux-gnu/libgcc_s.so.1
7f3d38ed8000-7f3d38ee9000 r-xp 00003000 08:02 529109                     /lib/x86_64-linux-gnu/libgcc_s.so.1
7f3d38ee9000-7f3d38eec000 r--p 00014000 08:02 529109                     /lib/x86_64-linux-gnu/libgcc_s.so.1
7f3d38eec000-7f3d38eed000 ---p 00017000 08:02 529109                     /lib/x86_64-linux-gnu/libgcc_s.so.1
7f3d38eed000-7f3d38eee000 r--p 00017000 08:02 529109                     /lib/x86_64-linux-gnu/libgcc_s.so.1
7f3d38eee000-7f3d38eef000 rw-p 00018000 08:02 529109                     /lib/x86_64-linux-gnu/libgcc_s.so.1
7f3d38eef000-7f3d38efc000 r--p 00000000 08:02 528419                     /lib/x86_64-linux-gnu/libm-2.28.so
7f3d38efc000-7f3d38fa7000 r-xp 0000d000 08:02 528419                     /lib/x86_64-linux-gnu/libm-2.28.so
7f3d38fa7000-7f3d3907a000 r--p 000b8000 08:02 528419                     /lib/x86_64-linux-gnu/libm-2.28.so
7f3d3907a000-7f3d3907b000 r--p 0018a000 08:02 528419                     /lib/x86_64-linux-gnu/libm-2.28.so
7f3d3907b000-7f3d3907c000 rw-p 0018b000 08:02 528419                     /lib/x86_64-linux-gnu/libm-2.28.so
7f3d3907c000-7f3d39106000 r--p 00000000 08:02 3284313                    /usr/lib/x86_64-linux-gnu/libstdc++.so.6.0.25
7f3d39106000-7f3d391b9000 r-xp 0008a000 08:02 3284313                    /usr/lib/x86_64-linux-gnu/libstdc++.so.6.0.25
7f3d391b9000-7f3d391f6000 r--p 0013d000 08:02 3284313                    /usr/lib/x86_64-linux-gnu/libstdc++.so.6.0.25
7f3d391f6000-7f3d391f7000 ---p 0017a000 08:02 3284313                    /usr/lib/x86_64-linux-gnu/libstdc++.so.6.0.25
7f3d391f7000-7f3d39201000 r--p 0017a000 08:02 3284313                    /usr/lib/x86_64-linux-gnu/libstdc++.so.6.0.25
7f3d39201000-7f3d39203000 rw-p 00184000 08:02 3284313                    /usr/lib/x86_64-linux-gnu/libstdc++.so.6.0.25
7f3d39203000-7f3d39207000 rw-p 00000000 00:00 0 
7f3d39207000-7f3d39475000 r--p 00000000 08:02 3290987                    /usr/lib/jvm/java-11-openjdk-amd64/lib/server/libjvm.so
7f3d39475000-7f3d39f91000 r-xp 0026e000 08:02 3290987                    /usr/lib/jvm/java-11-openjdk-amd64/lib/server/libjvm.so
7f3d39f91000-7f3d3a1ca000 r--p 00d8a000 08:02 3290987                    /usr/lib/jvm/java-11-openjdk-amd64/lib/server/libjvm.so
7f3d3a1ca000-7f3d3a287000 r--p 00fc2000 08:02 3290987                    /usr/lib/jvm/java-11-openjdk-amd64/lib/server/libjvm.so
7f3d3a287000-7f3d3a2c0000 rw-p 0107f000 08:02 3290987                    /usr/lib/jvm/java-11-openjdk-amd64/lib/server/libjvm.so
7f3d3a2c0000-7f3d3a318000 rw-p 00000000 00:00 0 
7f3d3a318000-7f3d3a31e000 r--p 00000000 08:02 528488                     /lib/x86_64-linux-gnu/libpthread-2.28.so
7f3d3a31e000-7f3d3a32d000 r-xp 00006000 08:02 528488                     /lib/x86_64-linux-gnu/libpthread-2.28.so
7f3d3a32d000-7f3d3a333000 r--p 00015000 08:02 528488                     /lib/x86_64-linux-gnu/libpthread-2.28.so
7f3d3a333000-7f3d3a334000 r--p 0001a000 08:02 528488                     /lib/x86_64-linux-gnu/libpthread-2.28.so
7f3d3a334000-7f3d3a335000 rw-p 0001b000 08:02 528488                     /lib/x86_64-linux-gnu/libpthread-2.28.so
7f3d3a335000-7f3d3a339000 rw-p 00000000 00:00 0 
7f3d3a339000-7f3d3a33a000 r--p 00000000 08:02 528379                     /lib/x86_64-linux-gnu/libdl-2.28.so
7f3d3a33a000-7f3d3a33c000 r-xp 00001000 08:02 528379                     /lib/x86_64-linux-gnu/libdl-2.28.so
7f3d3a33c000-7f3d3a33d000 r--p 00003000 08:02 528379                     /lib/x86_64-linux-gnu/libdl-2.28.so
7f3d3a33d000-7f3d3a33e000 r--p 00003000 08:02 528379                     /lib/x86_64-linux-gnu/libdl-2.28.so
7f3d3a33e000-7f3d3a33f000 rw-p 00004000 08:02 528379                     /lib/x86_64-linux-gnu/libdl-2.28.so
7f3d3a33f000-7f3d3a35b000 r-xp 00000000 08:02 528527                     /lib/x86_64-linux-gnu/libz.so.1.2.11
7f3d3a35b000-7f3d3a55a000 ---p 0001c000 08:02 528527                     /lib/x86_64-linux-gnu/libz.so.1.2.11
7f3d3a55a000-7f3d3a55b000 r--p 0001b000 08:02 528527                     /lib/x86_64-linux-gnu/libz.so.1.2.11
7f3d3a55b000-7f3d3a55c000 rw-p 0001c000 08:02 528527                     /lib/x86_64-linux-gnu/libz.so.1.2.11
7f3d3a55c000-7f3d3a57e000 r--p 00000000 08:02 528358                     /lib/x86_64-linux-gnu/libc-2.28.so
7f3d3a57e000-7f3d3a6ef000 r-xp 00022000 08:02 528358                     /lib/x86_64-linux-gnu/libc-2.28.so
7f3d3a6ef000-7f3d3a73b000 r--p 00193000 08:02 528358                     /lib/x86_64-linux-gnu/libc-2.28.so
7f3d3a73b000-7f3d3a73c000 ---p 001df000 08:02 528358                     /lib/x86_64-linux-gnu/libc-2.28.so
7f3d3a73c000-7f3d3a740000 r--p 001df000 08:02 528358                     /lib/x86_64-linux-gnu/libc-2.28.so
7f3d3a740000-7f3d3a742000 rw-p 001e3000 08:02 528358                     /lib/x86_64-linux-gnu/libc-2.28.so
7f3d3a742000-7f3d3a746000 rw-p 00000000 00:00 0 
7f3d3a746000-7f3d3a747000 r-xp 00000000 00:00 0 
7f3d3a747000-7f3d3a748000 r-xp 00000000 00:00 0 
7f3d3a748000-7f3d3a74a000 r--s 00007000 08:02 131113                     /usr/share/java/java-atk-wrapper.jar
7f3d3a74a000-7f3d3a752000 rw-s 00000000 08:02 3046621                    /tmp/hsperfdata_kwu849/7402
7f3d3a752000-7f3d3a753000 ---p 00000000 00:00 0 
7f3d3a753000-7f3d3a754000 r--p 00000000 00:00 0 
7f3d3a754000-7f3d3a759000 r--p 00000000 08:02 3290982                    /usr/lib/jvm/java-11-openjdk-amd64/lib/libverify.so
7f3d3a759000-7f3d3a760000 r-xp 00005000 08:02 3290982                    /usr/lib/jvm/java-11-openjdk-amd64/lib/libverify.so
7f3d3a760000-7f3d3a762000 r--p 0000c000 08:02 3290982                    /usr/lib/jvm/java-11-openjdk-amd64/lib/libverify.so
7f3d3a762000-7f3d3a764000 r--p 0000d000 08:02 3290982                    /usr/lib/jvm/java-11-openjdk-amd64/lib/libverify.so
7f3d3a764000-7f3d3a765000 rw-p 0000f000 08:02 3290982                    /usr/lib/jvm/java-11-openjdk-amd64/lib/libverify.so
7f3d3a765000-7f3d3a768000 r--p 00000000 08:02 3290947                    /usr/lib/jvm/java-11-openjdk-amd64/lib/jli/libjli.so
7f3d3a768000-7f3d3a772000 r-xp 00003000 08:02 3290947                    /usr/lib/jvm/java-11-openjdk-amd64/lib/jli/libjli.so
7f3d3a772000-7f3d3a775000 r--p 0000d000 08:02 3290947                    /usr/lib/jvm/java-11-openjdk-amd64/lib/jli/libjli.so
7f3d3a775000-7f3d3a776000 r--p 0000f000 08:02 3290947                    /usr/lib/jvm/java-11-openjdk-amd64/lib/jli/libjli.so
7f3d3a776000-7f3d3a777000 rw-p 00010000 08:02 3290947                    /usr/lib/jvm/java-11-openjdk-amd64/lib/jli/libjli.so
7f3d3a777000-7f3d3a779000 rw-p 00000000 00:00 0 
7f3d3a779000-7f3d3a77a000 r--p 00000000 08:02 528332                     /lib/x86_64-linux-gnu/ld-2.28.so
7f3d3a77a000-7f3d3a79a000 r-xp 00001000 08:02 528332                     /lib/x86_64-linux-gnu/ld-2.28.so
7f3d3a79a000-7f3d3a7a2000 r--p 00021000 08:02 528332                     /lib/x86_64-linux-gnu/ld-2.28.so
7f3d3a7a2000-7f3d3a7a3000 r--p 00028000 08:02 528332                     /lib/x86_64-linux-gnu/ld-2.28.so
7f3d3a7a3000-7f3d3a7a4000 rw-p 00029000 08:02 528332                     /lib/x86_64-linux-gnu/ld-2.28.so
7f3d3a7a4000-7f3d3a7a5000 rw-p 00000000 00:00 0 
7fff53719000-7fff5373a000 rw-p 00000000 00:00 0                          [stack]
7fff537c6000-7fff537c9000 r--p 00000000 00:00 0                          [vvar]
7fff537c9000-7fff537cb000 r-xp 00000000 00:00 0                          [vdso]
ffffffffff600000-ffffffffff601000 r-xp 00000000 00:00 0                  [vsyscall]


VM Arguments:
jvm_args: -javaagent:/afs/ec.auckland.ac.nz/users/k/w/kwu849/unixhome/Downloads/idea-IC-192.5728.98/lib/idea_rt.jar=38489:/afs/ec.auckland.ac.nz/users/k/w/kwu849/unixhome/Downloads/idea-IC-192.5728.98/bin -Dfile.encoding=UTF-8 
java_command: MemoryFS
java_class_path (initial): /afs/ec.auckland.ac.nz/users/k/w/kwu849/unixhome/Documents/MemoryFS/target/classes:/afs/ec.auckland.ac.nz/users/k/w/kwu849/unixhome/.m2/repository/com/github/lukethompsxn/edufuse/1.0.3/edufuse-1.0.3.jar:/afs/ec.auckland.ac.nz/users/k/w/kwu849/unixhome/.m2/repository/com/github/jnr/jnr-ffi/2.1.7/jnr-ffi-2.1.7.jar:/afs/ec.auckland.ac.nz/users/k/w/kwu849/unixhome/.m2/repository/com/github/jnr/jffi/1.2.16/jffi-1.2.16.jar:/afs/ec.auckland.ac.nz/users/k/w/kwu849/unixhome/.m2/repository/com/github/jnr/jffi/1.2.16/jffi-1.2.16-native.jar:/afs/ec.auckland.ac.nz/users/k/w/kwu849/unixhome/.m2/repository/org/ow2/asm/asm/5.0.3/asm-5.0.3.jar:/afs/ec.auckland.ac.nz/users/k/w/kwu849/unixhome/.m2/repository/org/ow2/asm/asm-commons/5.0.3/asm-commons-5.0.3.jar:/afs/ec.auckland.ac.nz/users/k/w/kwu849/unixhome/.m2/repository/org/ow2/asm/asm-analysis/5.0.3/asm-analysis-5.0.3.jar:/afs/ec.auckland.ac.nz/users/k/w/kwu849/unixhome/.m2/repository/org/ow2/asm/asm-tree/5.0.3/asm-tree-5.0.3.jar:/afs/ec.auckland.ac.nz/users/k/w/kwu849/unixhome/.m2/repository/org/ow2/asm/asm-util/5.0.3/asm-util-5.0.3.jar:/afs/ec.auckland.ac.nz/users/k/w/kwu849/unixhome/.m2/repository/com/github/jnr/jnr-x86asm/1.0.2/jnr-x86asm-1.0.2.jar:/afs/ec.auckland.ac.nz/users/k/w/kwu849/unixhome/.m2/repository/com/github/jnr/jnr-posix/3.0.44/jnr-posix-3.0.44.jar:/afs/ec.auckland.ac.nz/users/k/w/kwu849/unixhome/.m2/repository/com/github/jnr/jnr-constants/0.9.9/jnr-constants-0.9.9.jar:/afs/ec.auckland.ac.nz/users/k/w/kwu849/unixhome/.m2/repository/com/googlecode/json-simple/json-simple/1.1.1/json-simple-1.1.1.jar:/afs/ec.auckland.ac.nz/users/k/w/kwu849/unixhome/.m2/repository/junit/junit/4.10/junit-4.10.jar:/afs/ec.auckland.ac.nz/users/k/w/kwu849/unixhome/.m2/repository/org/hamcrest/hamcrest-core/1.1/hamcrest-core-1.1.jar
Launcher Type: SUN_STANDARD

[Global flags]
     intx CICompilerCount                          = 4                                         {product} {ergonomic}
     uint ConcGCThreads                            = 2                                         {product} {ergonomic}
     uint G1ConcRefinementThreads                  = 8                                         {product} {ergonomic}
   size_t G1HeapRegionSize                         = 1048576                                   {product} {ergonomic}
    uintx GCDrainStackTargetSize                   = 64                                        {product} {ergonomic}
   size_t InitialHeapSize                          = 262144000                                 {product} {ergonomic}
   size_t MarkStackSize                            = 4194304                                   {product} {ergonomic}
   size_t MaxHeapSize                              = 4167041024                                {product} {ergonomic}
   size_t MaxNewSize                               = 2499805184                                {product} {ergonomic}
   size_t MinHeapDeltaBytes                        = 1048576                                   {product} {ergonomic}
    uintx NonNMethodCodeHeapSize                   = 5835340                                {pd product} {ergonomic}
    uintx NonProfiledCodeHeapSize                  = 122911450                              {pd product} {ergonomic}
    uintx ProfiledCodeHeapSize                     = 122911450                              {pd product} {ergonomic}
    uintx ReservedCodeCacheSize                    = 251658240                              {pd product} {ergonomic}
     bool SegmentedCodeCache                       = true                                      {product} {ergonomic}
     bool UseCompressedClassPointers               = true                                 {lp64_product} {ergonomic}
     bool UseCompressedOops                        = true                                 {lp64_product} {ergonomic}
     bool UseG1GC                                  = true                                      {product} {ergonomic}

Logging:
Log output configuration:
 #0: stdout all=warning uptime,level,tags
 #1: stderr all=off uptime,level,tags

Environment Variables:
PATH=/usr/local/sbin:/usr/local/bin:/usr/sbin:/usr/bin:/sbin:/bin:/usr/games:/usr/local/games:/snap/bin
SHELL=/bin/bash
DISPLAY=:0

Signal Handlers:
SIGSEGV: [libjvm.so+0xd18a40], sa_mask[0]=11111111011111111101111111111110, sa_flags=SA_RESTART|SA_SIGINFO
SIGBUS: [libjvm.so+0xd18a40], sa_mask[0]=11111111011111111101111111111110, sa_flags=SA_RESTART|SA_SIGINFO
SIGFPE: [libjvm.so+0xd18a40], sa_mask[0]=11111111011111111101111111111110, sa_flags=SA_RESTART|SA_SIGINFO
SIGPIPE: [libjvm.so+0xb21cf0], sa_mask[0]=11111111011111111101111111111110, sa_flags=SA_RESTART|SA_SIGINFO
SIGXFSZ: [libjvm.so+0xb21cf0], sa_mask[0]=11111111011111111101111111111110, sa_flags=SA_RESTART|SA_SIGINFO
SIGILL: [libjvm.so+0xd18a40], sa_mask[0]=11111111011111111101111111111110, sa_flags=SA_RESTART|SA_SIGINFO
SIGUSR2: [libjvm.so+0xb21b80], sa_mask[0]=00100000000000000000000000000000, sa_flags=SA_RESTART|SA_SIGINFO
SIGHUP: [libjvm.so+0xb220f0], sa_mask[0]=11111111011111111101111111111110, sa_flags=SA_RESTART|SA_SIGINFO
SIGINT: [libjvm.so+0xb220f0], sa_mask[0]=11111111011111111101111111111110, sa_flags=SA_RESTART|SA_SIGINFO
SIGTERM: [libjvm.so+0xb220f0], sa_mask[0]=11111111011111111101111111111110, sa_flags=SA_RESTART|SA_SIGINFO
SIGQUIT: [libjvm.so+0xb220f0], sa_mask[0]=11111111011111111101111111111110, sa_flags=SA_RESTART|SA_SIGINFO


---------------  S Y S T E M  ---------------

OS:DISTRIB_ID=Ubuntu
DISTRIB_RELEASE=18.10
DISTRIB_CODENAME=cosmic
DISTRIB_DESCRIPTION="Ubuntu 18.10"
uname:Linux 4.18.0-25-generic #26-Ubuntu SMP Mon Jun 24 09:32:08 UTC 2019 x86_64
libc:glibc 2.28 NPTL 2.28 
rlimit: STACK 8192k, CORE 0k, NPROC 63390, NOFILE 1048576, AS infinity, DATA infinity, FSIZE infinity
load average:1.20 1.11 0.93

/proc/meminfo:
MemTotal:       16273812 kB
MemFree:        10756444 kB
MemAvailable:   13130968 kB
Buffers:          483960 kB
Cached:          2117388 kB
SwapCached:            0 kB
Active:          3615816 kB
Inactive:        1216696 kB
Active(anon):    2233468 kB
Inactive(anon):   289220 kB
Active(file):    1382348 kB
Inactive(file):   927476 kB
Unevictable:          64 kB
Mlocked:              64 kB
SwapTotal:       2097148 kB
SwapFree:        2097148 kB
Dirty:             91852 kB
Writeback:            92 kB
AnonPages:       2231780 kB
Mapped:           553772 kB
Shmem:            290656 kB
Slab:             556684 kB
SReclaimable:     400552 kB
SUnreclaim:       156132 kB
KernelStack:       12336 kB
PageTables:        26476 kB
NFS_Unstable:          0 kB
Bounce:                0 kB
WritebackTmp:          0 kB
CommitLimit:    10234052 kB
Committed_AS:    6873140 kB
VmallocTotal:   34359738367 kB
VmallocUsed:           0 kB
VmallocChunk:          0 kB
HardwareCorrupted:     0 kB
AnonHugePages:         0 kB
ShmemHugePages:        0 kB
ShmemPmdMapped:        0 kB
CmaTotal:              0 kB
CmaFree:               0 kB
HugePages_Total:       0
HugePages_Free:        0
HugePages_Rsvd:        0
HugePages_Surp:        0
Hugepagesize:       2048 kB
Hugetlb:               0 kB
DirectMap4k:      266444 kB
DirectMap2M:     7970816 kB
DirectMap1G:     8388608 kB


/proc/sys/kernel/threads-max (system-wide limit on the number of threads):
126780


/proc/sys/vm/max_map_count (maximum number of memory map areas a process may have):
65530


/proc/sys/kernel/pid_max (system-wide limit on number of process identifiers):
32768



container (cgroup) information:
container_type: cgroupv1
cpu_cpuset_cpus: 0-7
cpu_memory_nodes: 0
active_processor_count: 8
cpu_quota: -1
cpu_period: 100000
cpu_shares: -1
memory_limit_in_bytes: -1
memory_and_swap_limit_in_bytes: -2
memory_soft_limit_in_bytes: -1
memory_usage_in_bytes: 2658799616
memory_max_usage_in_bytes: 2701291520


CPU:total 8 (initial active 8) (4 cores per cpu, 2 threads per core) family 6 model 158 stepping 9, cmov, cx8, fxsr, mmx, sse, sse2, sse3, ssse3, sse4.1, sse4.2, popcnt, avx, avx2, aes, clmul, erms, rtm, 3dnowpref, lzcnt, ht, tsc, tscinvbit, bmi1, bmi2, adx, fma
CPU Model and flags from /proc/cpuinfo:
model name	: Intel(R) Core(TM) i7-7700 CPU @ 3.60GHz
flags		: fpu vme de pse tsc msr pae mce cx8 apic sep mtrr pge mca cmov pat pse36 clflush dts acpi mmx fxsr sse sse2 ss ht tm pbe syscall nx pdpe1gb rdtscp lm constant_tsc art arch_perfmon pebs bts rep_good nopl xtopology nonstop_tsc cpuid aperfmperf tsc_known_freq pni pclmulqdq dtes64 monitor ds_cpl vmx smx est tm2 ssse3 sdbg fma cx16 xtpr pdcm pcid sse4_1 sse4_2 x2apic movbe popcnt tsc_deadline_timer aes xsave avx f16c rdrand lahf_lm abm 3dnowprefetch cpuid_fault epb invpcid_single pti ssbd ibrs ibpb stibp tpr_shadow vnmi flexpriority ept vpid fsgsbase tsc_adjust bmi1 hle avx2 smep bmi2 erms invpcid rtm mpx rdseed adx smap clflushopt intel_pt xsaveopt xsavec xgetbv1 xsaves dtherm ida arat pln pts hwp hwp_notify hwp_act_window hwp_epp md_clear flush_l1d

Memory: 4k page, physical 16273812k(10756444k free), swap 2097148k(2097148k free)

vm_info: OpenJDK 64-Bit Server VM (11.0.3+7-Ubuntu-1ubuntu218.10.1) for linux-amd64 JRE (11.0.3+7-Ubuntu-1ubuntu218.10.1), built on Apr 23 2019 18:34:35 by "buildd" with gcc 8.2.0

END.
