#
# A fatal error has been detected by the Java Runtime Environment:
#
#  SIGSEGV (0xb) at pc=0x00007f0467282d47, pid=7487, tid=7489
#
# JRE version: OpenJDK Runtime Environment (11.0.3+7) (build 11.0.3+7-Ubuntu-1ubuntu218.10.1)
# Java VM: OpenJDK 64-Bit Server VM (11.0.3+7-Ubuntu-1ubuntu218.10.1, mixed mode, sharing, tiered, compressed oops, g1 gc, linux-amd64)
# Problematic frame:
# C  [libc.so.6+0x183d47]
#
# No core dump will be written. Core dumps have been disabled. To enable core dumping, try "ulimit -c unlimited" before starting Java again
#
# If you would like to submit a bug report, please visit:
#   http://bugreport.java.com/bugreport/crash.jsp
# The crash happened outside the Java Virtual Machine in native code.
# See problematic frame for where to report the bug.
#

---------------  S U M M A R Y ------------

Command Line: -javaagent:/afs/ec.auckland.ac.nz/users/k/w/kwu849/unixhome/Downloads/idea-IC-192.5728.98/lib/idea_rt.jar=38997:/afs/ec.auckland.ac.nz/users/k/w/kwu849/unixhome/Downloads/idea-IC-192.5728.98/bin -Dfile.encoding=UTF-8 MemoryFS

Host: Intel(R) Core(TM) i7-7700 CPU @ 3.60GHz, 8 cores, 15G, Ubuntu 18.10
Time: Fri Sep 27 17:06:25 2019 NZST elapsed time: 0 seconds (0d 0h 0m 0s)

---------------  T H R E A D  ---------------

Current thread (0x00007f0460011800):  JavaThread "main" [_thread_in_native, id=7489, stack(0x00007f0465977000,0x00007f0465a78000)]

Stack: [0x00007f0465977000,0x00007f0465a78000],  sp=0x00007f0465a75f48,  free space=1019k
Native frames: (J=compiled Java code, A=aot compiled Java code, j=interpreted, Vv=VM code, C=native code)
C  [libc.so.6+0x183d47]

Java frames: (J=compiled Java code, j=interpreted, Vv=VM code)
j  com.kenai.jffi.Foreign.invokeN4O1(JJJJJJLjava/lang/Object;III)J+0
j  com.kenai.jffi.Invoker.invokeN4(Lcom/kenai/jffi/CallContext;JJJJJILjava/lang/Object;Lcom/kenai/jffi/ObjectParameterStrategy;Lcom/kenai/jffi/ObjectParameterInfo;Ljava/lang/Object;Lcom/kenai/jffi/ObjectParameterStrategy;Lcom/kenai/jffi/ObjectParameterInfo;)J+100
j  com.github.lukethompsxn.edufuse.util.FUSELink$jnr$ffi$0.edufuse_register(I[Ljava/lang/String;Lcom/github/lukethompsxn/edufuse/struct/FuseOperations;I)I+189
j  com.github.lukethompsxn.edufuse.filesystem.AbstractFS.mount([Ljava/lang/String;Z)V+146
j  MemoryFS.main([Ljava/lang/String;)V+11
v  ~StubRoutines::call_stub

siginfo: si_signo: 11 (SIGSEGV), si_code: 1 (SEGV_MAPERR), si_addr: 0x0000000000000000

Register to memory mapping:

RAX=0x00007f044803b000 points into unknown readable memory: 00 00 00 00 00 00 00 00
RBX=0x00007f0465a76060 is pointing into the stack for thread: 0x00007f0460011800
RCX=0x0 is NULL
RDX=0x00007f0438163e80: <offset 0x000000000002be80> in /lib/x86_64-linux-gnu/libfuse.so.2 at 0x00007f0438138000
RSP=0x00007f0465a75f48 is pointing into the stack for thread: 0x00007f0460011800
RBP=0x00007f0465a75fcc is pointing into the stack for thread: 0x00007f0460011800
RSI=0x000000000000002f is an unknown value
RDI=0x0 is NULL
R8 =0x00007f0465a76060 is pointing into the stack for thread: 0x00007f0460011800
R9 =0x00007f0465a7605c is pointing into the stack for thread: 0x00007f0460011800
R10=0x000000000000000d is an unknown value
R11=0x00007f0438152a30: fuse_main_real+0x0000000000000000 in /lib/x86_64-linux-gnu/libfuse.so.2 at 0x00007f0438138000
R12=0x00007f0465a7605c is pointing into the stack for thread: 0x00007f0460011800
R13=0x00007f0465a75fd0 is pointing into the stack for thread: 0x00007f0460011800
R14=0x0 is NULL
R15=0x0 is NULL


Registers:
RAX=0x00007f044803b000, RBX=0x00007f0465a76060, RCX=0x0000000000000000, RDX=0x00007f0438163e80
RSP=0x00007f0465a75f48, RBP=0x00007f0465a75fcc, RSI=0x000000000000002f, RDI=0x0000000000000000
R8 =0x00007f0465a76060, R9 =0x00007f0465a7605c, R10=0x000000000000000d, R11=0x00007f0438152a30
R12=0x00007f0465a7605c, R13=0x00007f0465a75fd0, R14=0x0000000000000000, R15=0x0000000000000000
RIP=0x00007f0467282d47, EFLAGS=0x0000000000010283, CSGSFS=0x002b000000000033, ERR=0x0000000000000004
  TRAPNO=0x000000000000000e

Top of Stack: (sp=0x00007f0465a75f48)
0x00007f0465a75f48:   00007f04381524ac 0000000000000000
0x00007f0465a75f58:   0000000000000000 0000000000000000
0x00007f0465a75f68:   07615bf3f8da4300 0000000000000000
0x00007f0465a75f78:   00007f0465a75fd0 00007f0465a76060 

Instructions: (pc=0x00007f0467282d47)
0x00007f0467282d27:   01 f8 c5 f8 77 c3 0f 1f 00 66 0f 6e e6 89 f9 c4
0x00007f0467282d37:   e2 7d 78 e4 c5 fd ef c0 83 e1 3f 83 f9 20 77 59
0x00007f0467282d47:   c5 fe 6f 0f c5 fd 74 d1 c5 dd 74 d9 c5 fd d7 ca
0x00007f0467282d57:   c5 fd d7 c3 48 83 c7 20 85 c0 75 1d 85 c9 0f 85 

Stack slot to memory mapping:
stack at sp + 0 slots: 0x00007f04381524ac: fuse_parse_cmdline+0x00000000000000cc in /lib/x86_64-linux-gnu/libfuse.so.2 at 0x00007f0438138000
stack at sp + 1 slots: 0x0 is NULL
stack at sp + 2 slots: 0x0 is NULL
stack at sp + 3 slots: 0x0 is NULL
stack at sp + 4 slots: 0x07615bf3f8da4300 is an unknown value
stack at sp + 5 slots: 0x0 is NULL
stack at sp + 6 slots: 0x00007f0465a75fd0 is pointing into the stack for thread: 0x00007f0460011800
stack at sp + 7 slots: 0x00007f0465a76060 is pointing into the stack for thread: 0x00007f0460011800


---------------  P R O C E S S  ---------------

Threads class SMR info:
_java_thread_list=0x00007f04605b44f0, length=12, elements={
0x00007f0460011800, 0x00007f046022e000, 0x00007f0460230000, 0x00007f0460235800,
0x00007f0460237800, 0x00007f046023a000, 0x00007f046023c000, 0x00007f0460251000,
0x00007f04100c7800, 0x00007f046035e800, 0x00007f046035f800, 0x00007f04605b2800
}

Java Threads: ( => current thread )
=>0x00007f0460011800 JavaThread "main" [_thread_in_native, id=7489, stack(0x00007f0465977000,0x00007f0465a78000)]
  0x00007f046022e000 JavaThread "Reference Handler" daemon [_thread_blocked, id=7502, stack(0x00007f0438b81000,0x00007f0438c82000)]
  0x00007f0460230000 JavaThread "Finalizer" daemon [_thread_blocked, id=7503, stack(0x00007f0438a80000,0x00007f0438b81000)]
  0x00007f0460235800 JavaThread "Signal Dispatcher" daemon [_thread_blocked, id=7506, stack(0x00007f043897f000,0x00007f0438a80000)]
  0x00007f0460237800 JavaThread "C2 CompilerThread0" daemon [_thread_blocked, id=7510, stack(0x00007f043887e000,0x00007f043897f000)]
  0x00007f046023a000 JavaThread "C1 CompilerThread0" daemon [_thread_blocked, id=7512, stack(0x00007f043877d000,0x00007f043887e000)]
  0x00007f046023c000 JavaThread "Sweeper thread" daemon [_thread_blocked, id=7513, stack(0x00007f043867c000,0x00007f043877d000)]
  0x00007f0460251000 JavaThread "Common-Cleaner" daemon [_thread_blocked, id=7514, stack(0x00007f043857b000,0x00007f043867c000)]
  0x00007f04100c7800 JavaThread "C2 CompilerThread1" daemon [_thread_blocked, id=7518, stack(0x00007f043847a000,0x00007f043857b000)]
  0x00007f046035e800 JavaThread "Monitor Ctrl-Break" daemon [_thread_in_native, id=7519, stack(0x00007f0438379000,0x00007f043847a000)]
  0x00007f046035f800 JavaThread "Service Thread" daemon [_thread_blocked, id=7520, stack(0x00007f0438278000,0x00007f0438379000)]
  0x00007f04605b2800 JavaThread "jnr.ffi.util.ref.internal.Finalizer" daemon [_thread_blocked, id=7522, stack(0x00007f0438037000,0x00007f0438138000)]

Other Threads:
  0x00007f046022b800 VMThread "VM Thread" [stack: 0x00007f0438c84000,0x00007f0438d84000] [id=7501]
  0x00007f0460361000 WatcherThread [stack: 0x00007f0438178000,0x00007f0438278000] [id=7521]
  0x00007f0460028800 GCTaskThread "GC Thread#0" [stack: 0x00007f046560a000,0x00007f046570a000] [id=7492]
  0x00007f0460086000 ConcurrentGCThread "G1 Main Marker" [stack: 0x00007f046443c000,0x00007f046453c000] [id=7494]
  0x00007f0460088000 ConcurrentGCThread "G1 Conc#0" [stack: 0x00007f046433a000,0x00007f046443a000] [id=7495]
  0x00007f0460187800 ConcurrentGCThread "G1 Refine#0" [stack: 0x00007f0439709000,0x00007f0439809000] [id=7498]
  0x00007f0460189800 ConcurrentGCThread "G1 Young RemSet Sampling" [stack: 0x00007f0439607000,0x00007f0439707000] [id=7499]

Threads with active compile tasks:

VM state:not at safepoint (normal execution)

VM Mutex/Monitor currently owned by a thread: None

Heap address: 0x0000000707a00000, size: 3974 MB, Compressed Oops mode: Zero based, Oop shift amount: 3
Narrow klass base: 0x0000000800000000, Narrow klass shift: 3
Compressed class space size: 1073741824 Address: 0x0000000840000000

Heap:
 garbage-first heap   total 258048K, used 13948K [0x0000000707a00000, 0x0000000800000000)
  region size 1024K, 14 young (14336K), 0 survivors (0K)
 Metaspace       used 5460K, capacity 7492K, committed 7808K, reserved 1056768K
  class space    used 604K, capacity 835K, committed 896K, reserved 1048576K
Heap Regions: E=young(eden), S=young(survivor), O=old, HS=humongous(starts), HC=humongous(continues), CS=collection set, F=free, A=archive, TAMS=top-at-mark-start (previous, next)
|   0|0x0000000707a00000, 0x0000000707a00000, 0x0000000707b00000|  0%| F|  |TAMS 0x0000000707a00000, 0x0000000707a00000| Untracked 
|   1|0x0000000707b00000, 0x0000000707b00000, 0x0000000707c00000|  0%| F|  |TAMS 0x0000000707b00000, 0x0000000707b00000| Untracked 
|   2|0x0000000707c00000, 0x0000000707c00000, 0x0000000707d00000|  0%| F|  |TAMS 0x0000000707c00000, 0x0000000707c00000| Untracked 
|   3|0x0000000707d00000, 0x0000000707d00000, 0x0000000707e00000|  0%| F|  |TAMS 0x0000000707d00000, 0x0000000707d00000| Untracked 
|   4|0x0000000707e00000, 0x0000000707e00000, 0x0000000707f00000|  0%| F|  |TAMS 0x0000000707e00000, 0x0000000707e00000| Untracked 
|   5|0x0000000707f00000, 0x0000000707f00000, 0x0000000708000000|  0%| F|  |TAMS 0x0000000707f00000, 0x0000000707f00000| Untracked 
|   6|0x0000000708000000, 0x0000000708000000, 0x0000000708100000|  0%| F|  |TAMS 0x0000000708000000, 0x0000000708000000| Untracked 
|   7|0x0000000708100000, 0x0000000708100000, 0x0000000708200000|  0%| F|  |TAMS 0x0000000708100000, 0x0000000708100000| Untracked 
|   8|0x0000000708200000, 0x0000000708200000, 0x0000000708300000|  0%| F|  |TAMS 0x0000000708200000, 0x0000000708200000| Untracked 
|   9|0x0000000708300000, 0x0000000708300000, 0x0000000708400000|  0%| F|  |TAMS 0x0000000708300000, 0x0000000708300000| Untracked 
|  10|0x0000000708400000, 0x0000000708400000, 0x0000000708500000|  0%| F|  |TAMS 0x0000000708400000, 0x0000000708400000| Untracked 
|  11|0x0000000708500000, 0x0000000708500000, 0x0000000708600000|  0%| F|  |TAMS 0x0000000708500000, 0x0000000708500000| Untracked 
|  12|0x0000000708600000, 0x0000000708600000, 0x0000000708700000|  0%| F|  |TAMS 0x0000000708600000, 0x0000000708600000| Untracked 
|  13|0x0000000708700000, 0x0000000708700000, 0x0000000708800000|  0%| F|  |TAMS 0x0000000708700000, 0x0000000708700000| Untracked 
|  14|0x0000000708800000, 0x0000000708800000, 0x0000000708900000|  0%| F|  |TAMS 0x0000000708800000, 0x0000000708800000| Untracked 
|  15|0x0000000708900000, 0x0000000708900000, 0x0000000708a00000|  0%| F|  |TAMS 0x0000000708900000, 0x0000000708900000| Untracked 
|  16|0x0000000708a00000, 0x0000000708a00000, 0x0000000708b00000|  0%| F|  |TAMS 0x0000000708a00000, 0x0000000708a00000| Untracked 
|  17|0x0000000708b00000, 0x0000000708b00000, 0x0000000708c00000|  0%| F|  |TAMS 0x0000000708b00000, 0x0000000708b00000| Untracked 
|  18|0x0000000708c00000, 0x0000000708c00000, 0x0000000708d00000|  0%| F|  |TAMS 0x0000000708c00000, 0x0000000708c00000| Untracked 
|  19|0x0000000708d00000, 0x0000000708d00000, 0x0000000708e00000|  0%| F|  |TAMS 0x0000000708d00000, 0x0000000708d00000| Untracked 
|  20|0x0000000708e00000, 0x0000000708e00000, 0x0000000708f00000|  0%| F|  |TAMS 0x0000000708e00000, 0x0000000708e00000| Untracked 
|  21|0x0000000708f00000, 0x0000000708f00000, 0x0000000709000000|  0%| F|  |TAMS 0x0000000708f00000, 0x0000000708f00000| Untracked 
|  22|0x0000000709000000, 0x0000000709000000, 0x0000000709100000|  0%| F|  |TAMS 0x0000000709000000, 0x0000000709000000| Untracked 
|  23|0x0000000709100000, 0x0000000709100000, 0x0000000709200000|  0%| F|  |TAMS 0x0000000709100000, 0x0000000709100000| Untracked 
|  24|0x0000000709200000, 0x0000000709200000, 0x0000000709300000|  0%| F|  |TAMS 0x0000000709200000, 0x0000000709200000| Untracked 
|  25|0x0000000709300000, 0x0000000709300000, 0x0000000709400000|  0%| F|  |TAMS 0x0000000709300000, 0x0000000709300000| Untracked 
|  26|0x0000000709400000, 0x0000000709400000, 0x0000000709500000|  0%| F|  |TAMS 0x0000000709400000, 0x0000000709400000| Untracked 
|  27|0x0000000709500000, 0x0000000709500000, 0x0000000709600000|  0%| F|  |TAMS 0x0000000709500000, 0x0000000709500000| Untracked 
|  28|0x0000000709600000, 0x0000000709600000, 0x0000000709700000|  0%| F|  |TAMS 0x0000000709600000, 0x0000000709600000| Untracked 
|  29|0x0000000709700000, 0x0000000709700000, 0x0000000709800000|  0%| F|  |TAMS 0x0000000709700000, 0x0000000709700000| Untracked 
|  30|0x0000000709800000, 0x0000000709800000, 0x0000000709900000|  0%| F|  |TAMS 0x0000000709800000, 0x0000000709800000| Untracked 
|  31|0x0000000709900000, 0x0000000709900000, 0x0000000709a00000|  0%| F|  |TAMS 0x0000000709900000, 0x0000000709900000| Untracked 
|  32|0x0000000709a00000, 0x0000000709a00000, 0x0000000709b00000|  0%| F|  |TAMS 0x0000000709a00000, 0x0000000709a00000| Untracked 
|  33|0x0000000709b00000, 0x0000000709b00000, 0x0000000709c00000|  0%| F|  |TAMS 0x0000000709b00000, 0x0000000709b00000| Untracked 
|  34|0x0000000709c00000, 0x0000000709c00000, 0x0000000709d00000|  0%| F|  |TAMS 0x0000000709c00000, 0x0000000709c00000| Untracked 
|  35|0x0000000709d00000, 0x0000000709d00000, 0x0000000709e00000|  0%| F|  |TAMS 0x0000000709d00000, 0x0000000709d00000| Untracked 
|  36|0x0000000709e00000, 0x0000000709e00000, 0x0000000709f00000|  0%| F|  |TAMS 0x0000000709e00000, 0x0000000709e00000| Untracked 
|  37|0x0000000709f00000, 0x0000000709f00000, 0x000000070a000000|  0%| F|  |TAMS 0x0000000709f00000, 0x0000000709f00000| Untracked 
|  38|0x000000070a000000, 0x000000070a000000, 0x000000070a100000|  0%| F|  |TAMS 0x000000070a000000, 0x000000070a000000| Untracked 
|  39|0x000000070a100000, 0x000000070a100000, 0x000000070a200000|  0%| F|  |TAMS 0x000000070a100000, 0x000000070a100000| Untracked 
|  40|0x000000070a200000, 0x000000070a200000, 0x000000070a300000|  0%| F|  |TAMS 0x000000070a200000, 0x000000070a200000| Untracked 
|  41|0x000000070a300000, 0x000000070a300000, 0x000000070a400000|  0%| F|  |TAMS 0x000000070a300000, 0x000000070a300000| Untracked 
|  42|0x000000070a400000, 0x000000070a400000, 0x000000070a500000|  0%| F|  |TAMS 0x000000070a400000, 0x000000070a400000| Untracked 
|  43|0x000000070a500000, 0x000000070a500000, 0x000000070a600000|  0%| F|  |TAMS 0x000000070a500000, 0x000000070a500000| Untracked 
|  44|0x000000070a600000, 0x000000070a600000, 0x000000070a700000|  0%| F|  |TAMS 0x000000070a600000, 0x000000070a600000| Untracked 
|  45|0x000000070a700000, 0x000000070a700000, 0x000000070a800000|  0%| F|  |TAMS 0x000000070a700000, 0x000000070a700000| Untracked 
|  46|0x000000070a800000, 0x000000070a800000, 0x000000070a900000|  0%| F|  |TAMS 0x000000070a800000, 0x000000070a800000| Untracked 
|  47|0x000000070a900000, 0x000000070a900000, 0x000000070aa00000|  0%| F|  |TAMS 0x000000070a900000, 0x000000070a900000| Untracked 
|  48|0x000000070aa00000, 0x000000070aa00000, 0x000000070ab00000|  0%| F|  |TAMS 0x000000070aa00000, 0x000000070aa00000| Untracked 
|  49|0x000000070ab00000, 0x000000070ab00000, 0x000000070ac00000|  0%| F|  |TAMS 0x000000070ab00000, 0x000000070ab00000| Untracked 
|  50|0x000000070ac00000, 0x000000070ac00000, 0x000000070ad00000|  0%| F|  |TAMS 0x000000070ac00000, 0x000000070ac00000| Untracked 
|  51|0x000000070ad00000, 0x000000070ad00000, 0x000000070ae00000|  0%| F|  |TAMS 0x000000070ad00000, 0x000000070ad00000| Untracked 
|  52|0x000000070ae00000, 0x000000070ae00000, 0x000000070af00000|  0%| F|  |TAMS 0x000000070ae00000, 0x000000070ae00000| Untracked 
|  53|0x000000070af00000, 0x000000070af00000, 0x000000070b000000|  0%| F|  |TAMS 0x000000070af00000, 0x000000070af00000| Untracked 
|  54|0x000000070b000000, 0x000000070b000000, 0x000000070b100000|  0%| F|  |TAMS 0x000000070b000000, 0x000000070b000000| Untracked 
|  55|0x000000070b100000, 0x000000070b100000, 0x000000070b200000|  0%| F|  |TAMS 0x000000070b100000, 0x000000070b100000| Untracked 
|  56|0x000000070b200000, 0x000000070b200000, 0x000000070b300000|  0%| F|  |TAMS 0x000000070b200000, 0x000000070b200000| Untracked 
|  57|0x000000070b300000, 0x000000070b300000, 0x000000070b400000|  0%| F|  |TAMS 0x000000070b300000, 0x000000070b300000| Untracked 
|  58|0x000000070b400000, 0x000000070b400000, 0x000000070b500000|  0%| F|  |TAMS 0x000000070b400000, 0x000000070b400000| Untracked 
|  59|0x000000070b500000, 0x000000070b500000, 0x000000070b600000|  0%| F|  |TAMS 0x000000070b500000, 0x000000070b500000| Untracked 
|  60|0x000000070b600000, 0x000000070b600000, 0x000000070b700000|  0%| F|  |TAMS 0x000000070b600000, 0x000000070b600000| Untracked 
|  61|0x000000070b700000, 0x000000070b700000, 0x000000070b800000|  0%| F|  |TAMS 0x000000070b700000, 0x000000070b700000| Untracked 
|  62|0x000000070b800000, 0x000000070b800000, 0x000000070b900000|  0%| F|  |TAMS 0x000000070b800000, 0x000000070b800000| Untracked 
|  63|0x000000070b900000, 0x000000070b900000, 0x000000070ba00000|  0%| F|  |TAMS 0x000000070b900000, 0x000000070b900000| Untracked 
|  64|0x000000070ba00000, 0x000000070ba00000, 0x000000070bb00000|  0%| F|  |TAMS 0x000000070ba00000, 0x000000070ba00000| Untracked 
|  65|0x000000070bb00000, 0x000000070bb00000, 0x000000070bc00000|  0%| F|  |TAMS 0x000000070bb00000, 0x000000070bb00000| Untracked 
|  66|0x000000070bc00000, 0x000000070bc00000, 0x000000070bd00000|  0%| F|  |TAMS 0x000000070bc00000, 0x000000070bc00000| Untracked 
|  67|0x000000070bd00000, 0x000000070bd00000, 0x000000070be00000|  0%| F|  |TAMS 0x000000070bd00000, 0x000000070bd00000| Untracked 
|  68|0x000000070be00000, 0x000000070be00000, 0x000000070bf00000|  0%| F|  |TAMS 0x000000070be00000, 0x000000070be00000| Untracked 
|  69|0x000000070bf00000, 0x000000070bf00000, 0x000000070c000000|  0%| F|  |TAMS 0x000000070bf00000, 0x000000070bf00000| Untracked 
|  70|0x000000070c000000, 0x000000070c000000, 0x000000070c100000|  0%| F|  |TAMS 0x000000070c000000, 0x000000070c000000| Untracked 
|  71|0x000000070c100000, 0x000000070c100000, 0x000000070c200000|  0%| F|  |TAMS 0x000000070c100000, 0x000000070c100000| Untracked 
|  72|0x000000070c200000, 0x000000070c200000, 0x000000070c300000|  0%| F|  |TAMS 0x000000070c200000, 0x000000070c200000| Untracked 
|  73|0x000000070c300000, 0x000000070c300000, 0x000000070c400000|  0%| F|  |TAMS 0x000000070c300000, 0x000000070c300000| Untracked 
|  74|0x000000070c400000, 0x000000070c400000, 0x000000070c500000|  0%| F|  |TAMS 0x000000070c400000, 0x000000070c400000| Untracked 
|  75|0x000000070c500000, 0x000000070c500000, 0x000000070c600000|  0%| F|  |TAMS 0x000000070c500000, 0x000000070c500000| Untracked 
|  76|0x000000070c600000, 0x000000070c600000, 0x000000070c700000|  0%| F|  |TAMS 0x000000070c600000, 0x000000070c600000| Untracked 
|  77|0x000000070c700000, 0x000000070c700000, 0x000000070c800000|  0%| F|  |TAMS 0x000000070c700000, 0x000000070c700000| Untracked 
|  78|0x000000070c800000, 0x000000070c800000, 0x000000070c900000|  0%| F|  |TAMS 0x000000070c800000, 0x000000070c800000| Untracked 
|  79|0x000000070c900000, 0x000000070c900000, 0x000000070ca00000|  0%| F|  |TAMS 0x000000070c900000, 0x000000070c900000| Untracked 
|  80|0x000000070ca00000, 0x000000070ca00000, 0x000000070cb00000|  0%| F|  |TAMS 0x000000070ca00000, 0x000000070ca00000| Untracked 
|  81|0x000000070cb00000, 0x000000070cb00000, 0x000000070cc00000|  0%| F|  |TAMS 0x000000070cb00000, 0x000000070cb00000| Untracked 
|  82|0x000000070cc00000, 0x000000070cc00000, 0x000000070cd00000|  0%| F|  |TAMS 0x000000070cc00000, 0x000000070cc00000| Untracked 
|  83|0x000000070cd00000, 0x000000070cd00000, 0x000000070ce00000|  0%| F|  |TAMS 0x000000070cd00000, 0x000000070cd00000| Untracked 
|  84|0x000000070ce00000, 0x000000070ce00000, 0x000000070cf00000|  0%| F|  |TAMS 0x000000070ce00000, 0x000000070ce00000| Untracked 
|  85|0x000000070cf00000, 0x000000070cf00000, 0x000000070d000000|  0%| F|  |TAMS 0x000000070cf00000, 0x000000070cf00000| Untracked 
|  86|0x000000070d000000, 0x000000070d000000, 0x000000070d100000|  0%| F|  |TAMS 0x000000070d000000, 0x000000070d000000| Untracked 
|  87|0x000000070d100000, 0x000000070d100000, 0x000000070d200000|  0%| F|  |TAMS 0x000000070d100000, 0x000000070d100000| Untracked 
|  88|0x000000070d200000, 0x000000070d200000, 0x000000070d300000|  0%| F|  |TAMS 0x000000070d200000, 0x000000070d200000| Untracked 
|  89|0x000000070d300000, 0x000000070d300000, 0x000000070d400000|  0%| F|  |TAMS 0x000000070d300000, 0x000000070d300000| Untracked 
|  90|0x000000070d400000, 0x000000070d400000, 0x000000070d500000|  0%| F|  |TAMS 0x000000070d400000, 0x000000070d400000| Untracked 
|  91|0x000000070d500000, 0x000000070d500000, 0x000000070d600000|  0%| F|  |TAMS 0x000000070d500000, 0x000000070d500000| Untracked 
|  92|0x000000070d600000, 0x000000070d600000, 0x000000070d700000|  0%| F|  |TAMS 0x000000070d600000, 0x000000070d600000| Untracked 
|  93|0x000000070d700000, 0x000000070d700000, 0x000000070d800000|  0%| F|  |TAMS 0x000000070d700000, 0x000000070d700000| Untracked 
|  94|0x000000070d800000, 0x000000070d800000, 0x000000070d900000|  0%| F|  |TAMS 0x000000070d800000, 0x000000070d800000| Untracked 
|  95|0x000000070d900000, 0x000000070d900000, 0x000000070da00000|  0%| F|  |TAMS 0x000000070d900000, 0x000000070d900000| Untracked 
|  96|0x000000070da00000, 0x000000070da00000, 0x000000070db00000|  0%| F|  |TAMS 0x000000070da00000, 0x000000070da00000| Untracked 
|  97|0x000000070db00000, 0x000000070db00000, 0x000000070dc00000|  0%| F|  |TAMS 0x000000070db00000, 0x000000070db00000| Untracked 
|  98|0x000000070dc00000, 0x000000070dc00000, 0x000000070dd00000|  0%| F|  |TAMS 0x000000070dc00000, 0x000000070dc00000| Untracked 
|  99|0x000000070dd00000, 0x000000070dd00000, 0x000000070de00000|  0%| F|  |TAMS 0x000000070dd00000, 0x000000070dd00000| Untracked 
| 100|0x000000070de00000, 0x000000070de00000, 0x000000070df00000|  0%| F|  |TAMS 0x000000070de00000, 0x000000070de00000| Untracked 
| 101|0x000000070df00000, 0x000000070df00000, 0x000000070e000000|  0%| F|  |TAMS 0x000000070df00000, 0x000000070df00000| Untracked 
| 102|0x000000070e000000, 0x000000070e000000, 0x000000070e100000|  0%| F|  |TAMS 0x000000070e000000, 0x000000070e000000| Untracked 
| 103|0x000000070e100000, 0x000000070e100000, 0x000000070e200000|  0%| F|  |TAMS 0x000000070e100000, 0x000000070e100000| Untracked 
| 104|0x000000070e200000, 0x000000070e200000, 0x000000070e300000|  0%| F|  |TAMS 0x000000070e200000, 0x000000070e200000| Untracked 
| 105|0x000000070e300000, 0x000000070e300000, 0x000000070e400000|  0%| F|  |TAMS 0x000000070e300000, 0x000000070e300000| Untracked 
| 106|0x000000070e400000, 0x000000070e400000, 0x000000070e500000|  0%| F|  |TAMS 0x000000070e400000, 0x000000070e400000| Untracked 
| 107|0x000000070e500000, 0x000000070e500000, 0x000000070e600000|  0%| F|  |TAMS 0x000000070e500000, 0x000000070e500000| Untracked 
| 108|0x000000070e600000, 0x000000070e600000, 0x000000070e700000|  0%| F|  |TAMS 0x000000070e600000, 0x000000070e600000| Untracked 
| 109|0x000000070e700000, 0x000000070e700000, 0x000000070e800000|  0%| F|  |TAMS 0x000000070e700000, 0x000000070e700000| Untracked 
| 110|0x000000070e800000, 0x000000070e800000, 0x000000070e900000|  0%| F|  |TAMS 0x000000070e800000, 0x000000070e800000| Untracked 
| 111|0x000000070e900000, 0x000000070e900000, 0x000000070ea00000|  0%| F|  |TAMS 0x000000070e900000, 0x000000070e900000| Untracked 
| 112|0x000000070ea00000, 0x000000070ea00000, 0x000000070eb00000|  0%| F|  |TAMS 0x000000070ea00000, 0x000000070ea00000| Untracked 
| 113|0x000000070eb00000, 0x000000070eb00000, 0x000000070ec00000|  0%| F|  |TAMS 0x000000070eb00000, 0x000000070eb00000| Untracked 
| 114|0x000000070ec00000, 0x000000070ec00000, 0x000000070ed00000|  0%| F|  |TAMS 0x000000070ec00000, 0x000000070ec00000| Untracked 
| 115|0x000000070ed00000, 0x000000070ed00000, 0x000000070ee00000|  0%| F|  |TAMS 0x000000070ed00000, 0x000000070ed00000| Untracked 
| 116|0x000000070ee00000, 0x000000070ee00000, 0x000000070ef00000|  0%| F|  |TAMS 0x000000070ee00000, 0x000000070ee00000| Untracked 
| 117|0x000000070ef00000, 0x000000070ef00000, 0x000000070f000000|  0%| F|  |TAMS 0x000000070ef00000, 0x000000070ef00000| Untracked 
| 118|0x000000070f000000, 0x000000070f000000, 0x000000070f100000|  0%| F|  |TAMS 0x000000070f000000, 0x000000070f000000| Untracked 
| 119|0x000000070f100000, 0x000000070f100000, 0x000000070f200000|  0%| F|  |TAMS 0x000000070f100000, 0x000000070f100000| Untracked 
| 120|0x000000070f200000, 0x000000070f200000, 0x000000070f300000|  0%| F|  |TAMS 0x000000070f200000, 0x000000070f200000| Untracked 
| 121|0x000000070f300000, 0x000000070f300000, 0x000000070f400000|  0%| F|  |TAMS 0x000000070f300000, 0x000000070f300000| Untracked 
| 122|0x000000070f400000, 0x000000070f400000, 0x000000070f500000|  0%| F|  |TAMS 0x000000070f400000, 0x000000070f400000| Untracked 
| 123|0x000000070f500000, 0x000000070f500000, 0x000000070f600000|  0%| F|  |TAMS 0x000000070f500000, 0x000000070f500000| Untracked 
| 124|0x000000070f600000, 0x000000070f600000, 0x000000070f700000|  0%| F|  |TAMS 0x000000070f600000, 0x000000070f600000| Untracked 
| 125|0x000000070f700000, 0x000000070f700000, 0x000000070f800000|  0%| F|  |TAMS 0x000000070f700000, 0x000000070f700000| Untracked 
| 126|0x000000070f800000, 0x000000070f800000, 0x000000070f900000|  0%| F|  |TAMS 0x000000070f800000, 0x000000070f800000| Untracked 
| 127|0x000000070f900000, 0x000000070f900000, 0x000000070fa00000|  0%| F|  |TAMS 0x000000070f900000, 0x000000070f900000| Untracked 
| 128|0x000000070fa00000, 0x000000070fa00000, 0x000000070fb00000|  0%| F|  |TAMS 0x000000070fa00000, 0x000000070fa00000| Untracked 
| 129|0x000000070fb00000, 0x000000070fb00000, 0x000000070fc00000|  0%| F|  |TAMS 0x000000070fb00000, 0x000000070fb00000| Untracked 
| 130|0x000000070fc00000, 0x000000070fc00000, 0x000000070fd00000|  0%| F|  |TAMS 0x000000070fc00000, 0x000000070fc00000| Untracked 
| 131|0x000000070fd00000, 0x000000070fd00000, 0x000000070fe00000|  0%| F|  |TAMS 0x000000070fd00000, 0x000000070fd00000| Untracked 
| 132|0x000000070fe00000, 0x000000070fe00000, 0x000000070ff00000|  0%| F|  |TAMS 0x000000070fe00000, 0x000000070fe00000| Untracked 
| 133|0x000000070ff00000, 0x000000070ff00000, 0x0000000710000000|  0%| F|  |TAMS 0x000000070ff00000, 0x000000070ff00000| Untracked 
| 134|0x0000000710000000, 0x0000000710000000, 0x0000000710100000|  0%| F|  |TAMS 0x0000000710000000, 0x0000000710000000| Untracked 
| 135|0x0000000710100000, 0x0000000710100000, 0x0000000710200000|  0%| F|  |TAMS 0x0000000710100000, 0x0000000710100000| Untracked 
| 136|0x0000000710200000, 0x0000000710200000, 0x0000000710300000|  0%| F|  |TAMS 0x0000000710200000, 0x0000000710200000| Untracked 
| 137|0x0000000710300000, 0x0000000710300000, 0x0000000710400000|  0%| F|  |TAMS 0x0000000710300000, 0x0000000710300000| Untracked 
| 138|0x0000000710400000, 0x0000000710400000, 0x0000000710500000|  0%| F|  |TAMS 0x0000000710400000, 0x0000000710400000| Untracked 
| 139|0x0000000710500000, 0x0000000710500000, 0x0000000710600000|  0%| F|  |TAMS 0x0000000710500000, 0x0000000710500000| Untracked 
| 140|0x0000000710600000, 0x0000000710600000, 0x0000000710700000|  0%| F|  |TAMS 0x0000000710600000, 0x0000000710600000| Untracked 
| 141|0x0000000710700000, 0x0000000710700000, 0x0000000710800000|  0%| F|  |TAMS 0x0000000710700000, 0x0000000710700000| Untracked 
| 142|0x0000000710800000, 0x0000000710800000, 0x0000000710900000|  0%| F|  |TAMS 0x0000000710800000, 0x0000000710800000| Untracked 
| 143|0x0000000710900000, 0x0000000710900000, 0x0000000710a00000|  0%| F|  |TAMS 0x0000000710900000, 0x0000000710900000| Untracked 
| 144|0x0000000710a00000, 0x0000000710a00000, 0x0000000710b00000|  0%| F|  |TAMS 0x0000000710a00000, 0x0000000710a00000| Untracked 
| 145|0x0000000710b00000, 0x0000000710b00000, 0x0000000710c00000|  0%| F|  |TAMS 0x0000000710b00000, 0x0000000710b00000| Untracked 
| 146|0x0000000710c00000, 0x0000000710c00000, 0x0000000710d00000|  0%| F|  |TAMS 0x0000000710c00000, 0x0000000710c00000| Untracked 
| 147|0x0000000710d00000, 0x0000000710d00000, 0x0000000710e00000|  0%| F|  |TAMS 0x0000000710d00000, 0x0000000710d00000| Untracked 
| 148|0x0000000710e00000, 0x0000000710e00000, 0x0000000710f00000|  0%| F|  |TAMS 0x0000000710e00000, 0x0000000710e00000| Untracked 
| 149|0x0000000710f00000, 0x0000000710f00000, 0x0000000711000000|  0%| F|  |TAMS 0x0000000710f00000, 0x0000000710f00000| Untracked 
| 150|0x0000000711000000, 0x0000000711000000, 0x0000000711100000|  0%| F|  |TAMS 0x0000000711000000, 0x0000000711000000| Untracked 
| 151|0x0000000711100000, 0x0000000711100000, 0x0000000711200000|  0%| F|  |TAMS 0x0000000711100000, 0x0000000711100000| Untracked 
| 152|0x0000000711200000, 0x0000000711200000, 0x0000000711300000|  0%| F|  |TAMS 0x0000000711200000, 0x0000000711200000| Untracked 
| 153|0x0000000711300000, 0x0000000711300000, 0x0000000711400000|  0%| F|  |TAMS 0x0000000711300000, 0x0000000711300000| Untracked 
| 154|0x0000000711400000, 0x0000000711400000, 0x0000000711500000|  0%| F|  |TAMS 0x0000000711400000, 0x0000000711400000| Untracked 
| 155|0x0000000711500000, 0x0000000711500000, 0x0000000711600000|  0%| F|  |TAMS 0x0000000711500000, 0x0000000711500000| Untracked 
| 156|0x0000000711600000, 0x0000000711600000, 0x0000000711700000|  0%| F|  |TAMS 0x0000000711600000, 0x0000000711600000| Untracked 
| 157|0x0000000711700000, 0x0000000711700000, 0x0000000711800000|  0%| F|  |TAMS 0x0000000711700000, 0x0000000711700000| Untracked 
| 158|0x0000000711800000, 0x0000000711800000, 0x0000000711900000|  0%| F|  |TAMS 0x0000000711800000, 0x0000000711800000| Untracked 
| 159|0x0000000711900000, 0x0000000711900000, 0x0000000711a00000|  0%| F|  |TAMS 0x0000000711900000, 0x0000000711900000| Untracked 
| 160|0x0000000711a00000, 0x0000000711a00000, 0x0000000711b00000|  0%| F|  |TAMS 0x0000000711a00000, 0x0000000711a00000| Untracked 
| 161|0x0000000711b00000, 0x0000000711b00000, 0x0000000711c00000|  0%| F|  |TAMS 0x0000000711b00000, 0x0000000711b00000| Untracked 
| 162|0x0000000711c00000, 0x0000000711c00000, 0x0000000711d00000|  0%| F|  |TAMS 0x0000000711c00000, 0x0000000711c00000| Untracked 
| 163|0x0000000711d00000, 0x0000000711d00000, 0x0000000711e00000|  0%| F|  |TAMS 0x0000000711d00000, 0x0000000711d00000| Untracked 
| 164|0x0000000711e00000, 0x0000000711e00000, 0x0000000711f00000|  0%| F|  |TAMS 0x0000000711e00000, 0x0000000711e00000| Untracked 
| 165|0x0000000711f00000, 0x0000000711f00000, 0x0000000712000000|  0%| F|  |TAMS 0x0000000711f00000, 0x0000000711f00000| Untracked 
| 166|0x0000000712000000, 0x0000000712000000, 0x0000000712100000|  0%| F|  |TAMS 0x0000000712000000, 0x0000000712000000| Untracked 
| 167|0x0000000712100000, 0x0000000712100000, 0x0000000712200000|  0%| F|  |TAMS 0x0000000712100000, 0x0000000712100000| Untracked 
| 168|0x0000000712200000, 0x0000000712200000, 0x0000000712300000|  0%| F|  |TAMS 0x0000000712200000, 0x0000000712200000| Untracked 
| 169|0x0000000712300000, 0x0000000712300000, 0x0000000712400000|  0%| F|  |TAMS 0x0000000712300000, 0x0000000712300000| Untracked 
| 170|0x0000000712400000, 0x0000000712400000, 0x0000000712500000|  0%| F|  |TAMS 0x0000000712400000, 0x0000000712400000| Untracked 
| 171|0x0000000712500000, 0x0000000712500000, 0x0000000712600000|  0%| F|  |TAMS 0x0000000712500000, 0x0000000712500000| Untracked 
| 172|0x0000000712600000, 0x0000000712600000, 0x0000000712700000|  0%| F|  |TAMS 0x0000000712600000, 0x0000000712600000| Untracked 
| 173|0x0000000712700000, 0x0000000712700000, 0x0000000712800000|  0%| F|  |TAMS 0x0000000712700000, 0x0000000712700000| Untracked 
| 174|0x0000000712800000, 0x0000000712800000, 0x0000000712900000|  0%| F|  |TAMS 0x0000000712800000, 0x0000000712800000| Untracked 
| 175|0x0000000712900000, 0x0000000712900000, 0x0000000712a00000|  0%| F|  |TAMS 0x0000000712900000, 0x0000000712900000| Untracked 
| 176|0x0000000712a00000, 0x0000000712a00000, 0x0000000712b00000|  0%| F|  |TAMS 0x0000000712a00000, 0x0000000712a00000| Untracked 
| 177|0x0000000712b00000, 0x0000000712b00000, 0x0000000712c00000|  0%| F|  |TAMS 0x0000000712b00000, 0x0000000712b00000| Untracked 
| 178|0x0000000712c00000, 0x0000000712c00000, 0x0000000712d00000|  0%| F|  |TAMS 0x0000000712c00000, 0x0000000712c00000| Untracked 
| 179|0x0000000712d00000, 0x0000000712d00000, 0x0000000712e00000|  0%| F|  |TAMS 0x0000000712d00000, 0x0000000712d00000| Untracked 
| 180|0x0000000712e00000, 0x0000000712e00000, 0x0000000712f00000|  0%| F|  |TAMS 0x0000000712e00000, 0x0000000712e00000| Untracked 
| 181|0x0000000712f00000, 0x0000000712f00000, 0x0000000713000000|  0%| F|  |TAMS 0x0000000712f00000, 0x0000000712f00000| Untracked 
| 182|0x0000000713000000, 0x0000000713000000, 0x0000000713100000|  0%| F|  |TAMS 0x0000000713000000, 0x0000000713000000| Untracked 
| 183|0x0000000713100000, 0x0000000713100000, 0x0000000713200000|  0%| F|  |TAMS 0x0000000713100000, 0x0000000713100000| Untracked 
| 184|0x0000000713200000, 0x0000000713200000, 0x0000000713300000|  0%| F|  |TAMS 0x0000000713200000, 0x0000000713200000| Untracked 
| 185|0x0000000713300000, 0x0000000713300000, 0x0000000713400000|  0%| F|  |TAMS 0x0000000713300000, 0x0000000713300000| Untracked 
| 186|0x0000000713400000, 0x0000000713400000, 0x0000000713500000|  0%| F|  |TAMS 0x0000000713400000, 0x0000000713400000| Untracked 
| 187|0x0000000713500000, 0x0000000713500000, 0x0000000713600000|  0%| F|  |TAMS 0x0000000713500000, 0x0000000713500000| Untracked 
| 188|0x0000000713600000, 0x0000000713600000, 0x0000000713700000|  0%| F|  |TAMS 0x0000000713600000, 0x0000000713600000| Untracked 
| 189|0x0000000713700000, 0x0000000713700000, 0x0000000713800000|  0%| F|  |TAMS 0x0000000713700000, 0x0000000713700000| Untracked 
| 190|0x0000000713800000, 0x0000000713800000, 0x0000000713900000|  0%| F|  |TAMS 0x0000000713800000, 0x0000000713800000| Untracked 
| 191|0x0000000713900000, 0x0000000713900000, 0x0000000713a00000|  0%| F|  |TAMS 0x0000000713900000, 0x0000000713900000| Untracked 
| 192|0x0000000713a00000, 0x0000000713a00000, 0x0000000713b00000|  0%| F|  |TAMS 0x0000000713a00000, 0x0000000713a00000| Untracked 
| 193|0x0000000713b00000, 0x0000000713b00000, 0x0000000713c00000|  0%| F|  |TAMS 0x0000000713b00000, 0x0000000713b00000| Untracked 
| 194|0x0000000713c00000, 0x0000000713c00000, 0x0000000713d00000|  0%| F|  |TAMS 0x0000000713c00000, 0x0000000713c00000| Untracked 
| 195|0x0000000713d00000, 0x0000000713d00000, 0x0000000713e00000|  0%| F|  |TAMS 0x0000000713d00000, 0x0000000713d00000| Untracked 
| 196|0x0000000713e00000, 0x0000000713e00000, 0x0000000713f00000|  0%| F|  |TAMS 0x0000000713e00000, 0x0000000713e00000| Untracked 
| 197|0x0000000713f00000, 0x0000000713f00000, 0x0000000714000000|  0%| F|  |TAMS 0x0000000713f00000, 0x0000000713f00000| Untracked 
| 198|0x0000000714000000, 0x0000000714000000, 0x0000000714100000|  0%| F|  |TAMS 0x0000000714000000, 0x0000000714000000| Untracked 
| 199|0x0000000714100000, 0x0000000714100000, 0x0000000714200000|  0%| F|  |TAMS 0x0000000714100000, 0x0000000714100000| Untracked 
| 200|0x0000000714200000, 0x0000000714200000, 0x0000000714300000|  0%| F|  |TAMS 0x0000000714200000, 0x0000000714200000| Untracked 
| 201|0x0000000714300000, 0x0000000714300000, 0x0000000714400000|  0%| F|  |TAMS 0x0000000714300000, 0x0000000714300000| Untracked 
| 202|0x0000000714400000, 0x0000000714400000, 0x0000000714500000|  0%| F|  |TAMS 0x0000000714400000, 0x0000000714400000| Untracked 
| 203|0x0000000714500000, 0x0000000714500000, 0x0000000714600000|  0%| F|  |TAMS 0x0000000714500000, 0x0000000714500000| Untracked 
| 204|0x0000000714600000, 0x0000000714600000, 0x0000000714700000|  0%| F|  |TAMS 0x0000000714600000, 0x0000000714600000| Untracked 
| 205|0x0000000714700000, 0x0000000714700000, 0x0000000714800000|  0%| F|  |TAMS 0x0000000714700000, 0x0000000714700000| Untracked 
| 206|0x0000000714800000, 0x0000000714800000, 0x0000000714900000|  0%| F|  |TAMS 0x0000000714800000, 0x0000000714800000| Untracked 
| 207|0x0000000714900000, 0x0000000714900000, 0x0000000714a00000|  0%| F|  |TAMS 0x0000000714900000, 0x0000000714900000| Untracked 
| 208|0x0000000714a00000, 0x0000000714a00000, 0x0000000714b00000|  0%| F|  |TAMS 0x0000000714a00000, 0x0000000714a00000| Untracked 
| 209|0x0000000714b00000, 0x0000000714b00000, 0x0000000714c00000|  0%| F|  |TAMS 0x0000000714b00000, 0x0000000714b00000| Untracked 
| 210|0x0000000714c00000, 0x0000000714c00000, 0x0000000714d00000|  0%| F|  |TAMS 0x0000000714c00000, 0x0000000714c00000| Untracked 
| 211|0x0000000714d00000, 0x0000000714d00000, 0x0000000714e00000|  0%| F|  |TAMS 0x0000000714d00000, 0x0000000714d00000| Untracked 
| 212|0x0000000714e00000, 0x0000000714e00000, 0x0000000714f00000|  0%| F|  |TAMS 0x0000000714e00000, 0x0000000714e00000| Untracked 
| 213|0x0000000714f00000, 0x0000000714f00000, 0x0000000715000000|  0%| F|  |TAMS 0x0000000714f00000, 0x0000000714f00000| Untracked 
| 214|0x0000000715000000, 0x0000000715000000, 0x0000000715100000|  0%| F|  |TAMS 0x0000000715000000, 0x0000000715000000| Untracked 
| 215|0x0000000715100000, 0x0000000715100000, 0x0000000715200000|  0%| F|  |TAMS 0x0000000715100000, 0x0000000715100000| Untracked 
| 216|0x0000000715200000, 0x0000000715200000, 0x0000000715300000|  0%| F|  |TAMS 0x0000000715200000, 0x0000000715200000| Untracked 
| 217|0x0000000715300000, 0x0000000715300000, 0x0000000715400000|  0%| F|  |TAMS 0x0000000715300000, 0x0000000715300000| Untracked 
| 218|0x0000000715400000, 0x0000000715400000, 0x0000000715500000|  0%| F|  |TAMS 0x0000000715400000, 0x0000000715400000| Untracked 
| 219|0x0000000715500000, 0x0000000715500000, 0x0000000715600000|  0%| F|  |TAMS 0x0000000715500000, 0x0000000715500000| Untracked 
| 220|0x0000000715600000, 0x0000000715600000, 0x0000000715700000|  0%| F|  |TAMS 0x0000000715600000, 0x0000000715600000| Untracked 
| 221|0x0000000715700000, 0x0000000715700000, 0x0000000715800000|  0%| F|  |TAMS 0x0000000715700000, 0x0000000715700000| Untracked 
| 222|0x0000000715800000, 0x0000000715800000, 0x0000000715900000|  0%| F|  |TAMS 0x0000000715800000, 0x0000000715800000| Untracked 
| 223|0x0000000715900000, 0x0000000715900000, 0x0000000715a00000|  0%| F|  |TAMS 0x0000000715900000, 0x0000000715900000| Untracked 
| 224|0x0000000715a00000, 0x0000000715a00000, 0x0000000715b00000|  0%| F|  |TAMS 0x0000000715a00000, 0x0000000715a00000| Untracked 
| 225|0x0000000715b00000, 0x0000000715b00000, 0x0000000715c00000|  0%| F|  |TAMS 0x0000000715b00000, 0x0000000715b00000| Untracked 
| 226|0x0000000715c00000, 0x0000000715c00000, 0x0000000715d00000|  0%| F|  |TAMS 0x0000000715c00000, 0x0000000715c00000| Untracked 
| 227|0x0000000715d00000, 0x0000000715d00000, 0x0000000715e00000|  0%| F|  |TAMS 0x0000000715d00000, 0x0000000715d00000| Untracked 
| 228|0x0000000715e00000, 0x0000000715e00000, 0x0000000715f00000|  0%| F|  |TAMS 0x0000000715e00000, 0x0000000715e00000| Untracked 
| 229|0x0000000715f00000, 0x0000000715f00000, 0x0000000716000000|  0%| F|  |TAMS 0x0000000715f00000, 0x0000000715f00000| Untracked 
| 230|0x0000000716000000, 0x0000000716000000, 0x0000000716100000|  0%| F|  |TAMS 0x0000000716000000, 0x0000000716000000| Untracked 
| 231|0x0000000716100000, 0x0000000716100000, 0x0000000716200000|  0%| F|  |TAMS 0x0000000716100000, 0x0000000716100000| Untracked 
| 232|0x0000000716200000, 0x0000000716200000, 0x0000000716300000|  0%| F|  |TAMS 0x0000000716200000, 0x0000000716200000| Untracked 
| 233|0x0000000716300000, 0x0000000716300000, 0x0000000716400000|  0%| F|  |TAMS 0x0000000716300000, 0x0000000716300000| Untracked 
| 234|0x0000000716400000, 0x0000000716400000, 0x0000000716500000|  0%| F|  |TAMS 0x0000000716400000, 0x0000000716400000| Untracked 
| 235|0x0000000716500000, 0x0000000716500000, 0x0000000716600000|  0%| F|  |TAMS 0x0000000716500000, 0x0000000716500000| Untracked 
| 236|0x0000000716600000, 0x00000007166f6900, 0x0000000716700000| 96%| E|  |TAMS 0x0000000716600000, 0x0000000716600000| Complete 
| 237|0x0000000716700000, 0x0000000716800000, 0x0000000716800000|100%| E|CS|TAMS 0x0000000716700000, 0x0000000716700000| Complete 
| 238|0x0000000716800000, 0x0000000716900000, 0x0000000716900000|100%| E|CS|TAMS 0x0000000716800000, 0x0000000716800000| Complete 
| 239|0x0000000716900000, 0x0000000716a00000, 0x0000000716a00000|100%| E|CS|TAMS 0x0000000716900000, 0x0000000716900000| Complete 
| 240|0x0000000716a00000, 0x0000000716b00000, 0x0000000716b00000|100%| E|CS|TAMS 0x0000000716a00000, 0x0000000716a00000| Complete 
| 241|0x0000000716b00000, 0x0000000716c00000, 0x0000000716c00000|100%| E|CS|TAMS 0x0000000716b00000, 0x0000000716b00000| Complete 
| 242|0x0000000716c00000, 0x0000000716d00000, 0x0000000716d00000|100%| E|CS|TAMS 0x0000000716c00000, 0x0000000716c00000| Complete 
| 243|0x0000000716d00000, 0x0000000716e00000, 0x0000000716e00000|100%| E|CS|TAMS 0x0000000716d00000, 0x0000000716d00000| Complete 
| 244|0x0000000716e00000, 0x0000000716f00000, 0x0000000716f00000|100%| E|CS|TAMS 0x0000000716e00000, 0x0000000716e00000| Complete 
| 245|0x0000000716f00000, 0x0000000717000000, 0x0000000717000000|100%| E|CS|TAMS 0x0000000716f00000, 0x0000000716f00000| Complete 
| 246|0x0000000717000000, 0x0000000717100000, 0x0000000717100000|100%| E|CS|TAMS 0x0000000717000000, 0x0000000717000000| Complete 
| 247|0x0000000717100000, 0x0000000717200000, 0x0000000717200000|100%| E|CS|TAMS 0x0000000717100000, 0x0000000717100000| Complete 
| 248|0x0000000717200000, 0x0000000717300000, 0x0000000717300000|100%| E|CS|TAMS 0x0000000717200000, 0x0000000717200000| Complete 
| 249|0x0000000717300000, 0x0000000717400000, 0x0000000717400000|100%| E|CS|TAMS 0x0000000717300000, 0x0000000717300000| Complete 
|2946|0x00000007bfc00000, 0x00000007bfc35000, 0x00000007bfd00000| 20%|OA|  |TAMS 0x00000007bfc00000, 0x00000007bfc00000| Untracked 
|2948|0x00000007bfe00000, 0x00000007bfe6a000, 0x00000007bff00000| 41%|CA|  |TAMS 0x00000007bfe00000, 0x00000007bfe00000| Untracked 

Card table byte_map: [0x00007f04481bb000,0x00007f044897e000] _byte_map_base: 0x00007f044497e000

Marking Bits (Prev, Next): (CMBitMap*) 0x00007f04600759f8, (CMBitMap*) 0x00007f0460075a30
 Prev Bits: [0x00007f043fa25000, 0x00007f044383d000)
 Next Bits: [0x00007f043bc0d000, 0x00007f043fa25000)

Polling page: 0x00007f04672f5000

Metaspace:

Usage:
  Non-class:      6.50 MB capacity,     4.74 MB ( 73%) used,     1.74 MB ( 27%) free+waste,    15.00 KB ( <1%) overhead. 
      Class:    835.00 KB capacity,   604.57 KB ( 72%) used,   222.24 KB ( 27%) free+waste,     8.19 KB ( <1%) overhead. 
       Both:      7.32 MB capacity,     5.33 MB ( 73%) used,     1.96 MB ( 27%) free+waste,    23.19 KB ( <1%) overhead. 

Virtual space:
  Non-class space:        8.00 MB reserved,       6.75 MB ( 84%) committed 
      Class space:        1.00 GB reserved,     896.00 KB ( <1%) committed 
             Both:        1.01 GB reserved,       7.62 MB ( <1%) committed 

Chunk freelists:
   Non-Class:  43.00 KB
       Class:  0 bytes
        Both:  43.00 KB

CodeHeap 'non-profiled nmethods': size=120032Kb used=278Kb max_used=278Kb free=119753Kb
 bounds [0x00007f0450446000, 0x00007f04506b6000, 0x00007f045797e000]
CodeHeap 'profiled nmethods': size=120028Kb used=1721Kb max_used=1721Kb free=118306Kb
 bounds [0x00007f0448f0f000, 0x00007f044917f000, 0x00007f0450446000]
CodeHeap 'non-nmethods': size=5700Kb used=1184Kb max_used=1197Kb free=4515Kb
 bounds [0x00007f044897e000, 0x00007f0448bee000, 0x00007f0448f0f000]
 total_blobs=1624 nmethods=927 adapters=443
 compilation: enabled
              stopped_count=0, restarted_count=0
 full_count=0

Compilation events (10 events):
Event: 0.322 Thread 0x00007f046023a000 nmethod 921 0x00007f04490bb010 code [0x00007f04490bb1c0, 0x00007f04490bb390]
Event: 0.322 Thread 0x00007f046023a000  922       3       jdk.internal.loader.AbstractClassLoaderValue::sub (10 bytes)
Event: 0.323 Thread 0x00007f046023a000 nmethod 922 0x00007f04490bb490 code [0x00007f04490bb660, 0x00007f04490bba30]
Event: 0.323 Thread 0x00007f046023a000  923       3       jdk.internal.loader.AbstractClassLoaderValue$Sub::<init> (15 bytes)
Event: 0.323 Thread 0x00007f046023a000 nmethod 923 0x00007f04490bbb90 code [0x00007f04490bbd60, 0x00007f04490bc050]
Event: 0.324 Thread 0x00007f046023a000  925       3       jdk.internal.org.objectweb.asm.Label::<init> (5 bytes)
Event: 0.324 Thread 0x00007f046023a000 nmethod 925 0x00007f04490bc110 code [0x00007f04490bc2c0, 0x00007f04490bc490]
Event: 0.326 Thread 0x00007f04100c7800  926       4       sun.net.www.ParseUtil::firstEncodeIndex (86 bytes)
Event: 0.326 Thread 0x00007f046023a000  927       3       java.lang.StringCoding::encodeUTF8 (132 bytes)
Event: 0.326 Thread 0x00007f046023a000 nmethod 927 0x00007f04490bc590 code [0x00007f04490bc7e0, 0x00007f04490bd178]

GC Heap History (0 events):
No events

Deoptimization events (7 events):
Event: 0.102 Thread 0x00007f0460011800 Uncommon trap: reason=unstable_if action=reinterpret pc=0x00007f0450449324 method=java.lang.String.isLatin1()Z @ 10 c2
Event: 0.115 Thread 0x00007f0460011800 Uncommon trap: reason=unstable_if action=reinterpret pc=0x00007f0450453ca8 method=java.util.HashMap.putVal(ILjava/lang/Object;Ljava/lang/Object;ZZ)Ljava/lang/Object; @ 181 c2
Event: 0.235 Thread 0x00007f0460011800 Uncommon trap: reason=class_check action=maybe_recompile pc=0x00007f0450476074 method=java.util.HashMap.putVal(ILjava/lang/Object;Ljava/lang/Object;ZZ)Ljava/lang/Object; @ 91 c2
Event: 0.235 Thread 0x00007f0460011800 Uncommon trap: reason=class_check action=maybe_recompile pc=0x00007f0450476074 method=java.util.HashMap.putVal(ILjava/lang/Object;Ljava/lang/Object;ZZ)Ljava/lang/Object; @ 91 c2
Event: 0.235 Thread 0x00007f0460011800 Uncommon trap: reason=class_check action=maybe_recompile pc=0x00007f0450476074 method=java.util.HashMap.putVal(ILjava/lang/Object;Ljava/lang/Object;ZZ)Ljava/lang/Object; @ 91 c2
Event: 0.238 Thread 0x00007f0460011800 Uncommon trap: reason=unstable_if action=reinterpret pc=0x00007f04504720a4 method=java.util.HashMap.getNode(ILjava/lang/Object;)Ljava/util/HashMap$Node; @ 129 c2
Event: 0.288 Thread 0x00007f0460011800 Uncommon trap: reason=class_check action=maybe_recompile pc=0x00007f0450476074 method=java.util.HashMap.putVal(ILjava/lang/Object;Ljava/lang/Object;ZZ)Ljava/lang/Object; @ 91 c2

Classes redefined (0 events):
No events

Internal exceptions (4 events):
Event: 0.143 Thread 0x00007f0460011800 Exception <a 'java/lang/NoSuchMethodError'{0x0000000716e31978}: java.lang.invoke.DirectMethodHandle$Holder.invokeSpecialIFC(Ljava/lang/Object;Ljava/lang/Object;I)I> (0x0000000716e31978) thrown at [/build/openjdk-lts-WvAz7S/openjdk-lts-11.0.3+7/src/hotspot
Event: 0.293 Thread 0x00007f0460011800 Exception <a 'java/lang/NoSuchMethodError'{0x0000000716738a90}: java.lang.invoke.DirectMethodHandle$Holder.invokeInterface(Ljava/lang/Object;Ljava/lang/Object;Ljava/lang/Object;Ljava/lang/Object;)I> (0x0000000716738a90) thrown at [/build/openjdk-lts-WvAz7
Event: 0.319 Thread 0x00007f0460011800 Exception <a 'java/lang/NoSuchMethodError'{0x000000071665dd88}: java.lang.invoke.DirectMethodHandle$Holder.invokeInterface(Ljava/lang/Object;Ljava/lang/Object;Ljava/lang/Object;I)I> (0x000000071665dd88) thrown at [/build/openjdk-lts-WvAz7S/openjdk-lts-11.
Event: 0.324 Thread 0x00007f0460011800 Exception <a 'java/lang/NoSuchMethodError'{0x000000071668e490}: java.lang.invoke.DirectMethodHandle$Holder.invokeVirtual(Ljava/lang/Object;Ljava/lang/Object;)V> (0x000000071668e490) thrown at [/build/openjdk-lts-WvAz7S/openjdk-lts-11.0.3+7/src/hotspot/sha

Events (10 events):
Event: 0.326 loading class com/kenai/jffi/ObjectParameterStrategy$StrategyType
Event: 0.326 loading class com/kenai/jffi/ObjectParameterStrategy$StrategyType done
Event: 0.326 Thread 0x00007f0460011800 DEOPT PACKING pc=0x00007f0448fac142 sp=0x00007f0465a74ed0
Event: 0.326 Thread 0x00007f0460011800 DEOPT UNPACKING pc=0x00007f04489a68ba sp=0x00007f0465a74358 mode 0
Event: 0.326 loading class com/kenai/jffi/ObjectParameterType
Event: 0.326 loading class com/kenai/jffi/ObjectParameterType done
Event: 0.326 loading class com/kenai/jffi/ObjectParameterType$ObjectType
Event: 0.326 loading class com/kenai/jffi/ObjectParameterType$ObjectType done
Event: 0.326 loading class com/kenai/jffi/ObjectParameterType$TypeCache
Event: 0.326 loading class com/kenai/jffi/ObjectParameterType$TypeCache done


Dynamic libraries:
707a00000-717400000 rw-p 00000000 00:00 0 
717400000-7bfc00000 ---p 00000000 00:00 0 
7bfc00000-7bfc35000 rw-p 0111e000 08:02 3290380                          /usr/lib/jvm/java-11-openjdk-amd64/lib/server/classes.jsa
7bfc35000-7bfd00000 rw-p 00000000 00:00 0 
7bfd00000-7bfe00000 ---p 00000000 00:00 0 
7bfe00000-7bfe6a000 rw-p 010b4000 08:02 3290380                          /usr/lib/jvm/java-11-openjdk-amd64/lib/server/classes.jsa
7bfe6a000-7bff00000 rw-p 00000000 00:00 0 
7bff00000-800000000 ---p 00000000 00:00 0 
800000000-800002000 rwxp 00001000 08:02 3290380                          /usr/lib/jvm/java-11-openjdk-amd64/lib/server/classes.jsa
800002000-8003bf000 rw-p 00003000 08:02 3290380                          /usr/lib/jvm/java-11-openjdk-amd64/lib/server/classes.jsa
8003bf000-800a9c000 r--p 003c0000 08:02 3290380                          /usr/lib/jvm/java-11-openjdk-amd64/lib/server/classes.jsa
800a9c000-800a9d000 rw-p 00a9d000 08:02 3290380                          /usr/lib/jvm/java-11-openjdk-amd64/lib/server/classes.jsa
800a9d000-8010b3000 r--p 00a9e000 08:02 3290380                          /usr/lib/jvm/java-11-openjdk-amd64/lib/server/classes.jsa
840000000-8400e0000 rw-p 00000000 00:00 0 
8400e0000-880000000 ---p 00000000 00:00 0 
55a2846fe000-55a2846ff000 r--p 00000000 08:02 3290899                    /usr/lib/jvm/java-11-openjdk-amd64/bin/java
55a2846ff000-55a284700000 r-xp 00001000 08:02 3290899                    /usr/lib/jvm/java-11-openjdk-amd64/bin/java
55a284700000-55a284701000 r--p 00002000 08:02 3290899                    /usr/lib/jvm/java-11-openjdk-amd64/bin/java
55a284701000-55a284702000 r--p 00002000 08:02 3290899                    /usr/lib/jvm/java-11-openjdk-amd64/bin/java
55a284702000-55a284703000 rw-p 00003000 08:02 3290899                    /usr/lib/jvm/java-11-openjdk-amd64/bin/java
55a284c07000-55a284c28000 rw-p 00000000 00:00 0                          [heap]
7f03ec000000-7f03ec021000 rw-p 00000000 00:00 0 
7f03ec021000-7f03f0000000 ---p 00000000 00:00 0 
7f03f4000000-7f03f4021000 rw-p 00000000 00:00 0 
7f03f4021000-7f03f8000000 ---p 00000000 00:00 0 
7f03f8000000-7f03f8021000 rw-p 00000000 00:00 0 
7f03f8021000-7f03fc000000 ---p 00000000 00:00 0 
7f03fc000000-7f03fc16d000 rw-p 00000000 00:00 0 
7f03fc16d000-7f0400000000 ---p 00000000 00:00 0 
7f0400000000-7f0400021000 rw-p 00000000 00:00 0 
7f0400021000-7f0404000000 ---p 00000000 00:00 0 
7f0404000000-7f0404021000 rw-p 00000000 00:00 0 
7f0404021000-7f0408000000 ---p 00000000 00:00 0 
7f0408000000-7f0408021000 rw-p 00000000 00:00 0 
7f0408021000-7f040c000000 ---p 00000000 00:00 0 
7f040c000000-7f040c280000 rw-p 00000000 00:00 0 
7f040c280000-7f0410000000 ---p 00000000 00:00 0 
7f0410000000-7f04102ee000 rw-p 00000000 00:00 0 
7f04102ee000-7f0414000000 ---p 00000000 00:00 0 
7f0414000000-7f0414021000 rw-p 00000000 00:00 0 
7f0414021000-7f0418000000 ---p 00000000 00:00 0 
7f041ae0c000-7f041ae12000 r-xp 00000000 08:02 3046623                    /tmp/.libFUSELink.so
7f041ae12000-7f041b011000 ---p 00006000 08:02 3046623                    /tmp/.libFUSELink.so
7f041b011000-7f041b012000 r--p 00005000 08:02 3046623                    /tmp/.libFUSELink.so
7f041b012000-7f041b013000 rw-p 00006000 08:02 3046623                    /tmp/.libFUSELink.so
7f041b013000-7f041b025000 r-xp 00000000 08:02 3046622                    /tmp/jffi17519790962842798920.so (deleted)
7f041b025000-7f041b224000 ---p 00012000 08:02 3046622                    /tmp/jffi17519790962842798920.so (deleted)
7f041b224000-7f041b225000 rw-p 00011000 08:02 3046622                    /tmp/jffi17519790962842798920.so (deleted)
7f041b225000-7f041c000000 r--p 00000000 08:02 3277245                    /usr/lib/locale/locale-archive
7f041c000000-7f041c021000 rw-p 00000000 00:00 0 
7f041c021000-7f0420000000 ---p 00000000 00:00 0 
7f0420000000-7f0420021000 rw-p 00000000 00:00 0 
7f0420021000-7f0424000000 ---p 00000000 00:00 0 
7f0424000000-7f0424021000 rw-p 00000000 00:00 0 
7f0424021000-7f0428000000 ---p 00000000 00:00 0 
7f0428000000-7f0428021000 rw-p 00000000 00:00 0 
7f0428021000-7f042c000000 ---p 00000000 00:00 0 
7f042c000000-7f042c021000 rw-p 00000000 00:00 0 
7f042c021000-7f0430000000 ---p 00000000 00:00 0 
7f0430000000-7f0430021000 rw-p 00000000 00:00 0 
7f0430021000-7f0434000000 ---p 00000000 00:00 0 
7f0434000000-7f0434021000 rw-p 00000000 00:00 0 
7f0434021000-7f0438000000 ---p 00000000 00:00 0 
7f0438037000-7f043803b000 ---p 00000000 00:00 0 
7f043803b000-7f0438138000 rw-p 00000000 00:00 0 
7f0438138000-7f043813f000 r--p 00000000 08:02 528392                     /lib/x86_64-linux-gnu/libfuse.so.2.9.8
7f043813f000-7f0438158000 r-xp 00007000 08:02 528392                     /lib/x86_64-linux-gnu/libfuse.so.2.9.8
7f0438158000-7f0438162000 r--p 00020000 08:02 528392                     /lib/x86_64-linux-gnu/libfuse.so.2.9.8
7f0438162000-7f0438163000 ---p 0002a000 08:02 528392                     /lib/x86_64-linux-gnu/libfuse.so.2.9.8
7f0438163000-7f0438175000 r--p 0002a000 08:02 528392                     /lib/x86_64-linux-gnu/libfuse.so.2.9.8
7f0438175000-7f0438176000 rw-p 0003c000 08:02 528392                     /lib/x86_64-linux-gnu/libfuse.so.2.9.8
7f0438176000-7f0438177000 ---p 00000000 00:00 0 
7f0438177000-7f0438278000 rw-p 00000000 00:00 0 
7f0438278000-7f043827c000 ---p 00000000 00:00 0 
7f043827c000-7f0438379000 rw-p 00000000 00:00 0 
7f0438379000-7f043837d000 ---p 00000000 00:00 0 
7f043837d000-7f043847a000 rw-p 00000000 00:00 0 
7f043847a000-7f043847e000 ---p 00000000 00:00 0 
7f043847e000-7f043857b000 rw-p 00000000 00:00 0 
7f043857b000-7f043857f000 ---p 00000000 00:00 0 
7f043857f000-7f043867c000 rw-p 00000000 00:00 0 
7f043867c000-7f0438680000 ---p 00000000 00:00 0 
7f0438680000-7f043877d000 rw-p 00000000 00:00 0 
7f043877d000-7f0438781000 ---p 00000000 00:00 0 
7f0438781000-7f043887e000 rw-p 00000000 00:00 0 
7f043887e000-7f0438882000 ---p 00000000 00:00 0 
7f0438882000-7f043897f000 rw-p 00000000 00:00 0 
7f043897f000-7f0438983000 ---p 00000000 00:00 0 
7f0438983000-7f0438a80000 rw-p 00000000 00:00 0 
7f0438a80000-7f0438a84000 ---p 00000000 00:00 0 
7f0438a84000-7f0438b81000 rw-p 00000000 00:00 0 
7f0438b81000-7f0438b85000 ---p 00000000 00:00 0 
7f0438b85000-7f0438c82000 rw-p 00000000 00:00 0 
7f0438c82000-7f0438c83000 ---p 00000000 00:00 0 
7f0438c83000-7f04394c5000 rw-p 00000000 00:00 0 
7f04394c5000-7f0439605000 ---p 00000000 00:00 0 
7f0439605000-7f0439606000 ---p 00000000 00:00 0 
7f0439606000-7f0439707000 rw-p 00000000 00:00 0 
7f0439707000-7f0439708000 ---p 00000000 00:00 0 
7f0439708000-7f043bff5000 rw-p 00000000 00:00 0 
7f043bff5000-7f043ea15000 ---p 00000000 00:00 0 
7f043ea15000-7f043ea19000 rw-p 00000000 00:00 0 
7f043ea19000-7f043ea1d000 ---p 00000000 00:00 0 
7f043ea1d000-7f043ea21000 rw-p 00000000 00:00 0 
7f043ea21000-7f043fa25000 ---p 00000000 00:00 0 
7f043fa25000-7f043fe0d000 rw-p 00000000 00:00 0 
7f043fe0d000-7f044282d000 ---p 00000000 00:00 0 
7f044282d000-7f0442831000 rw-p 00000000 00:00 0 
7f0442831000-7f0442835000 ---p 00000000 00:00 0 
7f0442835000-7f0442839000 rw-p 00000000 00:00 0 
7f0442839000-7f044383d000 ---p 00000000 00:00 0 
7f044383d000-7f04438ba000 rw-p 00000000 00:00 0 
7f04438ba000-7f0443dfe000 ---p 00000000 00:00 0 
7f0443dfe000-7f0443e00000 rw-p 00000000 00:00 0 
7f0443e00000-7f0444000000 ---p 00000000 00:00 0 
7f0444000000-7f0444021000 rw-p 00000000 00:00 0 
7f0444021000-7f0448000000 ---p 00000000 00:00 0 
7f044803b000-7f044803d000 rw-p 00000000 00:00 0 
7f044803d000-7f044803e000 r--p 00000000 08:02 3290961                    /usr/lib/jvm/java-11-openjdk-amd64/lib/libjaas.so
7f044803e000-7f044803f000 r-xp 00001000 08:02 3290961                    /usr/lib/jvm/java-11-openjdk-amd64/lib/libjaas.so
7f044803f000-7f0448040000 r--p 00002000 08:02 3290961                    /usr/lib/jvm/java-11-openjdk-amd64/lib/libjaas.so
7f0448040000-7f0448041000 r--p 00002000 08:02 3290961                    /usr/lib/jvm/java-11-openjdk-amd64/lib/libjaas.so
7f0448041000-7f0448042000 rw-p 00003000 08:02 3290961                    /usr/lib/jvm/java-11-openjdk-amd64/lib/libjaas.so
7f0448042000-7f0448058000 r-xp 00000000 00:00 0 
7f0448058000-7f044805f000 r--s 00000000 08:02 3535358                    /usr/lib/x86_64-linux-gnu/gconv/gconv-modules.cache
7f044805f000-7f0448238000 rw-p 00000000 00:00 0 
7f0448238000-7f044877c000 ---p 00000000 00:00 0 
7f044877c000-7f044877e000 rw-p 00000000 00:00 0 
7f044877e000-7f044897e000 ---p 00000000 00:00 0 
7f044897e000-7f0448bee000 rwxp 00000000 00:00 0 
7f0448bee000-7f0448f0f000 ---p 00000000 00:00 0 
7f0448f0f000-7f044917f000 rwxp 00000000 00:00 0 
7f044917f000-7f0450446000 ---p 00000000 00:00 0 
7f0450446000-7f04506b6000 rwxp 00000000 00:00 0 
7f04506b6000-7f045797e000 ---p 00000000 00:00 0 
7f045797e000-7f0460000000 r--s 00000000 08:02 3290984                    /usr/lib/jvm/java-11-openjdk-amd64/lib/modules
7f0460000000-7f04605f9000 rw-p 00000000 00:00 0 
7f04605f9000-7f0464000000 ---p 00000000 00:00 0 
7f0464000000-7f0464004000 r-xp 00000000 00:00 0 
7f0464004000-7f0464005000 r--p 00000000 08:02 3290955                    /usr/lib/jvm/java-11-openjdk-amd64/lib/libextnet.so
7f0464005000-7f0464006000 r-xp 00001000 08:02 3290955                    /usr/lib/jvm/java-11-openjdk-amd64/lib/libextnet.so
7f0464006000-7f0464007000 r--p 00002000 08:02 3290955                    /usr/lib/jvm/java-11-openjdk-amd64/lib/libextnet.so
7f0464007000-7f0464008000 r--p 00002000 08:02 3290955                    /usr/lib/jvm/java-11-openjdk-amd64/lib/libextnet.so
7f0464008000-7f0464009000 rw-p 00003000 08:02 3290955                    /usr/lib/jvm/java-11-openjdk-amd64/lib/libextnet.so
7f0464009000-7f046400d000 r--p 00000000 08:02 3290974                    /usr/lib/jvm/java-11-openjdk-amd64/lib/libnet.so
7f046400d000-7f046401c000 r-xp 00004000 08:02 3290974                    /usr/lib/jvm/java-11-openjdk-amd64/lib/libnet.so
7f046401c000-7f0464020000 r--p 00013000 08:02 3290974                    /usr/lib/jvm/java-11-openjdk-amd64/lib/libnet.so
7f0464020000-7f0464021000 r--p 00016000 08:02 3290974                    /usr/lib/jvm/java-11-openjdk-amd64/lib/libnet.so
7f0464021000-7f0464022000 rw-p 00017000 08:02 3290974                    /usr/lib/jvm/java-11-openjdk-amd64/lib/libnet.so
7f0464022000-7f0464029000 r--p 00000000 08:02 3290975                    /usr/lib/jvm/java-11-openjdk-amd64/lib/libnio.so
7f0464029000-7f0464030000 r-xp 00007000 08:02 3290975                    /usr/lib/jvm/java-11-openjdk-amd64/lib/libnio.so
7f0464030000-7f0464033000 r--p 0000e000 08:02 3290975                    /usr/lib/jvm/java-11-openjdk-amd64/lib/libnio.so
7f0464033000-7f0464034000 r--p 00010000 08:02 3290975                    /usr/lib/jvm/java-11-openjdk-amd64/lib/libnio.so
7f0464034000-7f0464035000 rw-p 00011000 08:02 3290975                    /usr/lib/jvm/java-11-openjdk-amd64/lib/libnio.so
7f0464035000-7f0464338000 rw-p 00000000 00:00 0 
7f0464338000-7f0464339000 ---p 00000000 00:00 0 
7f0464339000-7f046443a000 rw-p 00000000 00:00 0 
7f046443a000-7f046443b000 ---p 00000000 00:00 0 
7f046443b000-7f04646ba000 rw-p 00000000 00:00 0 
7f04646ba000-7f0464bfe000 ---p 00000000 00:00 0 
7f0464bfe000-7f0464c00000 rw-p 00000000 00:00 0 
7f0464c00000-7f0464e00000 ---p 00000000 00:00 0 
7f0464e00000-7f0465608000 rw-p 00000000 00:00 0 
7f0465608000-7f0465609000 ---p 00000000 00:00 0 
7f0465609000-7f046570f000 rw-p 00000000 00:00 0 
7f046570f000-7f04657f5000 ---p 00000000 00:00 0 
7f04657f5000-7f04657fa000 rw-p 00000000 00:00 0 
7f04657fa000-7f04658e0000 ---p 00000000 00:00 0 
7f04658e0000-7f04658e5000 rw-p 00000000 00:00 0 
7f04658e5000-7f04658ec000 ---p 00000000 00:00 0 
7f04658ec000-7f04658ee000 r--p 00000000 08:02 3290966                    /usr/lib/jvm/java-11-openjdk-amd64/lib/libjimage.so
7f04658ee000-7f04658f1000 r-xp 00002000 08:02 3290966                    /usr/lib/jvm/java-11-openjdk-amd64/lib/libjimage.so
7f04658f1000-7f04658f3000 r--p 00005000 08:02 3290966                    /usr/lib/jvm/java-11-openjdk-amd64/lib/libjimage.so
7f04658f3000-7f04658f4000 r--p 00006000 08:02 3290966                    /usr/lib/jvm/java-11-openjdk-amd64/lib/libjimage.so
7f04658f4000-7f04658f5000 rw-p 00007000 08:02 3290966                    /usr/lib/jvm/java-11-openjdk-amd64/lib/libjimage.so
7f04658f5000-7f04658f7000 r--p 00000000 08:02 3290983                    /usr/lib/jvm/java-11-openjdk-amd64/lib/libzip.so
7f04658f7000-7f04658fb000 r-xp 00002000 08:02 3290983                    /usr/lib/jvm/java-11-openjdk-amd64/lib/libzip.so
7f04658fb000-7f04658fd000 r--p 00006000 08:02 3290983                    /usr/lib/jvm/java-11-openjdk-amd64/lib/libzip.so
7f04658fd000-7f04658fe000 r--p 00007000 08:02 3290983                    /usr/lib/jvm/java-11-openjdk-amd64/lib/libzip.so
7f04658fe000-7f04658ff000 rw-p 00008000 08:02 3290983                    /usr/lib/jvm/java-11-openjdk-amd64/lib/libzip.so
7f04658ff000-7f0465934000 r--s 00000000 08:02 267840                     /var/cache/nscd/passwd
7f0465934000-7f0465936000 r--p 00000000 08:02 3290957                    /usr/lib/jvm/java-11-openjdk-amd64/lib/libinstrument.so
7f0465936000-7f046593c000 r-xp 00002000 08:02 3290957                    /usr/lib/jvm/java-11-openjdk-amd64/lib/libinstrument.so
7f046593c000-7f046593f000 r--p 00008000 08:02 3290957                    /usr/lib/jvm/java-11-openjdk-amd64/lib/libinstrument.so
7f046593f000-7f0465940000 r--p 0000a000 08:02 3290957                    /usr/lib/jvm/java-11-openjdk-amd64/lib/libinstrument.so
7f0465940000-7f0465941000 rw-p 0000b000 08:02 3290957                    /usr/lib/jvm/java-11-openjdk-amd64/lib/libinstrument.so
7f0465941000-7f046594e000 r--p 00000000 08:02 3290962                    /usr/lib/jvm/java-11-openjdk-amd64/lib/libjava.so
7f046594e000-7f0465963000 r-xp 0000d000 08:02 3290962                    /usr/lib/jvm/java-11-openjdk-amd64/lib/libjava.so
7f0465963000-7f046596a000 r--p 00022000 08:02 3290962                    /usr/lib/jvm/java-11-openjdk-amd64/lib/libjava.so
7f046596a000-7f046596b000 r--p 00028000 08:02 3290962                    /usr/lib/jvm/java-11-openjdk-amd64/lib/libjava.so
7f046596b000-7f046596d000 rw-p 00029000 08:02 3290962                    /usr/lib/jvm/java-11-openjdk-amd64/lib/libjava.so
7f046596d000-7f046596f000 r--p 00000000 08:02 528496                     /lib/x86_64-linux-gnu/librt-2.28.so
7f046596f000-7f0465973000 r-xp 00002000 08:02 528496                     /lib/x86_64-linux-gnu/librt-2.28.so
7f0465973000-7f0465975000 r--p 00006000 08:02 528496                     /lib/x86_64-linux-gnu/librt-2.28.so
7f0465975000-7f0465976000 r--p 00007000 08:02 528496                     /lib/x86_64-linux-gnu/librt-2.28.so
7f0465976000-7f0465977000 rw-p 00008000 08:02 528496                     /lib/x86_64-linux-gnu/librt-2.28.so
7f0465977000-7f046597b000 ---p 00000000 00:00 0 
7f046597b000-7f0465a78000 rw-p 00000000 00:00 0 
7f0465a78000-7f0465a7b000 r--p 00000000 08:02 529109                     /lib/x86_64-linux-gnu/libgcc_s.so.1
7f0465a7b000-7f0465a8c000 r-xp 00003000 08:02 529109                     /lib/x86_64-linux-gnu/libgcc_s.so.1
7f0465a8c000-7f0465a8f000 r--p 00014000 08:02 529109                     /lib/x86_64-linux-gnu/libgcc_s.so.1
7f0465a8f000-7f0465a90000 ---p 00017000 08:02 529109                     /lib/x86_64-linux-gnu/libgcc_s.so.1
7f0465a90000-7f0465a91000 r--p 00017000 08:02 529109                     /lib/x86_64-linux-gnu/libgcc_s.so.1
7f0465a91000-7f0465a92000 rw-p 00018000 08:02 529109                     /lib/x86_64-linux-gnu/libgcc_s.so.1
7f0465a92000-7f0465a9f000 r--p 00000000 08:02 528419                     /lib/x86_64-linux-gnu/libm-2.28.so
7f0465a9f000-7f0465b4a000 r-xp 0000d000 08:02 528419                     /lib/x86_64-linux-gnu/libm-2.28.so
7f0465b4a000-7f0465c1d000 r--p 000b8000 08:02 528419                     /lib/x86_64-linux-gnu/libm-2.28.so
7f0465c1d000-7f0465c1e000 r--p 0018a000 08:02 528419                     /lib/x86_64-linux-gnu/libm-2.28.so
7f0465c1e000-7f0465c1f000 rw-p 0018b000 08:02 528419                     /lib/x86_64-linux-gnu/libm-2.28.so
7f0465c1f000-7f0465ca9000 r--p 00000000 08:02 3284313                    /usr/lib/x86_64-linux-gnu/libstdc++.so.6.0.25
7f0465ca9000-7f0465d5c000 r-xp 0008a000 08:02 3284313                    /usr/lib/x86_64-linux-gnu/libstdc++.so.6.0.25
7f0465d5c000-7f0465d99000 r--p 0013d000 08:02 3284313                    /usr/lib/x86_64-linux-gnu/libstdc++.so.6.0.25
7f0465d99000-7f0465d9a000 ---p 0017a000 08:02 3284313                    /usr/lib/x86_64-linux-gnu/libstdc++.so.6.0.25
7f0465d9a000-7f0465da4000 r--p 0017a000 08:02 3284313                    /usr/lib/x86_64-linux-gnu/libstdc++.so.6.0.25
7f0465da4000-7f0465da6000 rw-p 00184000 08:02 3284313                    /usr/lib/x86_64-linux-gnu/libstdc++.so.6.0.25
7f0465da6000-7f0465daa000 rw-p 00000000 00:00 0 
7f0465daa000-7f0466018000 r--p 00000000 08:02 3290987                    /usr/lib/jvm/java-11-openjdk-amd64/lib/server/libjvm.so
7f0466018000-7f0466b34000 r-xp 0026e000 08:02 3290987                    /usr/lib/jvm/java-11-openjdk-amd64/lib/server/libjvm.so
7f0466b34000-7f0466d6d000 r--p 00d8a000 08:02 3290987                    /usr/lib/jvm/java-11-openjdk-amd64/lib/server/libjvm.so
7f0466d6d000-7f0466e2a000 r--p 00fc2000 08:02 3290987                    /usr/lib/jvm/java-11-openjdk-amd64/lib/server/libjvm.so
7f0466e2a000-7f0466e63000 rw-p 0107f000 08:02 3290987                    /usr/lib/jvm/java-11-openjdk-amd64/lib/server/libjvm.so
7f0466e63000-7f0466ebb000 rw-p 00000000 00:00 0 
7f0466ebb000-7f0466ec1000 r--p 00000000 08:02 528488                     /lib/x86_64-linux-gnu/libpthread-2.28.so
7f0466ec1000-7f0466ed0000 r-xp 00006000 08:02 528488                     /lib/x86_64-linux-gnu/libpthread-2.28.so
7f0466ed0000-7f0466ed6000 r--p 00015000 08:02 528488                     /lib/x86_64-linux-gnu/libpthread-2.28.so
7f0466ed6000-7f0466ed7000 r--p 0001a000 08:02 528488                     /lib/x86_64-linux-gnu/libpthread-2.28.so
7f0466ed7000-7f0466ed8000 rw-p 0001b000 08:02 528488                     /lib/x86_64-linux-gnu/libpthread-2.28.so
7f0466ed8000-7f0466edc000 rw-p 00000000 00:00 0 
7f0466edc000-7f0466edd000 r--p 00000000 08:02 528379                     /lib/x86_64-linux-gnu/libdl-2.28.so
7f0466edd000-7f0466edf000 r-xp 00001000 08:02 528379                     /lib/x86_64-linux-gnu/libdl-2.28.so
7f0466edf000-7f0466ee0000 r--p 00003000 08:02 528379                     /lib/x86_64-linux-gnu/libdl-2.28.so
7f0466ee0000-7f0466ee1000 r--p 00003000 08:02 528379                     /lib/x86_64-linux-gnu/libdl-2.28.so
7f0466ee1000-7f0466ee2000 rw-p 00004000 08:02 528379                     /lib/x86_64-linux-gnu/libdl-2.28.so
7f0466ee2000-7f0466efe000 r-xp 00000000 08:02 528527                     /lib/x86_64-linux-gnu/libz.so.1.2.11
7f0466efe000-7f04670fd000 ---p 0001c000 08:02 528527                     /lib/x86_64-linux-gnu/libz.so.1.2.11
7f04670fd000-7f04670fe000 r--p 0001b000 08:02 528527                     /lib/x86_64-linux-gnu/libz.so.1.2.11
7f04670fe000-7f04670ff000 rw-p 0001c000 08:02 528527                     /lib/x86_64-linux-gnu/libz.so.1.2.11
7f04670ff000-7f0467121000 r--p 00000000 08:02 528358                     /lib/x86_64-linux-gnu/libc-2.28.so
7f0467121000-7f0467292000 r-xp 00022000 08:02 528358                     /lib/x86_64-linux-gnu/libc-2.28.so
7f0467292000-7f04672de000 r--p 00193000 08:02 528358                     /lib/x86_64-linux-gnu/libc-2.28.so
7f04672de000-7f04672df000 ---p 001df000 08:02 528358                     /lib/x86_64-linux-gnu/libc-2.28.so
7f04672df000-7f04672e3000 r--p 001df000 08:02 528358                     /lib/x86_64-linux-gnu/libc-2.28.so
7f04672e3000-7f04672e5000 rw-p 001e3000 08:02 528358                     /lib/x86_64-linux-gnu/libc-2.28.so
7f04672e5000-7f04672e9000 rw-p 00000000 00:00 0 
7f04672e9000-7f04672ea000 r-xp 00000000 00:00 0 
7f04672ea000-7f04672eb000 r-xp 00000000 00:00 0 
7f04672eb000-7f04672ed000 r--s 00007000 08:02 131113                     /usr/share/java/java-atk-wrapper.jar
7f04672ed000-7f04672f5000 rw-s 00000000 08:02 3046621                    /tmp/hsperfdata_kwu849/7487
7f04672f5000-7f04672f6000 ---p 00000000 00:00 0 
7f04672f6000-7f04672f7000 r--p 00000000 00:00 0 
7f04672f7000-7f04672fc000 r--p 00000000 08:02 3290982                    /usr/lib/jvm/java-11-openjdk-amd64/lib/libverify.so
7f04672fc000-7f0467303000 r-xp 00005000 08:02 3290982                    /usr/lib/jvm/java-11-openjdk-amd64/lib/libverify.so
7f0467303000-7f0467305000 r--p 0000c000 08:02 3290982                    /usr/lib/jvm/java-11-openjdk-amd64/lib/libverify.so
7f0467305000-7f0467307000 r--p 0000d000 08:02 3290982                    /usr/lib/jvm/java-11-openjdk-amd64/lib/libverify.so
7f0467307000-7f0467308000 rw-p 0000f000 08:02 3290982                    /usr/lib/jvm/java-11-openjdk-amd64/lib/libverify.so
7f0467308000-7f046730b000 r--p 00000000 08:02 3290947                    /usr/lib/jvm/java-11-openjdk-amd64/lib/jli/libjli.so
7f046730b000-7f0467315000 r-xp 00003000 08:02 3290947                    /usr/lib/jvm/java-11-openjdk-amd64/lib/jli/libjli.so
7f0467315000-7f0467318000 r--p 0000d000 08:02 3290947                    /usr/lib/jvm/java-11-openjdk-amd64/lib/jli/libjli.so
7f0467318000-7f0467319000 r--p 0000f000 08:02 3290947                    /usr/lib/jvm/java-11-openjdk-amd64/lib/jli/libjli.so
7f0467319000-7f046731a000 rw-p 00010000 08:02 3290947                    /usr/lib/jvm/java-11-openjdk-amd64/lib/jli/libjli.so
7f046731a000-7f046731c000 rw-p 00000000 00:00 0 
7f046731c000-7f046731d000 r--p 00000000 08:02 528332                     /lib/x86_64-linux-gnu/ld-2.28.so
7f046731d000-7f046733d000 r-xp 00001000 08:02 528332                     /lib/x86_64-linux-gnu/ld-2.28.so
7f046733d000-7f0467345000 r--p 00021000 08:02 528332                     /lib/x86_64-linux-gnu/ld-2.28.so
7f0467345000-7f0467346000 r--p 00028000 08:02 528332                     /lib/x86_64-linux-gnu/ld-2.28.so
7f0467346000-7f0467347000 rw-p 00029000 08:02 528332                     /lib/x86_64-linux-gnu/ld-2.28.so
7f0467347000-7f0467348000 rw-p 00000000 00:00 0 
7ffdc63b2000-7ffdc63d3000 rw-p 00000000 00:00 0                          [stack]
7ffdc63de000-7ffdc63e1000 r--p 00000000 00:00 0                          [vvar]
7ffdc63e1000-7ffdc63e3000 r-xp 00000000 00:00 0                          [vdso]
ffffffffff600000-ffffffffff601000 r-xp 00000000 00:00 0                  [vsyscall]


VM Arguments:
jvm_args: -javaagent:/afs/ec.auckland.ac.nz/users/k/w/kwu849/unixhome/Downloads/idea-IC-192.5728.98/lib/idea_rt.jar=38997:/afs/ec.auckland.ac.nz/users/k/w/kwu849/unixhome/Downloads/idea-IC-192.5728.98/bin -Dfile.encoding=UTF-8 
java_command: MemoryFS
java_class_path (initial): /afs/ec.auckland.ac.nz/users/k/w/kwu849/unixhome/Documents/MemoryFS/target/classes:/afs/ec.auckland.ac.nz/users/k/w/kwu849/unixhome/.m2/repository/com/github/lukethompsxn/edufuse/1.0.3/edufuse-1.0.3.jar:/afs/ec.auckland.ac.nz/users/k/w/kwu849/unixhome/.m2/repository/com/github/jnr/jnr-ffi/2.1.7/jnr-ffi-2.1.7.jar:/afs/ec.auckland.ac.nz/users/k/w/kwu849/unixhome/.m2/repository/com/github/jnr/jffi/1.2.16/jffi-1.2.16.jar:/afs/ec.auckland.ac.nz/users/k/w/kwu849/unixhome/.m2/repository/com/github/jnr/jffi/1.2.16/jffi-1.2.16-native.jar:/afs/ec.auckland.ac.nz/users/k/w/kwu849/unixhome/.m2/repository/org/ow2/asm/asm/5.0.3/asm-5.0.3.jar:/afs/ec.auckland.ac.nz/users/k/w/kwu849/unixhome/.m2/repository/org/ow2/asm/asm-commons/5.0.3/asm-commons-5.0.3.jar:/afs/ec.auckland.ac.nz/users/k/w/kwu849/unixhome/.m2/repository/org/ow2/asm/asm-analysis/5.0.3/asm-analysis-5.0.3.jar:/afs/ec.auckland.ac.nz/users/k/w/kwu849/unixhome/.m2/repository/org/ow2/asm/asm-tree/5.0.3/asm-tree-5.0.3.jar:/afs/ec.auckland.ac.nz/users/k/w/kwu849/unixhome/.m2/repository/org/ow2/asm/asm-util/5.0.3/asm-util-5.0.3.jar:/afs/ec.auckland.ac.nz/users/k/w/kwu849/unixhome/.m2/repository/com/github/jnr/jnr-x86asm/1.0.2/jnr-x86asm-1.0.2.jar:/afs/ec.auckland.ac.nz/users/k/w/kwu849/unixhome/.m2/repository/com/github/jnr/jnr-posix/3.0.44/jnr-posix-3.0.44.jar:/afs/ec.auckland.ac.nz/users/k/w/kwu849/unixhome/.m2/repository/com/github/jnr/jnr-constants/0.9.9/jnr-constants-0.9.9.jar:/afs/ec.auckland.ac.nz/users/k/w/kwu849/unixhome/.m2/repository/com/googlecode/json-simple/json-simple/1.1.1/json-simple-1.1.1.jar:/afs/ec.auckland.ac.nz/users/k/w/kwu849/unixhome/.m2/repository/junit/junit/4.10/junit-4.10.jar:/afs/ec.auckland.ac.nz/users/k/w/kwu849/unixhome/.m2/repository/org/hamcrest/hamcrest-core/1.1/hamcrest-core-1.1.jar
Launcher Type: SUN_STANDARD

[Global flags]
     intx CICompilerCount                          = 4                                         {product} {ergonomic}
     uint ConcGCThreads                            = 2                                         {product} {ergonomic}
     uint G1ConcRefinementThreads                  = 8                                         {product} {ergonomic}
   size_t G1HeapRegionSize                         = 1048576                                   {product} {ergonomic}
    uintx GCDrainStackTargetSize                   = 64                                        {product} {ergonomic}
   size_t InitialHeapSize                          = 262144000                                 {product} {ergonomic}
   size_t MarkStackSize                            = 4194304                                   {product} {ergonomic}
   size_t MaxHeapSize                              = 4167041024                                {product} {ergonomic}
   size_t MaxNewSize                               = 2499805184                                {product} {ergonomic}
   size_t MinHeapDeltaBytes                        = 1048576                                   {product} {ergonomic}
    uintx NonNMethodCodeHeapSize                   = 5835340                                {pd product} {ergonomic}
    uintx NonProfiledCodeHeapSize                  = 122911450                              {pd product} {ergonomic}
    uintx ProfiledCodeHeapSize                     = 122911450                              {pd product} {ergonomic}
    uintx ReservedCodeCacheSize                    = 251658240                              {pd product} {ergonomic}
     bool SegmentedCodeCache                       = true                                      {product} {ergonomic}
     bool UseCompressedClassPointers               = true                                 {lp64_product} {ergonomic}
     bool UseCompressedOops                        = true                                 {lp64_product} {ergonomic}
     bool UseG1GC                                  = true                                      {product} {ergonomic}

Logging:
Log output configuration:
 #0: stdout all=warning uptime,level,tags
 #1: stderr all=off uptime,level,tags

Environment Variables:
PATH=/usr/local/sbin:/usr/local/bin:/usr/sbin:/usr/bin:/sbin:/bin:/usr/games:/usr/local/games:/snap/bin
SHELL=/bin/bash
DISPLAY=:0

Signal Handlers:
SIGSEGV: [libjvm.so+0xd18a40], sa_mask[0]=11111111011111111101111111111110, sa_flags=SA_RESTART|SA_SIGINFO
SIGBUS: [libjvm.so+0xd18a40], sa_mask[0]=11111111011111111101111111111110, sa_flags=SA_RESTART|SA_SIGINFO
SIGFPE: [libjvm.so+0xd18a40], sa_mask[0]=11111111011111111101111111111110, sa_flags=SA_RESTART|SA_SIGINFO
SIGPIPE: [libjvm.so+0xb21cf0], sa_mask[0]=11111111011111111101111111111110, sa_flags=SA_RESTART|SA_SIGINFO
SIGXFSZ: [libjvm.so+0xb21cf0], sa_mask[0]=11111111011111111101111111111110, sa_flags=SA_RESTART|SA_SIGINFO
SIGILL: [libjvm.so+0xd18a40], sa_mask[0]=11111111011111111101111111111110, sa_flags=SA_RESTART|SA_SIGINFO
SIGUSR2: [libjvm.so+0xb21b80], sa_mask[0]=00100000000000000000000000000000, sa_flags=SA_RESTART|SA_SIGINFO
SIGHUP: [libjvm.so+0xb220f0], sa_mask[0]=11111111011111111101111111111110, sa_flags=SA_RESTART|SA_SIGINFO
SIGINT: [libjvm.so+0xb220f0], sa_mask[0]=11111111011111111101111111111110, sa_flags=SA_RESTART|SA_SIGINFO
SIGTERM: [libjvm.so+0xb220f0], sa_mask[0]=11111111011111111101111111111110, sa_flags=SA_RESTART|SA_SIGINFO
SIGQUIT: [libjvm.so+0xb220f0], sa_mask[0]=11111111011111111101111111111110, sa_flags=SA_RESTART|SA_SIGINFO


---------------  S Y S T E M  ---------------

OS:DISTRIB_ID=Ubuntu
DISTRIB_RELEASE=18.10
DISTRIB_CODENAME=cosmic
DISTRIB_DESCRIPTION="Ubuntu 18.10"
uname:Linux 4.18.0-25-generic #26-Ubuntu SMP Mon Jun 24 09:32:08 UTC 2019 x86_64
libc:glibc 2.28 NPTL 2.28 
rlimit: STACK 8192k, CORE 0k, NPROC 63390, NOFILE 1048576, AS infinity, DATA infinity, FSIZE infinity
load average:1.26 1.13 0.94

/proc/meminfo:
MemTotal:       16273812 kB
MemFree:        10935812 kB
MemAvailable:   13310768 kB
Buffers:          484024 kB
Cached:          2106144 kB
SwapCached:            0 kB
Active:          3457680 kB
Inactive:        1196408 kB
Active(anon):    2065832 kB
Inactive(anon):   278740 kB
Active(file):    1391848 kB
Inactive(file):   917668 kB
Unevictable:          64 kB
Mlocked:              64 kB
SwapTotal:       2097148 kB
SwapFree:        2097148 kB
Dirty:              8336 kB
Writeback:             0 kB
AnonPages:       2064384 kB
Mapped:           549828 kB
Shmem:            280176 kB
Slab:             557368 kB
SReclaimable:     401292 kB
SUnreclaim:       156076 kB
KernelStack:       12520 kB
PageTables:        26072 kB
NFS_Unstable:          0 kB
Bounce:                0 kB
WritebackTmp:          0 kB
CommitLimit:    10234052 kB
Committed_AS:    6848644 kB
VmallocTotal:   34359738367 kB
VmallocUsed:           0 kB
VmallocChunk:          0 kB
HardwareCorrupted:     0 kB
AnonHugePages:         0 kB
ShmemHugePages:        0 kB
ShmemPmdMapped:        0 kB
CmaTotal:              0 kB
CmaFree:               0 kB
HugePages_Total:       0
HugePages_Free:        0
HugePages_Rsvd:        0
HugePages_Surp:        0
Hugepagesize:       2048 kB
Hugetlb:               0 kB
DirectMap4k:      266444 kB
DirectMap2M:     7970816 kB
DirectMap1G:     8388608 kB


/proc/sys/kernel/threads-max (system-wide limit on the number of threads):
126780


/proc/sys/vm/max_map_count (maximum number of memory map areas a process may have):
65530


/proc/sys/kernel/pid_max (system-wide limit on number of process identifiers):
32768



container (cgroup) information:
container_type: cgroupv1
cpu_cpuset_cpus: 0-7
cpu_memory_nodes: 0
active_processor_count: 8
cpu_quota: -1
cpu_period: 100000
cpu_shares: -1
memory_limit_in_bytes: -1
memory_and_swap_limit_in_bytes: -2
memory_soft_limit_in_bytes: -1
memory_usage_in_bytes: 2488266752
memory_max_usage_in_bytes: 2701291520


CPU:total 8 (initial active 8) (4 cores per cpu, 2 threads per core) family 6 model 158 stepping 9, cmov, cx8, fxsr, mmx, sse, sse2, sse3, ssse3, sse4.1, sse4.2, popcnt, avx, avx2, aes, clmul, erms, rtm, 3dnowpref, lzcnt, ht, tsc, tscinvbit, bmi1, bmi2, adx, fma
CPU Model and flags from /proc/cpuinfo:
model name	: Intel(R) Core(TM) i7-7700 CPU @ 3.60GHz
flags		: fpu vme de pse tsc msr pae mce cx8 apic sep mtrr pge mca cmov pat pse36 clflush dts acpi mmx fxsr sse sse2 ss ht tm pbe syscall nx pdpe1gb rdtscp lm constant_tsc art arch_perfmon pebs bts rep_good nopl xtopology nonstop_tsc cpuid aperfmperf tsc_known_freq pni pclmulqdq dtes64 monitor ds_cpl vmx smx est tm2 ssse3 sdbg fma cx16 xtpr pdcm pcid sse4_1 sse4_2 x2apic movbe popcnt tsc_deadline_timer aes xsave avx f16c rdrand lahf_lm abm 3dnowprefetch cpuid_fault epb invpcid_single pti ssbd ibrs ibpb stibp tpr_shadow vnmi flexpriority ept vpid fsgsbase tsc_adjust bmi1 hle avx2 smep bmi2 erms invpcid rtm mpx rdseed adx smap clflushopt intel_pt xsaveopt xsavec xgetbv1 xsaves dtherm ida arat pln pts hwp hwp_notify hwp_act_window hwp_epp md_clear flush_l1d

Memory: 4k page, physical 16273812k(10935812k free), swap 2097148k(2097148k free)

vm_info: OpenJDK 64-Bit Server VM (11.0.3+7-Ubuntu-1ubuntu218.10.1) for linux-amd64 JRE (11.0.3+7-Ubuntu-1ubuntu218.10.1), built on Apr 23 2019 18:34:35 by "buildd" with gcc 8.2.0

END.
