#
# A fatal error has been detected by the Java Runtime Environment:
#
#  SIGSEGV (0xb) at pc=0x00007f6fe6a29d47, pid=4601, tid=4602
#
# JRE version: OpenJDK Runtime Environment (11.0.3+7) (build 11.0.3+7-Ubuntu-1ubuntu218.10.1)
# Java VM: OpenJDK 64-Bit Server VM (11.0.3+7-Ubuntu-1ubuntu218.10.1, mixed mode, sharing, tiered, compressed oops, g1 gc, linux-amd64)
# Problematic frame:
# C  [libc.so.6+0x183d47]
#
# No core dump will be written. Core dumps have been disabled. To enable core dumping, try "ulimit -c unlimited" before starting Java again
#
# If you would like to submit a bug report, please visit:
#   http://bugreport.java.com/bugreport/crash.jsp
# The crash happened outside the Java Virtual Machine in native code.
# See problematic frame for where to report the bug.
#

---------------  S U M M A R Y ------------

Command Line: -Xdebug -Xnoagent -Djava.compiler=NONE -Xrunjdwp:transport=dt_socket,address=localhost:44117,server=n,suspend=y -Dfile.encoding=UTF-8 MemoryFS

Host: Intel(R) Core(TM) i7-7700 CPU @ 3.60GHz, 8 cores, 15G, Ubuntu 18.10
Time: Mon Sep 30 10:44:30 2019 NZDT elapsed time: 7 seconds (0d 0h 0m 7s)

---------------  T H R E A D  ---------------

Current thread (0x00007f6fe0011800):  JavaThread "main" [_thread_in_native, id=4602, stack(0x00007f6fe511e000,0x00007f6fe521f000)]

Stack: [0x00007f6fe511e000,0x00007f6fe521f000],  sp=0x00007f6fe521cf48,  free space=1019k
Native frames: (J=compiled Java code, A=aot compiled Java code, j=interpreted, Vv=VM code, C=native code)
C  [libc.so.6+0x183d47]

Java frames: (J=compiled Java code, j=interpreted, Vv=VM code)
j  com.kenai.jffi.Foreign.invokeN4O1(JJJJJJLjava/lang/Object;III)J+0
j  com.kenai.jffi.Invoker.invokeN4(Lcom/kenai/jffi/CallContext;JJJJJILjava/lang/Object;Lcom/kenai/jffi/ObjectParameterStrategy;Lcom/kenai/jffi/ObjectParameterInfo;Ljava/lang/Object;Lcom/kenai/jffi/ObjectParameterStrategy;Lcom/kenai/jffi/ObjectParameterInfo;)J+100
j  com.github.lukethompsxn.edufuse.util.FUSELink$jnr$ffi$0.edufuse_register(I[Ljava/lang/String;Lcom/github/lukethompsxn/edufuse/struct/FuseOperations;I)I+189
j  com.github.lukethompsxn.edufuse.filesystem.AbstractFS.mount([Ljava/lang/String;Z)V+146
j  MemoryFS.main([Ljava/lang/String;)V+11
v  ~StubRoutines::call_stub

siginfo: si_signo: 11 (SIGSEGV), si_code: 1 (SEGV_MAPERR), si_addr: 0x0000000000000000

Register to memory mapping:

RAX=0x00007f6fb8049000 points into unknown readable memory: 00 00 00 00 00 00 00 00
RBX=0x00007f6fe521d060 is pointing into the stack for thread: 0x00007f6fe0011800
RCX=0x0 is NULL
RDX=0x00007f6fb802ce80: <offset 0x000000000002be80> in /lib/x86_64-linux-gnu/libfuse.so.2 at 0x00007f6fb8001000
RSP=0x00007f6fe521cf48 is pointing into the stack for thread: 0x00007f6fe0011800
RBP=0x00007f6fe521cfcc is pointing into the stack for thread: 0x00007f6fe0011800
RSI=0x000000000000002f is an unknown value
RDI=0x0 is NULL
R8 =0x00007f6fe521d060 is pointing into the stack for thread: 0x00007f6fe0011800
R9 =0x00007f6fe521d05c is pointing into the stack for thread: 0x00007f6fe0011800
R10=0x000000000000000d is an unknown value
R11=0x00007f6fb801ba30: fuse_main_real+0x0000000000000000 in /lib/x86_64-linux-gnu/libfuse.so.2 at 0x00007f6fb8001000
R12=0x00007f6fe521d05c is pointing into the stack for thread: 0x00007f6fe0011800
R13=0x00007f6fe521cfd0 is pointing into the stack for thread: 0x00007f6fe0011800
R14=0x0 is NULL
R15=0x0 is NULL


Registers:
RAX=0x00007f6fb8049000, RBX=0x00007f6fe521d060, RCX=0x0000000000000000, RDX=0x00007f6fb802ce80
RSP=0x00007f6fe521cf48, RBP=0x00007f6fe521cfcc, RSI=0x000000000000002f, RDI=0x0000000000000000
R8 =0x00007f6fe521d060, R9 =0x00007f6fe521d05c, R10=0x000000000000000d, R11=0x00007f6fb801ba30
R12=0x00007f6fe521d05c, R13=0x00007f6fe521cfd0, R14=0x0000000000000000, R15=0x0000000000000000
RIP=0x00007f6fe6a29d47, EFLAGS=0x0000000000010283, CSGSFS=0x002b000000000033, ERR=0x0000000000000004
  TRAPNO=0x000000000000000e

Top of Stack: (sp=0x00007f6fe521cf48)
0x00007f6fe521cf48:   00007f6fb801b4ac 0000000000000000
0x00007f6fe521cf58:   0000000000000000 0000000000000000
0x00007f6fe521cf68:   0873e42ef7612a00 0000000000000000
0x00007f6fe521cf78:   00007f6fe521cfd0 00007f6fe521d060 

Instructions: (pc=0x00007f6fe6a29d47)
0x00007f6fe6a29d27:   01 f8 c5 f8 77 c3 0f 1f 00 66 0f 6e e6 89 f9 c4
0x00007f6fe6a29d37:   e2 7d 78 e4 c5 fd ef c0 83 e1 3f 83 f9 20 77 59
0x00007f6fe6a29d47:   c5 fe 6f 0f c5 fd 74 d1 c5 dd 74 d9 c5 fd d7 ca
0x00007f6fe6a29d57:   c5 fd d7 c3 48 83 c7 20 85 c0 75 1d 85 c9 0f 85 

Stack slot to memory mapping:
stack at sp + 0 slots: 0x00007f6fb801b4ac: fuse_parse_cmdline+0x00000000000000cc in /lib/x86_64-linux-gnu/libfuse.so.2 at 0x00007f6fb8001000
stack at sp + 1 slots: 0x0 is NULL
stack at sp + 2 slots: 0x0 is NULL
stack at sp + 3 slots: 0x0 is NULL
stack at sp + 4 slots: 0x0873e42ef7612a00 is an unknown value
stack at sp + 5 slots: 0x0 is NULL
stack at sp + 6 slots: 0x00007f6fe521cfd0 is pointing into the stack for thread: 0x00007f6fe0011800
stack at sp + 7 slots: 0x00007f6fe521d060 is pointing into the stack for thread: 0x00007f6fe0011800


---------------  P R O C E S S  ---------------

Threads class SMR info:
_java_thread_list=0x00007f6fe0461f80, length=13, elements={
0x00007f6fe0011800, 0x00007f6fe01c7000, 0x00007f6fe01c9000, 0x00007f6fe01ce800,
0x00007f6fe01d0800, 0x00007f6fe01d2800, 0x00007f6fe01d4800, 0x00007f6fe0251800,
0x00007f6fe0254800, 0x00007f6f88001800, 0x00007f6fe0256800, 0x00007f6fe0260000,
0x00007f6fe0461000
}

Java Threads: ( => current thread )
=>0x00007f6fe0011800 JavaThread "main" [_thread_in_native, id=4602, stack(0x00007f6fe511e000,0x00007f6fe521f000)]
  0x00007f6fe01c7000 JavaThread "Reference Handler" daemon [_thread_blocked, id=4609, stack(0x00007f6fb82bd000,0x00007f6fb83be000)]
  0x00007f6fe01c9000 JavaThread "Finalizer" daemon [_thread_blocked, id=4610, stack(0x00007f6fb81bc000,0x00007f6fb82bd000)]
  0x00007f6fe01ce800 JavaThread "Signal Dispatcher" daemon [_thread_blocked, id=4611, stack(0x00007f6fb80bb000,0x00007f6fb81bc000)]
  0x00007f6fe01d0800 JavaThread "C2 CompilerThread0" daemon [_thread_blocked, id=4612, stack(0x00007f6f9b124000,0x00007f6f9b225000)]
  0x00007f6fe01d2800 JavaThread "C1 CompilerThread0" daemon [_thread_blocked, id=4613, stack(0x00007f6f9b023000,0x00007f6f9b124000)]
  0x00007f6fe01d4800 JavaThread "Sweeper thread" daemon [_thread_blocked, id=4614, stack(0x00007f6f9af22000,0x00007f6f9b023000)]
  0x00007f6fe0251800 JavaThread "JDWP Transport Listener: dt_socket" daemon [_thread_blocked, id=4616, stack(0x00007f6f9ae21000,0x00007f6f9af22000)]
  0x00007f6fe0254800 JavaThread "JDWP Event Helper Thread" daemon [_thread_blocked, id=4617, stack(0x00007f6f9ad20000,0x00007f6f9ae21000)]
  0x00007f6f88001800 JavaThread "JDWP Command Reader" daemon [_thread_in_native, id=4618, stack(0x00007f6f9ac1f000,0x00007f6f9ad20000)]
  0x00007f6fe0256800 JavaThread "Service Thread" daemon [_thread_blocked, id=4626, stack(0x00007f6f9ab1e000,0x00007f6f9ac1f000)]
  0x00007f6fe0260000 JavaThread "Common-Cleaner" daemon [_thread_blocked, id=4628, stack(0x00007f6f9a91b000,0x00007f6f9aa1c000)]
  0x00007f6fe0461000 JavaThread "jnr.ffi.util.ref.internal.Finalizer" daemon [_thread_blocked, id=4644, stack(0x00007f6f99df5000,0x00007f6f99ef6000)]

Other Threads:
  0x00007f6fe01c4000 VMThread "VM Thread" [stack: 0x00007f6fb83c0000,0x00007f6fb84c0000] [id=4608]
  0x00007f6fe0259000 WatcherThread [stack: 0x00007f6f9aa1e000,0x00007f6f9ab1e000] [id=4627]
  0x00007f6fe0028000 GCTaskThread "GC Thread#0" [stack: 0x00007f6fe4d80000,0x00007f6fe4e80000] [id=4603]
  0x00007f6fa8001000 GCTaskThread "GC Thread#1" [stack: 0x00007f6f9a609000,0x00007f6f9a709000] [id=4630]
  0x00007f6fa8002800 GCTaskThread "GC Thread#2" [stack: 0x00007f6f9a507000,0x00007f6f9a607000] [id=4631]
  0x00007f6fa8004000 GCTaskThread "GC Thread#3" [stack: 0x00007f6f9a405000,0x00007f6f9a505000] [id=4632]
  0x00007f6fa8005800 GCTaskThread "GC Thread#4" [stack: 0x00007f6f9a303000,0x00007f6f9a403000] [id=4633]
  0x00007f6fa8007000 GCTaskThread "GC Thread#5" [stack: 0x00007f6f9a201000,0x00007f6f9a301000] [id=4634]
  0x00007f6fe0086000 ConcurrentGCThread "G1 Main Marker" [stack: 0x00007f6fe4375000,0x00007f6fe4475000] [id=4604]
  0x00007f6fe0087800 ConcurrentGCThread "G1 Conc#0" [stack: 0x00007f6fe4273000,0x00007f6fe4373000] [id=4605]
  0x00007f6fb4001000 ConcurrentGCThread "G1 Conc#1" [stack: 0x00007f6f9a0ff000,0x00007f6f9a1ff000] [id=4642]
  0x00007f6fe0187800 ConcurrentGCThread "G1 Refine#0" [stack: 0x00007f6fb8e45000,0x00007f6fb8f45000] [id=4606]
  0x00007f6fe0189000 ConcurrentGCThread "G1 Young RemSet Sampling" [stack: 0x00007f6fb8d43000,0x00007f6fb8e43000] [id=4607]

Threads with active compile tasks:

VM state:not at safepoint (normal execution)

VM Mutex/Monitor currently owned by a thread: None

Heap address: 0x0000000707a00000, size: 3974 MB, Compressed Oops mode: Zero based, Oop shift amount: 3
Narrow klass base: 0x0000000800000000, Narrow klass shift: 3
Compressed class space size: 1073741824 Address: 0x0000000840000000

Heap:
 garbage-first heap   total 258048K, used 143573K [0x0000000707a00000, 0x0000000800000000)
  region size 1024K, 15 young (15360K), 5 survivors (5120K)
 Metaspace       used 5091K, capacity 7482K, committed 7808K, reserved 1056768K
  class space    used 563K, capacity 829K, committed 896K, reserved 1048576K
Heap Regions: E=young(eden), S=young(survivor), O=old, HS=humongous(starts), HC=humongous(continues), CS=collection set, F=free, A=archive, TAMS=top-at-mark-start (previous, next)
|   0|0x0000000707a00000, 0x0000000707b00000, 0x0000000707b00000|100%| O|  |TAMS 0x0000000707b00000, 0x0000000707a00000| Untracked 
|   1|0x0000000707b00000, 0x0000000707c00000, 0x0000000707c00000|100%| O|  |TAMS 0x0000000707c00000, 0x0000000707b00000| Untracked 
|   2|0x0000000707c00000, 0x0000000707d00000, 0x0000000707d00000|100%| O|  |TAMS 0x0000000707d00000, 0x0000000707c00000| Untracked 
|   3|0x0000000707d00000, 0x0000000707e00000, 0x0000000707e00000|100%| O|  |TAMS 0x0000000707e00000, 0x0000000707d00000| Untracked 
|   4|0x0000000707e00000, 0x0000000707f00000, 0x0000000707f00000|100%| O|  |TAMS 0x0000000707f00000, 0x0000000707e00000| Untracked 
|   5|0x0000000707f00000, 0x0000000708000000, 0x0000000708000000|100%| O|  |TAMS 0x0000000708000000, 0x0000000707f00000| Untracked 
|   6|0x0000000708000000, 0x0000000708100000, 0x0000000708100000|100%| O|  |TAMS 0x0000000708100000, 0x0000000708000000| Untracked 
|   7|0x0000000708100000, 0x0000000708200000, 0x0000000708200000|100%| O|  |TAMS 0x0000000708200000, 0x0000000708100000| Untracked 
|   8|0x0000000708200000, 0x0000000708300000, 0x0000000708300000|100%| O|  |TAMS 0x0000000708300000, 0x0000000708200000| Untracked 
|   9|0x0000000708300000, 0x0000000708400000, 0x0000000708400000|100%| O|  |TAMS 0x0000000708400000, 0x0000000708300000| Untracked 
|  10|0x0000000708400000, 0x0000000708500000, 0x0000000708500000|100%| O|  |TAMS 0x0000000708500000, 0x0000000708400000| Untracked 
|  11|0x0000000708500000, 0x0000000708600000, 0x0000000708600000|100%| O|  |TAMS 0x0000000708600000, 0x0000000708500000| Untracked 
|  12|0x0000000708600000, 0x0000000708700000, 0x0000000708700000|100%| O|  |TAMS 0x0000000708700000, 0x0000000708600000| Untracked 
|  13|0x0000000708700000, 0x0000000708800000, 0x0000000708800000|100%| O|  |TAMS 0x0000000708800000, 0x0000000708700000| Untracked 
|  14|0x0000000708800000, 0x0000000708900000, 0x0000000708900000|100%| O|  |TAMS 0x0000000708900000, 0x0000000708800000| Untracked 
|  15|0x0000000708900000, 0x0000000708a00000, 0x0000000708a00000|100%| O|  |TAMS 0x0000000708a00000, 0x0000000708900000| Untracked 
|  16|0x0000000708a00000, 0x0000000708b00000, 0x0000000708b00000|100%| O|  |TAMS 0x0000000708b00000, 0x0000000708a00000| Untracked 
|  17|0x0000000708b00000, 0x0000000708c00000, 0x0000000708c00000|100%| O|  |TAMS 0x0000000708c00000, 0x0000000708b00000| Untracked 
|  18|0x0000000708c00000, 0x0000000708d00000, 0x0000000708d00000|100%| O|  |TAMS 0x0000000708d00000, 0x0000000708c00000| Untracked 
|  19|0x0000000708d00000, 0x0000000708e00000, 0x0000000708e00000|100%| O|  |TAMS 0x0000000708e00000, 0x0000000708d00000| Untracked 
|  20|0x0000000708e00000, 0x0000000708f00000, 0x0000000708f00000|100%| O|  |TAMS 0x0000000708f00000, 0x0000000708e00000| Untracked 
|  21|0x0000000708f00000, 0x0000000709000000, 0x0000000709000000|100%| O|  |TAMS 0x0000000709000000, 0x0000000708f00000| Untracked 
|  22|0x0000000709000000, 0x0000000709100000, 0x0000000709100000|100%| O|  |TAMS 0x0000000709100000, 0x0000000709000000| Untracked 
|  23|0x0000000709100000, 0x0000000709200000, 0x0000000709200000|100%| O|  |TAMS 0x0000000709200000, 0x0000000709100000| Untracked 
|  24|0x0000000709200000, 0x0000000709300000, 0x0000000709300000|100%| O|  |TAMS 0x0000000709300000, 0x0000000709200000| Untracked 
|  25|0x0000000709300000, 0x0000000709400000, 0x0000000709400000|100%| O|  |TAMS 0x0000000709400000, 0x0000000709300000| Untracked 
|  26|0x0000000709400000, 0x0000000709500000, 0x0000000709500000|100%| O|  |TAMS 0x0000000709500000, 0x0000000709400000| Untracked 
|  27|0x0000000709500000, 0x0000000709600000, 0x0000000709600000|100%| O|  |TAMS 0x0000000709600000, 0x0000000709500000| Untracked 
|  28|0x0000000709600000, 0x0000000709700000, 0x0000000709700000|100%| O|  |TAMS 0x0000000709700000, 0x0000000709600000| Untracked 
|  29|0x0000000709700000, 0x0000000709800000, 0x0000000709800000|100%| O|  |TAMS 0x0000000709800000, 0x0000000709700000| Untracked 
|  30|0x0000000709800000, 0x0000000709900000, 0x0000000709900000|100%| O|  |TAMS 0x0000000709900000, 0x0000000709800000| Untracked 
|  31|0x0000000709900000, 0x0000000709a00000, 0x0000000709a00000|100%| O|  |TAMS 0x0000000709a00000, 0x0000000709900000| Untracked 
|  32|0x0000000709a00000, 0x0000000709b00000, 0x0000000709b00000|100%| O|  |TAMS 0x0000000709b00000, 0x0000000709a00000| Untracked 
|  33|0x0000000709b00000, 0x0000000709c00000, 0x0000000709c00000|100%| O|  |TAMS 0x0000000709c00000, 0x0000000709b00000| Untracked 
|  34|0x0000000709c00000, 0x0000000709d00000, 0x0000000709d00000|100%| O|  |TAMS 0x0000000709d00000, 0x0000000709c00000| Untracked 
|  35|0x0000000709d00000, 0x0000000709e00000, 0x0000000709e00000|100%| O|  |TAMS 0x0000000709e00000, 0x0000000709d00000| Untracked 
|  36|0x0000000709e00000, 0x0000000709f00000, 0x0000000709f00000|100%| O|  |TAMS 0x0000000709f00000, 0x0000000709e00000| Untracked 
|  37|0x0000000709f00000, 0x000000070a000000, 0x000000070a000000|100%| O|  |TAMS 0x000000070a000000, 0x0000000709f00000| Untracked 
|  38|0x000000070a000000, 0x000000070a100000, 0x000000070a100000|100%| O|  |TAMS 0x000000070a100000, 0x000000070a000000| Untracked 
|  39|0x000000070a100000, 0x000000070a200000, 0x000000070a200000|100%| O|  |TAMS 0x000000070a200000, 0x000000070a100000| Untracked 
|  40|0x000000070a200000, 0x000000070a300000, 0x000000070a300000|100%| O|  |TAMS 0x000000070a300000, 0x000000070a200000| Untracked 
|  41|0x000000070a300000, 0x000000070a400000, 0x000000070a400000|100%| O|  |TAMS 0x000000070a400000, 0x000000070a300000| Untracked 
|  42|0x000000070a400000, 0x000000070a500000, 0x000000070a500000|100%| O|  |TAMS 0x000000070a500000, 0x000000070a400000| Untracked 
|  43|0x000000070a500000, 0x000000070a600000, 0x000000070a600000|100%| O|  |TAMS 0x000000070a600000, 0x000000070a500000| Untracked 
|  44|0x000000070a600000, 0x000000070a700000, 0x000000070a700000|100%| O|  |TAMS 0x000000070a700000, 0x000000070a600000| Untracked 
|  45|0x000000070a700000, 0x000000070a800000, 0x000000070a800000|100%| O|  |TAMS 0x000000070a800000, 0x000000070a700000| Untracked 
|  46|0x000000070a800000, 0x000000070a900000, 0x000000070a900000|100%| O|  |TAMS 0x000000070a900000, 0x000000070a800000| Untracked 
|  47|0x000000070a900000, 0x000000070aa00000, 0x000000070aa00000|100%| O|  |TAMS 0x000000070aa00000, 0x000000070a900000| Untracked 
|  48|0x000000070aa00000, 0x000000070ab00000, 0x000000070ab00000|100%| O|  |TAMS 0x000000070ab00000, 0x000000070aa00000| Untracked 
|  49|0x000000070ab00000, 0x000000070ac00000, 0x000000070ac00000|100%| O|  |TAMS 0x000000070ac00000, 0x000000070ab00000| Untracked 
|  50|0x000000070ac00000, 0x000000070ad00000, 0x000000070ad00000|100%| O|  |TAMS 0x000000070ad00000, 0x000000070ac00000| Untracked 
|  51|0x000000070ad00000, 0x000000070ae00000, 0x000000070ae00000|100%| O|  |TAMS 0x000000070ae00000, 0x000000070ad00000| Untracked 
|  52|0x000000070ae00000, 0x000000070af00000, 0x000000070af00000|100%| O|  |TAMS 0x000000070af00000, 0x000000070ae00000| Untracked 
|  53|0x000000070af00000, 0x000000070b000000, 0x000000070b000000|100%| O|  |TAMS 0x000000070b000000, 0x000000070af00000| Untracked 
|  54|0x000000070b000000, 0x000000070b100000, 0x000000070b100000|100%| O|  |TAMS 0x000000070b100000, 0x000000070b000000| Untracked 
|  55|0x000000070b100000, 0x000000070b200000, 0x000000070b200000|100%| O|  |TAMS 0x000000070b200000, 0x000000070b100000| Untracked 
|  56|0x000000070b200000, 0x000000070b300000, 0x000000070b300000|100%| O|  |TAMS 0x000000070b300000, 0x000000070b200000| Untracked 
|  57|0x000000070b300000, 0x000000070b400000, 0x000000070b400000|100%| O|  |TAMS 0x000000070b400000, 0x000000070b300000| Untracked 
|  58|0x000000070b400000, 0x000000070b500000, 0x000000070b500000|100%| O|  |TAMS 0x000000070b500000, 0x000000070b400000| Untracked 
|  59|0x000000070b500000, 0x000000070b600000, 0x000000070b600000|100%| O|  |TAMS 0x000000070b600000, 0x000000070b500000| Untracked 
|  60|0x000000070b600000, 0x000000070b696600, 0x000000070b700000| 58%| O|  |TAMS 0x000000070b696600, 0x000000070b600000| Untracked 
|  61|0x000000070b700000, 0x000000070b800000, 0x000000070b800000|100%|HS|  |TAMS 0x000000070b700000, 0x000000070b700000| Complete 
|  62|0x000000070b800000, 0x000000070b900000, 0x000000070b900000|100%|HC|  |TAMS 0x000000070b800000, 0x000000070b800000| Complete 
|  63|0x000000070b900000, 0x000000070ba00000, 0x000000070ba00000|100%|HC|  |TAMS 0x000000070b900000, 0x000000070b900000| Complete 
|  64|0x000000070ba00000, 0x000000070bb00000, 0x000000070bb00000|100%|HC|  |TAMS 0x000000070ba00000, 0x000000070ba00000| Complete 
|  65|0x000000070bb00000, 0x000000070bc00000, 0x000000070bc00000|100%|HC|  |TAMS 0x000000070bb00000, 0x000000070bb00000| Complete 
|  66|0x000000070bc00000, 0x000000070bd00000, 0x000000070bd00000|100%|HC|  |TAMS 0x000000070bc00000, 0x000000070bc00000| Complete 
|  67|0x000000070bd00000, 0x000000070be00000, 0x000000070be00000|100%|HC|  |TAMS 0x000000070bd00000, 0x000000070bd00000| Complete 
|  68|0x000000070be00000, 0x000000070bf00000, 0x000000070bf00000|100%|HC|  |TAMS 0x000000070be00000, 0x000000070be00000| Complete 
|  69|0x000000070bf00000, 0x000000070c000000, 0x000000070c000000|100%|HC|  |TAMS 0x000000070bf00000, 0x000000070bf00000| Complete 
|  70|0x000000070c000000, 0x000000070c100000, 0x000000070c100000|100%|HC|  |TAMS 0x000000070c000000, 0x000000070c000000| Complete 
|  71|0x000000070c100000, 0x000000070c200000, 0x000000070c200000|100%|HC|  |TAMS 0x000000070c100000, 0x000000070c100000| Complete 
|  72|0x000000070c200000, 0x000000070c300000, 0x000000070c300000|100%|HC|  |TAMS 0x000000070c200000, 0x000000070c200000| Complete 
|  73|0x000000070c300000, 0x000000070c400000, 0x000000070c400000|100%|HC|  |TAMS 0x000000070c300000, 0x000000070c300000| Complete 
|  74|0x000000070c400000, 0x000000070c500000, 0x000000070c500000|100%|HC|  |TAMS 0x000000070c400000, 0x000000070c400000| Complete 
|  75|0x000000070c500000, 0x000000070c600000, 0x000000070c600000|100%|HC|  |TAMS 0x000000070c500000, 0x000000070c500000| Complete 
|  76|0x000000070c600000, 0x000000070c700000, 0x000000070c700000|100%|HC|  |TAMS 0x000000070c600000, 0x000000070c600000| Complete 
|  77|0x000000070c700000, 0x000000070c800000, 0x000000070c800000|100%|HC|  |TAMS 0x000000070c700000, 0x000000070c700000| Complete 
|  78|0x000000070c800000, 0x000000070c900000, 0x000000070c900000|100%|HC|  |TAMS 0x000000070c800000, 0x000000070c800000| Complete 
|  79|0x000000070c900000, 0x000000070ca00000, 0x000000070ca00000|100%|HC|  |TAMS 0x000000070c900000, 0x000000070c900000| Complete 
|  80|0x000000070ca00000, 0x000000070cb00000, 0x000000070cb00000|100%|HC|  |TAMS 0x000000070ca00000, 0x000000070ca00000| Complete 
|  81|0x000000070cb00000, 0x000000070cc00000, 0x000000070cc00000|100%|HC|  |TAMS 0x000000070cb00000, 0x000000070cb00000| Complete 
|  82|0x000000070cc00000, 0x000000070cd00000, 0x000000070cd00000|100%|HC|  |TAMS 0x000000070cc00000, 0x000000070cc00000| Complete 
|  83|0x000000070cd00000, 0x000000070ce00000, 0x000000070ce00000|100%|HC|  |TAMS 0x000000070cd00000, 0x000000070cd00000| Complete 
|  84|0x000000070ce00000, 0x000000070cf00000, 0x000000070cf00000|100%|HC|  |TAMS 0x000000070ce00000, 0x000000070ce00000| Complete 
|  85|0x000000070cf00000, 0x000000070d000000, 0x000000070d000000|100%|HC|  |TAMS 0x000000070cf00000, 0x000000070cf00000| Complete 
|  86|0x000000070d000000, 0x000000070d100000, 0x000000070d100000|100%|HC|  |TAMS 0x000000070d000000, 0x000000070d000000| Complete 
|  87|0x000000070d100000, 0x000000070d200000, 0x000000070d200000|100%|HC|  |TAMS 0x000000070d100000, 0x000000070d100000| Complete 
|  88|0x000000070d200000, 0x000000070d300000, 0x000000070d300000|100%|HC|  |TAMS 0x000000070d200000, 0x000000070d200000| Complete 
|  89|0x000000070d300000, 0x000000070d400000, 0x000000070d400000|100%|HC|  |TAMS 0x000000070d300000, 0x000000070d300000| Complete 
|  90|0x000000070d400000, 0x000000070d500000, 0x000000070d500000|100%|HC|  |TAMS 0x000000070d400000, 0x000000070d400000| Complete 
|  91|0x000000070d500000, 0x000000070d600000, 0x000000070d600000|100%|HC|  |TAMS 0x000000070d500000, 0x000000070d500000| Complete 
|  92|0x000000070d600000, 0x000000070d700000, 0x000000070d700000|100%|HC|  |TAMS 0x000000070d600000, 0x000000070d600000| Complete 
|  93|0x000000070d700000, 0x000000070d800000, 0x000000070d800000|100%|HC|  |TAMS 0x000000070d700000, 0x000000070d700000| Complete 
|  94|0x000000070d800000, 0x000000070d900000, 0x000000070d900000|100%|HC|  |TAMS 0x000000070d800000, 0x000000070d800000| Complete 
|  95|0x000000070d900000, 0x000000070da00000, 0x000000070da00000|100%|HC|  |TAMS 0x000000070d900000, 0x000000070d900000| Complete 
|  96|0x000000070da00000, 0x000000070db00000, 0x000000070db00000|100%|HC|  |TAMS 0x000000070da00000, 0x000000070da00000| Complete 
|  97|0x000000070db00000, 0x000000070dc00000, 0x000000070dc00000|100%|HC|  |TAMS 0x000000070db00000, 0x000000070db00000| Complete 
|  98|0x000000070dc00000, 0x000000070dd00000, 0x000000070dd00000|100%|HC|  |TAMS 0x000000070dc00000, 0x000000070dc00000| Complete 
|  99|0x000000070dd00000, 0x000000070de00000, 0x000000070de00000|100%|HC|  |TAMS 0x000000070dd00000, 0x000000070dd00000| Complete 
| 100|0x000000070de00000, 0x000000070df00000, 0x000000070df00000|100%|HC|  |TAMS 0x000000070de00000, 0x000000070de00000| Complete 
| 101|0x000000070df00000, 0x000000070e000000, 0x000000070e000000|100%|HC|  |TAMS 0x000000070df00000, 0x000000070df00000| Complete 
| 102|0x000000070e000000, 0x000000070e100000, 0x000000070e100000|100%|HC|  |TAMS 0x000000070e000000, 0x000000070e000000| Complete 
| 103|0x000000070e100000, 0x000000070e200000, 0x000000070e200000|100%|HC|  |TAMS 0x000000070e100000, 0x000000070e100000| Complete 
| 104|0x000000070e200000, 0x000000070e300000, 0x000000070e300000|100%|HC|  |TAMS 0x000000070e200000, 0x000000070e200000| Complete 
| 105|0x000000070e300000, 0x000000070e400000, 0x000000070e400000|100%|HC|  |TAMS 0x000000070e300000, 0x000000070e300000| Complete 
| 106|0x000000070e400000, 0x000000070e500000, 0x000000070e500000|100%|HC|  |TAMS 0x000000070e400000, 0x000000070e400000| Complete 
| 107|0x000000070e500000, 0x000000070e600000, 0x000000070e600000|100%|HC|  |TAMS 0x000000070e500000, 0x000000070e500000| Complete 
| 108|0x000000070e600000, 0x000000070e700000, 0x000000070e700000|100%|HC|  |TAMS 0x000000070e600000, 0x000000070e600000| Complete 
| 109|0x000000070e700000, 0x000000070e800000, 0x000000070e800000|100%|HC|  |TAMS 0x000000070e700000, 0x000000070e700000| Complete 
| 110|0x000000070e800000, 0x000000070e900000, 0x000000070e900000|100%|HC|  |TAMS 0x000000070e800000, 0x000000070e800000| Complete 
| 111|0x000000070e900000, 0x000000070ea00000, 0x000000070ea00000|100%|HC|  |TAMS 0x000000070e900000, 0x000000070e900000| Complete 
| 112|0x000000070ea00000, 0x000000070eb00000, 0x000000070eb00000|100%|HC|  |TAMS 0x000000070ea00000, 0x000000070ea00000| Complete 
| 113|0x000000070eb00000, 0x000000070ec00000, 0x000000070ec00000|100%|HC|  |TAMS 0x000000070eb00000, 0x000000070eb00000| Complete 
| 114|0x000000070ec00000, 0x000000070ed00000, 0x000000070ed00000|100%|HC|  |TAMS 0x000000070ec00000, 0x000000070ec00000| Complete 
| 115|0x000000070ed00000, 0x000000070ee00000, 0x000000070ee00000|100%|HC|  |TAMS 0x000000070ed00000, 0x000000070ed00000| Complete 
| 116|0x000000070ee00000, 0x000000070ef00000, 0x000000070ef00000|100%|HC|  |TAMS 0x000000070ee00000, 0x000000070ee00000| Complete 
| 117|0x000000070ef00000, 0x000000070f000000, 0x000000070f000000|100%|HC|  |TAMS 0x000000070ef00000, 0x000000070ef00000| Complete 
| 118|0x000000070f000000, 0x000000070f100000, 0x000000070f100000|100%|HC|  |TAMS 0x000000070f000000, 0x000000070f000000| Complete 
| 119|0x000000070f100000, 0x000000070f200000, 0x000000070f200000|100%|HC|  |TAMS 0x000000070f100000, 0x000000070f100000| Complete 
| 120|0x000000070f200000, 0x000000070f300000, 0x000000070f300000|100%|HC|  |TAMS 0x000000070f200000, 0x000000070f200000| Complete 
| 121|0x000000070f300000, 0x000000070f400000, 0x000000070f400000|100%|HC|  |TAMS 0x000000070f300000, 0x000000070f300000| Complete 
| 122|0x000000070f400000, 0x000000070f500000, 0x000000070f500000|100%|HC|  |TAMS 0x000000070f400000, 0x000000070f400000| Complete 
| 123|0x000000070f500000, 0x000000070f600000, 0x000000070f600000|100%|HC|  |TAMS 0x000000070f500000, 0x000000070f500000| Complete 
| 124|0x000000070f600000, 0x000000070f700000, 0x000000070f700000|100%|HC|  |TAMS 0x000000070f600000, 0x000000070f600000| Complete 
| 125|0x000000070f700000, 0x000000070f800000, 0x000000070f800000|100%|HC|  |TAMS 0x000000070f700000, 0x000000070f700000| Complete 
| 126|0x000000070f800000, 0x000000070f800000, 0x000000070f900000|  0%| F|  |TAMS 0x000000070f800000, 0x000000070f800000| Untracked 
| 127|0x000000070f900000, 0x000000070f900000, 0x000000070fa00000|  0%| F|  |TAMS 0x000000070f900000, 0x000000070f900000| Untracked 
| 128|0x000000070fa00000, 0x000000070fa00000, 0x000000070fb00000|  0%| F|  |TAMS 0x000000070fa00000, 0x000000070fa00000| Untracked 
| 129|0x000000070fb00000, 0x000000070fb00000, 0x000000070fc00000|  0%| F|  |TAMS 0x000000070fb00000, 0x000000070fb00000| Untracked 
| 130|0x000000070fc00000, 0x000000070fc00000, 0x000000070fd00000|  0%| F|  |TAMS 0x000000070fc00000, 0x000000070fc00000| Untracked 
| 131|0x000000070fd00000, 0x000000070fd00000, 0x000000070fe00000|  0%| F|  |TAMS 0x000000070fd00000, 0x000000070fd00000| Untracked 
| 132|0x000000070fe00000, 0x000000070fe00000, 0x000000070ff00000|  0%| F|  |TAMS 0x000000070fe00000, 0x000000070fe00000| Untracked 
| 133|0x000000070ff00000, 0x000000070ff00000, 0x0000000710000000|  0%| F|  |TAMS 0x000000070ff00000, 0x000000070ff00000| Untracked 
| 134|0x0000000710000000, 0x0000000710000000, 0x0000000710100000|  0%| F|  |TAMS 0x0000000710000000, 0x0000000710000000| Untracked 
| 135|0x0000000710100000, 0x0000000710100000, 0x0000000710200000|  0%| F|  |TAMS 0x0000000710100000, 0x0000000710100000| Untracked 
| 136|0x0000000710200000, 0x0000000710200000, 0x0000000710300000|  0%| F|  |TAMS 0x0000000710200000, 0x0000000710200000| Untracked 
| 137|0x0000000710300000, 0x0000000710300000, 0x0000000710400000|  0%| F|  |TAMS 0x0000000710300000, 0x0000000710300000| Untracked 
| 138|0x0000000710400000, 0x0000000710400000, 0x0000000710500000|  0%| F|  |TAMS 0x0000000710400000, 0x0000000710400000| Untracked 
| 139|0x0000000710500000, 0x0000000710500000, 0x0000000710600000|  0%| F|  |TAMS 0x0000000710500000, 0x0000000710500000| Untracked 
| 140|0x0000000710600000, 0x0000000710600000, 0x0000000710700000|  0%| F|  |TAMS 0x0000000710600000, 0x0000000710600000| Untracked 
| 141|0x0000000710700000, 0x0000000710700000, 0x0000000710800000|  0%| F|  |TAMS 0x0000000710700000, 0x0000000710700000| Untracked 
| 142|0x0000000710800000, 0x0000000710800000, 0x0000000710900000|  0%| F|  |TAMS 0x0000000710800000, 0x0000000710800000| Untracked 
| 143|0x0000000710900000, 0x0000000710900000, 0x0000000710a00000|  0%| F|  |TAMS 0x0000000710900000, 0x0000000710900000| Untracked 
| 144|0x0000000710a00000, 0x0000000710a00000, 0x0000000710b00000|  0%| F|  |TAMS 0x0000000710a00000, 0x0000000710a00000| Untracked 
| 145|0x0000000710b00000, 0x0000000710b00000, 0x0000000710c00000|  0%| F|  |TAMS 0x0000000710b00000, 0x0000000710b00000| Untracked 
| 146|0x0000000710c00000, 0x0000000710c00000, 0x0000000710d00000|  0%| F|  |TAMS 0x0000000710c00000, 0x0000000710c00000| Untracked 
| 147|0x0000000710d00000, 0x0000000710d00000, 0x0000000710e00000|  0%| F|  |TAMS 0x0000000710d00000, 0x0000000710d00000| Untracked 
| 148|0x0000000710e00000, 0x0000000710e00000, 0x0000000710f00000|  0%| F|  |TAMS 0x0000000710e00000, 0x0000000710e00000| Untracked 
| 149|0x0000000710f00000, 0x0000000710f00000, 0x0000000711000000|  0%| F|  |TAMS 0x0000000710f00000, 0x0000000710f00000| Untracked 
| 150|0x0000000711000000, 0x0000000711000000, 0x0000000711100000|  0%| F|  |TAMS 0x0000000711000000, 0x0000000711000000| Untracked 
| 151|0x0000000711100000, 0x0000000711100000, 0x0000000711200000|  0%| F|  |TAMS 0x0000000711100000, 0x0000000711100000| Untracked 
| 152|0x0000000711200000, 0x0000000711200000, 0x0000000711300000|  0%| F|  |TAMS 0x0000000711200000, 0x0000000711200000| Untracked 
| 153|0x0000000711300000, 0x0000000711300000, 0x0000000711400000|  0%| F|  |TAMS 0x0000000711300000, 0x0000000711300000| Untracked 
| 154|0x0000000711400000, 0x0000000711400000, 0x0000000711500000|  0%| F|  |TAMS 0x0000000711400000, 0x0000000711400000| Untracked 
| 155|0x0000000711500000, 0x0000000711500000, 0x0000000711600000|  0%| F|  |TAMS 0x0000000711500000, 0x0000000711500000| Untracked 
| 156|0x0000000711600000, 0x0000000711600000, 0x0000000711700000|  0%| F|  |TAMS 0x0000000711600000, 0x0000000711600000| Untracked 
| 157|0x0000000711700000, 0x0000000711700000, 0x0000000711800000|  0%| F|  |TAMS 0x0000000711700000, 0x0000000711700000| Untracked 
| 158|0x0000000711800000, 0x0000000711800000, 0x0000000711900000|  0%| F|  |TAMS 0x0000000711800000, 0x0000000711800000| Untracked 
| 159|0x0000000711900000, 0x0000000711900000, 0x0000000711a00000|  0%| F|  |TAMS 0x0000000711900000, 0x0000000711900000| Untracked 
| 160|0x0000000711a00000, 0x0000000711a00000, 0x0000000711b00000|  0%| F|  |TAMS 0x0000000711a00000, 0x0000000711a00000| Untracked 
| 161|0x0000000711b00000, 0x0000000711b00000, 0x0000000711c00000|  0%| F|  |TAMS 0x0000000711b00000, 0x0000000711b00000| Untracked 
| 162|0x0000000711c00000, 0x0000000711c00000, 0x0000000711d00000|  0%| F|  |TAMS 0x0000000711c00000, 0x0000000711c00000| Untracked 
| 163|0x0000000711d00000, 0x0000000711d00000, 0x0000000711e00000|  0%| F|  |TAMS 0x0000000711d00000, 0x0000000711d00000| Untracked 
| 164|0x0000000711e00000, 0x0000000711e00000, 0x0000000711f00000|  0%| F|  |TAMS 0x0000000711e00000, 0x0000000711e00000| Untracked 
| 165|0x0000000711f00000, 0x0000000711f00000, 0x0000000712000000|  0%| F|  |TAMS 0x0000000711f00000, 0x0000000711f00000| Untracked 
| 166|0x0000000712000000, 0x0000000712000000, 0x0000000712100000|  0%| F|  |TAMS 0x0000000712000000, 0x0000000712000000| Untracked 
| 167|0x0000000712100000, 0x0000000712100000, 0x0000000712200000|  0%| F|  |TAMS 0x0000000712100000, 0x0000000712100000| Untracked 
| 168|0x0000000712200000, 0x0000000712200000, 0x0000000712300000|  0%| F|  |TAMS 0x0000000712200000, 0x0000000712200000| Untracked 
| 169|0x0000000712300000, 0x0000000712300000, 0x0000000712400000|  0%| F|  |TAMS 0x0000000712300000, 0x0000000712300000| Untracked 
| 170|0x0000000712400000, 0x0000000712400000, 0x0000000712500000|  0%| F|  |TAMS 0x0000000712400000, 0x0000000712400000| Untracked 
| 171|0x0000000712500000, 0x0000000712500000, 0x0000000712600000|  0%| F|  |TAMS 0x0000000712500000, 0x0000000712500000| Untracked 
| 172|0x0000000712600000, 0x0000000712600000, 0x0000000712700000|  0%| F|  |TAMS 0x0000000712600000, 0x0000000712600000| Untracked 
| 173|0x0000000712700000, 0x0000000712700000, 0x0000000712800000|  0%| F|  |TAMS 0x0000000712700000, 0x0000000712700000| Untracked 
| 174|0x0000000712800000, 0x0000000712800000, 0x0000000712900000|  0%| F|  |TAMS 0x0000000712800000, 0x0000000712800000| Untracked 
| 175|0x0000000712900000, 0x0000000712900000, 0x0000000712a00000|  0%| F|  |TAMS 0x0000000712900000, 0x0000000712900000| Untracked 
| 176|0x0000000712a00000, 0x0000000712a00000, 0x0000000712b00000|  0%| F|  |TAMS 0x0000000712a00000, 0x0000000712a00000| Untracked 
| 177|0x0000000712b00000, 0x0000000712b00000, 0x0000000712c00000|  0%| F|  |TAMS 0x0000000712b00000, 0x0000000712b00000| Untracked 
| 178|0x0000000712c00000, 0x0000000712c00000, 0x0000000712d00000|  0%| F|  |TAMS 0x0000000712c00000, 0x0000000712c00000| Untracked 
| 179|0x0000000712d00000, 0x0000000712d00000, 0x0000000712e00000|  0%| F|  |TAMS 0x0000000712d00000, 0x0000000712d00000| Untracked 
| 180|0x0000000712e00000, 0x0000000712e00000, 0x0000000712f00000|  0%| F|  |TAMS 0x0000000712e00000, 0x0000000712e00000| Untracked 
| 181|0x0000000712f00000, 0x0000000712f00000, 0x0000000713000000|  0%| F|  |TAMS 0x0000000712f00000, 0x0000000712f00000| Untracked 
| 182|0x0000000713000000, 0x0000000713000000, 0x0000000713100000|  0%| F|  |TAMS 0x0000000713000000, 0x0000000713000000| Untracked 
| 183|0x0000000713100000, 0x0000000713100000, 0x0000000713200000|  0%| F|  |TAMS 0x0000000713100000, 0x0000000713100000| Untracked 
| 184|0x0000000713200000, 0x0000000713200000, 0x0000000713300000|  0%| F|  |TAMS 0x0000000713200000, 0x0000000713200000| Untracked 
| 185|0x0000000713300000, 0x0000000713300000, 0x0000000713400000|  0%| F|  |TAMS 0x0000000713300000, 0x0000000713300000| Untracked 
| 186|0x0000000713400000, 0x0000000713400000, 0x0000000713500000|  0%| F|  |TAMS 0x0000000713400000, 0x0000000713400000| Untracked 
| 187|0x0000000713500000, 0x0000000713500000, 0x0000000713600000|  0%| F|  |TAMS 0x0000000713500000, 0x0000000713500000| Untracked 
| 188|0x0000000713600000, 0x0000000713600000, 0x0000000713700000|  0%| F|  |TAMS 0x0000000713600000, 0x0000000713600000| Untracked 
| 189|0x0000000713700000, 0x0000000713700000, 0x0000000713800000|  0%| F|  |TAMS 0x0000000713700000, 0x0000000713700000| Untracked 
| 190|0x0000000713800000, 0x0000000713800000, 0x0000000713900000|  0%| F|  |TAMS 0x0000000713800000, 0x0000000713800000| Untracked 
| 191|0x0000000713900000, 0x0000000713900000, 0x0000000713a00000|  0%| F|  |TAMS 0x0000000713900000, 0x0000000713900000| Untracked 
| 192|0x0000000713a00000, 0x0000000713a00000, 0x0000000713b00000|  0%| F|  |TAMS 0x0000000713a00000, 0x0000000713a00000| Untracked 
| 193|0x0000000713b00000, 0x0000000713b00000, 0x0000000713c00000|  0%| F|  |TAMS 0x0000000713b00000, 0x0000000713b00000| Untracked 
| 194|0x0000000713c00000, 0x0000000713c00000, 0x0000000713d00000|  0%| F|  |TAMS 0x0000000713c00000, 0x0000000713c00000| Untracked 
| 195|0x0000000713d00000, 0x0000000713d00000, 0x0000000713e00000|  0%| F|  |TAMS 0x0000000713d00000, 0x0000000713d00000| Untracked 
| 196|0x0000000713e00000, 0x0000000713e00000, 0x0000000713f00000|  0%| F|  |TAMS 0x0000000713e00000, 0x0000000713e00000| Untracked 
| 197|0x0000000713f00000, 0x0000000713f00000, 0x0000000714000000|  0%| F|  |TAMS 0x0000000713f00000, 0x0000000713f00000| Untracked 
| 198|0x0000000714000000, 0x0000000714000000, 0x0000000714100000|  0%| F|  |TAMS 0x0000000714000000, 0x0000000714000000| Untracked 
| 199|0x0000000714100000, 0x0000000714100000, 0x0000000714200000|  0%| F|  |TAMS 0x0000000714100000, 0x0000000714100000| Untracked 
| 200|0x0000000714200000, 0x0000000714200000, 0x0000000714300000|  0%| F|  |TAMS 0x0000000714200000, 0x0000000714200000| Untracked 
| 201|0x0000000714300000, 0x0000000714300000, 0x0000000714400000|  0%| F|  |TAMS 0x0000000714300000, 0x0000000714300000| Untracked 
| 202|0x0000000714400000, 0x0000000714400000, 0x0000000714500000|  0%| F|  |TAMS 0x0000000714400000, 0x0000000714400000| Untracked 
| 203|0x0000000714500000, 0x0000000714500000, 0x0000000714600000|  0%| F|  |TAMS 0x0000000714500000, 0x0000000714500000| Untracked 
| 204|0x0000000714600000, 0x0000000714600000, 0x0000000714700000|  0%| F|  |TAMS 0x0000000714600000, 0x0000000714600000| Untracked 
| 205|0x0000000714700000, 0x0000000714700000, 0x0000000714800000|  0%| F|  |TAMS 0x0000000714700000, 0x0000000714700000| Untracked 
| 206|0x0000000714800000, 0x0000000714800000, 0x0000000714900000|  0%| F|  |TAMS 0x0000000714800000, 0x0000000714800000| Untracked 
| 207|0x0000000714900000, 0x0000000714900000, 0x0000000714a00000|  0%| F|  |TAMS 0x0000000714900000, 0x0000000714900000| Untracked 
| 208|0x0000000714a00000, 0x0000000714a00000, 0x0000000714b00000|  0%| F|  |TAMS 0x0000000714a00000, 0x0000000714a00000| Untracked 
| 209|0x0000000714b00000, 0x0000000714b00000, 0x0000000714c00000|  0%| F|  |TAMS 0x0000000714b00000, 0x0000000714b00000| Untracked 
| 210|0x0000000714c00000, 0x0000000714c00000, 0x0000000714d00000|  0%| F|  |TAMS 0x0000000714c00000, 0x0000000714c00000| Untracked 
| 211|0x0000000714d00000, 0x0000000714d00000, 0x0000000714e00000|  0%| F|  |TAMS 0x0000000714d00000, 0x0000000714d00000| Untracked 
| 212|0x0000000714e00000, 0x0000000714e00000, 0x0000000714f00000|  0%| F|  |TAMS 0x0000000714e00000, 0x0000000714e00000| Untracked 
| 213|0x0000000714f00000, 0x0000000714f00000, 0x0000000715000000|  0%| F|  |TAMS 0x0000000714f00000, 0x0000000714f00000| Untracked 
| 214|0x0000000715000000, 0x0000000715000000, 0x0000000715100000|  0%| F|  |TAMS 0x0000000715000000, 0x0000000715000000| Untracked 
| 215|0x0000000715100000, 0x0000000715100000, 0x0000000715200000|  0%| F|  |TAMS 0x0000000715100000, 0x0000000715100000| Untracked 
| 216|0x0000000715200000, 0x0000000715200000, 0x0000000715300000|  0%| F|  |TAMS 0x0000000715200000, 0x0000000715200000| Untracked 
| 217|0x0000000715300000, 0x0000000715300000, 0x0000000715400000|  0%| F|  |TAMS 0x0000000715300000, 0x0000000715300000| Untracked 
| 218|0x0000000715400000, 0x0000000715400000, 0x0000000715500000|  0%| F|  |TAMS 0x0000000715400000, 0x0000000715400000| Untracked 
| 219|0x0000000715500000, 0x0000000715500000, 0x0000000715600000|  0%| F|  |TAMS 0x0000000715500000, 0x0000000715500000| Untracked 
| 220|0x0000000715600000, 0x0000000715600000, 0x0000000715700000|  0%| F|  |TAMS 0x0000000715600000, 0x0000000715600000| Untracked 
| 221|0x0000000715700000, 0x0000000715700000, 0x0000000715800000|  0%| F|  |TAMS 0x0000000715700000, 0x0000000715700000| Untracked 
| 222|0x0000000715800000, 0x0000000715800000, 0x0000000715900000|  0%| F|  |TAMS 0x0000000715800000, 0x0000000715800000| Untracked 
| 223|0x0000000715900000, 0x0000000715900000, 0x0000000715a00000|  0%| F|  |TAMS 0x0000000715900000, 0x0000000715900000| Untracked 
| 224|0x0000000715a00000, 0x0000000715a00000, 0x0000000715b00000|  0%| F|  |TAMS 0x0000000715a00000, 0x0000000715a00000| Untracked 
| 225|0x0000000715b00000, 0x0000000715b00000, 0x0000000715c00000|  0%| F|  |TAMS 0x0000000715b00000, 0x0000000715b00000| Untracked 
| 226|0x0000000715c00000, 0x0000000715c00000, 0x0000000715d00000|  0%| F|  |TAMS 0x0000000715c00000, 0x0000000715c00000| Untracked 
| 227|0x0000000715d00000, 0x0000000715d00000, 0x0000000715e00000|  0%| F|  |TAMS 0x0000000715d00000, 0x0000000715d00000| Untracked 
| 228|0x0000000715e00000, 0x0000000715e00000, 0x0000000715f00000|  0%| F|  |TAMS 0x0000000715e00000, 0x0000000715e00000| Untracked 
| 229|0x0000000715f00000, 0x0000000715f00000, 0x0000000716000000|  0%| F|  |TAMS 0x0000000715f00000, 0x0000000715f00000| Untracked 
| 230|0x0000000716000000, 0x0000000716000000, 0x0000000716100000|  0%| F|  |TAMS 0x0000000716000000, 0x0000000716000000| Untracked 
| 231|0x0000000716100000, 0x0000000716100000, 0x0000000716200000|  0%| F|  |TAMS 0x0000000716100000, 0x0000000716100000| Untracked 
| 232|0x0000000716200000, 0x0000000716200000, 0x0000000716300000|  0%| F|  |TAMS 0x0000000716200000, 0x0000000716200000| Untracked 
| 233|0x0000000716300000, 0x0000000716300000, 0x0000000716400000|  0%| F|  |TAMS 0x0000000716300000, 0x0000000716300000| Untracked 
| 234|0x0000000716400000, 0x0000000716400000, 0x0000000716500000|  0%| F|  |TAMS 0x0000000716400000, 0x0000000716400000| Untracked 
| 235|0x0000000716500000, 0x0000000716580800, 0x0000000716600000| 50%| E|  |TAMS 0x0000000716500000, 0x0000000716500000| Complete 
| 236|0x0000000716600000, 0x0000000716700000, 0x0000000716700000|100%| E|CS|TAMS 0x0000000716600000, 0x0000000716600000| Complete 
| 237|0x0000000716700000, 0x0000000716800000, 0x0000000716800000|100%| E|CS|TAMS 0x0000000716700000, 0x0000000716700000| Complete 
| 238|0x0000000716800000, 0x0000000716900000, 0x0000000716900000|100%| E|CS|TAMS 0x0000000716800000, 0x0000000716800000| Complete 
| 239|0x0000000716900000, 0x0000000716a00000, 0x0000000716a00000|100%| E|CS|TAMS 0x0000000716900000, 0x0000000716900000| Complete 
| 240|0x0000000716a00000, 0x0000000716b00000, 0x0000000716b00000|100%| S|CS|TAMS 0x0000000716a00000, 0x0000000716a00000| Complete 
| 241|0x0000000716b00000, 0x0000000716c00000, 0x0000000716c00000|100%| S|CS|TAMS 0x0000000716b00000, 0x0000000716b00000| Complete 
| 242|0x0000000716c00000, 0x0000000716d00000, 0x0000000716d00000|100%| S|CS|TAMS 0x0000000716c00000, 0x0000000716c00000| Complete 
| 243|0x0000000716d00000, 0x0000000716e00000, 0x0000000716e00000|100%| S|CS|TAMS 0x0000000716d00000, 0x0000000716d00000| Complete 
| 244|0x0000000716e00000, 0x0000000716f00000, 0x0000000716f00000|100%| S|CS|TAMS 0x0000000716e00000, 0x0000000716e00000| Complete 
| 245|0x0000000716f00000, 0x0000000717000000, 0x0000000717000000|100%| E|CS|TAMS 0x0000000716f00000, 0x0000000716f00000| Complete 
| 246|0x0000000717000000, 0x0000000717100000, 0x0000000717100000|100%| E|CS|TAMS 0x0000000717000000, 0x0000000717000000| Complete 
| 247|0x0000000717100000, 0x0000000717200000, 0x0000000717200000|100%| E|CS|TAMS 0x0000000717100000, 0x0000000717100000| Complete 
| 248|0x0000000717200000, 0x0000000717300000, 0x0000000717300000|100%| E|CS|TAMS 0x0000000717200000, 0x0000000717200000| Complete 
| 249|0x0000000717300000, 0x0000000717400000, 0x0000000717400000|100%| E|CS|TAMS 0x0000000717300000, 0x0000000717300000| Complete 
|2946|0x00000007bfc00000, 0x00000007bfc35000, 0x00000007bfd00000| 20%|OA|  |TAMS 0x00000007bfc35000, 0x00000007bfc00000| Untracked 
|2948|0x00000007bfe00000, 0x00000007bfe6a000, 0x00000007bff00000| 41%|CA|  |TAMS 0x00000007bfe6a000, 0x00000007bfe00000| Untracked 

Card table byte_map: [0x00007f6fc383d000,0x00007f6fc4000000] _byte_map_base: 0x00007f6fc0000000

Marking Bits (Prev, Next): (CMBitMap*) 0x00007f6fe00757f0, (CMBitMap*) 0x00007f6fe00757b8
 Prev Bits: [0x00007f6fbb44a000, 0x00007f6fbf262000)
 Next Bits: [0x00007f6fbf262000, 0x00007f6fc307a000)

Polling page: 0x00007f6fe6a9c000

Metaspace:

Usage:
  Non-class:      6.50 MB capacity,     4.42 MB ( 68%) used,     2.06 MB ( 32%) free+waste,    14.75 KB ( <1%) overhead. 
      Class:    829.00 KB capacity,   563.43 KB ( 68%) used,   257.76 KB ( 31%) free+waste,     7.81 KB ( <1%) overhead. 
       Both:      7.31 MB capacity,     4.97 MB ( 68%) used,     2.31 MB ( 32%) free+waste,    22.56 KB ( <1%) overhead. 

Virtual space:
  Non-class space:        8.00 MB reserved,       6.75 MB ( 84%) committed 
      Class space:        1.00 GB reserved,     896.00 KB ( <1%) committed 
             Both:        1.01 GB reserved,       7.62 MB ( <1%) committed 

Chunk freelists:
   Non-Class:  63.00 KB
       Class:  3.00 KB
        Both:  66.00 KB

CodeHeap 'non-profiled nmethods': size=120032Kb used=278Kb max_used=278Kb free=119753Kb
 bounds [0x00007f6fd0446000, 0x00007f6fd06b6000, 0x00007f6fd797e000]
CodeHeap 'profiled nmethods': size=120028Kb used=1677Kb max_used=1677Kb free=118350Kb
 bounds [0x00007f6fc8f0f000, 0x00007f6fc917f000, 0x00007f6fd0446000]
CodeHeap 'non-nmethods': size=5700Kb used=1243Kb max_used=1262Kb free=4456Kb
 bounds [0x00007f6fc897e000, 0x00007f6fc8bee000, 0x00007f6fc8f0f000]
 total_blobs=1540 nmethods=860 adapters=438
 compilation: enabled
              stopped_count=0, restarted_count=0
 full_count=0

Compilation events (10 events):
Event: 7.645 Thread 0x00007f6fe01d2800 nmethod 854 0x00007f6fc90b0790 code [0x00007f6fc90b0980, 0x00007f6fc90b0e10]
Event: 7.645 Thread 0x00007f6fe01d2800  851       3       java.lang.reflect.Method::getRoot (5 bytes)
Event: 7.645 Thread 0x00007f6fe01d2800 nmethod 851 0x00007f6fc90b1090 code [0x00007f6fc90b1240, 0x00007f6fc90b13d0]
Event: 7.658 Thread 0x00007f6fe01d2800  856       3       java.lang.invoke.MemberName::<init> (47 bytes)
Event: 7.658 Thread 0x00007f6fe01d2800 nmethod 856 0x00007f6fc90b1490 code [0x00007f6fc90b1680, 0x00007f6fc90b1a18]
Event: 7.658 Thread 0x00007f6fe01d2800  858       3       java.lang.StringBuilder::append (8 bytes)
Event: 7.658 Thread 0x00007f6fe01d2800 nmethod 858 0x00007f6fc90b1b90 code [0x00007f6fc90b1d40, 0x00007f6fc90b1f08]
Event: 7.658 Thread 0x00007f6fe01d2800  859       3       java.lang.AbstractStringBuilder::append (55 bytes)
Event: 7.658 Thread 0x00007f6fe01d2800 nmethod 859 0x00007f6fc90b1f90 code [0x00007f6fc90b2180, 0x00007f6fc90b2538]
Event: 7.660 Thread 0x00007f6fe01d0800  860       4       sun.net.www.ParseUtil::firstEncodeIndex (86 bytes)

GC Heap History (8 events):
Event: 2.484 GC heap before
{Heap before GC invocations=0 (full 0):
 garbage-first heap   total 258048K, used 25212K [0x0000000707a00000, 0x0000000800000000)
  region size 1024K, 24 young (24576K), 0 survivors (0K)
 Metaspace       used 1780K, capacity 5096K, committed 5376K, reserved 1056768K
  class space    used 198K, capacity 483K, committed 512K, reserved 1048576K
}
Event: 2.494 GC heap after
{Heap after GC invocations=1 (full 0):
 garbage-first heap   total 258048K, used 22217K [0x0000000707a00000, 0x0000000800000000)
  region size 1024K, 3 young (3072K), 3 survivors (3072K)
 Metaspace       used 1780K, capacity 5096K, committed 5376K, reserved 1056768K
  class space    used 198K, capacity 483K, committed 512K, reserved 1048576K
}
Event: 3.884 GC heap before
{Heap before GC invocations=1 (full 0):
 garbage-first heap   total 258048K, used 34505K [0x0000000707a00000, 0x0000000800000000)
  region size 1024K, 16 young (16384K), 3 survivors (3072K)
 Metaspace       used 1780K, capacity 5096K, committed 5376K, reserved 1056768K
  class space    used 198K, capacity 483K, committed 512K, reserved 1048576K
}
Event: 3.891 GC heap after
{Heap after GC invocations=2 (full 0):
 garbage-first heap   total 258048K, used 35390K [0x0000000707a00000, 0x0000000800000000)
  region size 1024K, 2 young (2048K), 2 survivors (2048K)
 Metaspace       used 1780K, capacity 5096K, committed 5376K, reserved 1056768K
  class space    used 198K, capacity 483K, committed 512K, reserved 1048576K
}
Event: 6.645 GC heap before
{Heap before GC invocations=2 (full 0):
 garbage-first heap   total 258048K, used 63038K [0x0000000707a00000, 0x0000000800000000)
  region size 1024K, 29 young (29696K), 2 survivors (2048K)
 Metaspace       used 1780K, capacity 5096K, committed 5376K, reserved 1056768K
  class space    used 198K, capacity 483K, committed 512K, reserved 1048576K
}
Event: 6.651 GC heap after
{Heap after GC invocations=3 (full 0):
 garbage-first heap   total 258048K, used 62797K [0x0000000707a00000, 0x0000000800000000)
  region size 1024K, 4 young (4096K), 4 survivors (4096K)
 Metaspace       used 1780K, capacity 5096K, committed 5376K, reserved 1056768K
  class space    used 198K, capacity 483K, committed 512K, reserved 1048576K
}
Event: 7.159 GC heap before
{Heap before GC invocations=3 (full 0):
 garbage-first heap   total 258048K, used 66893K [0x0000000707a00000, 0x0000000800000000)
  region size 1024K, 9 young (9216K), 4 survivors (4096K)
 Metaspace       used 1780K, capacity 5096K, committed 5376K, reserved 1056768K
  class space    used 198K, capacity 483K, committed 512K, reserved 1048576K
}
Event: 7.160 GC heap after
{Heap after GC invocations=4 (full 0):
 garbage-first heap   total 258048K, used 67797K [0x0000000707a00000, 0x0000000800000000)
  region size 1024K, 5 young (5120K), 5 survivors (5120K)
 Metaspace       used 1780K, capacity 5096K, committed 5376K, reserved 1056768K
  class space    used 198K, capacity 483K, committed 512K, reserved 1048576K
}

Deoptimization events (9 events):
Event: 0.161 Thread 0x00007f6fe0011800 Uncommon trap: reason=unstable_if action=reinterpret pc=0x00007f6fd044a844 method=java.lang.String.hashCode()I @ 14 c2
Event: 0.297 Thread 0x00007f6fe0011800 Uncommon trap: reason=unstable_if action=reinterpret pc=0x00007f6fd044b304 method=java.lang.String.isLatin1()Z @ 10 c2
Event: 7.159 Thread 0x00007f6fe0011800 Uncommon trap: reason=unstable_if action=reinterpret pc=0x00007f6fd04667ac method=java.util.zip.ZipFile$ZipFileInputStream.read([BII)I @ 41 c2
Event: 7.192 Thread 0x00007f6fe0011800 Uncommon trap: reason=unstable_if action=reinterpret pc=0x00007f6fd04688c0 method=java.util.ArrayList$Itr.hasNext()Z @ 11 c2
Event: 7.562 Thread 0x00007f6fe0011800 Uncommon trap: reason=unstable_if action=reinterpret pc=0x00007f6fd04749a0 method=java.util.HashMap.getNode(ILjava/lang/Object;)Ljava/util/HashMap$Node; @ 129 c2
Event: 7.620 Thread 0x00007f6fe0011800 Uncommon trap: reason=class_check action=maybe_recompile pc=0x00007f6fd047c6d0 method=java.util.HashMap.putVal(ILjava/lang/Object;Ljava/lang/Object;ZZ)Ljava/lang/Object; @ 203 c2
Event: 7.621 Thread 0x00007f6fe0011800 Uncommon trap: reason=class_check action=maybe_recompile pc=0x00007f6fd047c6d0 method=java.util.HashMap.putVal(ILjava/lang/Object;Ljava/lang/Object;ZZ)Ljava/lang/Object; @ 203 c2
Event: 7.621 Thread 0x00007f6fe0011800 Uncommon trap: reason=class_check action=maybe_recompile pc=0x00007f6fd047c6d0 method=java.util.HashMap.putVal(ILjava/lang/Object;Ljava/lang/Object;ZZ)Ljava/lang/Object; @ 203 c2
Event: 7.627 Thread 0x00007f6fe0011800 Uncommon trap: reason=class_check action=maybe_recompile pc=0x00007f6fd047c6d0 method=java.util.HashMap.putVal(ILjava/lang/Object;Ljava/lang/Object;ZZ)Ljava/lang/Object; @ 203 c2

Classes redefined (0 events):
No events

Internal exceptions (4 events):
Event: 7.369 Thread 0x00007f6fe0011800 Exception <a 'java/lang/NoSuchMethodError'{0x000000071733c450}: java.lang.invoke.DirectMethodHandle$Holder.invokeSpecialIFC(Ljava/lang/Object;Ljava/lang/Object;I)I> (0x000000071733c450) thrown at [/build/openjdk-lts-WvAz7S/openjdk-lts-11.0.3+7/src/hotspot
Event: 7.624 Thread 0x00007f6fe0011800 Exception <a 'java/lang/NoSuchMethodError'{0x00000007167c3bc0}: java.lang.invoke.DirectMethodHandle$Holder.invokeInterface(Ljava/lang/Object;Ljava/lang/Object;Ljava/lang/Object;Ljava/lang/Object;)I> (0x00000007167c3bc0) thrown at [/build/openjdk-lts-WvAz7
Event: 7.642 Thread 0x00007f6fe0011800 Exception <a 'java/lang/NoSuchMethodError'{0x00000007166e8f48}: java.lang.invoke.DirectMethodHandle$Holder.invokeInterface(Ljava/lang/Object;Ljava/lang/Object;Ljava/lang/Object;I)I> (0x00000007166e8f48) thrown at [/build/openjdk-lts-WvAz7S/openjdk-lts-11.
Event: 7.658 Thread 0x00007f6fe0011800 Exception <a 'java/lang/NoSuchMethodError'{0x0000000716519258}: java.lang.invoke.DirectMethodHandle$Holder.invokeVirtual(Ljava/lang/Object;Ljava/lang/Object;)V> (0x0000000716519258) thrown at [/build/openjdk-lts-WvAz7S/openjdk-lts-11.0.3+7/src/hotspot/sha

Events (10 events):
Event: 7.660 loading class jnr/ffi/provider/jffi/PrimitiveArrayParameterStrategy
Event: 7.660 loading class jnr/ffi/provider/jffi/PrimitiveArrayParameterStrategy done
Event: 7.660 loading class com/kenai/jffi/ObjectParameterStrategy$StrategyType
Event: 7.660 loading class com/kenai/jffi/ObjectParameterStrategy$StrategyType done
Event: 7.660 loading class com/kenai/jffi/ObjectParameterType
Event: 7.660 loading class com/kenai/jffi/ObjectParameterType done
Event: 7.660 loading class com/kenai/jffi/ObjectParameterType$ObjectType
Event: 7.660 loading class com/kenai/jffi/ObjectParameterType$ObjectType done
Event: 7.660 loading class com/kenai/jffi/ObjectParameterType$TypeCache
Event: 7.660 loading class com/kenai/jffi/ObjectParameterType$TypeCache done


Dynamic libraries:
707a00000-717400000 rw-p 00000000 00:00 0 
717400000-7bfc00000 ---p 00000000 00:00 0 
7bfc00000-7bfc35000 rw-p 0111e000 08:02 3290380                          /usr/lib/jvm/java-11-openjdk-amd64/lib/server/classes.jsa
7bfc35000-7bfd00000 rw-p 00000000 00:00 0 
7bfd00000-7bfe00000 ---p 00000000 00:00 0 
7bfe00000-7bfe6a000 rw-p 010b4000 08:02 3290380                          /usr/lib/jvm/java-11-openjdk-amd64/lib/server/classes.jsa
7bfe6a000-7bff00000 rw-p 00000000 00:00 0 
7bff00000-800000000 ---p 00000000 00:00 0 
800000000-800002000 rwxp 00001000 08:02 3290380                          /usr/lib/jvm/java-11-openjdk-amd64/lib/server/classes.jsa
800002000-8010b3000 rw-p 00003000 08:02 3290380                          /usr/lib/jvm/java-11-openjdk-amd64/lib/server/classes.jsa
840000000-8400e0000 rw-p 00000000 00:00 0 
8400e0000-880000000 ---p 00000000 00:00 0 
558f3604f000-558f36050000 r--p 00000000 08:02 3290899                    /usr/lib/jvm/java-11-openjdk-amd64/bin/java
558f36050000-558f36051000 r-xp 00001000 08:02 3290899                    /usr/lib/jvm/java-11-openjdk-amd64/bin/java
558f36051000-558f36052000 r--p 00002000 08:02 3290899                    /usr/lib/jvm/java-11-openjdk-amd64/bin/java
558f36052000-558f36053000 r--p 00002000 08:02 3290899                    /usr/lib/jvm/java-11-openjdk-amd64/bin/java
558f36053000-558f36054000 rw-p 00003000 08:02 3290899                    /usr/lib/jvm/java-11-openjdk-amd64/bin/java
558f36248000-558f36269000 rw-p 00000000 00:00 0                          [heap]
7f6f54000000-7f6f54021000 rw-p 00000000 00:00 0 
7f6f54021000-7f6f58000000 ---p 00000000 00:00 0 
7f6f58000000-7f6f58021000 rw-p 00000000 00:00 0 
7f6f58021000-7f6f5c000000 ---p 00000000 00:00 0 
7f6f5c000000-7f6f5c021000 rw-p 00000000 00:00 0 
7f6f5c021000-7f6f60000000 ---p 00000000 00:00 0 
7f6f60000000-7f6f60021000 rw-p 00000000 00:00 0 
7f6f60021000-7f6f64000000 ---p 00000000 00:00 0 
7f6f64000000-7f6f64021000 rw-p 00000000 00:00 0 
7f6f64021000-7f6f68000000 ---p 00000000 00:00 0 
7f6f68000000-7f6f68021000 rw-p 00000000 00:00 0 
7f6f68021000-7f6f6c000000 ---p 00000000 00:00 0 
7f6f6c000000-7f6f6c021000 rw-p 00000000 00:00 0 
7f6f6c021000-7f6f70000000 ---p 00000000 00:00 0 
7f6f70000000-7f6f70021000 rw-p 00000000 00:00 0 
7f6f70021000-7f6f74000000 ---p 00000000 00:00 0 
7f6f74000000-7f6f74021000 rw-p 00000000 00:00 0 
7f6f74021000-7f6f78000000 ---p 00000000 00:00 0 
7f6f78000000-7f6f78021000 rw-p 00000000 00:00 0 
7f6f78021000-7f6f7c000000 ---p 00000000 00:00 0 
7f6f7c000000-7f6f7c021000 rw-p 00000000 00:00 0 
7f6f7c021000-7f6f80000000 ---p 00000000 00:00 0 
7f6f80000000-7f6f80021000 rw-p 00000000 00:00 0 
7f6f80021000-7f6f84000000 ---p 00000000 00:00 0 
7f6f84000000-7f6f84021000 rw-p 00000000 00:00 0 
7f6f84021000-7f6f88000000 ---p 00000000 00:00 0 
7f6f88000000-7f6f88021000 rw-p 00000000 00:00 0 
7f6f88021000-7f6f8c000000 ---p 00000000 00:00 0 
7f6f8c000000-7f6f8c32e000 rw-p 00000000 00:00 0 
7f6f8c32e000-7f6f90000000 ---p 00000000 00:00 0 
7f6f90000000-7f6f9043c000 rw-p 00000000 00:00 0 
7f6f9043c000-7f6f94000000 ---p 00000000 00:00 0 
7f6f94000000-7f6f94021000 rw-p 00000000 00:00 0 
7f6f94021000-7f6f98000000 ---p 00000000 00:00 0 
7f6f99df5000-7f6f99df9000 ---p 00000000 00:00 0 
7f6f99df9000-7f6f99ef6000 rw-p 00000000 00:00 0 
7f6f99ef6000-7f6f99efc000 r-xp 00000000 08:02 3046691                    /tmp/.libFUSELink.so
7f6f99efc000-7f6f9a0fb000 ---p 00006000 08:02 3046691                    /tmp/.libFUSELink.so
7f6f9a0fb000-7f6f9a0fc000 r--p 00005000 08:02 3046691                    /tmp/.libFUSELink.so
7f6f9a0fc000-7f6f9a0fd000 rw-p 00006000 08:02 3046691                    /tmp/.libFUSELink.so
7f6f9a0fd000-7f6f9a0fe000 ---p 00000000 00:00 0 
7f6f9a0fe000-7f6f9a1ff000 rw-p 00000000 00:00 0 
7f6f9a1ff000-7f6f9a200000 ---p 00000000 00:00 0 
7f6f9a200000-7f6f9a301000 rw-p 00000000 00:00 0 
7f6f9a301000-7f6f9a302000 ---p 00000000 00:00 0 
7f6f9a302000-7f6f9a403000 rw-p 00000000 00:00 0 
7f6f9a403000-7f6f9a404000 ---p 00000000 00:00 0 
7f6f9a404000-7f6f9a505000 rw-p 00000000 00:00 0 
7f6f9a505000-7f6f9a506000 ---p 00000000 00:00 0 
7f6f9a506000-7f6f9a607000 rw-p 00000000 00:00 0 
7f6f9a607000-7f6f9a608000 ---p 00000000 00:00 0 
7f6f9a608000-7f6f9a709000 rw-p 00000000 00:00 0 
7f6f9a709000-7f6f9a71b000 r-xp 00000000 08:02 3046690                    /tmp/jffi2707122939187212879.so (deleted)
7f6f9a71b000-7f6f9a91a000 ---p 00012000 08:02 3046690                    /tmp/jffi2707122939187212879.so (deleted)
7f6f9a91a000-7f6f9a91b000 rw-p 00011000 08:02 3046690                    /tmp/jffi2707122939187212879.so (deleted)
7f6f9a91b000-7f6f9a91f000 ---p 00000000 00:00 0 
7f6f9a91f000-7f6f9aa1c000 rw-p 00000000 00:00 0 
7f6f9aa1c000-7f6f9aa1d000 ---p 00000000 00:00 0 
7f6f9aa1d000-7f6f9ab1e000 rw-p 00000000 00:00 0 
7f6f9ab1e000-7f6f9ab22000 ---p 00000000 00:00 0 
7f6f9ab22000-7f6f9ac1f000 rw-p 00000000 00:00 0 
7f6f9ac1f000-7f6f9ac23000 ---p 00000000 00:00 0 
7f6f9ac23000-7f6f9ad20000 rw-p 00000000 00:00 0 
7f6f9ad20000-7f6f9ad24000 ---p 00000000 00:00 0 
7f6f9ad24000-7f6f9ae21000 rw-p 00000000 00:00 0 
7f6f9ae21000-7f6f9ae25000 ---p 00000000 00:00 0 
7f6f9ae25000-7f6f9af22000 rw-p 00000000 00:00 0 
7f6f9af22000-7f6f9af26000 ---p 00000000 00:00 0 
7f6f9af26000-7f6f9b023000 rw-p 00000000 00:00 0 
7f6f9b023000-7f6f9b027000 ---p 00000000 00:00 0 
7f6f9b027000-7f6f9b124000 rw-p 00000000 00:00 0 
7f6f9b124000-7f6f9b128000 ---p 00000000 00:00 0 
7f6f9b128000-7f6f9b225000 rw-p 00000000 00:00 0 
7f6f9b225000-7f6f9c000000 r--p 00000000 08:02 3277245                    /usr/lib/locale/locale-archive
7f6f9c000000-7f6f9c021000 rw-p 00000000 00:00 0 
7f6f9c021000-7f6fa0000000 ---p 00000000 00:00 0 
7f6fa0000000-7f6fa0021000 rw-p 00000000 00:00 0 
7f6fa0021000-7f6fa4000000 ---p 00000000 00:00 0 
7f6fa4000000-7f6fa4021000 rw-p 00000000 00:00 0 
7f6fa4021000-7f6fa8000000 ---p 00000000 00:00 0 
7f6fa8000000-7f6fa8021000 rw-p 00000000 00:00 0 
7f6fa8021000-7f6fac000000 ---p 00000000 00:00 0 
7f6fac000000-7f6fac021000 rw-p 00000000 00:00 0 
7f6fac021000-7f6fb0000000 ---p 00000000 00:00 0 
7f6fb0000000-7f6fb0021000 rw-p 00000000 00:00 0 
7f6fb0021000-7f6fb4000000 ---p 00000000 00:00 0 
7f6fb4000000-7f6fb4021000 rw-p 00000000 00:00 0 
7f6fb4021000-7f6fb8000000 ---p 00000000 00:00 0 
7f6fb8001000-7f6fb8008000 r--p 00000000 08:02 528392                     /lib/x86_64-linux-gnu/libfuse.so.2.9.8
7f6fb8008000-7f6fb8021000 r-xp 00007000 08:02 528392                     /lib/x86_64-linux-gnu/libfuse.so.2.9.8
7f6fb8021000-7f6fb802b000 r--p 00020000 08:02 528392                     /lib/x86_64-linux-gnu/libfuse.so.2.9.8
7f6fb802b000-7f6fb802c000 ---p 0002a000 08:02 528392                     /lib/x86_64-linux-gnu/libfuse.so.2.9.8
7f6fb802c000-7f6fb803e000 r--p 0002a000 08:02 528392                     /lib/x86_64-linux-gnu/libfuse.so.2.9.8
7f6fb803e000-7f6fb803f000 rw-p 0003c000 08:02 528392                     /lib/x86_64-linux-gnu/libfuse.so.2.9.8
7f6fb8049000-7f6fb804b000 rw-p 00000000 00:00 0 
7f6fb804b000-7f6fb804c000 r--p 00000000 08:02 3290961                    /usr/lib/jvm/java-11-openjdk-amd64/lib/libjaas.so
7f6fb804c000-7f6fb804d000 r-xp 00001000 08:02 3290961                    /usr/lib/jvm/java-11-openjdk-amd64/lib/libjaas.so
7f6fb804d000-7f6fb804e000 r--p 00002000 08:02 3290961                    /usr/lib/jvm/java-11-openjdk-amd64/lib/libjaas.so
7f6fb804e000-7f6fb804f000 r--p 00002000 08:02 3290961                    /usr/lib/jvm/java-11-openjdk-amd64/lib/libjaas.so
7f6fb804f000-7f6fb8050000 rw-p 00003000 08:02 3290961                    /usr/lib/jvm/java-11-openjdk-amd64/lib/libjaas.so
7f6fb8050000-7f6fb805e000 r-xp 00000000 00:00 0 
7f6fb805e000-7f6fb808f000 rw-p 00000000 00:00 0 
7f6fb808f000-7f6fb8093000 r--p 00000000 08:02 3290974                    /usr/lib/jvm/java-11-openjdk-amd64/lib/libnet.so
7f6fb8093000-7f6fb80a2000 r-xp 00004000 08:02 3290974                    /usr/lib/jvm/java-11-openjdk-amd64/lib/libnet.so
7f6fb80a2000-7f6fb80a6000 r--p 00013000 08:02 3290974                    /usr/lib/jvm/java-11-openjdk-amd64/lib/libnet.so
7f6fb80a6000-7f6fb80a7000 r--p 00016000 08:02 3290974                    /usr/lib/jvm/java-11-openjdk-amd64/lib/libnet.so
7f6fb80a7000-7f6fb80a8000 rw-p 00017000 08:02 3290974                    /usr/lib/jvm/java-11-openjdk-amd64/lib/libnet.so
7f6fb80a8000-7f6fb80af000 r--p 00000000 08:02 3290975                    /usr/lib/jvm/java-11-openjdk-amd64/lib/libnio.so
7f6fb80af000-7f6fb80b6000 r-xp 00007000 08:02 3290975                    /usr/lib/jvm/java-11-openjdk-amd64/lib/libnio.so
7f6fb80b6000-7f6fb80b9000 r--p 0000e000 08:02 3290975                    /usr/lib/jvm/java-11-openjdk-amd64/lib/libnio.so
7f6fb80b9000-7f6fb80ba000 r--p 00010000 08:02 3290975                    /usr/lib/jvm/java-11-openjdk-amd64/lib/libnio.so
7f6fb80ba000-7f6fb80bb000 rw-p 00011000 08:02 3290975                    /usr/lib/jvm/java-11-openjdk-amd64/lib/libnio.so
7f6fb80bb000-7f6fb80bf000 ---p 00000000 00:00 0 
7f6fb80bf000-7f6fb81bc000 rw-p 00000000 00:00 0 
7f6fb81bc000-7f6fb81c0000 ---p 00000000 00:00 0 
7f6fb81c0000-7f6fb82bd000 rw-p 00000000 00:00 0 
7f6fb82bd000-7f6fb82c1000 ---p 00000000 00:00 0 
7f6fb82c1000-7f6fb83be000 rw-p 00000000 00:00 0 
7f6fb83be000-7f6fb83bf000 ---p 00000000 00:00 0 
7f6fb83bf000-7f6fb8c01000 rw-p 00000000 00:00 0 
7f6fb8c01000-7f6fb8d41000 ---p 00000000 00:00 0 
7f6fb8d41000-7f6fb8d42000 ---p 00000000 00:00 0 
7f6fb8d42000-7f6fb8e43000 rw-p 00000000 00:00 0 
7f6fb8e43000-7f6fb8e44000 ---p 00000000 00:00 0 
7f6fb8e44000-7f6fbb832000 rw-p 00000000 00:00 0 
7f6fbb832000-7f6fbe252000 ---p 00000000 00:00 0 
7f6fbe252000-7f6fbe256000 rw-p 00000000 00:00 0 
7f6fbe256000-7f6fbe25a000 ---p 00000000 00:00 0 
7f6fbe25a000-7f6fbe25e000 rw-p 00000000 00:00 0 
7f6fbe25e000-7f6fbf262000 ---p 00000000 00:00 0 
7f6fbf262000-7f6fbf64a000 rw-p 00000000 00:00 0 
7f6fbf64a000-7f6fc206a000 ---p 00000000 00:00 0 
7f6fc206a000-7f6fc206e000 rw-p 00000000 00:00 0 
7f6fc206e000-7f6fc2072000 ---p 00000000 00:00 0 
7f6fc2072000-7f6fc2076000 rw-p 00000000 00:00 0 
7f6fc2076000-7f6fc307a000 ---p 00000000 00:00 0 
7f6fc307a000-7f6fc30f7000 rw-p 00000000 00:00 0 
7f6fc30f7000-7f6fc363b000 ---p 00000000 00:00 0 
7f6fc363b000-7f6fc363d000 rw-p 00000000 00:00 0 
7f6fc363d000-7f6fc383d000 ---p 00000000 00:00 0 
7f6fc383d000-7f6fc38ba000 rw-p 00000000 00:00 0 
7f6fc38ba000-7f6fc3dfe000 ---p 00000000 00:00 0 
7f6fc3dfe000-7f6fc3e00000 rw-p 00000000 00:00 0 
7f6fc3e00000-7f6fc4000000 ---p 00000000 00:00 0 
7f6fc4000000-7f6fc4021000 rw-p 00000000 00:00 0 
7f6fc4021000-7f6fc8000000 ---p 00000000 00:00 0 
7f6fc8000000-7f6fc8007000 r-xp 00000000 00:00 0 
7f6fc8007000-7f6fc800a000 r--p 00000000 08:02 528446                     /lib/x86_64-linux-gnu/libnss_files-2.28.so
7f6fc800a000-7f6fc8011000 r-xp 00003000 08:02 528446                     /lib/x86_64-linux-gnu/libnss_files-2.28.so
7f6fc8011000-7f6fc8014000 r--p 0000a000 08:02 528446                     /lib/x86_64-linux-gnu/libnss_files-2.28.so
7f6fc8014000-7f6fc8015000 r--p 0000c000 08:02 528446                     /lib/x86_64-linux-gnu/libnss_files-2.28.so
7f6fc8015000-7f6fc8016000 rw-p 0000d000 08:02 528446                     /lib/x86_64-linux-gnu/libnss_files-2.28.so
7f6fc8016000-7f6fc801c000 rw-p 00000000 00:00 0 
7f6fc801c000-7f6fc8051000 r--s 00000000 08:02 267842                     /var/cache/nscd/hosts
7f6fc8051000-7f6fc8052000 r--p 00000000 08:02 3290954                    /usr/lib/jvm/java-11-openjdk-amd64/lib/libdt_socket.so
7f6fc8052000-7f6fc8055000 r-xp 00001000 08:02 3290954                    /usr/lib/jvm/java-11-openjdk-amd64/lib/libdt_socket.so
7f6fc8055000-7f6fc8056000 r--p 00004000 08:02 3290954                    /usr/lib/jvm/java-11-openjdk-amd64/lib/libdt_socket.so
7f6fc8056000-7f6fc8057000 r--p 00004000 08:02 3290954                    /usr/lib/jvm/java-11-openjdk-amd64/lib/libdt_socket.so
7f6fc8057000-7f6fc8058000 rw-p 00005000 08:02 3290954                    /usr/lib/jvm/java-11-openjdk-amd64/lib/libdt_socket.so
7f6fc8058000-7f6fc805f000 r--s 00000000 08:02 3535358                    /usr/lib/x86_64-linux-gnu/gconv/gconv-modules.cache
7f6fc805f000-7f6fc8238000 rw-p 00000000 00:00 0 
7f6fc8238000-7f6fc877c000 ---p 00000000 00:00 0 
7f6fc877c000-7f6fc877e000 rw-p 00000000 00:00 0 
7f6fc877e000-7f6fc897e000 ---p 00000000 00:00 0 
7f6fc897e000-7f6fc8bee000 rwxp 00000000 00:00 0 
7f6fc8bee000-7f6fc8f0f000 ---p 00000000 00:00 0 
7f6fc8f0f000-7f6fc917f000 rwxp 00000000 00:00 0 
7f6fc917f000-7f6fd0446000 ---p 00000000 00:00 0 
7f6fd0446000-7f6fd06b6000 rwxp 00000000 00:00 0 
7f6fd06b6000-7f6fd797e000 ---p 00000000 00:00 0 
7f6fd797e000-7f6fe0000000 r--s 00000000 08:02 3290984                    /usr/lib/jvm/java-11-openjdk-amd64/lib/modules
7f6fe0000000-7f6fe049e000 rw-p 00000000 00:00 0 
7f6fe049e000-7f6fe4000000 ---p 00000000 00:00 0 
7f6fe4000000-7f6fe4005000 r-xp 00000000 00:00 0 
7f6fe4005000-7f6fe4271000 rw-p 00000000 00:00 0 
7f6fe4271000-7f6fe4272000 ---p 00000000 00:00 0 
7f6fe4272000-7f6fe4373000 rw-p 00000000 00:00 0 
7f6fe4373000-7f6fe4374000 ---p 00000000 00:00 0 
7f6fe4374000-7f6fe4d7e000 rw-p 00000000 00:00 0 
7f6fe4d7e000-7f6fe4d7f000 ---p 00000000 00:00 0 
7f6fe4d7f000-7f6fe4e85000 rw-p 00000000 00:00 0 
7f6fe4e85000-7f6fe4f6b000 ---p 00000000 00:00 0 
7f6fe4f6b000-7f6fe4f70000 rw-p 00000000 00:00 0 
7f6fe4f70000-7f6fe5056000 ---p 00000000 00:00 0 
7f6fe5056000-7f6fe505b000 rw-p 00000000 00:00 0 
7f6fe505b000-7f6fe5062000 ---p 00000000 00:00 0 
7f6fe5062000-7f6fe5064000 r--p 00000000 08:02 3290966                    /usr/lib/jvm/java-11-openjdk-amd64/lib/libjimage.so
7f6fe5064000-7f6fe5067000 r-xp 00002000 08:02 3290966                    /usr/lib/jvm/java-11-openjdk-amd64/lib/libjimage.so
7f6fe5067000-7f6fe5069000 r--p 00005000 08:02 3290966                    /usr/lib/jvm/java-11-openjdk-amd64/lib/libjimage.so
7f6fe5069000-7f6fe506a000 r--p 00006000 08:02 3290966                    /usr/lib/jvm/java-11-openjdk-amd64/lib/libjimage.so
7f6fe506a000-7f6fe506b000 rw-p 00007000 08:02 3290966                    /usr/lib/jvm/java-11-openjdk-amd64/lib/libjimage.so
7f6fe506b000-7f6fe506d000 r--p 00000000 08:02 3290983                    /usr/lib/jvm/java-11-openjdk-amd64/lib/libzip.so
7f6fe506d000-7f6fe5071000 r-xp 00002000 08:02 3290983                    /usr/lib/jvm/java-11-openjdk-amd64/lib/libzip.so
7f6fe5071000-7f6fe5073000 r--p 00006000 08:02 3290983                    /usr/lib/jvm/java-11-openjdk-amd64/lib/libzip.so
7f6fe5073000-7f6fe5074000 r--p 00007000 08:02 3290983                    /usr/lib/jvm/java-11-openjdk-amd64/lib/libzip.so
7f6fe5074000-7f6fe5075000 rw-p 00008000 08:02 3290983                    /usr/lib/jvm/java-11-openjdk-amd64/lib/libzip.so
7f6fe5075000-7f6fe50aa000 r--s 00000000 08:02 267840                     /var/cache/nscd/passwd
7f6fe50aa000-7f6fe50ac000 r--p 00000000 08:02 3290965                    /usr/lib/jvm/java-11-openjdk-amd64/lib/libjdwp.so
7f6fe50ac000-7f6fe50d8000 r-xp 00002000 08:02 3290965                    /usr/lib/jvm/java-11-openjdk-amd64/lib/libjdwp.so
7f6fe50d8000-7f6fe50e6000 r--p 0002e000 08:02 3290965                    /usr/lib/jvm/java-11-openjdk-amd64/lib/libjdwp.so
7f6fe50e6000-7f6fe50e7000 r--p 0003b000 08:02 3290965                    /usr/lib/jvm/java-11-openjdk-amd64/lib/libjdwp.so
7f6fe50e7000-7f6fe50e8000 rw-p 0003c000 08:02 3290965                    /usr/lib/jvm/java-11-openjdk-amd64/lib/libjdwp.so
7f6fe50e8000-7f6fe50f5000 r--p 00000000 08:02 3290962                    /usr/lib/jvm/java-11-openjdk-amd64/lib/libjava.so
7f6fe50f5000-7f6fe510a000 r-xp 0000d000 08:02 3290962                    /usr/lib/jvm/java-11-openjdk-amd64/lib/libjava.so
7f6fe510a000-7f6fe5111000 r--p 00022000 08:02 3290962                    /usr/lib/jvm/java-11-openjdk-amd64/lib/libjava.so
7f6fe5111000-7f6fe5112000 r--p 00028000 08:02 3290962                    /usr/lib/jvm/java-11-openjdk-amd64/lib/libjava.so
7f6fe5112000-7f6fe5114000 rw-p 00029000 08:02 3290962                    /usr/lib/jvm/java-11-openjdk-amd64/lib/libjava.so
7f6fe5114000-7f6fe5116000 r--p 00000000 08:02 528496                     /lib/x86_64-linux-gnu/librt-2.28.so
7f6fe5116000-7f6fe511a000 r-xp 00002000 08:02 528496                     /lib/x86_64-linux-gnu/librt-2.28.so
7f6fe511a000-7f6fe511c000 r--p 00006000 08:02 528496                     /lib/x86_64-linux-gnu/librt-2.28.so
7f6fe511c000-7f6fe511d000 r--p 00007000 08:02 528496                     /lib/x86_64-linux-gnu/librt-2.28.so
7f6fe511d000-7f6fe511e000 rw-p 00008000 08:02 528496                     /lib/x86_64-linux-gnu/librt-2.28.so
7f6fe511e000-7f6fe5122000 ---p 00000000 00:00 0 
7f6fe5122000-7f6fe521f000 rw-p 00000000 00:00 0 
7f6fe521f000-7f6fe5222000 r--p 00000000 08:02 529109                     /lib/x86_64-linux-gnu/libgcc_s.so.1
7f6fe5222000-7f6fe5233000 r-xp 00003000 08:02 529109                     /lib/x86_64-linux-gnu/libgcc_s.so.1
7f6fe5233000-7f6fe5236000 r--p 00014000 08:02 529109                     /lib/x86_64-linux-gnu/libgcc_s.so.1
7f6fe5236000-7f6fe5237000 ---p 00017000 08:02 529109                     /lib/x86_64-linux-gnu/libgcc_s.so.1
7f6fe5237000-7f6fe5238000 r--p 00017000 08:02 529109                     /lib/x86_64-linux-gnu/libgcc_s.so.1
7f6fe5238000-7f6fe5239000 rw-p 00018000 08:02 529109                     /lib/x86_64-linux-gnu/libgcc_s.so.1
7f6fe5239000-7f6fe5246000 r--p 00000000 08:02 528419                     /lib/x86_64-linux-gnu/libm-2.28.so
7f6fe5246000-7f6fe52f1000 r-xp 0000d000 08:02 528419                     /lib/x86_64-linux-gnu/libm-2.28.so
7f6fe52f1000-7f6fe53c4000 r--p 000b8000 08:02 528419                     /lib/x86_64-linux-gnu/libm-2.28.so
7f6fe53c4000-7f6fe53c5000 r--p 0018a000 08:02 528419                     /lib/x86_64-linux-gnu/libm-2.28.so
7f6fe53c5000-7f6fe53c6000 rw-p 0018b000 08:02 528419                     /lib/x86_64-linux-gnu/libm-2.28.so
7f6fe53c6000-7f6fe5450000 r--p 00000000 08:02 3284313                    /usr/lib/x86_64-linux-gnu/libstdc++.so.6.0.25
7f6fe5450000-7f6fe5503000 r-xp 0008a000 08:02 3284313                    /usr/lib/x86_64-linux-gnu/libstdc++.so.6.0.25
7f6fe5503000-7f6fe5540000 r--p 0013d000 08:02 3284313                    /usr/lib/x86_64-linux-gnu/libstdc++.so.6.0.25
7f6fe5540000-7f6fe5541000 ---p 0017a000 08:02 3284313                    /usr/lib/x86_64-linux-gnu/libstdc++.so.6.0.25
7f6fe5541000-7f6fe554b000 r--p 0017a000 08:02 3284313                    /usr/lib/x86_64-linux-gnu/libstdc++.so.6.0.25
7f6fe554b000-7f6fe554d000 rw-p 00184000 08:02 3284313                    /usr/lib/x86_64-linux-gnu/libstdc++.so.6.0.25
7f6fe554d000-7f6fe5551000 rw-p 00000000 00:00 0 
7f6fe5551000-7f6fe57bf000 r--p 00000000 08:02 3290987                    /usr/lib/jvm/java-11-openjdk-amd64/lib/server/libjvm.so
7f6fe57bf000-7f6fe62db000 r-xp 0026e000 08:02 3290987                    /usr/lib/jvm/java-11-openjdk-amd64/lib/server/libjvm.so
7f6fe62db000-7f6fe6514000 r--p 00d8a000 08:02 3290987                    /usr/lib/jvm/java-11-openjdk-amd64/lib/server/libjvm.so
7f6fe6514000-7f6fe65d1000 r--p 00fc2000 08:02 3290987                    /usr/lib/jvm/java-11-openjdk-amd64/lib/server/libjvm.so
7f6fe65d1000-7f6fe660a000 rw-p 0107f000 08:02 3290987                    /usr/lib/jvm/java-11-openjdk-amd64/lib/server/libjvm.so
7f6fe660a000-7f6fe6662000 rw-p 00000000 00:00 0 
7f6fe6662000-7f6fe6668000 r--p 00000000 08:02 528488                     /lib/x86_64-linux-gnu/libpthread-2.28.so
7f6fe6668000-7f6fe6677000 r-xp 00006000 08:02 528488                     /lib/x86_64-linux-gnu/libpthread-2.28.so
7f6fe6677000-7f6fe667d000 r--p 00015000 08:02 528488                     /lib/x86_64-linux-gnu/libpthread-2.28.so
7f6fe667d000-7f6fe667e000 r--p 0001a000 08:02 528488                     /lib/x86_64-linux-gnu/libpthread-2.28.so
7f6fe667e000-7f6fe667f000 rw-p 0001b000 08:02 528488                     /lib/x86_64-linux-gnu/libpthread-2.28.so
7f6fe667f000-7f6fe6683000 rw-p 00000000 00:00 0 
7f6fe6683000-7f6fe6684000 r--p 00000000 08:02 528379                     /lib/x86_64-linux-gnu/libdl-2.28.so
7f6fe6684000-7f6fe6686000 r-xp 00001000 08:02 528379                     /lib/x86_64-linux-gnu/libdl-2.28.so
7f6fe6686000-7f6fe6687000 r--p 00003000 08:02 528379                     /lib/x86_64-linux-gnu/libdl-2.28.so
7f6fe6687000-7f6fe6688000 r--p 00003000 08:02 528379                     /lib/x86_64-linux-gnu/libdl-2.28.so
7f6fe6688000-7f6fe6689000 rw-p 00004000 08:02 528379                     /lib/x86_64-linux-gnu/libdl-2.28.so
7f6fe6689000-7f6fe66a5000 r-xp 00000000 08:02 528527                     /lib/x86_64-linux-gnu/libz.so.1.2.11
7f6fe66a5000-7f6fe68a4000 ---p 0001c000 08:02 528527                     /lib/x86_64-linux-gnu/libz.so.1.2.11
7f6fe68a4000-7f6fe68a5000 r--p 0001b000 08:02 528527                     /lib/x86_64-linux-gnu/libz.so.1.2.11
7f6fe68a5000-7f6fe68a6000 rw-p 0001c000 08:02 528527                     /lib/x86_64-linux-gnu/libz.so.1.2.11
7f6fe68a6000-7f6fe68c8000 r--p 00000000 08:02 528358                     /lib/x86_64-linux-gnu/libc-2.28.so
7f6fe68c8000-7f6fe6a39000 r-xp 00022000 08:02 528358                     /lib/x86_64-linux-gnu/libc-2.28.so
7f6fe6a39000-7f6fe6a85000 r--p 00193000 08:02 528358                     /lib/x86_64-linux-gnu/libc-2.28.so
7f6fe6a85000-7f6fe6a86000 ---p 001df000 08:02 528358                     /lib/x86_64-linux-gnu/libc-2.28.so
7f6fe6a86000-7f6fe6a8a000 r--p 001df000 08:02 528358                     /lib/x86_64-linux-gnu/libc-2.28.so
7f6fe6a8a000-7f6fe6a8c000 rw-p 001e3000 08:02 528358                     /lib/x86_64-linux-gnu/libc-2.28.so
7f6fe6a8c000-7f6fe6a90000 rw-p 00000000 00:00 0 
7f6fe6a90000-7f6fe6a91000 r-xp 00000000 00:00 0 
7f6fe6a91000-7f6fe6a92000 r-xp 00000000 00:00 0 
7f6fe6a92000-7f6fe6a94000 r--s 00007000 08:02 131113                     /usr/share/java/java-atk-wrapper.jar
7f6fe6a94000-7f6fe6a9c000 rw-s 00000000 08:02 3046688                    /tmp/hsperfdata_kwu849/4601
7f6fe6a9c000-7f6fe6a9d000 ---p 00000000 00:00 0 
7f6fe6a9d000-7f6fe6a9e000 r--p 00000000 00:00 0 
7f6fe6a9e000-7f6fe6aa3000 r--p 00000000 08:02 3290982                    /usr/lib/jvm/java-11-openjdk-amd64/lib/libverify.so
7f6fe6aa3000-7f6fe6aaa000 r-xp 00005000 08:02 3290982                    /usr/lib/jvm/java-11-openjdk-amd64/lib/libverify.so
7f6fe6aaa000-7f6fe6aac000 r--p 0000c000 08:02 3290982                    /usr/lib/jvm/java-11-openjdk-amd64/lib/libverify.so
7f6fe6aac000-7f6fe6aae000 r--p 0000d000 08:02 3290982                    /usr/lib/jvm/java-11-openjdk-amd64/lib/libverify.so
7f6fe6aae000-7f6fe6aaf000 rw-p 0000f000 08:02 3290982                    /usr/lib/jvm/java-11-openjdk-amd64/lib/libverify.so
7f6fe6aaf000-7f6fe6ab2000 r--p 00000000 08:02 3290947                    /usr/lib/jvm/java-11-openjdk-amd64/lib/jli/libjli.so
7f6fe6ab2000-7f6fe6abc000 r-xp 00003000 08:02 3290947                    /usr/lib/jvm/java-11-openjdk-amd64/lib/jli/libjli.so
7f6fe6abc000-7f6fe6abf000 r--p 0000d000 08:02 3290947                    /usr/lib/jvm/java-11-openjdk-amd64/lib/jli/libjli.so
7f6fe6abf000-7f6fe6ac0000 r--p 0000f000 08:02 3290947                    /usr/lib/jvm/java-11-openjdk-amd64/lib/jli/libjli.so
7f6fe6ac0000-7f6fe6ac1000 rw-p 00010000 08:02 3290947                    /usr/lib/jvm/java-11-openjdk-amd64/lib/jli/libjli.so
7f6fe6ac1000-7f6fe6ac3000 rw-p 00000000 00:00 0 
7f6fe6ac3000-7f6fe6ac4000 r--p 00000000 08:02 528332                     /lib/x86_64-linux-gnu/ld-2.28.so
7f6fe6ac4000-7f6fe6ae4000 r-xp 00001000 08:02 528332                     /lib/x86_64-linux-gnu/ld-2.28.so
7f6fe6ae4000-7f6fe6aec000 r--p 00021000 08:02 528332                     /lib/x86_64-linux-gnu/ld-2.28.so
7f6fe6aec000-7f6fe6aed000 r--p 00028000 08:02 528332                     /lib/x86_64-linux-gnu/ld-2.28.so
7f6fe6aed000-7f6fe6aee000 rw-p 00029000 08:02 528332                     /lib/x86_64-linux-gnu/ld-2.28.so
7f6fe6aee000-7f6fe6aef000 rw-p 00000000 00:00 0 
7ffdaa2d3000-7ffdaa2f5000 rw-p 00000000 00:00 0                          [stack]
7ffdaa31b000-7ffdaa31e000 r--p 00000000 00:00 0                          [vvar]
7ffdaa31e000-7ffdaa320000 r-xp 00000000 00:00 0                          [vdso]
ffffffffff600000-ffffffffff601000 r-xp 00000000 00:00 0                  [vsyscall]


VM Arguments:
jvm_args: -Xdebug -Xnoagent -Djava.compiler=NONE -Xrunjdwp:transport=dt_socket,address=localhost:44117,server=n,suspend=y -Dfile.encoding=UTF-8 
java_command: MemoryFS
java_class_path (initial): /afs/ec.auckland.ac.nz/users/k/w/kwu849/unixhome/Documents/MemoryFS/target/classes:/afs/ec.auckland.ac.nz/users/k/w/kwu849/unixhome/.m2/repository/com/github/lukethompsxn/edufuse/1.0.3/edufuse-1.0.3.jar:/afs/ec.auckland.ac.nz/users/k/w/kwu849/unixhome/.m2/repository/com/github/jnr/jnr-ffi/2.1.7/jnr-ffi-2.1.7.jar:/afs/ec.auckland.ac.nz/users/k/w/kwu849/unixhome/.m2/repository/com/github/jnr/jffi/1.2.16/jffi-1.2.16.jar:/afs/ec.auckland.ac.nz/users/k/w/kwu849/unixhome/.m2/repository/com/github/jnr/jffi/1.2.16/jffi-1.2.16-native.jar:/afs/ec.auckland.ac.nz/users/k/w/kwu849/unixhome/.m2/repository/org/ow2/asm/asm/5.0.3/asm-5.0.3.jar:/afs/ec.auckland.ac.nz/users/k/w/kwu849/unixhome/.m2/repository/org/ow2/asm/asm-commons/5.0.3/asm-commons-5.0.3.jar:/afs/ec.auckland.ac.nz/users/k/w/kwu849/unixhome/.m2/repository/org/ow2/asm/asm-analysis/5.0.3/asm-analysis-5.0.3.jar:/afs/ec.auckland.ac.nz/users/k/w/kwu849/unixhome/.m2/repository/org/ow2/asm/asm-tree/5.0.3/asm-tree-5.0.3.jar:/afs/ec.auckland.ac.nz/users/k/w/kwu849/unixhome/.m2/repository/org/ow2/asm/asm-util/5.0.3/asm-util-5.0.3.jar:/afs/ec.auckland.ac.nz/users/k/w/kwu849/unixhome/.m2/repository/com/github/jnr/jnr-x86asm/1.0.2/jnr-x86asm-1.0.2.jar:/afs/ec.auckland.ac.nz/users/k/w/kwu849/unixhome/.m2/repository/com/github/jnr/jnr-posix/3.0.44/jnr-posix-3.0.44.jar:/afs/ec.auckland.ac.nz/users/k/w/kwu849/unixhome/.m2/repository/com/github/jnr/jnr-constants/0.9.9/jnr-constants-0.9.9.jar:/afs/ec.auckland.ac.nz/users/k/w/kwu849/unixhome/.m2/repository/com/googlecode/json-simple/json-simple/1.1.1/json-simple-1.1.1.jar:/afs/ec.auckland.ac.nz/users/k/w/kwu849/unixhome/.m2/repository/junit/junit/4.10/junit-4.10.jar:/afs/ec.auckland.ac.nz/users/k/w/kwu849/unixhome/.m2/repository/org/hamcrest/hamcrest-core/1.1/hamcrest-core-1.1.jar
Launcher Type: SUN_STANDARD

[Global flags]
     intx CICompilerCount                          = 4                                         {product} {ergonomic}
     uint ConcGCThreads                            = 2                                         {product} {ergonomic}
     uint G1ConcRefinementThreads                  = 8                                         {product} {ergonomic}
   size_t G1HeapRegionSize                         = 1048576                                   {product} {ergonomic}
    uintx GCDrainStackTargetSize                   = 64                                        {product} {ergonomic}
   size_t InitialHeapSize                          = 262144000                                 {product} {ergonomic}
   size_t MarkStackSize                            = 4194304                                   {product} {ergonomic}
   size_t MaxHeapSize                              = 4167041024                                {product} {ergonomic}
   size_t MaxNewSize                               = 2499805184                                {product} {ergonomic}
   size_t MinHeapDeltaBytes                        = 1048576                                   {product} {ergonomic}
    uintx NonNMethodCodeHeapSize                   = 5835340                                {pd product} {ergonomic}
    uintx NonProfiledCodeHeapSize                  = 122911450                              {pd product} {ergonomic}
    uintx ProfiledCodeHeapSize                     = 122911450                              {pd product} {ergonomic}
    uintx ReservedCodeCacheSize                    = 251658240                              {pd product} {ergonomic}
     bool SegmentedCodeCache                       = true                                      {product} {ergonomic}
     bool UseCompressedClassPointers               = true                                 {lp64_product} {ergonomic}
     bool UseCompressedOops                        = true                                 {lp64_product} {ergonomic}
     bool UseG1GC                                  = true                                      {product} {ergonomic}

Logging:
Log output configuration:
 #0: stdout all=warning uptime,level,tags
 #1: stderr all=off uptime,level,tags

Environment Variables:
PATH=/opt/ccp4-7.0/etc:/opt/ccp4-7.0/bin:/opt/EMAN2/bin:/usr/local/sbin:/usr/local/bin:/usr/sbin:/usr/bin:/sbin:/bin:/usr/games:/usr/local/games:/snap/bin
SHELL=/bin/bash
DISPLAY=:0

Signal Handlers:
SIGSEGV: [libjvm.so+0xd18a40], sa_mask[0]=11111111011111111101111111111110, sa_flags=SA_RESTART|SA_SIGINFO
SIGBUS: [libjvm.so+0xd18a40], sa_mask[0]=11111111011111111101111111111110, sa_flags=SA_RESTART|SA_SIGINFO
SIGFPE: [libjvm.so+0xd18a40], sa_mask[0]=11111111011111111101111111111110, sa_flags=SA_RESTART|SA_SIGINFO
SIGPIPE: [libjvm.so+0xb21cf0], sa_mask[0]=11111111011111111101111111111110, sa_flags=SA_RESTART|SA_SIGINFO
SIGXFSZ: [libjvm.so+0xb21cf0], sa_mask[0]=11111111011111111101111111111110, sa_flags=SA_RESTART|SA_SIGINFO
SIGILL: [libjvm.so+0xd18a40], sa_mask[0]=11111111011111111101111111111110, sa_flags=SA_RESTART|SA_SIGINFO
SIGUSR2: [libjvm.so+0xb21b80], sa_mask[0]=00100000000000000000000000000000, sa_flags=SA_RESTART|SA_SIGINFO
SIGHUP: [libjvm.so+0xb220f0], sa_mask[0]=11111111011111111101111111111110, sa_flags=SA_RESTART|SA_SIGINFO
SIGINT: [libjvm.so+0xb220f0], sa_mask[0]=11111111011111111101111111111110, sa_flags=SA_RESTART|SA_SIGINFO
SIGTERM: [libjvm.so+0xb220f0], sa_mask[0]=11111111011111111101111111111110, sa_flags=SA_RESTART|SA_SIGINFO
SIGQUIT: [libjvm.so+0xb220f0], sa_mask[0]=11111111011111111101111111111110, sa_flags=SA_RESTART|SA_SIGINFO


---------------  S Y S T E M  ---------------

OS:DISTRIB_ID=Ubuntu
DISTRIB_RELEASE=18.10
DISTRIB_CODENAME=cosmic
DISTRIB_DESCRIPTION="Ubuntu 18.10"
uname:Linux 4.18.0-25-generic #26-Ubuntu SMP Mon Jun 24 09:32:08 UTC 2019 x86_64
libc:glibc 2.28 NPTL 2.28 
rlimit: STACK 8192k, CORE 0k, NPROC 63390, NOFILE 1048576, AS infinity, DATA infinity, FSIZE infinity
load average:1.38 0.98 0.57

/proc/meminfo:
MemTotal:       16273812 kB
MemFree:        11984352 kB
MemAvailable:   13161260 kB
Buffers:          169900 kB
Cached:          1607988 kB
SwapCached:            0 kB
Active:          2618568 kB
Inactive:        1176660 kB
Active(anon):    2034608 kB
Inactive(anon):   453204 kB
Active(file):     583960 kB
Inactive(file):   723456 kB
Unevictable:          64 kB
Mlocked:              64 kB
SwapTotal:       2097148 kB
SwapFree:        2097148 kB
Dirty:            102468 kB
Writeback:             0 kB
AnonPages:       2017648 kB
Mapped:           479024 kB
Shmem:            469700 kB
Slab:             346724 kB
SReclaimable:     205888 kB
SUnreclaim:       140836 kB
KernelStack:       14144 kB
PageTables:        34788 kB
NFS_Unstable:          0 kB
Bounce:                0 kB
WritebackTmp:          0 kB
CommitLimit:    10234052 kB
Committed_AS:    8336244 kB
VmallocTotal:   34359738367 kB
VmallocUsed:           0 kB
VmallocChunk:          0 kB
HardwareCorrupted:     0 kB
AnonHugePages:         0 kB
ShmemHugePages:        0 kB
ShmemPmdMapped:        0 kB
CmaTotal:              0 kB
CmaFree:               0 kB
HugePages_Total:       0
HugePages_Free:        0
HugePages_Rsvd:        0
HugePages_Surp:        0
Hugepagesize:       2048 kB
Hugetlb:               0 kB
DirectMap4k:      231628 kB
DirectMap2M:     6957056 kB
DirectMap1G:     9437184 kB


/proc/sys/kernel/threads-max (system-wide limit on the number of threads):
126780


/proc/sys/vm/max_map_count (maximum number of memory map areas a process may have):
65530


/proc/sys/kernel/pid_max (system-wide limit on number of process identifiers):
32768



container (cgroup) information:
container_type: cgroupv1
cpu_cpuset_cpus: 0-7
cpu_memory_nodes: 0
active_processor_count: 8
cpu_quota: -1
cpu_period: 100000
cpu_shares: -1
memory_limit_in_bytes: -1
memory_and_swap_limit_in_bytes: -2
memory_soft_limit_in_bytes: -1
memory_usage_in_bytes: 3097346048
memory_max_usage_in_bytes: 3158745088


CPU:total 8 (initial active 8) (4 cores per cpu, 2 threads per core) family 6 model 158 stepping 9, cmov, cx8, fxsr, mmx, sse, sse2, sse3, ssse3, sse4.1, sse4.2, popcnt, avx, avx2, aes, clmul, erms, rtm, 3dnowpref, lzcnt, ht, tsc, tscinvbit, bmi1, bmi2, adx, fma
CPU Model and flags from /proc/cpuinfo:
model name	: Intel(R) Core(TM) i7-7700 CPU @ 3.60GHz
flags		: fpu vme de pse tsc msr pae mce cx8 apic sep mtrr pge mca cmov pat pse36 clflush dts acpi mmx fxsr sse sse2 ss ht tm pbe syscall nx pdpe1gb rdtscp lm constant_tsc art arch_perfmon pebs bts rep_good nopl xtopology nonstop_tsc cpuid aperfmperf tsc_known_freq pni pclmulqdq dtes64 monitor ds_cpl vmx smx est tm2 ssse3 sdbg fma cx16 xtpr pdcm pcid sse4_1 sse4_2 x2apic movbe popcnt tsc_deadline_timer aes xsave avx f16c rdrand lahf_lm abm 3dnowprefetch cpuid_fault epb invpcid_single pti ssbd ibrs ibpb stibp tpr_shadow vnmi flexpriority ept vpid fsgsbase tsc_adjust bmi1 hle avx2 smep bmi2 erms invpcid rtm mpx rdseed adx smap clflushopt intel_pt xsaveopt xsavec xgetbv1 xsaves dtherm ida arat pln pts hwp hwp_notify hwp_act_window hwp_epp md_clear flush_l1d

Memory: 4k page, physical 16273812k(11983980k free), swap 2097148k(2097148k free)

vm_info: OpenJDK 64-Bit Server VM (11.0.3+7-Ubuntu-1ubuntu218.10.1) for linux-amd64 JRE (11.0.3+7-Ubuntu-1ubuntu218.10.1), built on Apr 23 2019 18:34:35 by "buildd" with gcc 8.2.0

END.
