#
# A fatal error has been detected by the Java Runtime Environment:
#
#  SIGSEGV (0xb) at pc=0x00007f4b8255ed47, pid=4965, tid=4966
#
# JRE version: OpenJDK Runtime Environment (11.0.3+7) (build 11.0.3+7-Ubuntu-1ubuntu218.10.1)
# Java VM: OpenJDK 64-Bit Server VM (11.0.3+7-Ubuntu-1ubuntu218.10.1, mixed mode, sharing, tiered, compressed oops, g1 gc, linux-amd64)
# Problematic frame:
# C  [libc.so.6+0x183d47]
#
# No core dump will be written. Core dumps have been disabled. To enable core dumping, try "ulimit -c unlimited" before starting Java again
#
# If you would like to submit a bug report, please visit:
#   http://bugreport.java.com/bugreport/crash.jsp
# The crash happened outside the Java Virtual Machine in native code.
# See problematic frame for where to report the bug.
#

---------------  S U M M A R Y ------------

Command Line: -Xdebug -Xnoagent -Djava.compiler=NONE -Xrunjdwp:transport=dt_socket,address=localhost:45219,server=n,suspend=y -Dfile.encoding=UTF-8 MemoryFS

Host: Intel(R) Core(TM) i7-7700 CPU @ 3.60GHz, 8 cores, 15G, Ubuntu 18.10
Time: Mon Sep 30 10:47:32 2019 NZDT elapsed time: 0 seconds (0d 0h 0m 0s)

---------------  T H R E A D  ---------------

Current thread (0x00007f4b7c011800):  JavaThread "main" [_thread_in_native, id=4966, stack(0x00007f4b80c53000,0x00007f4b80d54000)]

Stack: [0x00007f4b80c53000,0x00007f4b80d54000],  sp=0x00007f4b80d51f48,  free space=1019k
Native frames: (J=compiled Java code, A=aot compiled Java code, j=interpreted, Vv=VM code, C=native code)
C  [libc.so.6+0x183d47]

Java frames: (J=compiled Java code, j=interpreted, Vv=VM code)
j  com.kenai.jffi.Foreign.invokeN4O1(JJJJJJLjava/lang/Object;III)J+0
j  com.kenai.jffi.Invoker.invokeN4(Lcom/kenai/jffi/CallContext;JJJJJILjava/lang/Object;Lcom/kenai/jffi/ObjectParameterStrategy;Lcom/kenai/jffi/ObjectParameterInfo;Ljava/lang/Object;Lcom/kenai/jffi/ObjectParameterStrategy;Lcom/kenai/jffi/ObjectParameterInfo;)J+100
j  com.github.lukethompsxn.edufuse.util.FUSELink$jnr$ffi$0.edufuse_register(I[Ljava/lang/String;Lcom/github/lukethompsxn/edufuse/struct/FuseOperations;I)I+189
j  com.github.lukethompsxn.edufuse.filesystem.AbstractFS.mount([Ljava/lang/String;Z)V+146
j  MemoryFS.main([Ljava/lang/String;)V+11
v  ~StubRoutines::call_stub

siginfo: si_signo: 11 (SIGSEGV), si_code: 1 (SEGV_MAPERR), si_addr: 0x0000000000000000

Register to memory mapping:

RAX=0x00007f4b64000000 points into unknown readable memory: 00 00 00 00 00 00 00 00
RBX=0x00007f4b80d52060 is pointing into the stack for thread: 0x00007f4b7c011800
RCX=0x0 is NULL
RDX=0x00007f4b4604ae80: <offset 0x000000000002be80> in /lib/x86_64-linux-gnu/libfuse.so.2 at 0x00007f4b4601f000
RSP=0x00007f4b80d51f48 is pointing into the stack for thread: 0x00007f4b7c011800
RBP=0x00007f4b80d51fcc is pointing into the stack for thread: 0x00007f4b7c011800
RSI=0x000000000000002f is an unknown value
RDI=0x0 is NULL
R8 =0x00007f4b80d52060 is pointing into the stack for thread: 0x00007f4b7c011800
R9 =0x00007f4b80d5205c is pointing into the stack for thread: 0x00007f4b7c011800
R10=0x000000000000000d is an unknown value
R11=0x00007f4b46039a30: fuse_main_real+0x0000000000000000 in /lib/x86_64-linux-gnu/libfuse.so.2 at 0x00007f4b4601f000
R12=0x00007f4b80d5205c is pointing into the stack for thread: 0x00007f4b7c011800
R13=0x00007f4b80d51fd0 is pointing into the stack for thread: 0x00007f4b7c011800
R14=0x0 is NULL
R15=0x0 is NULL


Registers:
RAX=0x00007f4b64000000, RBX=0x00007f4b80d52060, RCX=0x0000000000000000, RDX=0x00007f4b4604ae80
RSP=0x00007f4b80d51f48, RBP=0x00007f4b80d51fcc, RSI=0x000000000000002f, RDI=0x0000000000000000
R8 =0x00007f4b80d52060, R9 =0x00007f4b80d5205c, R10=0x000000000000000d, R11=0x00007f4b46039a30
R12=0x00007f4b80d5205c, R13=0x00007f4b80d51fd0, R14=0x0000000000000000, R15=0x0000000000000000
RIP=0x00007f4b8255ed47, EFLAGS=0x0000000000010283, CSGSFS=0x002b000000000033, ERR=0x0000000000000004
  TRAPNO=0x000000000000000e

Top of Stack: (sp=0x00007f4b80d51f48)
0x00007f4b80d51f48:   00007f4b460394ac 0000000000000000
0x00007f4b80d51f58:   0000000000000000 0000000000000000
0x00007f4b80d51f68:   34119eaaaccf1300 0000000000000000
0x00007f4b80d51f78:   00007f4b80d51fd0 00007f4b80d52060 

Instructions: (pc=0x00007f4b8255ed47)
0x00007f4b8255ed27:   01 f8 c5 f8 77 c3 0f 1f 00 66 0f 6e e6 89 f9 c4
0x00007f4b8255ed37:   e2 7d 78 e4 c5 fd ef c0 83 e1 3f 83 f9 20 77 59
0x00007f4b8255ed47:   c5 fe 6f 0f c5 fd 74 d1 c5 dd 74 d9 c5 fd d7 ca
0x00007f4b8255ed57:   c5 fd d7 c3 48 83 c7 20 85 c0 75 1d 85 c9 0f 85 

Stack slot to memory mapping:
stack at sp + 0 slots: 0x00007f4b460394ac: fuse_parse_cmdline+0x00000000000000cc in /lib/x86_64-linux-gnu/libfuse.so.2 at 0x00007f4b4601f000
stack at sp + 1 slots: 0x0 is NULL
stack at sp + 2 slots: 0x0 is NULL
stack at sp + 3 slots: 0x0 is NULL
stack at sp + 4 slots: 0x34119eaaaccf1300 is an unknown value
stack at sp + 5 slots: 0x0 is NULL
stack at sp + 6 slots: 0x00007f4b80d51fd0 is pointing into the stack for thread: 0x00007f4b7c011800
stack at sp + 7 slots: 0x00007f4b80d52060 is pointing into the stack for thread: 0x00007f4b7c011800


---------------  P R O C E S S  ---------------

Threads class SMR info:
_java_thread_list=0x00007f4b7c5201d0, length=13, elements={
0x00007f4b7c011800, 0x00007f4b7c1c7000, 0x00007f4b7c1c9000, 0x00007f4b7c1ce800,
0x00007f4b7c1d0800, 0x00007f4b7c1d2800, 0x00007f4b7c1d4800, 0x00007f4b7c239800,
0x00007f4b7c23c800, 0x00007f4b1c001800, 0x00007f4b7c23e800, 0x00007f4b7c248000,
0x00007f4b7c51f000
}

Java Threads: ( => current thread )
=>0x00007f4b7c011800 JavaThread "main" [_thread_in_native, id=4966, stack(0x00007f4b80c53000,0x00007f4b80d54000)]
  0x00007f4b7c1c7000 JavaThread "Reference Handler" daemon [_thread_blocked, id=4973, stack(0x00007f4b47d7c000,0x00007f4b47e7d000)]
  0x00007f4b7c1c9000 JavaThread "Finalizer" daemon [_thread_blocked, id=4974, stack(0x00007f4b47c7b000,0x00007f4b47d7c000)]
  0x00007f4b7c1ce800 JavaThread "Signal Dispatcher" daemon [_thread_blocked, id=4975, stack(0x00007f4b46d9f000,0x00007f4b46ea0000)]
  0x00007f4b7c1d0800 JavaThread "C2 CompilerThread0" daemon [_thread_blocked, id=4976, stack(0x00007f4b46c9e000,0x00007f4b46d9f000)]
  0x00007f4b7c1d2800 JavaThread "C1 CompilerThread0" daemon [_thread_blocked, id=4977, stack(0x00007f4b46b9d000,0x00007f4b46c9e000)]
  0x00007f4b7c1d4800 JavaThread "Sweeper thread" daemon [_thread_blocked, id=4978, stack(0x00007f4b46a9c000,0x00007f4b46b9d000)]
  0x00007f4b7c239800 JavaThread "JDWP Transport Listener: dt_socket" daemon [_thread_blocked, id=4980, stack(0x00007f4b4699b000,0x00007f4b46a9c000)]
  0x00007f4b7c23c800 JavaThread "JDWP Event Helper Thread" daemon [_thread_blocked, id=4983, stack(0x00007f4b4689a000,0x00007f4b4699b000)]
  0x00007f4b1c001800 JavaThread "JDWP Command Reader" daemon [_thread_in_native, id=4984, stack(0x00007f4b46799000,0x00007f4b4689a000)]
  0x00007f4b7c23e800 JavaThread "Service Thread" daemon [_thread_blocked, id=4990, stack(0x00007f4b46698000,0x00007f4b46799000)]
  0x00007f4b7c248000 JavaThread "Common-Cleaner" daemon [_thread_blocked, id=4992, stack(0x00007f4b46495000,0x00007f4b46596000)]
  0x00007f4b7c51f000 JavaThread "jnr.ffi.util.ref.internal.Finalizer" daemon [_thread_blocked, id=4996, stack(0x00007f4b45f1e000,0x00007f4b4601f000)]

Other Threads:
  0x00007f4b7c1c4000 VMThread "VM Thread" [stack: 0x00007f4b47e7f000,0x00007f4b47f7f000] [id=4972]
  0x00007f4b7c241000 WatcherThread [stack: 0x00007f4b46598000,0x00007f4b46698000] [id=4991]
  0x00007f4b7c028000 GCTaskThread "GC Thread#0" [stack: 0x00007f4b808b5000,0x00007f4b809b5000] [id=4967]
  0x00007f4b7c086000 ConcurrentGCThread "G1 Main Marker" [stack: 0x00007f4b5734a000,0x00007f4b5744a000] [id=4968]
  0x00007f4b7c087800 ConcurrentGCThread "G1 Conc#0" [stack: 0x00007f4b57248000,0x00007f4b57348000] [id=4969]
  0x00007f4b7c187800 ConcurrentGCThread "G1 Refine#0" [stack: 0x00007f4b5493e000,0x00007f4b54a3e000] [id=4970]
  0x00007f4b7c189000 ConcurrentGCThread "G1 Young RemSet Sampling" [stack: 0x00007f4b5483c000,0x00007f4b5493c000] [id=4971]

Threads with active compile tasks:

VM state:not at safepoint (normal execution)

VM Mutex/Monitor currently owned by a thread: None

Heap address: 0x0000000707a00000, size: 3974 MB, Compressed Oops mode: Zero based, Oop shift amount: 3
Narrow klass base: 0x0000000800000000, Narrow klass shift: 3
Compressed class space size: 1073741824 Address: 0x0000000840000000

Heap:
 garbage-first heap   total 258048K, used 12924K [0x0000000707a00000, 0x0000000800000000)
  region size 1024K, 13 young (13312K), 0 survivors (0K)
 Metaspace       used 5089K, capacity 7482K, committed 7808K, reserved 1056768K
  class space    used 563K, capacity 829K, committed 896K, reserved 1048576K
Heap Regions: E=young(eden), S=young(survivor), O=old, HS=humongous(starts), HC=humongous(continues), CS=collection set, F=free, A=archive, TAMS=top-at-mark-start (previous, next)
|   0|0x0000000707a00000, 0x0000000707a00000, 0x0000000707b00000|  0%| F|  |TAMS 0x0000000707a00000, 0x0000000707a00000| Untracked 
|   1|0x0000000707b00000, 0x0000000707b00000, 0x0000000707c00000|  0%| F|  |TAMS 0x0000000707b00000, 0x0000000707b00000| Untracked 
|   2|0x0000000707c00000, 0x0000000707c00000, 0x0000000707d00000|  0%| F|  |TAMS 0x0000000707c00000, 0x0000000707c00000| Untracked 
|   3|0x0000000707d00000, 0x0000000707d00000, 0x0000000707e00000|  0%| F|  |TAMS 0x0000000707d00000, 0x0000000707d00000| Untracked 
|   4|0x0000000707e00000, 0x0000000707e00000, 0x0000000707f00000|  0%| F|  |TAMS 0x0000000707e00000, 0x0000000707e00000| Untracked 
|   5|0x0000000707f00000, 0x0000000707f00000, 0x0000000708000000|  0%| F|  |TAMS 0x0000000707f00000, 0x0000000707f00000| Untracked 
|   6|0x0000000708000000, 0x0000000708000000, 0x0000000708100000|  0%| F|  |TAMS 0x0000000708000000, 0x0000000708000000| Untracked 
|   7|0x0000000708100000, 0x0000000708100000, 0x0000000708200000|  0%| F|  |TAMS 0x0000000708100000, 0x0000000708100000| Untracked 
|   8|0x0000000708200000, 0x0000000708200000, 0x0000000708300000|  0%| F|  |TAMS 0x0000000708200000, 0x0000000708200000| Untracked 
|   9|0x0000000708300000, 0x0000000708300000, 0x0000000708400000|  0%| F|  |TAMS 0x0000000708300000, 0x0000000708300000| Untracked 
|  10|0x0000000708400000, 0x0000000708400000, 0x0000000708500000|  0%| F|  |TAMS 0x0000000708400000, 0x0000000708400000| Untracked 
|  11|0x0000000708500000, 0x0000000708500000, 0x0000000708600000|  0%| F|  |TAMS 0x0000000708500000, 0x0000000708500000| Untracked 
|  12|0x0000000708600000, 0x0000000708600000, 0x0000000708700000|  0%| F|  |TAMS 0x0000000708600000, 0x0000000708600000| Untracked 
|  13|0x0000000708700000, 0x0000000708700000, 0x0000000708800000|  0%| F|  |TAMS 0x0000000708700000, 0x0000000708700000| Untracked 
|  14|0x0000000708800000, 0x0000000708800000, 0x0000000708900000|  0%| F|  |TAMS 0x0000000708800000, 0x0000000708800000| Untracked 
|  15|0x0000000708900000, 0x0000000708900000, 0x0000000708a00000|  0%| F|  |TAMS 0x0000000708900000, 0x0000000708900000| Untracked 
|  16|0x0000000708a00000, 0x0000000708a00000, 0x0000000708b00000|  0%| F|  |TAMS 0x0000000708a00000, 0x0000000708a00000| Untracked 
|  17|0x0000000708b00000, 0x0000000708b00000, 0x0000000708c00000|  0%| F|  |TAMS 0x0000000708b00000, 0x0000000708b00000| Untracked 
|  18|0x0000000708c00000, 0x0000000708c00000, 0x0000000708d00000|  0%| F|  |TAMS 0x0000000708c00000, 0x0000000708c00000| Untracked 
|  19|0x0000000708d00000, 0x0000000708d00000, 0x0000000708e00000|  0%| F|  |TAMS 0x0000000708d00000, 0x0000000708d00000| Untracked 
|  20|0x0000000708e00000, 0x0000000708e00000, 0x0000000708f00000|  0%| F|  |TAMS 0x0000000708e00000, 0x0000000708e00000| Untracked 
|  21|0x0000000708f00000, 0x0000000708f00000, 0x0000000709000000|  0%| F|  |TAMS 0x0000000708f00000, 0x0000000708f00000| Untracked 
|  22|0x0000000709000000, 0x0000000709000000, 0x0000000709100000|  0%| F|  |TAMS 0x0000000709000000, 0x0000000709000000| Untracked 
|  23|0x0000000709100000, 0x0000000709100000, 0x0000000709200000|  0%| F|  |TAMS 0x0000000709100000, 0x0000000709100000| Untracked 
|  24|0x0000000709200000, 0x0000000709200000, 0x0000000709300000|  0%| F|  |TAMS 0x0000000709200000, 0x0000000709200000| Untracked 
|  25|0x0000000709300000, 0x0000000709300000, 0x0000000709400000|  0%| F|  |TAMS 0x0000000709300000, 0x0000000709300000| Untracked 
|  26|0x0000000709400000, 0x0000000709400000, 0x0000000709500000|  0%| F|  |TAMS 0x0000000709400000, 0x0000000709400000| Untracked 
|  27|0x0000000709500000, 0x0000000709500000, 0x0000000709600000|  0%| F|  |TAMS 0x0000000709500000, 0x0000000709500000| Untracked 
|  28|0x0000000709600000, 0x0000000709600000, 0x0000000709700000|  0%| F|  |TAMS 0x0000000709600000, 0x0000000709600000| Untracked 
|  29|0x0000000709700000, 0x0000000709700000, 0x0000000709800000|  0%| F|  |TAMS 0x0000000709700000, 0x0000000709700000| Untracked 
|  30|0x0000000709800000, 0x0000000709800000, 0x0000000709900000|  0%| F|  |TAMS 0x0000000709800000, 0x0000000709800000| Untracked 
|  31|0x0000000709900000, 0x0000000709900000, 0x0000000709a00000|  0%| F|  |TAMS 0x0000000709900000, 0x0000000709900000| Untracked 
|  32|0x0000000709a00000, 0x0000000709a00000, 0x0000000709b00000|  0%| F|  |TAMS 0x0000000709a00000, 0x0000000709a00000| Untracked 
|  33|0x0000000709b00000, 0x0000000709b00000, 0x0000000709c00000|  0%| F|  |TAMS 0x0000000709b00000, 0x0000000709b00000| Untracked 
|  34|0x0000000709c00000, 0x0000000709c00000, 0x0000000709d00000|  0%| F|  |TAMS 0x0000000709c00000, 0x0000000709c00000| Untracked 
|  35|0x0000000709d00000, 0x0000000709d00000, 0x0000000709e00000|  0%| F|  |TAMS 0x0000000709d00000, 0x0000000709d00000| Untracked 
|  36|0x0000000709e00000, 0x0000000709e00000, 0x0000000709f00000|  0%| F|  |TAMS 0x0000000709e00000, 0x0000000709e00000| Untracked 
|  37|0x0000000709f00000, 0x0000000709f00000, 0x000000070a000000|  0%| F|  |TAMS 0x0000000709f00000, 0x0000000709f00000| Untracked 
|  38|0x000000070a000000, 0x000000070a000000, 0x000000070a100000|  0%| F|  |TAMS 0x000000070a000000, 0x000000070a000000| Untracked 
|  39|0x000000070a100000, 0x000000070a100000, 0x000000070a200000|  0%| F|  |TAMS 0x000000070a100000, 0x000000070a100000| Untracked 
|  40|0x000000070a200000, 0x000000070a200000, 0x000000070a300000|  0%| F|  |TAMS 0x000000070a200000, 0x000000070a200000| Untracked 
|  41|0x000000070a300000, 0x000000070a300000, 0x000000070a400000|  0%| F|  |TAMS 0x000000070a300000, 0x000000070a300000| Untracked 
|  42|0x000000070a400000, 0x000000070a400000, 0x000000070a500000|  0%| F|  |TAMS 0x000000070a400000, 0x000000070a400000| Untracked 
|  43|0x000000070a500000, 0x000000070a500000, 0x000000070a600000|  0%| F|  |TAMS 0x000000070a500000, 0x000000070a500000| Untracked 
|  44|0x000000070a600000, 0x000000070a600000, 0x000000070a700000|  0%| F|  |TAMS 0x000000070a600000, 0x000000070a600000| Untracked 
|  45|0x000000070a700000, 0x000000070a700000, 0x000000070a800000|  0%| F|  |TAMS 0x000000070a700000, 0x000000070a700000| Untracked 
|  46|0x000000070a800000, 0x000000070a800000, 0x000000070a900000|  0%| F|  |TAMS 0x000000070a800000, 0x000000070a800000| Untracked 
|  47|0x000000070a900000, 0x000000070a900000, 0x000000070aa00000|  0%| F|  |TAMS 0x000000070a900000, 0x000000070a900000| Untracked 
|  48|0x000000070aa00000, 0x000000070aa00000, 0x000000070ab00000|  0%| F|  |TAMS 0x000000070aa00000, 0x000000070aa00000| Untracked 
|  49|0x000000070ab00000, 0x000000070ab00000, 0x000000070ac00000|  0%| F|  |TAMS 0x000000070ab00000, 0x000000070ab00000| Untracked 
|  50|0x000000070ac00000, 0x000000070ac00000, 0x000000070ad00000|  0%| F|  |TAMS 0x000000070ac00000, 0x000000070ac00000| Untracked 
|  51|0x000000070ad00000, 0x000000070ad00000, 0x000000070ae00000|  0%| F|  |TAMS 0x000000070ad00000, 0x000000070ad00000| Untracked 
|  52|0x000000070ae00000, 0x000000070ae00000, 0x000000070af00000|  0%| F|  |TAMS 0x000000070ae00000, 0x000000070ae00000| Untracked 
|  53|0x000000070af00000, 0x000000070af00000, 0x000000070b000000|  0%| F|  |TAMS 0x000000070af00000, 0x000000070af00000| Untracked 
|  54|0x000000070b000000, 0x000000070b000000, 0x000000070b100000|  0%| F|  |TAMS 0x000000070b000000, 0x000000070b000000| Untracked 
|  55|0x000000070b100000, 0x000000070b100000, 0x000000070b200000|  0%| F|  |TAMS 0x000000070b100000, 0x000000070b100000| Untracked 
|  56|0x000000070b200000, 0x000000070b200000, 0x000000070b300000|  0%| F|  |TAMS 0x000000070b200000, 0x000000070b200000| Untracked 
|  57|0x000000070b300000, 0x000000070b300000, 0x000000070b400000|  0%| F|  |TAMS 0x000000070b300000, 0x000000070b300000| Untracked 
|  58|0x000000070b400000, 0x000000070b400000, 0x000000070b500000|  0%| F|  |TAMS 0x000000070b400000, 0x000000070b400000| Untracked 
|  59|0x000000070b500000, 0x000000070b500000, 0x000000070b600000|  0%| F|  |TAMS 0x000000070b500000, 0x000000070b500000| Untracked 
|  60|0x000000070b600000, 0x000000070b600000, 0x000000070b700000|  0%| F|  |TAMS 0x000000070b600000, 0x000000070b600000| Untracked 
|  61|0x000000070b700000, 0x000000070b700000, 0x000000070b800000|  0%| F|  |TAMS 0x000000070b700000, 0x000000070b700000| Untracked 
|  62|0x000000070b800000, 0x000000070b800000, 0x000000070b900000|  0%| F|  |TAMS 0x000000070b800000, 0x000000070b800000| Untracked 
|  63|0x000000070b900000, 0x000000070b900000, 0x000000070ba00000|  0%| F|  |TAMS 0x000000070b900000, 0x000000070b900000| Untracked 
|  64|0x000000070ba00000, 0x000000070ba00000, 0x000000070bb00000|  0%| F|  |TAMS 0x000000070ba00000, 0x000000070ba00000| Untracked 
|  65|0x000000070bb00000, 0x000000070bb00000, 0x000000070bc00000|  0%| F|  |TAMS 0x000000070bb00000, 0x000000070bb00000| Untracked 
|  66|0x000000070bc00000, 0x000000070bc00000, 0x000000070bd00000|  0%| F|  |TAMS 0x000000070bc00000, 0x000000070bc00000| Untracked 
|  67|0x000000070bd00000, 0x000000070bd00000, 0x000000070be00000|  0%| F|  |TAMS 0x000000070bd00000, 0x000000070bd00000| Untracked 
|  68|0x000000070be00000, 0x000000070be00000, 0x000000070bf00000|  0%| F|  |TAMS 0x000000070be00000, 0x000000070be00000| Untracked 
|  69|0x000000070bf00000, 0x000000070bf00000, 0x000000070c000000|  0%| F|  |TAMS 0x000000070bf00000, 0x000000070bf00000| Untracked 
|  70|0x000000070c000000, 0x000000070c000000, 0x000000070c100000|  0%| F|  |TAMS 0x000000070c000000, 0x000000070c000000| Untracked 
|  71|0x000000070c100000, 0x000000070c100000, 0x000000070c200000|  0%| F|  |TAMS 0x000000070c100000, 0x000000070c100000| Untracked 
|  72|0x000000070c200000, 0x000000070c200000, 0x000000070c300000|  0%| F|  |TAMS 0x000000070c200000, 0x000000070c200000| Untracked 
|  73|0x000000070c300000, 0x000000070c300000, 0x000000070c400000|  0%| F|  |TAMS 0x000000070c300000, 0x000000070c300000| Untracked 
|  74|0x000000070c400000, 0x000000070c400000, 0x000000070c500000|  0%| F|  |TAMS 0x000000070c400000, 0x000000070c400000| Untracked 
|  75|0x000000070c500000, 0x000000070c500000, 0x000000070c600000|  0%| F|  |TAMS 0x000000070c500000, 0x000000070c500000| Untracked 
|  76|0x000000070c600000, 0x000000070c600000, 0x000000070c700000|  0%| F|  |TAMS 0x000000070c600000, 0x000000070c600000| Untracked 
|  77|0x000000070c700000, 0x000000070c700000, 0x000000070c800000|  0%| F|  |TAMS 0x000000070c700000, 0x000000070c700000| Untracked 
|  78|0x000000070c800000, 0x000000070c800000, 0x000000070c900000|  0%| F|  |TAMS 0x000000070c800000, 0x000000070c800000| Untracked 
|  79|0x000000070c900000, 0x000000070c900000, 0x000000070ca00000|  0%| F|  |TAMS 0x000000070c900000, 0x000000070c900000| Untracked 
|  80|0x000000070ca00000, 0x000000070ca00000, 0x000000070cb00000|  0%| F|  |TAMS 0x000000070ca00000, 0x000000070ca00000| Untracked 
|  81|0x000000070cb00000, 0x000000070cb00000, 0x000000070cc00000|  0%| F|  |TAMS 0x000000070cb00000, 0x000000070cb00000| Untracked 
|  82|0x000000070cc00000, 0x000000070cc00000, 0x000000070cd00000|  0%| F|  |TAMS 0x000000070cc00000, 0x000000070cc00000| Untracked 
|  83|0x000000070cd00000, 0x000000070cd00000, 0x000000070ce00000|  0%| F|  |TAMS 0x000000070cd00000, 0x000000070cd00000| Untracked 
|  84|0x000000070ce00000, 0x000000070ce00000, 0x000000070cf00000|  0%| F|  |TAMS 0x000000070ce00000, 0x000000070ce00000| Untracked 
|  85|0x000000070cf00000, 0x000000070cf00000, 0x000000070d000000|  0%| F|  |TAMS 0x000000070cf00000, 0x000000070cf00000| Untracked 
|  86|0x000000070d000000, 0x000000070d000000, 0x000000070d100000|  0%| F|  |TAMS 0x000000070d000000, 0x000000070d000000| Untracked 
|  87|0x000000070d100000, 0x000000070d100000, 0x000000070d200000|  0%| F|  |TAMS 0x000000070d100000, 0x000000070d100000| Untracked 
|  88|0x000000070d200000, 0x000000070d200000, 0x000000070d300000|  0%| F|  |TAMS 0x000000070d200000, 0x000000070d200000| Untracked 
|  89|0x000000070d300000, 0x000000070d300000, 0x000000070d400000|  0%| F|  |TAMS 0x000000070d300000, 0x000000070d300000| Untracked 
|  90|0x000000070d400000, 0x000000070d400000, 0x000000070d500000|  0%| F|  |TAMS 0x000000070d400000, 0x000000070d400000| Untracked 
|  91|0x000000070d500000, 0x000000070d500000, 0x000000070d600000|  0%| F|  |TAMS 0x000000070d500000, 0x000000070d500000| Untracked 
|  92|0x000000070d600000, 0x000000070d600000, 0x000000070d700000|  0%| F|  |TAMS 0x000000070d600000, 0x000000070d600000| Untracked 
|  93|0x000000070d700000, 0x000000070d700000, 0x000000070d800000|  0%| F|  |TAMS 0x000000070d700000, 0x000000070d700000| Untracked 
|  94|0x000000070d800000, 0x000000070d800000, 0x000000070d900000|  0%| F|  |TAMS 0x000000070d800000, 0x000000070d800000| Untracked 
|  95|0x000000070d900000, 0x000000070d900000, 0x000000070da00000|  0%| F|  |TAMS 0x000000070d900000, 0x000000070d900000| Untracked 
|  96|0x000000070da00000, 0x000000070da00000, 0x000000070db00000|  0%| F|  |TAMS 0x000000070da00000, 0x000000070da00000| Untracked 
|  97|0x000000070db00000, 0x000000070db00000, 0x000000070dc00000|  0%| F|  |TAMS 0x000000070db00000, 0x000000070db00000| Untracked 
|  98|0x000000070dc00000, 0x000000070dc00000, 0x000000070dd00000|  0%| F|  |TAMS 0x000000070dc00000, 0x000000070dc00000| Untracked 
|  99|0x000000070dd00000, 0x000000070dd00000, 0x000000070de00000|  0%| F|  |TAMS 0x000000070dd00000, 0x000000070dd00000| Untracked 
| 100|0x000000070de00000, 0x000000070de00000, 0x000000070df00000|  0%| F|  |TAMS 0x000000070de00000, 0x000000070de00000| Untracked 
| 101|0x000000070df00000, 0x000000070df00000, 0x000000070e000000|  0%| F|  |TAMS 0x000000070df00000, 0x000000070df00000| Untracked 
| 102|0x000000070e000000, 0x000000070e000000, 0x000000070e100000|  0%| F|  |TAMS 0x000000070e000000, 0x000000070e000000| Untracked 
| 103|0x000000070e100000, 0x000000070e100000, 0x000000070e200000|  0%| F|  |TAMS 0x000000070e100000, 0x000000070e100000| Untracked 
| 104|0x000000070e200000, 0x000000070e200000, 0x000000070e300000|  0%| F|  |TAMS 0x000000070e200000, 0x000000070e200000| Untracked 
| 105|0x000000070e300000, 0x000000070e300000, 0x000000070e400000|  0%| F|  |TAMS 0x000000070e300000, 0x000000070e300000| Untracked 
| 106|0x000000070e400000, 0x000000070e400000, 0x000000070e500000|  0%| F|  |TAMS 0x000000070e400000, 0x000000070e400000| Untracked 
| 107|0x000000070e500000, 0x000000070e500000, 0x000000070e600000|  0%| F|  |TAMS 0x000000070e500000, 0x000000070e500000| Untracked 
| 108|0x000000070e600000, 0x000000070e600000, 0x000000070e700000|  0%| F|  |TAMS 0x000000070e600000, 0x000000070e600000| Untracked 
| 109|0x000000070e700000, 0x000000070e700000, 0x000000070e800000|  0%| F|  |TAMS 0x000000070e700000, 0x000000070e700000| Untracked 
| 110|0x000000070e800000, 0x000000070e800000, 0x000000070e900000|  0%| F|  |TAMS 0x000000070e800000, 0x000000070e800000| Untracked 
| 111|0x000000070e900000, 0x000000070e900000, 0x000000070ea00000|  0%| F|  |TAMS 0x000000070e900000, 0x000000070e900000| Untracked 
| 112|0x000000070ea00000, 0x000000070ea00000, 0x000000070eb00000|  0%| F|  |TAMS 0x000000070ea00000, 0x000000070ea00000| Untracked 
| 113|0x000000070eb00000, 0x000000070eb00000, 0x000000070ec00000|  0%| F|  |TAMS 0x000000070eb00000, 0x000000070eb00000| Untracked 
| 114|0x000000070ec00000, 0x000000070ec00000, 0x000000070ed00000|  0%| F|  |TAMS 0x000000070ec00000, 0x000000070ec00000| Untracked 
| 115|0x000000070ed00000, 0x000000070ed00000, 0x000000070ee00000|  0%| F|  |TAMS 0x000000070ed00000, 0x000000070ed00000| Untracked 
| 116|0x000000070ee00000, 0x000000070ee00000, 0x000000070ef00000|  0%| F|  |TAMS 0x000000070ee00000, 0x000000070ee00000| Untracked 
| 117|0x000000070ef00000, 0x000000070ef00000, 0x000000070f000000|  0%| F|  |TAMS 0x000000070ef00000, 0x000000070ef00000| Untracked 
| 118|0x000000070f000000, 0x000000070f000000, 0x000000070f100000|  0%| F|  |TAMS 0x000000070f000000, 0x000000070f000000| Untracked 
| 119|0x000000070f100000, 0x000000070f100000, 0x000000070f200000|  0%| F|  |TAMS 0x000000070f100000, 0x000000070f100000| Untracked 
| 120|0x000000070f200000, 0x000000070f200000, 0x000000070f300000|  0%| F|  |TAMS 0x000000070f200000, 0x000000070f200000| Untracked 
| 121|0x000000070f300000, 0x000000070f300000, 0x000000070f400000|  0%| F|  |TAMS 0x000000070f300000, 0x000000070f300000| Untracked 
| 122|0x000000070f400000, 0x000000070f400000, 0x000000070f500000|  0%| F|  |TAMS 0x000000070f400000, 0x000000070f400000| Untracked 
| 123|0x000000070f500000, 0x000000070f500000, 0x000000070f600000|  0%| F|  |TAMS 0x000000070f500000, 0x000000070f500000| Untracked 
| 124|0x000000070f600000, 0x000000070f600000, 0x000000070f700000|  0%| F|  |TAMS 0x000000070f600000, 0x000000070f600000| Untracked 
| 125|0x000000070f700000, 0x000000070f700000, 0x000000070f800000|  0%| F|  |TAMS 0x000000070f700000, 0x000000070f700000| Untracked 
| 126|0x000000070f800000, 0x000000070f800000, 0x000000070f900000|  0%| F|  |TAMS 0x000000070f800000, 0x000000070f800000| Untracked 
| 127|0x000000070f900000, 0x000000070f900000, 0x000000070fa00000|  0%| F|  |TAMS 0x000000070f900000, 0x000000070f900000| Untracked 
| 128|0x000000070fa00000, 0x000000070fa00000, 0x000000070fb00000|  0%| F|  |TAMS 0x000000070fa00000, 0x000000070fa00000| Untracked 
| 129|0x000000070fb00000, 0x000000070fb00000, 0x000000070fc00000|  0%| F|  |TAMS 0x000000070fb00000, 0x000000070fb00000| Untracked 
| 130|0x000000070fc00000, 0x000000070fc00000, 0x000000070fd00000|  0%| F|  |TAMS 0x000000070fc00000, 0x000000070fc00000| Untracked 
| 131|0x000000070fd00000, 0x000000070fd00000, 0x000000070fe00000|  0%| F|  |TAMS 0x000000070fd00000, 0x000000070fd00000| Untracked 
| 132|0x000000070fe00000, 0x000000070fe00000, 0x000000070ff00000|  0%| F|  |TAMS 0x000000070fe00000, 0x000000070fe00000| Untracked 
| 133|0x000000070ff00000, 0x000000070ff00000, 0x0000000710000000|  0%| F|  |TAMS 0x000000070ff00000, 0x000000070ff00000| Untracked 
| 134|0x0000000710000000, 0x0000000710000000, 0x0000000710100000|  0%| F|  |TAMS 0x0000000710000000, 0x0000000710000000| Untracked 
| 135|0x0000000710100000, 0x0000000710100000, 0x0000000710200000|  0%| F|  |TAMS 0x0000000710100000, 0x0000000710100000| Untracked 
| 136|0x0000000710200000, 0x0000000710200000, 0x0000000710300000|  0%| F|  |TAMS 0x0000000710200000, 0x0000000710200000| Untracked 
| 137|0x0000000710300000, 0x0000000710300000, 0x0000000710400000|  0%| F|  |TAMS 0x0000000710300000, 0x0000000710300000| Untracked 
| 138|0x0000000710400000, 0x0000000710400000, 0x0000000710500000|  0%| F|  |TAMS 0x0000000710400000, 0x0000000710400000| Untracked 
| 139|0x0000000710500000, 0x0000000710500000, 0x0000000710600000|  0%| F|  |TAMS 0x0000000710500000, 0x0000000710500000| Untracked 
| 140|0x0000000710600000, 0x0000000710600000, 0x0000000710700000|  0%| F|  |TAMS 0x0000000710600000, 0x0000000710600000| Untracked 
| 141|0x0000000710700000, 0x0000000710700000, 0x0000000710800000|  0%| F|  |TAMS 0x0000000710700000, 0x0000000710700000| Untracked 
| 142|0x0000000710800000, 0x0000000710800000, 0x0000000710900000|  0%| F|  |TAMS 0x0000000710800000, 0x0000000710800000| Untracked 
| 143|0x0000000710900000, 0x0000000710900000, 0x0000000710a00000|  0%| F|  |TAMS 0x0000000710900000, 0x0000000710900000| Untracked 
| 144|0x0000000710a00000, 0x0000000710a00000, 0x0000000710b00000|  0%| F|  |TAMS 0x0000000710a00000, 0x0000000710a00000| Untracked 
| 145|0x0000000710b00000, 0x0000000710b00000, 0x0000000710c00000|  0%| F|  |TAMS 0x0000000710b00000, 0x0000000710b00000| Untracked 
| 146|0x0000000710c00000, 0x0000000710c00000, 0x0000000710d00000|  0%| F|  |TAMS 0x0000000710c00000, 0x0000000710c00000| Untracked 
| 147|0x0000000710d00000, 0x0000000710d00000, 0x0000000710e00000|  0%| F|  |TAMS 0x0000000710d00000, 0x0000000710d00000| Untracked 
| 148|0x0000000710e00000, 0x0000000710e00000, 0x0000000710f00000|  0%| F|  |TAMS 0x0000000710e00000, 0x0000000710e00000| Untracked 
| 149|0x0000000710f00000, 0x0000000710f00000, 0x0000000711000000|  0%| F|  |TAMS 0x0000000710f00000, 0x0000000710f00000| Untracked 
| 150|0x0000000711000000, 0x0000000711000000, 0x0000000711100000|  0%| F|  |TAMS 0x0000000711000000, 0x0000000711000000| Untracked 
| 151|0x0000000711100000, 0x0000000711100000, 0x0000000711200000|  0%| F|  |TAMS 0x0000000711100000, 0x0000000711100000| Untracked 
| 152|0x0000000711200000, 0x0000000711200000, 0x0000000711300000|  0%| F|  |TAMS 0x0000000711200000, 0x0000000711200000| Untracked 
| 153|0x0000000711300000, 0x0000000711300000, 0x0000000711400000|  0%| F|  |TAMS 0x0000000711300000, 0x0000000711300000| Untracked 
| 154|0x0000000711400000, 0x0000000711400000, 0x0000000711500000|  0%| F|  |TAMS 0x0000000711400000, 0x0000000711400000| Untracked 
| 155|0x0000000711500000, 0x0000000711500000, 0x0000000711600000|  0%| F|  |TAMS 0x0000000711500000, 0x0000000711500000| Untracked 
| 156|0x0000000711600000, 0x0000000711600000, 0x0000000711700000|  0%| F|  |TAMS 0x0000000711600000, 0x0000000711600000| Untracked 
| 157|0x0000000711700000, 0x0000000711700000, 0x0000000711800000|  0%| F|  |TAMS 0x0000000711700000, 0x0000000711700000| Untracked 
| 158|0x0000000711800000, 0x0000000711800000, 0x0000000711900000|  0%| F|  |TAMS 0x0000000711800000, 0x0000000711800000| Untracked 
| 159|0x0000000711900000, 0x0000000711900000, 0x0000000711a00000|  0%| F|  |TAMS 0x0000000711900000, 0x0000000711900000| Untracked 
| 160|0x0000000711a00000, 0x0000000711a00000, 0x0000000711b00000|  0%| F|  |TAMS 0x0000000711a00000, 0x0000000711a00000| Untracked 
| 161|0x0000000711b00000, 0x0000000711b00000, 0x0000000711c00000|  0%| F|  |TAMS 0x0000000711b00000, 0x0000000711b00000| Untracked 
| 162|0x0000000711c00000, 0x0000000711c00000, 0x0000000711d00000|  0%| F|  |TAMS 0x0000000711c00000, 0x0000000711c00000| Untracked 
| 163|0x0000000711d00000, 0x0000000711d00000, 0x0000000711e00000|  0%| F|  |TAMS 0x0000000711d00000, 0x0000000711d00000| Untracked 
| 164|0x0000000711e00000, 0x0000000711e00000, 0x0000000711f00000|  0%| F|  |TAMS 0x0000000711e00000, 0x0000000711e00000| Untracked 
| 165|0x0000000711f00000, 0x0000000711f00000, 0x0000000712000000|  0%| F|  |TAMS 0x0000000711f00000, 0x0000000711f00000| Untracked 
| 166|0x0000000712000000, 0x0000000712000000, 0x0000000712100000|  0%| F|  |TAMS 0x0000000712000000, 0x0000000712000000| Untracked 
| 167|0x0000000712100000, 0x0000000712100000, 0x0000000712200000|  0%| F|  |TAMS 0x0000000712100000, 0x0000000712100000| Untracked 
| 168|0x0000000712200000, 0x0000000712200000, 0x0000000712300000|  0%| F|  |TAMS 0x0000000712200000, 0x0000000712200000| Untracked 
| 169|0x0000000712300000, 0x0000000712300000, 0x0000000712400000|  0%| F|  |TAMS 0x0000000712300000, 0x0000000712300000| Untracked 
| 170|0x0000000712400000, 0x0000000712400000, 0x0000000712500000|  0%| F|  |TAMS 0x0000000712400000, 0x0000000712400000| Untracked 
| 171|0x0000000712500000, 0x0000000712500000, 0x0000000712600000|  0%| F|  |TAMS 0x0000000712500000, 0x0000000712500000| Untracked 
| 172|0x0000000712600000, 0x0000000712600000, 0x0000000712700000|  0%| F|  |TAMS 0x0000000712600000, 0x0000000712600000| Untracked 
| 173|0x0000000712700000, 0x0000000712700000, 0x0000000712800000|  0%| F|  |TAMS 0x0000000712700000, 0x0000000712700000| Untracked 
| 174|0x0000000712800000, 0x0000000712800000, 0x0000000712900000|  0%| F|  |TAMS 0x0000000712800000, 0x0000000712800000| Untracked 
| 175|0x0000000712900000, 0x0000000712900000, 0x0000000712a00000|  0%| F|  |TAMS 0x0000000712900000, 0x0000000712900000| Untracked 
| 176|0x0000000712a00000, 0x0000000712a00000, 0x0000000712b00000|  0%| F|  |TAMS 0x0000000712a00000, 0x0000000712a00000| Untracked 
| 177|0x0000000712b00000, 0x0000000712b00000, 0x0000000712c00000|  0%| F|  |TAMS 0x0000000712b00000, 0x0000000712b00000| Untracked 
| 178|0x0000000712c00000, 0x0000000712c00000, 0x0000000712d00000|  0%| F|  |TAMS 0x0000000712c00000, 0x0000000712c00000| Untracked 
| 179|0x0000000712d00000, 0x0000000712d00000, 0x0000000712e00000|  0%| F|  |TAMS 0x0000000712d00000, 0x0000000712d00000| Untracked 
| 180|0x0000000712e00000, 0x0000000712e00000, 0x0000000712f00000|  0%| F|  |TAMS 0x0000000712e00000, 0x0000000712e00000| Untracked 
| 181|0x0000000712f00000, 0x0000000712f00000, 0x0000000713000000|  0%| F|  |TAMS 0x0000000712f00000, 0x0000000712f00000| Untracked 
| 182|0x0000000713000000, 0x0000000713000000, 0x0000000713100000|  0%| F|  |TAMS 0x0000000713000000, 0x0000000713000000| Untracked 
| 183|0x0000000713100000, 0x0000000713100000, 0x0000000713200000|  0%| F|  |TAMS 0x0000000713100000, 0x0000000713100000| Untracked 
| 184|0x0000000713200000, 0x0000000713200000, 0x0000000713300000|  0%| F|  |TAMS 0x0000000713200000, 0x0000000713200000| Untracked 
| 185|0x0000000713300000, 0x0000000713300000, 0x0000000713400000|  0%| F|  |TAMS 0x0000000713300000, 0x0000000713300000| Untracked 
| 186|0x0000000713400000, 0x0000000713400000, 0x0000000713500000|  0%| F|  |TAMS 0x0000000713400000, 0x0000000713400000| Untracked 
| 187|0x0000000713500000, 0x0000000713500000, 0x0000000713600000|  0%| F|  |TAMS 0x0000000713500000, 0x0000000713500000| Untracked 
| 188|0x0000000713600000, 0x0000000713600000, 0x0000000713700000|  0%| F|  |TAMS 0x0000000713600000, 0x0000000713600000| Untracked 
| 189|0x0000000713700000, 0x0000000713700000, 0x0000000713800000|  0%| F|  |TAMS 0x0000000713700000, 0x0000000713700000| Untracked 
| 190|0x0000000713800000, 0x0000000713800000, 0x0000000713900000|  0%| F|  |TAMS 0x0000000713800000, 0x0000000713800000| Untracked 
| 191|0x0000000713900000, 0x0000000713900000, 0x0000000713a00000|  0%| F|  |TAMS 0x0000000713900000, 0x0000000713900000| Untracked 
| 192|0x0000000713a00000, 0x0000000713a00000, 0x0000000713b00000|  0%| F|  |TAMS 0x0000000713a00000, 0x0000000713a00000| Untracked 
| 193|0x0000000713b00000, 0x0000000713b00000, 0x0000000713c00000|  0%| F|  |TAMS 0x0000000713b00000, 0x0000000713b00000| Untracked 
| 194|0x0000000713c00000, 0x0000000713c00000, 0x0000000713d00000|  0%| F|  |TAMS 0x0000000713c00000, 0x0000000713c00000| Untracked 
| 195|0x0000000713d00000, 0x0000000713d00000, 0x0000000713e00000|  0%| F|  |TAMS 0x0000000713d00000, 0x0000000713d00000| Untracked 
| 196|0x0000000713e00000, 0x0000000713e00000, 0x0000000713f00000|  0%| F|  |TAMS 0x0000000713e00000, 0x0000000713e00000| Untracked 
| 197|0x0000000713f00000, 0x0000000713f00000, 0x0000000714000000|  0%| F|  |TAMS 0x0000000713f00000, 0x0000000713f00000| Untracked 
| 198|0x0000000714000000, 0x0000000714000000, 0x0000000714100000|  0%| F|  |TAMS 0x0000000714000000, 0x0000000714000000| Untracked 
| 199|0x0000000714100000, 0x0000000714100000, 0x0000000714200000|  0%| F|  |TAMS 0x0000000714100000, 0x0000000714100000| Untracked 
| 200|0x0000000714200000, 0x0000000714200000, 0x0000000714300000|  0%| F|  |TAMS 0x0000000714200000, 0x0000000714200000| Untracked 
| 201|0x0000000714300000, 0x0000000714300000, 0x0000000714400000|  0%| F|  |TAMS 0x0000000714300000, 0x0000000714300000| Untracked 
| 202|0x0000000714400000, 0x0000000714400000, 0x0000000714500000|  0%| F|  |TAMS 0x0000000714400000, 0x0000000714400000| Untracked 
| 203|0x0000000714500000, 0x0000000714500000, 0x0000000714600000|  0%| F|  |TAMS 0x0000000714500000, 0x0000000714500000| Untracked 
| 204|0x0000000714600000, 0x0000000714600000, 0x0000000714700000|  0%| F|  |TAMS 0x0000000714600000, 0x0000000714600000| Untracked 
| 205|0x0000000714700000, 0x0000000714700000, 0x0000000714800000|  0%| F|  |TAMS 0x0000000714700000, 0x0000000714700000| Untracked 
| 206|0x0000000714800000, 0x0000000714800000, 0x0000000714900000|  0%| F|  |TAMS 0x0000000714800000, 0x0000000714800000| Untracked 
| 207|0x0000000714900000, 0x0000000714900000, 0x0000000714a00000|  0%| F|  |TAMS 0x0000000714900000, 0x0000000714900000| Untracked 
| 208|0x0000000714a00000, 0x0000000714a00000, 0x0000000714b00000|  0%| F|  |TAMS 0x0000000714a00000, 0x0000000714a00000| Untracked 
| 209|0x0000000714b00000, 0x0000000714b00000, 0x0000000714c00000|  0%| F|  |TAMS 0x0000000714b00000, 0x0000000714b00000| Untracked 
| 210|0x0000000714c00000, 0x0000000714c00000, 0x0000000714d00000|  0%| F|  |TAMS 0x0000000714c00000, 0x0000000714c00000| Untracked 
| 211|0x0000000714d00000, 0x0000000714d00000, 0x0000000714e00000|  0%| F|  |TAMS 0x0000000714d00000, 0x0000000714d00000| Untracked 
| 212|0x0000000714e00000, 0x0000000714e00000, 0x0000000714f00000|  0%| F|  |TAMS 0x0000000714e00000, 0x0000000714e00000| Untracked 
| 213|0x0000000714f00000, 0x0000000714f00000, 0x0000000715000000|  0%| F|  |TAMS 0x0000000714f00000, 0x0000000714f00000| Untracked 
| 214|0x0000000715000000, 0x0000000715000000, 0x0000000715100000|  0%| F|  |TAMS 0x0000000715000000, 0x0000000715000000| Untracked 
| 215|0x0000000715100000, 0x0000000715100000, 0x0000000715200000|  0%| F|  |TAMS 0x0000000715100000, 0x0000000715100000| Untracked 
| 216|0x0000000715200000, 0x0000000715200000, 0x0000000715300000|  0%| F|  |TAMS 0x0000000715200000, 0x0000000715200000| Untracked 
| 217|0x0000000715300000, 0x0000000715300000, 0x0000000715400000|  0%| F|  |TAMS 0x0000000715300000, 0x0000000715300000| Untracked 
| 218|0x0000000715400000, 0x0000000715400000, 0x0000000715500000|  0%| F|  |TAMS 0x0000000715400000, 0x0000000715400000| Untracked 
| 219|0x0000000715500000, 0x0000000715500000, 0x0000000715600000|  0%| F|  |TAMS 0x0000000715500000, 0x0000000715500000| Untracked 
| 220|0x0000000715600000, 0x0000000715600000, 0x0000000715700000|  0%| F|  |TAMS 0x0000000715600000, 0x0000000715600000| Untracked 
| 221|0x0000000715700000, 0x0000000715700000, 0x0000000715800000|  0%| F|  |TAMS 0x0000000715700000, 0x0000000715700000| Untracked 
| 222|0x0000000715800000, 0x0000000715800000, 0x0000000715900000|  0%| F|  |TAMS 0x0000000715800000, 0x0000000715800000| Untracked 
| 223|0x0000000715900000, 0x0000000715900000, 0x0000000715a00000|  0%| F|  |TAMS 0x0000000715900000, 0x0000000715900000| Untracked 
| 224|0x0000000715a00000, 0x0000000715a00000, 0x0000000715b00000|  0%| F|  |TAMS 0x0000000715a00000, 0x0000000715a00000| Untracked 
| 225|0x0000000715b00000, 0x0000000715b00000, 0x0000000715c00000|  0%| F|  |TAMS 0x0000000715b00000, 0x0000000715b00000| Untracked 
| 226|0x0000000715c00000, 0x0000000715c00000, 0x0000000715d00000|  0%| F|  |TAMS 0x0000000715c00000, 0x0000000715c00000| Untracked 
| 227|0x0000000715d00000, 0x0000000715d00000, 0x0000000715e00000|  0%| F|  |TAMS 0x0000000715d00000, 0x0000000715d00000| Untracked 
| 228|0x0000000715e00000, 0x0000000715e00000, 0x0000000715f00000|  0%| F|  |TAMS 0x0000000715e00000, 0x0000000715e00000| Untracked 
| 229|0x0000000715f00000, 0x0000000715f00000, 0x0000000716000000|  0%| F|  |TAMS 0x0000000715f00000, 0x0000000715f00000| Untracked 
| 230|0x0000000716000000, 0x0000000716000000, 0x0000000716100000|  0%| F|  |TAMS 0x0000000716000000, 0x0000000716000000| Untracked 
| 231|0x0000000716100000, 0x0000000716100000, 0x0000000716200000|  0%| F|  |TAMS 0x0000000716100000, 0x0000000716100000| Untracked 
| 232|0x0000000716200000, 0x0000000716200000, 0x0000000716300000|  0%| F|  |TAMS 0x0000000716200000, 0x0000000716200000| Untracked 
| 233|0x0000000716300000, 0x0000000716300000, 0x0000000716400000|  0%| F|  |TAMS 0x0000000716300000, 0x0000000716300000| Untracked 
| 234|0x0000000716400000, 0x0000000716400000, 0x0000000716500000|  0%| F|  |TAMS 0x0000000716400000, 0x0000000716400000| Untracked 
| 235|0x0000000716500000, 0x0000000716500000, 0x0000000716600000|  0%| F|  |TAMS 0x0000000716500000, 0x0000000716500000| Untracked 
| 236|0x0000000716600000, 0x0000000716600000, 0x0000000716700000|  0%| F|  |TAMS 0x0000000716600000, 0x0000000716600000| Untracked 
| 237|0x0000000716700000, 0x00000007167f6490, 0x0000000716800000| 96%| E|  |TAMS 0x0000000716700000, 0x0000000716700000| Complete 
| 238|0x0000000716800000, 0x0000000716900000, 0x0000000716900000|100%| E|CS|TAMS 0x0000000716800000, 0x0000000716800000| Complete 
| 239|0x0000000716900000, 0x0000000716a00000, 0x0000000716a00000|100%| E|CS|TAMS 0x0000000716900000, 0x0000000716900000| Complete 
| 240|0x0000000716a00000, 0x0000000716b00000, 0x0000000716b00000|100%| E|CS|TAMS 0x0000000716a00000, 0x0000000716a00000| Complete 
| 241|0x0000000716b00000, 0x0000000716c00000, 0x0000000716c00000|100%| E|CS|TAMS 0x0000000716b00000, 0x0000000716b00000| Complete 
| 242|0x0000000716c00000, 0x0000000716d00000, 0x0000000716d00000|100%| E|CS|TAMS 0x0000000716c00000, 0x0000000716c00000| Complete 
| 243|0x0000000716d00000, 0x0000000716e00000, 0x0000000716e00000|100%| E|CS|TAMS 0x0000000716d00000, 0x0000000716d00000| Complete 
| 244|0x0000000716e00000, 0x0000000716f00000, 0x0000000716f00000|100%| E|CS|TAMS 0x0000000716e00000, 0x0000000716e00000| Complete 
| 245|0x0000000716f00000, 0x0000000717000000, 0x0000000717000000|100%| E|CS|TAMS 0x0000000716f00000, 0x0000000716f00000| Complete 
| 246|0x0000000717000000, 0x0000000717100000, 0x0000000717100000|100%| E|CS|TAMS 0x0000000717000000, 0x0000000717000000| Complete 
| 247|0x0000000717100000, 0x0000000717200000, 0x0000000717200000|100%| E|CS|TAMS 0x0000000717100000, 0x0000000717100000| Complete 
| 248|0x0000000717200000, 0x0000000717300000, 0x0000000717300000|100%| E|CS|TAMS 0x0000000717200000, 0x0000000717200000| Complete 
| 249|0x0000000717300000, 0x0000000717400000, 0x0000000717400000|100%| E|CS|TAMS 0x0000000717300000, 0x0000000717300000| Complete 
|2946|0x00000007bfc00000, 0x00000007bfc35000, 0x00000007bfd00000| 20%|OA|  |TAMS 0x00000007bfc00000, 0x00000007bfc00000| Untracked 
|2948|0x00000007bfe00000, 0x00000007bfe6a000, 0x00000007bff00000| 41%|CA|  |TAMS 0x00000007bfe00000, 0x00000007bfe00000| Untracked 

Card table byte_map: [0x00007f4b5f83d000,0x00007f4b60000000] _byte_map_base: 0x00007f4b5c000000

Marking Bits (Prev, Next): (CMBitMap*) 0x00007f4b7c0757b8, (CMBitMap*) 0x00007f4b7c0757f0
 Prev Bits: [0x00007f4b5b262000, 0x00007f4b5f07a000)
 Next Bits: [0x00007f4b5744a000, 0x00007f4b5b262000)

Polling page: 0x00007f4b825d1000

Metaspace:

Usage:
  Non-class:      6.50 MB capacity,     4.42 MB ( 68%) used,     2.06 MB ( 32%) free+waste,    14.75 KB ( <1%) overhead. 
      Class:    829.00 KB capacity,   563.43 KB ( 68%) used,   257.76 KB ( 31%) free+waste,     7.81 KB ( <1%) overhead. 
       Both:      7.31 MB capacity,     4.97 MB ( 68%) used,     2.31 MB ( 32%) free+waste,    22.56 KB ( <1%) overhead. 

Virtual space:
  Non-class space:        8.00 MB reserved,       6.75 MB ( 84%) committed 
      Class space:        1.00 GB reserved,     896.00 KB ( <1%) committed 
             Both:        1.01 GB reserved,       7.62 MB ( <1%) committed 

Chunk freelists:
   Non-Class:  27.00 KB
       Class:  3.00 KB
        Both:  30.00 KB

CodeHeap 'non-profiled nmethods': size=120032Kb used=260Kb max_used=260Kb free=119771Kb
 bounds [0x00007f4b6c446000, 0x00007f4b6c6b6000, 0x00007f4b7397e000]
CodeHeap 'profiled nmethods': size=120028Kb used=1718Kb max_used=1718Kb free=118309Kb
 bounds [0x00007f4b64f0f000, 0x00007f4b6517f000, 0x00007f4b6c446000]
CodeHeap 'non-nmethods': size=5700Kb used=1244Kb max_used=1263Kb free=4456Kb
 bounds [0x00007f4b6497e000, 0x00007f4b64bee000, 0x00007f4b64f0f000]
 total_blobs=1552 nmethods=882 adapters=438
 compilation: enabled
              stopped_count=0, restarted_count=0
 full_count=0

Compilation events (10 events):
Event: 0.368 Thread 0x00007f4b7c1d2800 nmethod 876 0x00007f4b650bb110 code [0x00007f4b650bb300, 0x00007f4b650bb698]
Event: 0.368 Thread 0x00007f4b7c1d2800  880       3       jdk.internal.misc.VM::initLevel (4 bytes)
Event: 0.368 Thread 0x00007f4b7c1d2800 nmethod 880 0x00007f4b650bb810 code [0x00007f4b650bb9c0, 0x00007f4b650bbb10]
Event: 0.368 Thread 0x00007f4b7c1d2800  878       3       java.lang.StringBuilder::append (8 bytes)
Event: 0.368 Thread 0x00007f4b7c1d2800 nmethod 878 0x00007f4b650bbb90 code [0x00007f4b650bbd40, 0x00007f4b650bbf08]
Event: 0.368 Thread 0x00007f4b7c1d2800  879       3       java.lang.AbstractStringBuilder::append (55 bytes)
Event: 0.368 Thread 0x00007f4b7c1d2800 nmethod 879 0x00007f4b650bbf90 code [0x00007f4b650bc180, 0x00007f4b650bc538]
Event: 0.368 Thread 0x00007f4b7c1d2800  881       3       java.nio.ByteBuffer::position (6 bytes)
Event: 0.369 Thread 0x00007f4b7c1d2800 nmethod 881 0x00007f4b650bc690 code [0x00007f4b650bc840, 0x00007f4b650bcaa8]
Event: 0.370 Thread 0x00007f4b7c1d0800  882       4       sun.net.www.ParseUtil::firstEncodeIndex (86 bytes)

GC Heap History (0 events):
No events

Deoptimization events (3 events):
Event: 0.069 Thread 0x00007f4b7c011800 Uncommon trap: reason=unstable_if action=reinterpret pc=0x00007f4b6c44a844 method=java.lang.String.hashCode()I @ 14 c2
Event: 0.129 Thread 0x00007f4b7c011800 Uncommon trap: reason=unstable_if action=reinterpret pc=0x00007f4b6c44b604 method=java.lang.String.isLatin1()Z @ 10 c2
Event: 0.285 Thread 0x00007f4b7c011800 Uncommon trap: reason=unstable_if action=reinterpret pc=0x00007f4b6c46f520 method=java.util.HashMap.getNode(ILjava/lang/Object;)Ljava/util/HashMap$Node; @ 129 c2

Classes redefined (0 events):
No events

Internal exceptions (4 events):
Event: 0.191 Thread 0x00007f4b7c011800 Exception <a 'java/lang/NoSuchMethodError'{0x0000000716f211e0}: java.lang.invoke.DirectMethodHandle$Holder.invokeSpecialIFC(Ljava/lang/Object;Ljava/lang/Object;I)I> (0x0000000716f211e0) thrown at [/build/openjdk-lts-WvAz7S/openjdk-lts-11.0.3+7/src/hotspot
Event: 0.344 Thread 0x00007f4b7c011800 Exception <a 'java/lang/NoSuchMethodError'{0x000000071683e5c0}: java.lang.invoke.DirectMethodHandle$Holder.invokeInterface(Ljava/lang/Object;Ljava/lang/Object;Ljava/lang/Object;Ljava/lang/Object;)I> (0x000000071683e5c0) thrown at [/build/openjdk-lts-WvAz7
Event: 0.365 Thread 0x00007f4b7c011800 Exception <a 'java/lang/NoSuchMethodError'{0x0000000716763a58}: java.lang.invoke.DirectMethodHandle$Holder.invokeInterface(Ljava/lang/Object;Ljava/lang/Object;Ljava/lang/Object;I)I> (0x0000000716763a58) thrown at [/build/openjdk-lts-WvAz7S/openjdk-lts-11.
Event: 0.368 Thread 0x00007f4b7c011800 Exception <a 'java/lang/NoSuchMethodError'{0x0000000716793a78}: java.lang.invoke.DirectMethodHandle$Holder.invokeVirtual(Ljava/lang/Object;Ljava/lang/Object;)V> (0x0000000716793a78) thrown at [/build/openjdk-lts-WvAz7S/openjdk-lts-11.0.3+7/src/hotspot/sha

Events (10 events):
Event: 0.370 loading class jnr/ffi/provider/jffi/PrimitiveArrayParameterStrategy
Event: 0.370 loading class jnr/ffi/provider/jffi/PrimitiveArrayParameterStrategy done
Event: 0.370 loading class com/kenai/jffi/ObjectParameterStrategy$StrategyType
Event: 0.370 loading class com/kenai/jffi/ObjectParameterStrategy$StrategyType done
Event: 0.370 loading class com/kenai/jffi/ObjectParameterType
Event: 0.370 loading class com/kenai/jffi/ObjectParameterType done
Event: 0.370 loading class com/kenai/jffi/ObjectParameterType$ObjectType
Event: 0.370 loading class com/kenai/jffi/ObjectParameterType$ObjectType done
Event: 0.370 loading class com/kenai/jffi/ObjectParameterType$TypeCache
Event: 0.370 loading class com/kenai/jffi/ObjectParameterType$TypeCache done


Dynamic libraries:
707a00000-717400000 rw-p 00000000 00:00 0 
717400000-7bfc00000 ---p 00000000 00:00 0 
7bfc00000-7bfc35000 rw-p 0111e000 08:02 3290380                          /usr/lib/jvm/java-11-openjdk-amd64/lib/server/classes.jsa
7bfc35000-7bfd00000 rw-p 00000000 00:00 0 
7bfd00000-7bfe00000 ---p 00000000 00:00 0 
7bfe00000-7bfe6a000 rw-p 010b4000 08:02 3290380                          /usr/lib/jvm/java-11-openjdk-amd64/lib/server/classes.jsa
7bfe6a000-7bff00000 rw-p 00000000 00:00 0 
7bff00000-800000000 ---p 00000000 00:00 0 
800000000-800002000 rwxp 00001000 08:02 3290380                          /usr/lib/jvm/java-11-openjdk-amd64/lib/server/classes.jsa
800002000-8010b3000 rw-p 00003000 08:02 3290380                          /usr/lib/jvm/java-11-openjdk-amd64/lib/server/classes.jsa
840000000-8400e0000 rw-p 00000000 00:00 0 
8400e0000-880000000 ---p 00000000 00:00 0 
55586258f000-555862590000 r--p 00000000 08:02 3290899                    /usr/lib/jvm/java-11-openjdk-amd64/bin/java
555862590000-555862591000 r-xp 00001000 08:02 3290899                    /usr/lib/jvm/java-11-openjdk-amd64/bin/java
555862591000-555862592000 r--p 00002000 08:02 3290899                    /usr/lib/jvm/java-11-openjdk-amd64/bin/java
555862592000-555862593000 r--p 00002000 08:02 3290899                    /usr/lib/jvm/java-11-openjdk-amd64/bin/java
555862593000-555862594000 rw-p 00003000 08:02 3290899                    /usr/lib/jvm/java-11-openjdk-amd64/bin/java
555862762000-555862783000 rw-p 00000000 00:00 0                          [heap]
7f4b04000000-7f4b04021000 rw-p 00000000 00:00 0 
7f4b04021000-7f4b08000000 ---p 00000000 00:00 0 
7f4b0c000000-7f4b0c021000 rw-p 00000000 00:00 0 
7f4b0c021000-7f4b10000000 ---p 00000000 00:00 0 
7f4b10000000-7f4b10021000 rw-p 00000000 00:00 0 
7f4b10021000-7f4b14000000 ---p 00000000 00:00 0 
7f4b14000000-7f4b14021000 rw-p 00000000 00:00 0 
7f4b14021000-7f4b18000000 ---p 00000000 00:00 0 
7f4b18000000-7f4b18021000 rw-p 00000000 00:00 0 
7f4b18021000-7f4b1c000000 ---p 00000000 00:00 0 
7f4b1c000000-7f4b1c021000 rw-p 00000000 00:00 0 
7f4b1c021000-7f4b20000000 ---p 00000000 00:00 0 
7f4b20000000-7f4b20021000 rw-p 00000000 00:00 0 
7f4b20021000-7f4b24000000 ---p 00000000 00:00 0 
7f4b24000000-7f4b24332000 rw-p 00000000 00:00 0 
7f4b24332000-7f4b28000000 ---p 00000000 00:00 0 
7f4b28000000-7f4b28021000 rw-p 00000000 00:00 0 
7f4b28021000-7f4b2c000000 ---p 00000000 00:00 0 
7f4b2c000000-7f4b2c021000 rw-p 00000000 00:00 0 
7f4b2c021000-7f4b30000000 ---p 00000000 00:00 0 
7f4b30000000-7f4b3038d000 rw-p 00000000 00:00 0 
7f4b3038d000-7f4b34000000 ---p 00000000 00:00 0 
7f4b34000000-7f4b34021000 rw-p 00000000 00:00 0 
7f4b34021000-7f4b38000000 ---p 00000000 00:00 0 
7f4b38000000-7f4b38021000 rw-p 00000000 00:00 0 
7f4b38021000-7f4b3c000000 ---p 00000000 00:00 0 
7f4b3c000000-7f4b3c021000 rw-p 00000000 00:00 0 
7f4b3c021000-7f4b40000000 ---p 00000000 00:00 0 
7f4b40000000-7f4b40021000 rw-p 00000000 00:00 0 
7f4b40021000-7f4b44000000 ---p 00000000 00:00 0 
7f4b45f1e000-7f4b45f22000 ---p 00000000 00:00 0 
7f4b45f22000-7f4b4601f000 rw-p 00000000 00:00 0 
7f4b4601f000-7f4b46026000 r--p 00000000 08:02 528392                     /lib/x86_64-linux-gnu/libfuse.so.2.9.8
7f4b46026000-7f4b4603f000 r-xp 00007000 08:02 528392                     /lib/x86_64-linux-gnu/libfuse.so.2.9.8
7f4b4603f000-7f4b46049000 r--p 00020000 08:02 528392                     /lib/x86_64-linux-gnu/libfuse.so.2.9.8
7f4b46049000-7f4b4604a000 ---p 0002a000 08:02 528392                     /lib/x86_64-linux-gnu/libfuse.so.2.9.8
7f4b4604a000-7f4b4605c000 r--p 0002a000 08:02 528392                     /lib/x86_64-linux-gnu/libfuse.so.2.9.8
7f4b4605c000-7f4b4605d000 rw-p 0003c000 08:02 528392                     /lib/x86_64-linux-gnu/libfuse.so.2.9.8
7f4b4607c000-7f4b46082000 r-xp 00000000 08:02 3046691                    /tmp/.libFUSELink.so
7f4b46082000-7f4b46281000 ---p 00006000 08:02 3046691                    /tmp/.libFUSELink.so
7f4b46281000-7f4b46282000 r--p 00005000 08:02 3046691                    /tmp/.libFUSELink.so
7f4b46282000-7f4b46283000 rw-p 00006000 08:02 3046691                    /tmp/.libFUSELink.so
7f4b46283000-7f4b46295000 r-xp 00000000 08:02 3046690                    /tmp/jffi5321487779039337772.so (deleted)
7f4b46295000-7f4b46494000 ---p 00012000 08:02 3046690                    /tmp/jffi5321487779039337772.so (deleted)
7f4b46494000-7f4b46495000 rw-p 00011000 08:02 3046690                    /tmp/jffi5321487779039337772.so (deleted)
7f4b46495000-7f4b46499000 ---p 00000000 00:00 0 
7f4b46499000-7f4b46596000 rw-p 00000000 00:00 0 
7f4b46596000-7f4b46597000 ---p 00000000 00:00 0 
7f4b46597000-7f4b46698000 rw-p 00000000 00:00 0 
7f4b46698000-7f4b4669c000 ---p 00000000 00:00 0 
7f4b4669c000-7f4b46799000 rw-p 00000000 00:00 0 
7f4b46799000-7f4b4679d000 ---p 00000000 00:00 0 
7f4b4679d000-7f4b4689a000 rw-p 00000000 00:00 0 
7f4b4689a000-7f4b4689e000 ---p 00000000 00:00 0 
7f4b4689e000-7f4b4699b000 rw-p 00000000 00:00 0 
7f4b4699b000-7f4b4699f000 ---p 00000000 00:00 0 
7f4b4699f000-7f4b46a9c000 rw-p 00000000 00:00 0 
7f4b46a9c000-7f4b46aa0000 ---p 00000000 00:00 0 
7f4b46aa0000-7f4b46b9d000 rw-p 00000000 00:00 0 
7f4b46b9d000-7f4b46ba1000 ---p 00000000 00:00 0 
7f4b46ba1000-7f4b46c9e000 rw-p 00000000 00:00 0 
7f4b46c9e000-7f4b46ca2000 ---p 00000000 00:00 0 
7f4b46ca2000-7f4b46d9f000 rw-p 00000000 00:00 0 
7f4b46d9f000-7f4b46da3000 ---p 00000000 00:00 0 
7f4b46da3000-7f4b46ea0000 rw-p 00000000 00:00 0 
7f4b46ea0000-7f4b47c7b000 r--p 00000000 08:02 3277245                    /usr/lib/locale/locale-archive
7f4b47c7b000-7f4b47c7f000 ---p 00000000 00:00 0 
7f4b47c7f000-7f4b47d7c000 rw-p 00000000 00:00 0 
7f4b47d7c000-7f4b47d80000 ---p 00000000 00:00 0 
7f4b47d80000-7f4b47e7d000 rw-p 00000000 00:00 0 
7f4b47e7d000-7f4b47e7e000 ---p 00000000 00:00 0 
7f4b47e7e000-7f4b48000000 rw-p 00000000 00:00 0 
7f4b48000000-7f4b48021000 rw-p 00000000 00:00 0 
7f4b48021000-7f4b4c000000 ---p 00000000 00:00 0 
7f4b4c000000-7f4b4c021000 rw-p 00000000 00:00 0 
7f4b4c021000-7f4b50000000 ---p 00000000 00:00 0 
7f4b50000000-7f4b50021000 rw-p 00000000 00:00 0 
7f4b50021000-7f4b54000000 ---p 00000000 00:00 0 
7f4b54004000-7f4b54005000 r--p 00000000 08:02 3290961                    /usr/lib/jvm/java-11-openjdk-amd64/lib/libjaas.so
7f4b54005000-7f4b54006000 r-xp 00001000 08:02 3290961                    /usr/lib/jvm/java-11-openjdk-amd64/lib/libjaas.so
7f4b54006000-7f4b54007000 r--p 00002000 08:02 3290961                    /usr/lib/jvm/java-11-openjdk-amd64/lib/libjaas.so
7f4b54007000-7f4b54008000 r--p 00002000 08:02 3290961                    /usr/lib/jvm/java-11-openjdk-amd64/lib/libjaas.so
7f4b54008000-7f4b54009000 rw-p 00003000 08:02 3290961                    /usr/lib/jvm/java-11-openjdk-amd64/lib/libjaas.so
7f4b54009000-7f4b546fa000 rw-p 00000000 00:00 0 
7f4b546fa000-7f4b5483a000 ---p 00000000 00:00 0 
7f4b5483a000-7f4b5483b000 ---p 00000000 00:00 0 
7f4b5483b000-7f4b5493c000 rw-p 00000000 00:00 0 
7f4b5493c000-7f4b5493d000 ---p 00000000 00:00 0 
7f4b5493d000-7f4b57246000 rw-p 00000000 00:00 0 
7f4b57246000-7f4b57247000 ---p 00000000 00:00 0 
7f4b57247000-7f4b57348000 rw-p 00000000 00:00 0 
7f4b57348000-7f4b57349000 ---p 00000000 00:00 0 
7f4b57349000-7f4b57832000 rw-p 00000000 00:00 0 
7f4b57832000-7f4b5a252000 ---p 00000000 00:00 0 
7f4b5a252000-7f4b5a256000 rw-p 00000000 00:00 0 
7f4b5a256000-7f4b5a25a000 ---p 00000000 00:00 0 
7f4b5a25a000-7f4b5a25e000 rw-p 00000000 00:00 0 
7f4b5a25e000-7f4b5b262000 ---p 00000000 00:00 0 
7f4b5b262000-7f4b5b64a000 rw-p 00000000 00:00 0 
7f4b5b64a000-7f4b5e06a000 ---p 00000000 00:00 0 
7f4b5e06a000-7f4b5e06e000 rw-p 00000000 00:00 0 
7f4b5e06e000-7f4b5e072000 ---p 00000000 00:00 0 
7f4b5e072000-7f4b5e076000 rw-p 00000000 00:00 0 
7f4b5e076000-7f4b5f07a000 ---p 00000000 00:00 0 
7f4b5f07a000-7f4b5f0f7000 rw-p 00000000 00:00 0 
7f4b5f0f7000-7f4b5f63b000 ---p 00000000 00:00 0 
7f4b5f63b000-7f4b5f63d000 rw-p 00000000 00:00 0 
7f4b5f63d000-7f4b5f83d000 ---p 00000000 00:00 0 
7f4b5f83d000-7f4b5f8ba000 rw-p 00000000 00:00 0 
7f4b5f8ba000-7f4b5fdfe000 ---p 00000000 00:00 0 
7f4b5fdfe000-7f4b5fe00000 rw-p 00000000 00:00 0 
7f4b5fe00000-7f4b60000000 ---p 00000000 00:00 0 
7f4b60000000-7f4b60021000 rw-p 00000000 00:00 0 
7f4b60021000-7f4b64000000 ---p 00000000 00:00 0 
7f4b64000000-7f4b64002000 rw-p 00000000 00:00 0 
7f4b64002000-7f4b64015000 r-xp 00000000 00:00 0 
7f4b64015000-7f4b64018000 r--p 00000000 08:02 528446                     /lib/x86_64-linux-gnu/libnss_files-2.28.so
7f4b64018000-7f4b6401f000 r-xp 00003000 08:02 528446                     /lib/x86_64-linux-gnu/libnss_files-2.28.so
7f4b6401f000-7f4b64022000 r--p 0000a000 08:02 528446                     /lib/x86_64-linux-gnu/libnss_files-2.28.so
7f4b64022000-7f4b64023000 r--p 0000c000 08:02 528446                     /lib/x86_64-linux-gnu/libnss_files-2.28.so
7f4b64023000-7f4b64024000 rw-p 0000d000 08:02 528446                     /lib/x86_64-linux-gnu/libnss_files-2.28.so
7f4b64024000-7f4b6402a000 rw-p 00000000 00:00 0 
7f4b6402a000-7f4b6405f000 r--s 00000000 08:02 267842                     /var/cache/nscd/hosts
7f4b6405f000-7f4b64238000 rw-p 00000000 00:00 0 
7f4b64238000-7f4b6477c000 ---p 00000000 00:00 0 
7f4b6477c000-7f4b6477e000 rw-p 00000000 00:00 0 
7f4b6477e000-7f4b6497e000 ---p 00000000 00:00 0 
7f4b6497e000-7f4b64bee000 rwxp 00000000 00:00 0 
7f4b64bee000-7f4b64f0f000 ---p 00000000 00:00 0 
7f4b64f0f000-7f4b6517f000 rwxp 00000000 00:00 0 
7f4b6517f000-7f4b6c446000 ---p 00000000 00:00 0 
7f4b6c446000-7f4b6c6b6000 rwxp 00000000 00:00 0 
7f4b6c6b6000-7f4b7397e000 ---p 00000000 00:00 0 
7f4b7397e000-7f4b7c000000 r--s 00000000 08:02 3290984                    /usr/lib/jvm/java-11-openjdk-amd64/lib/modules
7f4b7c000000-7f4b7c55b000 rw-p 00000000 00:00 0 
7f4b7c55b000-7f4b80000000 ---p 00000000 00:00 0 
7f4b80000000-7f4b80007000 r-xp 00000000 00:00 0 
7f4b80007000-7f4b8000b000 r--p 00000000 08:02 3290974                    /usr/lib/jvm/java-11-openjdk-amd64/lib/libnet.so
7f4b8000b000-7f4b8001a000 r-xp 00004000 08:02 3290974                    /usr/lib/jvm/java-11-openjdk-amd64/lib/libnet.so
7f4b8001a000-7f4b8001e000 r--p 00013000 08:02 3290974                    /usr/lib/jvm/java-11-openjdk-amd64/lib/libnet.so
7f4b8001e000-7f4b8001f000 r--p 00016000 08:02 3290974                    /usr/lib/jvm/java-11-openjdk-amd64/lib/libnet.so
7f4b8001f000-7f4b80020000 rw-p 00017000 08:02 3290974                    /usr/lib/jvm/java-11-openjdk-amd64/lib/libnet.so
7f4b80020000-7f4b80027000 r--p 00000000 08:02 3290975                    /usr/lib/jvm/java-11-openjdk-amd64/lib/libnio.so
7f4b80027000-7f4b8002e000 r-xp 00007000 08:02 3290975                    /usr/lib/jvm/java-11-openjdk-amd64/lib/libnio.so
7f4b8002e000-7f4b80031000 r--p 0000e000 08:02 3290975                    /usr/lib/jvm/java-11-openjdk-amd64/lib/libnio.so
7f4b80031000-7f4b80032000 r--p 00010000 08:02 3290975                    /usr/lib/jvm/java-11-openjdk-amd64/lib/libnio.so
7f4b80032000-7f4b80033000 rw-p 00011000 08:02 3290975                    /usr/lib/jvm/java-11-openjdk-amd64/lib/libnio.so
7f4b80033000-7f4b80034000 r--p 00000000 08:02 3290954                    /usr/lib/jvm/java-11-openjdk-amd64/lib/libdt_socket.so
7f4b80034000-7f4b80037000 r-xp 00001000 08:02 3290954                    /usr/lib/jvm/java-11-openjdk-amd64/lib/libdt_socket.so
7f4b80037000-7f4b80038000 r--p 00004000 08:02 3290954                    /usr/lib/jvm/java-11-openjdk-amd64/lib/libdt_socket.so
7f4b80038000-7f4b80039000 r--p 00004000 08:02 3290954                    /usr/lib/jvm/java-11-openjdk-amd64/lib/libdt_socket.so
7f4b80039000-7f4b8003a000 rw-p 00005000 08:02 3290954                    /usr/lib/jvm/java-11-openjdk-amd64/lib/libdt_socket.so
7f4b8003a000-7f4b80041000 r--s 00000000 08:02 3535358                    /usr/lib/x86_64-linux-gnu/gconv/gconv-modules.cache
7f4b80041000-7f4b808b3000 rw-p 00000000 00:00 0 
7f4b808b3000-7f4b808b4000 ---p 00000000 00:00 0 
7f4b808b4000-7f4b809ba000 rw-p 00000000 00:00 0 
7f4b809ba000-7f4b80aa0000 ---p 00000000 00:00 0 
7f4b80aa0000-7f4b80aa5000 rw-p 00000000 00:00 0 
7f4b80aa5000-7f4b80b8b000 ---p 00000000 00:00 0 
7f4b80b8b000-7f4b80b90000 rw-p 00000000 00:00 0 
7f4b80b90000-7f4b80b97000 ---p 00000000 00:00 0 
7f4b80b97000-7f4b80b99000 r--p 00000000 08:02 3290966                    /usr/lib/jvm/java-11-openjdk-amd64/lib/libjimage.so
7f4b80b99000-7f4b80b9c000 r-xp 00002000 08:02 3290966                    /usr/lib/jvm/java-11-openjdk-amd64/lib/libjimage.so
7f4b80b9c000-7f4b80b9e000 r--p 00005000 08:02 3290966                    /usr/lib/jvm/java-11-openjdk-amd64/lib/libjimage.so
7f4b80b9e000-7f4b80b9f000 r--p 00006000 08:02 3290966                    /usr/lib/jvm/java-11-openjdk-amd64/lib/libjimage.so
7f4b80b9f000-7f4b80ba0000 rw-p 00007000 08:02 3290966                    /usr/lib/jvm/java-11-openjdk-amd64/lib/libjimage.so
7f4b80ba0000-7f4b80ba2000 r--p 00000000 08:02 3290983                    /usr/lib/jvm/java-11-openjdk-amd64/lib/libzip.so
7f4b80ba2000-7f4b80ba6000 r-xp 00002000 08:02 3290983                    /usr/lib/jvm/java-11-openjdk-amd64/lib/libzip.so
7f4b80ba6000-7f4b80ba8000 r--p 00006000 08:02 3290983                    /usr/lib/jvm/java-11-openjdk-amd64/lib/libzip.so
7f4b80ba8000-7f4b80ba9000 r--p 00007000 08:02 3290983                    /usr/lib/jvm/java-11-openjdk-amd64/lib/libzip.so
7f4b80ba9000-7f4b80baa000 rw-p 00008000 08:02 3290983                    /usr/lib/jvm/java-11-openjdk-amd64/lib/libzip.so
7f4b80baa000-7f4b80bdf000 r--s 00000000 08:02 267840                     /var/cache/nscd/passwd
7f4b80bdf000-7f4b80be1000 r--p 00000000 08:02 3290965                    /usr/lib/jvm/java-11-openjdk-amd64/lib/libjdwp.so
7f4b80be1000-7f4b80c0d000 r-xp 00002000 08:02 3290965                    /usr/lib/jvm/java-11-openjdk-amd64/lib/libjdwp.so
7f4b80c0d000-7f4b80c1b000 r--p 0002e000 08:02 3290965                    /usr/lib/jvm/java-11-openjdk-amd64/lib/libjdwp.so
7f4b80c1b000-7f4b80c1c000 r--p 0003b000 08:02 3290965                    /usr/lib/jvm/java-11-openjdk-amd64/lib/libjdwp.so
7f4b80c1c000-7f4b80c1d000 rw-p 0003c000 08:02 3290965                    /usr/lib/jvm/java-11-openjdk-amd64/lib/libjdwp.so
7f4b80c1d000-7f4b80c2a000 r--p 00000000 08:02 3290962                    /usr/lib/jvm/java-11-openjdk-amd64/lib/libjava.so
7f4b80c2a000-7f4b80c3f000 r-xp 0000d000 08:02 3290962                    /usr/lib/jvm/java-11-openjdk-amd64/lib/libjava.so
7f4b80c3f000-7f4b80c46000 r--p 00022000 08:02 3290962                    /usr/lib/jvm/java-11-openjdk-amd64/lib/libjava.so
7f4b80c46000-7f4b80c47000 r--p 00028000 08:02 3290962                    /usr/lib/jvm/java-11-openjdk-amd64/lib/libjava.so
7f4b80c47000-7f4b80c49000 rw-p 00029000 08:02 3290962                    /usr/lib/jvm/java-11-openjdk-amd64/lib/libjava.so
7f4b80c49000-7f4b80c4b000 r--p 00000000 08:02 528496                     /lib/x86_64-linux-gnu/librt-2.28.so
7f4b80c4b000-7f4b80c4f000 r-xp 00002000 08:02 528496                     /lib/x86_64-linux-gnu/librt-2.28.so
7f4b80c4f000-7f4b80c51000 r--p 00006000 08:02 528496                     /lib/x86_64-linux-gnu/librt-2.28.so
7f4b80c51000-7f4b80c52000 r--p 00007000 08:02 528496                     /lib/x86_64-linux-gnu/librt-2.28.so
7f4b80c52000-7f4b80c53000 rw-p 00008000 08:02 528496                     /lib/x86_64-linux-gnu/librt-2.28.so
7f4b80c53000-7f4b80c57000 ---p 00000000 00:00 0 
7f4b80c57000-7f4b80d54000 rw-p 00000000 00:00 0 
7f4b80d54000-7f4b80d57000 r--p 00000000 08:02 529109                     /lib/x86_64-linux-gnu/libgcc_s.so.1
7f4b80d57000-7f4b80d68000 r-xp 00003000 08:02 529109                     /lib/x86_64-linux-gnu/libgcc_s.so.1
7f4b80d68000-7f4b80d6b000 r--p 00014000 08:02 529109                     /lib/x86_64-linux-gnu/libgcc_s.so.1
7f4b80d6b000-7f4b80d6c000 ---p 00017000 08:02 529109                     /lib/x86_64-linux-gnu/libgcc_s.so.1
7f4b80d6c000-7f4b80d6d000 r--p 00017000 08:02 529109                     /lib/x86_64-linux-gnu/libgcc_s.so.1
7f4b80d6d000-7f4b80d6e000 rw-p 00018000 08:02 529109                     /lib/x86_64-linux-gnu/libgcc_s.so.1
7f4b80d6e000-7f4b80d7b000 r--p 00000000 08:02 528419                     /lib/x86_64-linux-gnu/libm-2.28.so
7f4b80d7b000-7f4b80e26000 r-xp 0000d000 08:02 528419                     /lib/x86_64-linux-gnu/libm-2.28.so
7f4b80e26000-7f4b80ef9000 r--p 000b8000 08:02 528419                     /lib/x86_64-linux-gnu/libm-2.28.so
7f4b80ef9000-7f4b80efa000 r--p 0018a000 08:02 528419                     /lib/x86_64-linux-gnu/libm-2.28.so
7f4b80efa000-7f4b80efb000 rw-p 0018b000 08:02 528419                     /lib/x86_64-linux-gnu/libm-2.28.so
7f4b80efb000-7f4b80f85000 r--p 00000000 08:02 3284313                    /usr/lib/x86_64-linux-gnu/libstdc++.so.6.0.25
7f4b80f85000-7f4b81038000 r-xp 0008a000 08:02 3284313                    /usr/lib/x86_64-linux-gnu/libstdc++.so.6.0.25
7f4b81038000-7f4b81075000 r--p 0013d000 08:02 3284313                    /usr/lib/x86_64-linux-gnu/libstdc++.so.6.0.25
7f4b81075000-7f4b81076000 ---p 0017a000 08:02 3284313                    /usr/lib/x86_64-linux-gnu/libstdc++.so.6.0.25
7f4b81076000-7f4b81080000 r--p 0017a000 08:02 3284313                    /usr/lib/x86_64-linux-gnu/libstdc++.so.6.0.25
7f4b81080000-7f4b81082000 rw-p 00184000 08:02 3284313                    /usr/lib/x86_64-linux-gnu/libstdc++.so.6.0.25
7f4b81082000-7f4b81086000 rw-p 00000000 00:00 0 
7f4b81086000-7f4b812f4000 r--p 00000000 08:02 3290987                    /usr/lib/jvm/java-11-openjdk-amd64/lib/server/libjvm.so
7f4b812f4000-7f4b81e10000 r-xp 0026e000 08:02 3290987                    /usr/lib/jvm/java-11-openjdk-amd64/lib/server/libjvm.so
7f4b81e10000-7f4b82049000 r--p 00d8a000 08:02 3290987                    /usr/lib/jvm/java-11-openjdk-amd64/lib/server/libjvm.so
7f4b82049000-7f4b82106000 r--p 00fc2000 08:02 3290987                    /usr/lib/jvm/java-11-openjdk-amd64/lib/server/libjvm.so
7f4b82106000-7f4b8213f000 rw-p 0107f000 08:02 3290987                    /usr/lib/jvm/java-11-openjdk-amd64/lib/server/libjvm.so
7f4b8213f000-7f4b82197000 rw-p 00000000 00:00 0 
7f4b82197000-7f4b8219d000 r--p 00000000 08:02 528488                     /lib/x86_64-linux-gnu/libpthread-2.28.so
7f4b8219d000-7f4b821ac000 r-xp 00006000 08:02 528488                     /lib/x86_64-linux-gnu/libpthread-2.28.so
7f4b821ac000-7f4b821b2000 r--p 00015000 08:02 528488                     /lib/x86_64-linux-gnu/libpthread-2.28.so
7f4b821b2000-7f4b821b3000 r--p 0001a000 08:02 528488                     /lib/x86_64-linux-gnu/libpthread-2.28.so
7f4b821b3000-7f4b821b4000 rw-p 0001b000 08:02 528488                     /lib/x86_64-linux-gnu/libpthread-2.28.so
7f4b821b4000-7f4b821b8000 rw-p 00000000 00:00 0 
7f4b821b8000-7f4b821b9000 r--p 00000000 08:02 528379                     /lib/x86_64-linux-gnu/libdl-2.28.so
7f4b821b9000-7f4b821bb000 r-xp 00001000 08:02 528379                     /lib/x86_64-linux-gnu/libdl-2.28.so
7f4b821bb000-7f4b821bc000 r--p 00003000 08:02 528379                     /lib/x86_64-linux-gnu/libdl-2.28.so
7f4b821bc000-7f4b821bd000 r--p 00003000 08:02 528379                     /lib/x86_64-linux-gnu/libdl-2.28.so
7f4b821bd000-7f4b821be000 rw-p 00004000 08:02 528379                     /lib/x86_64-linux-gnu/libdl-2.28.so
7f4b821be000-7f4b821da000 r-xp 00000000 08:02 528527                     /lib/x86_64-linux-gnu/libz.so.1.2.11
7f4b821da000-7f4b823d9000 ---p 0001c000 08:02 528527                     /lib/x86_64-linux-gnu/libz.so.1.2.11
7f4b823d9000-7f4b823da000 r--p 0001b000 08:02 528527                     /lib/x86_64-linux-gnu/libz.so.1.2.11
7f4b823da000-7f4b823db000 rw-p 0001c000 08:02 528527                     /lib/x86_64-linux-gnu/libz.so.1.2.11
7f4b823db000-7f4b823fd000 r--p 00000000 08:02 528358                     /lib/x86_64-linux-gnu/libc-2.28.so
7f4b823fd000-7f4b8256e000 r-xp 00022000 08:02 528358                     /lib/x86_64-linux-gnu/libc-2.28.so
7f4b8256e000-7f4b825ba000 r--p 00193000 08:02 528358                     /lib/x86_64-linux-gnu/libc-2.28.so
7f4b825ba000-7f4b825bb000 ---p 001df000 08:02 528358                     /lib/x86_64-linux-gnu/libc-2.28.so
7f4b825bb000-7f4b825bf000 r--p 001df000 08:02 528358                     /lib/x86_64-linux-gnu/libc-2.28.so
7f4b825bf000-7f4b825c1000 rw-p 001e3000 08:02 528358                     /lib/x86_64-linux-gnu/libc-2.28.so
7f4b825c1000-7f4b825c5000 rw-p 00000000 00:00 0 
7f4b825c5000-7f4b825c6000 r-xp 00000000 00:00 0 
7f4b825c6000-7f4b825c7000 r-xp 00000000 00:00 0 
7f4b825c7000-7f4b825c9000 r--s 00007000 08:02 131113                     /usr/share/java/java-atk-wrapper.jar
7f4b825c9000-7f4b825d1000 rw-s 00000000 08:02 3046689                    /tmp/hsperfdata_kwu849/4965
7f4b825d1000-7f4b825d2000 ---p 00000000 00:00 0 
7f4b825d2000-7f4b825d3000 r--p 00000000 00:00 0 
7f4b825d3000-7f4b825d8000 r--p 00000000 08:02 3290982                    /usr/lib/jvm/java-11-openjdk-amd64/lib/libverify.so
7f4b825d8000-7f4b825df000 r-xp 00005000 08:02 3290982                    /usr/lib/jvm/java-11-openjdk-amd64/lib/libverify.so
7f4b825df000-7f4b825e1000 r--p 0000c000 08:02 3290982                    /usr/lib/jvm/java-11-openjdk-amd64/lib/libverify.so
7f4b825e1000-7f4b825e3000 r--p 0000d000 08:02 3290982                    /usr/lib/jvm/java-11-openjdk-amd64/lib/libverify.so
7f4b825e3000-7f4b825e4000 rw-p 0000f000 08:02 3290982                    /usr/lib/jvm/java-11-openjdk-amd64/lib/libverify.so
7f4b825e4000-7f4b825e7000 r--p 00000000 08:02 3290947                    /usr/lib/jvm/java-11-openjdk-amd64/lib/jli/libjli.so
7f4b825e7000-7f4b825f1000 r-xp 00003000 08:02 3290947                    /usr/lib/jvm/java-11-openjdk-amd64/lib/jli/libjli.so
7f4b825f1000-7f4b825f4000 r--p 0000d000 08:02 3290947                    /usr/lib/jvm/java-11-openjdk-amd64/lib/jli/libjli.so
7f4b825f4000-7f4b825f5000 r--p 0000f000 08:02 3290947                    /usr/lib/jvm/java-11-openjdk-amd64/lib/jli/libjli.so
7f4b825f5000-7f4b825f6000 rw-p 00010000 08:02 3290947                    /usr/lib/jvm/java-11-openjdk-amd64/lib/jli/libjli.so
7f4b825f6000-7f4b825f8000 rw-p 00000000 00:00 0 
7f4b825f8000-7f4b825f9000 r--p 00000000 08:02 528332                     /lib/x86_64-linux-gnu/ld-2.28.so
7f4b825f9000-7f4b82619000 r-xp 00001000 08:02 528332                     /lib/x86_64-linux-gnu/ld-2.28.so
7f4b82619000-7f4b82621000 r--p 00021000 08:02 528332                     /lib/x86_64-linux-gnu/ld-2.28.so
7f4b82621000-7f4b82622000 r--p 00028000 08:02 528332                     /lib/x86_64-linux-gnu/ld-2.28.so
7f4b82622000-7f4b82623000 rw-p 00029000 08:02 528332                     /lib/x86_64-linux-gnu/ld-2.28.so
7f4b82623000-7f4b82624000 rw-p 00000000 00:00 0 
7ffe078aa000-7ffe078cc000 rw-p 00000000 00:00 0                          [stack]
7ffe07910000-7ffe07913000 r--p 00000000 00:00 0                          [vvar]
7ffe07913000-7ffe07915000 r-xp 00000000 00:00 0                          [vdso]
ffffffffff600000-ffffffffff601000 r-xp 00000000 00:00 0                  [vsyscall]


VM Arguments:
jvm_args: -Xdebug -Xnoagent -Djava.compiler=NONE -Xrunjdwp:transport=dt_socket,address=localhost:45219,server=n,suspend=y -Dfile.encoding=UTF-8 
java_command: MemoryFS
java_class_path (initial): /afs/ec.auckland.ac.nz/users/k/w/kwu849/unixhome/Documents/MemoryFS/target/classes:/afs/ec.auckland.ac.nz/users/k/w/kwu849/unixhome/.m2/repository/com/github/lukethompsxn/edufuse/1.0.3/edufuse-1.0.3.jar:/afs/ec.auckland.ac.nz/users/k/w/kwu849/unixhome/.m2/repository/com/github/jnr/jnr-ffi/2.1.7/jnr-ffi-2.1.7.jar:/afs/ec.auckland.ac.nz/users/k/w/kwu849/unixhome/.m2/repository/com/github/jnr/jffi/1.2.16/jffi-1.2.16.jar:/afs/ec.auckland.ac.nz/users/k/w/kwu849/unixhome/.m2/repository/com/github/jnr/jffi/1.2.16/jffi-1.2.16-native.jar:/afs/ec.auckland.ac.nz/users/k/w/kwu849/unixhome/.m2/repository/org/ow2/asm/asm/5.0.3/asm-5.0.3.jar:/afs/ec.auckland.ac.nz/users/k/w/kwu849/unixhome/.m2/repository/org/ow2/asm/asm-commons/5.0.3/asm-commons-5.0.3.jar:/afs/ec.auckland.ac.nz/users/k/w/kwu849/unixhome/.m2/repository/org/ow2/asm/asm-analysis/5.0.3/asm-analysis-5.0.3.jar:/afs/ec.auckland.ac.nz/users/k/w/kwu849/unixhome/.m2/repository/org/ow2/asm/asm-tree/5.0.3/asm-tree-5.0.3.jar:/afs/ec.auckland.ac.nz/users/k/w/kwu849/unixhome/.m2/repository/org/ow2/asm/asm-util/5.0.3/asm-util-5.0.3.jar:/afs/ec.auckland.ac.nz/users/k/w/kwu849/unixhome/.m2/repository/com/github/jnr/jnr-x86asm/1.0.2/jnr-x86asm-1.0.2.jar:/afs/ec.auckland.ac.nz/users/k/w/kwu849/unixhome/.m2/repository/com/github/jnr/jnr-posix/3.0.44/jnr-posix-3.0.44.jar:/afs/ec.auckland.ac.nz/users/k/w/kwu849/unixhome/.m2/repository/com/github/jnr/jnr-constants/0.9.9/jnr-constants-0.9.9.jar:/afs/ec.auckland.ac.nz/users/k/w/kwu849/unixhome/.m2/repository/com/googlecode/json-simple/json-simple/1.1.1/json-simple-1.1.1.jar:/afs/ec.auckland.ac.nz/users/k/w/kwu849/unixhome/.m2/repository/junit/junit/4.10/junit-4.10.jar:/afs/ec.auckland.ac.nz/users/k/w/kwu849/unixhome/.m2/repository/org/hamcrest/hamcrest-core/1.1/hamcrest-core-1.1.jar
Launcher Type: SUN_STANDARD

[Global flags]
     intx CICompilerCount                          = 4                                         {product} {ergonomic}
     uint ConcGCThreads                            = 2                                         {product} {ergonomic}
     uint G1ConcRefinementThreads                  = 8                                         {product} {ergonomic}
   size_t G1HeapRegionSize                         = 1048576                                   {product} {ergonomic}
    uintx GCDrainStackTargetSize                   = 64                                        {product} {ergonomic}
   size_t InitialHeapSize                          = 262144000                                 {product} {ergonomic}
   size_t MarkStackSize                            = 4194304                                   {product} {ergonomic}
   size_t MaxHeapSize                              = 4167041024                                {product} {ergonomic}
   size_t MaxNewSize                               = 2499805184                                {product} {ergonomic}
   size_t MinHeapDeltaBytes                        = 1048576                                   {product} {ergonomic}
    uintx NonNMethodCodeHeapSize                   = 5835340                                {pd product} {ergonomic}
    uintx NonProfiledCodeHeapSize                  = 122911450                              {pd product} {ergonomic}
    uintx ProfiledCodeHeapSize                     = 122911450                              {pd product} {ergonomic}
    uintx ReservedCodeCacheSize                    = 251658240                              {pd product} {ergonomic}
     bool SegmentedCodeCache                       = true                                      {product} {ergonomic}
     bool UseCompressedClassPointers               = true                                 {lp64_product} {ergonomic}
     bool UseCompressedOops                        = true                                 {lp64_product} {ergonomic}
     bool UseG1GC                                  = true                                      {product} {ergonomic}

Logging:
Log output configuration:
 #0: stdout all=warning uptime,level,tags
 #1: stderr all=off uptime,level,tags

Environment Variables:
PATH=/opt/ccp4-7.0/etc:/opt/ccp4-7.0/bin:/opt/EMAN2/bin:/usr/local/sbin:/usr/local/bin:/usr/sbin:/usr/bin:/sbin:/bin:/usr/games:/usr/local/games:/snap/bin
SHELL=/bin/bash
DISPLAY=:0

Signal Handlers:
SIGSEGV: [libjvm.so+0xd18a40], sa_mask[0]=11111111011111111101111111111110, sa_flags=SA_RESTART|SA_SIGINFO
SIGBUS: [libjvm.so+0xd18a40], sa_mask[0]=11111111011111111101111111111110, sa_flags=SA_RESTART|SA_SIGINFO
SIGFPE: [libjvm.so+0xd18a40], sa_mask[0]=11111111011111111101111111111110, sa_flags=SA_RESTART|SA_SIGINFO
SIGPIPE: [libjvm.so+0xb21cf0], sa_mask[0]=11111111011111111101111111111110, sa_flags=SA_RESTART|SA_SIGINFO
SIGXFSZ: [libjvm.so+0xb21cf0], sa_mask[0]=11111111011111111101111111111110, sa_flags=SA_RESTART|SA_SIGINFO
SIGILL: [libjvm.so+0xd18a40], sa_mask[0]=11111111011111111101111111111110, sa_flags=SA_RESTART|SA_SIGINFO
SIGUSR2: [libjvm.so+0xb21b80], sa_mask[0]=00100000000000000000000000000000, sa_flags=SA_RESTART|SA_SIGINFO
SIGHUP: [libjvm.so+0xb220f0], sa_mask[0]=11111111011111111101111111111110, sa_flags=SA_RESTART|SA_SIGINFO
SIGINT: [libjvm.so+0xb220f0], sa_mask[0]=11111111011111111101111111111110, sa_flags=SA_RESTART|SA_SIGINFO
SIGTERM: [libjvm.so+0xb220f0], sa_mask[0]=11111111011111111101111111111110, sa_flags=SA_RESTART|SA_SIGINFO
SIGQUIT: [libjvm.so+0xb220f0], sa_mask[0]=11111111011111111101111111111110, sa_flags=SA_RESTART|SA_SIGINFO


---------------  S Y S T E M  ---------------

OS:DISTRIB_ID=Ubuntu
DISTRIB_RELEASE=18.10
DISTRIB_CODENAME=cosmic
DISTRIB_DESCRIPTION="Ubuntu 18.10"
uname:Linux 4.18.0-25-generic #26-Ubuntu SMP Mon Jun 24 09:32:08 UTC 2019 x86_64
libc:glibc 2.28 NPTL 2.28 
rlimit: STACK 8192k, CORE 0k, NPROC 63390, NOFILE 1048576, AS infinity, DATA infinity, FSIZE infinity
load average:1.25 0.90 0.60

/proc/meminfo:
MemTotal:       16273812 kB
MemFree:        11987976 kB
MemAvailable:   13185072 kB
Buffers:          170292 kB
Cached:          1623604 kB
SwapCached:            0 kB
Active:          2603728 kB
Inactive:        1181976 kB
Active(anon):    2008316 kB
Inactive(anon):   450808 kB
Active(file):     595412 kB
Inactive(file):   731168 kB
Unevictable:          64 kB
Mlocked:              64 kB
SwapTotal:       2097148 kB
SwapFree:        2097148 kB
Dirty:               464 kB
Writeback:             0 kB
AnonPages:       1991448 kB
Mapped:           487896 kB
Shmem:            467320 kB
Slab:             351688 kB
SReclaimable:     206900 kB
SUnreclaim:       144788 kB
KernelStack:       14212 kB
PageTables:        35484 kB
NFS_Unstable:          0 kB
Bounce:                0 kB
WritebackTmp:          0 kB
CommitLimit:    10234052 kB
Committed_AS:    8457740 kB
VmallocTotal:   34359738367 kB
VmallocUsed:           0 kB
VmallocChunk:          0 kB
HardwareCorrupted:     0 kB
AnonHugePages:         0 kB
ShmemHugePages:        0 kB
ShmemPmdMapped:        0 kB
CmaTotal:              0 kB
CmaFree:               0 kB
HugePages_Total:       0
HugePages_Free:        0
HugePages_Rsvd:        0
HugePages_Surp:        0
Hugepagesize:       2048 kB
Hugetlb:               0 kB
DirectMap4k:      250060 kB
DirectMap2M:     6938624 kB
DirectMap1G:     9437184 kB


/proc/sys/kernel/threads-max (system-wide limit on the number of threads):
126780


/proc/sys/vm/max_map_count (maximum number of memory map areas a process may have):
65530


/proc/sys/kernel/pid_max (system-wide limit on number of process identifiers):
32768



container (cgroup) information:
container_type: cgroupv1
cpu_cpuset_cpus: 0-7
cpu_memory_nodes: 0
active_processor_count: 8
cpu_quota: -1
cpu_period: 100000
cpu_shares: -1
memory_limit_in_bytes: -1
memory_and_swap_limit_in_bytes: -2
memory_soft_limit_in_bytes: -1
memory_usage_in_bytes: 3073388544
memory_max_usage_in_bytes: 3272609792


CPU:total 8 (initial active 8) (4 cores per cpu, 2 threads per core) family 6 model 158 stepping 9, cmov, cx8, fxsr, mmx, sse, sse2, sse3, ssse3, sse4.1, sse4.2, popcnt, avx, avx2, aes, clmul, erms, rtm, 3dnowpref, lzcnt, ht, tsc, tscinvbit, bmi1, bmi2, adx, fma
CPU Model and flags from /proc/cpuinfo:
model name	: Intel(R) Core(TM) i7-7700 CPU @ 3.60GHz
flags		: fpu vme de pse tsc msr pae mce cx8 apic sep mtrr pge mca cmov pat pse36 clflush dts acpi mmx fxsr sse sse2 ss ht tm pbe syscall nx pdpe1gb rdtscp lm constant_tsc art arch_perfmon pebs bts rep_good nopl xtopology nonstop_tsc cpuid aperfmperf tsc_known_freq pni pclmulqdq dtes64 monitor ds_cpl vmx smx est tm2 ssse3 sdbg fma cx16 xtpr pdcm pcid sse4_1 sse4_2 x2apic movbe popcnt tsc_deadline_timer aes xsave avx f16c rdrand lahf_lm abm 3dnowprefetch cpuid_fault epb invpcid_single pti ssbd ibrs ibpb stibp tpr_shadow vnmi flexpriority ept vpid fsgsbase tsc_adjust bmi1 hle avx2 smep bmi2 erms invpcid rtm mpx rdseed adx smap clflushopt intel_pt xsaveopt xsavec xgetbv1 xsaves dtherm ida arat pln pts hwp hwp_notify hwp_act_window hwp_epp md_clear flush_l1d

Memory: 4k page, physical 16273812k(11987604k free), swap 2097148k(2097148k free)

vm_info: OpenJDK 64-Bit Server VM (11.0.3+7-Ubuntu-1ubuntu218.10.1) for linux-amd64 JRE (11.0.3+7-Ubuntu-1ubuntu218.10.1), built on Apr 23 2019 18:34:35 by "buildd" with gcc 8.2.0

END.
